$ cat /tmp/spack/spack-stage/spack-stage-tutorial-mpileaks-1.0-jhtzw334cqkaaggdfhfulgzoin7fq3hi/spack-build-out.txt
==> tutorial-mpileaks: Executing phase: 'autoreconf'
==> tutorial-mpileaks: Executing phase: 'configure'
==> [2023-05-17-19:29:42.421225] FILTER FILE: /tmp/spack/spack-stage/spack-stage-tutorial-mpileaks-1.0-jhtzw334cqkaaggdfhfulgzoin7fq3hi/spack-src/configure [replacing "^(\s*if test x-L = )("\$p" \|\|\s*)$"]
==> [2023-05-17-19:29:42.459267] FILTER FILE: /tmp/spack/spack-stage/spack-stage-tutorial-mpileaks-1.0-jhtzw334cqkaaggdfhfulgzoin7fq3hi/spack-src/configure [replacing "^(\s*test x-R = )("\$p")(; then\s*)$"]
==> [2023-05-17-19:29:42.488902] FILTER FILE: /tmp/spack/spack-stage/spack-stage-tutorial-mpileaks-1.0-jhtzw334cqkaaggdfhfulgzoin7fq3hi/spack-src/configure [replacing "^(\s*test \$p = "-R")(; then\s*)$"]
==> [2023-05-17-19:29:42.511131] '/tmp/spack/spack-stage/spack-stage-tutorial-mpileaks-1.0-jhtzw334cqkaaggdfhfulgzoin7fq3hi/spack-src/configure' '--prefix=/home/spack/spack/opt/spack/linux-ubuntu22.04-x86_64_v3/gcc-11.3.0/tutorial-mpileaks-1.0-jhtzw334cqkaaggdfhfulgzoin7fq3hi'
checking metadata... no
checking installation directory variables... yes
checking for a BSD-compatible install... /usr/bin/install -c
checking whether build environment is sane... yes
checking for a thread-safe mkdir -p... /usr/bin/mkdir -p
checking for gawk... no
checking for mawk... mawk
checking whether make sets $(MAKE)... yes
checking for gcc... /home/spack/spack/lib/spack/env/gcc/gcc
checking for C compiler default output file name... a.out
checking whether the C compiler works... yes
checking whether we are cross compiling... no
checking for suffix of executables...
checking for suffix of object files... o
checking whether we are using the GNU C compiler... yes
checking whether /home/spack/spack/lib/spack/env/gcc/gcc accepts -g... yes
checking for /home/spack/spack/lib/spack/env/gcc/gcc option to accept ISO C89... none needed
checking for style of include used by make... GNU
checking dependency style of /home/spack/spack/lib/spack/env/gcc/gcc... gcc3
checking whether /home/spack/spack/lib/spack/env/gcc/gcc and cc understand -c and -o together... yes
checking whether we are using the GNU C++ compiler... yes
checking whether /home/spack/spack/lib/spack/env/gcc/g++ accepts -g... yes
checking dependency style of /home/spack/spack/lib/spack/env/gcc/g++... gcc3
checking for /home/spack/spack/opt/spack/linux-ubuntu22.04-x86_64_v3/gcc-11.3.0/openmpi-4.1.5-6rh6midoapu7noq62iqyhph3zdcr4pzl/bin/mpicc... /home/spack/spack/opt/spack/linux-ubuntu22.04-x86_64_v3/gcc-11.3.0/openmpi-4.1.5-6rh6midoapu7noq62iqyhph3zdcr4pzl/bin/mpicc
Checking whether /home/spack/spack/opt/spack/linux-ubuntu22.04-x86_64_v3/gcc-11.3.0/openmpi-4.1.5-6rh6midoapu7noq62iqyhph3zdcr4pzl/bin/mpicc responds to '-showme:compile'... yes
configure: error: unable to locate adept-utils installation
