$ ./configure --prefix=$HOME/spack/opt/spack/linux-x86_64_v3/tutorial-mpileaks-1.0-olkbps3ghmpiiy4dserbxgj5hlsm5ij
checking metadata... no
checking installation directory variables... yes
checking for a BSD-compatible install... /usr/bin/install -c
checking whether sleep supports fractional seconds... yes
checking filesystem timestamp resolution... 0.01
checking whether build environment is sane... yes
checking for a race-free mkdir -p... /usr/bin/mkdir -p
checking for gawk... no
checking for mawk... mawk
checking whether make sets $(MAKE)... yes
checking whether make supports nested variables... yes
checking xargs -n works... yes
checking whether UID '1001' is supported by ustar format... yes
checking whether GID '1001' is supported by ustar format... yes
checking how to create a ustar tar archive... gnutar
checking for gcc... /home/spack/spack/opt/spack/linux-x86_64_v3/compiler-wrapper-1.1.0-mmywg7x4myxvxepmqe5go3ppxirmuijp/libexec/spack/gcc/gcc
checking whether the C compiler works... yes
checking for C compiler default output file name... a.out
checking for suffix of executables...
checking whether we are cross compiling... no
checking for suffix of object files... o
checking whether the compiler supports GNU C... yes
checking whether /home/spack/spack/opt/spack/linux-x86_64_v3/compiler-wrapper-1.1.0-mmywg7x4myxvxepmqe5go3ppxirmuijp/libexec/spack/gcc/gcc accepts -g... yes
checking for /home/spack/spack/opt/spack/linux-x86_64_v3/compiler-wrapper-1.1.0-mmywg7x4myxvxepmqe5go3ppxirmuijp/libexec/spack/gcc/gcc option to enable C11 features... none needed
checking whether /home/spack/spack/opt/spack/linux-x86_64_v3/compiler-wrapper-1.1.0-mmywg7x4myxvxepmqe5go3ppxirmuijp/libexec/spack/gcc/gcc understands -c and -o together... yes
checking whether make supports the include directive... yes (GNU style)
checking dependency style of /home/spack/spack/opt/spack/linux-x86_64_v3/compiler-wrapper-1.1.0-mmywg7x4myxvxepmqe5go3ppxirmuijp/libexec/spack/gcc/gcc... gcc3
checking whether the compiler supports GNU C++... yes
checking whether /home/spack/spack/opt/spack/linux-x86_64_v3/compiler-wrapper-1.1.0-mmywg7x4myxvxepmqe5go3ppxirmuijp/libexec/spack/gcc/g++ accepts -g... yes
checking for /home/spack/spack/opt/spack/linux-x86_64_v3/compiler-wrapper-1.1.0-mmywg7x4myxvxepmqe5go3ppxirmuijp/libexec/spack/gcc/g++ option to enable C++11 features... none needed
checking dependency style of /home/spack/spack/opt/spack/linux-x86_64_v3/compiler-wrapper-1.1.0-mmywg7x4myxvxepmqe5go3ppxirmuijp/libexec/spack/gcc/g++... gcc3
checking for /home/spack/spack/opt/spack/linux-x86_64_v3/openmpi-5.0.10-qfut5qqwp2fzaq3ymgk7nxvjv3qyrvml/bin/mpicc... /home/spack/spack/opt/spack/linux-x86_64_v3/openmpi-5.0.10-qfut5qqwp2fzaq3ymgk7nxvjv3qyrvml/bin/mpicc
Checking whether /home/spack/spack/opt/spack/linux-x86_64_v3/openmpi-5.0.10-qfut5qqwp2fzaq3ymgk7nxvjv3qyrvml/bin/mpicc responds to '-showme:compile'... yes
configure: error: unable to locate adept-utils installation
