$ spack info -a mympileaks
AutotoolsPackage:   mympileaks

Description:
    Tool to detect and report MPI objects like MPI_Requests and
    MPI_Datatypes.

Homepage: https://github.com/LLNL/mpileaks

Maintainers: @adamjstewart

Externally Detectable:
    False

Tags:
    None

Preferred version:
    1.0    https://github.com/LLNL/mpileaks/releases/download/v1.0/mpileaks-1.0.tar.gz

Safe versions:
    1.0    https://github.com/LLNL/mpileaks/releases/download/v1.0/mpileaks-1.0.tar.gz

Deprecated versions:
    None

Variants:
    None

Installation Phases:
    autoreconf    configure    build    install

Build Dependencies:
    gnuconfig

Link Dependencies:
    None

Run Dependencies:
    None

Virtual Packages:
    None

Available Build Phase Test Methods:
    check

Available Install Phase Test Methods:
    installcheck

Stand-Alone/Smoke Test Methods:
    None
