$ spack info --phases tutorial-mpileaks
AutotoolsPackage:   tutorial-mpileaks

Description:
    Tool to detect and report leaked MPI objects like MPI_Requests and
    MPI_Datatypes.

Homepage: https://github.com/LLNL/mpileaks

Preferred version:
    1.0	   https://github.com/LLNL/mpileaks/archive/refs/tags/v1.0.tar.gz

Safe versions:
    1.0	   https://github.com/LLNL/mpileaks/archive/refs/tags/v1.0.tar.gz

Deprecated versions:
    None

Variants:
    build_system [autotools]	    autotools
	Build systems supported by the package


Installation Phases:
    autoreconf	  configure    build	install

Dependencies:
    autoconf	     build

    automake	     build

    c		     build

    cxx		     build

    fortran	     build

    gmake	     build
      when build_system=autotools

    gnuconfig	     build
      when build_system=autotools target=ppc64le:

    gnuconfig	     build
      when build_system=autotools target=aarch64:

    gnuconfig	     build
      when build_system=autotools target=riscv64:

    libtool	     build

    m4		     build


Licenses:
    BSD


