$ spack install --test=root tutorial-mpileaks
[+] /home/spack/spack/opt/spack/linux-ubuntu22.04-x86_64_v3/gcc-11.3.0/boost-1.72.0-psopbr7uxyw4cg3liuxmuph6fmmezh5y
[+] /home/spack/spack/opt/spack/linux-ubuntu22.04-x86_64_v3/gcc-11.3.0/libpciaccess-0.17-ajkyiz5txltunmwxkrwz3xs6ymqaafnf
[+] /home/spack/spack/opt/spack/linux-ubuntu22.04-x86_64_v3/gcc-11.3.0/libiconv-1.17-7wr75cescbtfyjppbbvswfpurs3gtxyf
[+] /home/spack/spack/opt/spack/linux-ubuntu22.04-x86_64_v3/gcc-11.3.0/xz-5.4.1-4kpkw5anjs35mccxgsw24ooonnpk7pkx
[+] /home/spack/spack/opt/spack/linux-ubuntu22.04-x86_64_v3/gcc-11.3.0/zlib-1.2.13-mntflxrgekkm5lbpbl5r66lh2ieted4y
[+] /home/spack/spack/opt/spack/linux-ubuntu22.04-x86_64_v3/gcc-11.3.0/ncurses-6.4-4dokmxjlgawyprrnkewx3aiwppdbwbts
[+] /home/spack/spack/opt/spack/linux-ubuntu22.04-x86_64_v3/gcc-11.3.0/numactl-2.0.14-dwr5rmxxc4lav5ob4ylar5tu3rugjwkv
[+] /home/spack/spack/opt/spack/linux-ubuntu22.04-x86_64_v3/gcc-11.3.0/bzip2-1.0.8-dca2qygvz7nc6q6ci2ikw7ltc2v4pryo
[+] /home/spack/spack/opt/spack/linux-ubuntu22.04-x86_64_v3/gcc-11.3.0/zstd-1.5.5-qoo4rlopj4vqbc6k633cu3tzawtfjjvh
[+] /home/spack/spack/opt/spack/linux-ubuntu22.04-x86_64_v3/gcc-11.3.0/libxcrypt-4.4.33-6oeb4y7sqnhpsqtr33bvbdsl2ekblcwz
[+] /home/spack/spack/opt/spack/linux-ubuntu22.04-x86_64_v3/gcc-11.3.0/pkgconf-1.9.5-mh73nkpzo36xqeaagdrh3qppvmn6zdn6
[+] /home/spack/spack/opt/spack/linux-ubuntu22.04-x86_64_v3/gcc-11.3.0/intel-tbb-2020.3-kmvj5elvjuf2gzfavh2fiomd4hp5hyht
[+] /home/spack/spack/opt/spack/linux-ubuntu22.04-x86_64_v3/gcc-11.3.0/libiberty-2.40-qa5y7pmebosr4sgf3uc5dxagxjt43ksc
[+] /home/spack/spack/opt/spack/linux-ubuntu22.04-x86_64_v3/gcc-11.3.0/openssl-1.1.1t-w2by2b2vepifq7xzrf527sjpw5mjluyu
[+] /home/spack/spack/opt/spack/linux-ubuntu22.04-x86_64_v3/gcc-11.3.0/pigz-2.7-aln73eomrjghrlg6q2ida2rr4ylvg2cp
[+] /home/spack/spack/opt/spack/linux-ubuntu22.04-x86_64_v3/gcc-11.3.0/libxml2-2.10.3-pcbenkircucqrjzgyud6xzgxfptjz6x6
[+] /home/spack/spack/opt/spack/linux-ubuntu22.04-x86_64_v3/gcc-11.3.0/libedit-3.1-20210216-3gz2afaph66ogjiulkaek2mksnpxhtwu
[+] /home/spack/spack/opt/spack/linux-ubuntu22.04-x86_64_v3/gcc-11.3.0/libevent-2.1.12-pmjxzdssnbkv25jedy5shyhzsnj26ins
[+] /home/spack/spack/opt/spack/linux-ubuntu22.04-x86_64_v3/gcc-11.3.0/tar-1.34-e77cf6ahyuvzxeaojxrc5meo7cbwfbxo
[+] /home/spack/spack/opt/spack/linux-ubuntu22.04-x86_64_v3/gcc-11.3.0/hwloc-2.9.1-h7l4t7laxg7kqchvcy42xtyev4kxjbti
[+] /home/spack/spack/opt/spack/linux-ubuntu22.04-x86_64_v3/gcc-11.3.0/gettext-0.21.1-p4obvgx4436lyrtjhu3xvosfkyjpgi7o
[+] /home/spack/spack/opt/spack/linux-ubuntu22.04-x86_64_v3/gcc-11.3.0/pmix-4.2.3-uh4fmi5i7bajcqtiuae7qaii7yha7lnp
[+] /home/spack/spack/opt/spack/linux-ubuntu22.04-x86_64_v3/gcc-11.3.0/krb5-1.20.1-a2oph6kjqh6feyfmkozogvu7ghzx2dfo
[+] /home/spack/spack/opt/spack/linux-ubuntu22.04-x86_64_v3/gcc-11.3.0/elfutils-0.189-drq53ydwufjbingfsh57s2rpuxldkrgs
[+] /home/spack/spack/opt/spack/linux-ubuntu22.04-x86_64_v3/gcc-11.3.0/openssh-9.3p1-zhdviyjva24bkvbxlqnswcecrp5gjvv5
[+] /home/spack/spack/opt/spack/linux-ubuntu22.04-x86_64_v3/gcc-11.3.0/dyninst-12.3.0-2y33satxbszdnfvhuyskzcxvdouuanjc
[+] /home/spack/spack/opt/spack/linux-ubuntu22.04-x86_64_v3/gcc-11.3.0/libdwarf-20180129-3vvfk35vlnoypd655vjug35i55dtfrzu
[+] /home/spack/spack/opt/spack/linux-ubuntu22.04-x86_64_v3/gcc-11.3.0/openmpi-4.1.5-6rh6midoapu7noq62iqyhph3zdcr4pzl
[+] /home/spack/spack/opt/spack/linux-ubuntu22.04-x86_64_v3/gcc-11.3.0/adept-utils-1.0.1-ffnwmmwkilehdoxeog2mffa47yts6svu
[+] /home/spack/spack/opt/spack/linux-ubuntu22.04-x86_64_v3/gcc-11.3.0/callpath-1.0.4-zbn6a2ojudfilvd7my53hpyncw36ex3g
==> Installing tutorial-mpileaks-1.0-dv3dnqf5mmfsamm53byzvy2lo2rnih6z
==> No binary for tutorial-mpileaks-1.0-dv3dnqf5mmfsamm53byzvy2lo2rnih6z found: installing from source
==> Using cached archive: /home/spack/spack/var/spack/cache/_source-cache/archive/2e/2e34cc4505556d1c1f085758e26f2f8eea0972db9382f051b2dcfb1d7d9e1825.tar.gz
==> No patches needed for tutorial-mpileaks
==> tutorial-mpileaks: Executing phase: 'autoreconf'
==> tutorial-mpileaks: Executing phase: 'configure'
==> tutorial-mpileaks: Executing phase: 'build'
==> tutorial-mpileaks: Executing phase: 'install'
==> tutorial-mpileaks: Successfully installed tutorial-mpileaks-1.0-dv3dnqf5mmfsamm53byzvy2lo2rnih6z
  Stage: 0.02s.  Autoreconf: 0.00s.  Configure: 6.44s.	Build: 6.02s.  Install: 0.38s.	Post-install: 0.06s.  Total: 13.23s
[+] /home/spack/spack/opt/spack/linux-ubuntu22.04-x86_64_v3/gcc-11.3.0/tutorial-mpileaks-1.0-dv3dnqf5mmfsamm53byzvy2lo2rnih6z
