$ spack install --verbose tutorial-mpileaks stackstart=4
[+] /usr (external glibc-2.35-a7drdl4tlx4bu3mzhor75pskvd3pdot6)
[+] /home/spack/spack/opt/spack/linux-ubuntu22.04-x86_64_v3/gcc-11.4.0/gcc-runtime-11.4.0-f47qm6qeplqyahc4zhfpfdnf5mo6gxvd
[+] /home/spack/spack/opt/spack/linux-ubuntu22.04-x86_64_v3/gcc-11.4.0/boost-1.72.0-jwovt2o6oqll4zutrrwbo2ezyreewtr5
[+] /home/spack/spack/opt/spack/linux-ubuntu22.04-x86_64_v3/gcc-11.4.0/gmake-4.4.1-qfrotccvbyovembcoto3jajc3vuvcejo
[+] /home/spack/spack/opt/spack/linux-ubuntu22.04-x86_64_v3/gcc-11.4.0/xz-5.4.6-syttnntihi6n463mupmgl5e7kp5izxkz
[+] /home/spack/spack/opt/spack/linux-ubuntu22.04-x86_64_v3/gcc-11.4.0/ncurses-6.5-gk4xs2idegfiwoyaikamyhxkjrruxtxa
[+] /home/spack/spack/opt/spack/linux-ubuntu22.04-x86_64_v3/gcc-11.4.0/libpciaccess-0.17-esgx75jgr6iu4dkcw566yvz4tmx33ljz
[+] /home/spack/spack/opt/spack/linux-ubuntu22.04-x86_64_v3/gcc-11.4.0/libxcrypt-4.4.35-qwi6aof3wwuahmefzsrnvhristv2zglh
[+] /home/spack/spack/opt/spack/linux-ubuntu22.04-x86_64_v3/gcc-11.4.0/pkgconf-2.2.0-h3x3l7sed4l2efuskhaldi6ilmkoyeaa
[+] /home/spack/spack/opt/spack/linux-ubuntu22.04-x86_64_v3/gcc-11.4.0/zlib-ng-2.1.6-xqtp62nft6pt5slbdljucwnkl5fxd6x4
[+] /home/spack/spack/opt/spack/linux-ubuntu22.04-x86_64_v3/gcc-11.4.0/zstd-1.5.6-ew3aaosbmf3ts2ylqgi4c6enfmf3m5dr
[+] /home/spack/spack/opt/spack/linux-ubuntu22.04-x86_64_v3/gcc-11.4.0/libiberty-2.41-npyb6xv5oww2fxymv7qhlm46sfmv63pw
[+] /home/spack/spack/opt/spack/linux-ubuntu22.04-x86_64_v3/gcc-11.4.0/bzip2-1.0.8-qmy6dpipkzgotxrxqwxlnfsj5vbzkbcc
[+] /home/spack/spack/opt/spack/linux-ubuntu22.04-x86_64_v3/gcc-11.4.0/numactl-2.0.14-oece2d6cta5zgxcbziturcqsugvbehjg
[+] /home/spack/spack/opt/spack/linux-ubuntu22.04-x86_64_v3/gcc-11.4.0/libedit-3.1-20230828-swglgxeckeajkjp4b7d66fbsyn6hjsdh
[+] /home/spack/spack/opt/spack/linux-ubuntu22.04-x86_64_v3/gcc-11.4.0/libxml2-2.10.3-jv5es2yg6on55zdsb5xyvvg7xvqh6h4e
[+] /home/spack/spack/opt/spack/linux-ubuntu22.04-x86_64_v3/gcc-11.4.0/pigz-2.8-gk55zt73c5ekv3iogqn4lo4r66tuzv5z
[+] /home/spack/spack/opt/spack/linux-ubuntu22.04-x86_64_v3/gcc-11.4.0/openssl-3.3.0-vunusyxizia47xitgoyd7ck73s3gppij
[+] /home/spack/spack/opt/spack/linux-ubuntu22.04-x86_64_v3/gcc-11.4.0/hwloc-2.9.1-ujih6ikevwjglzswfu4wf7eimac2pvsh
[+] /home/spack/spack/opt/spack/linux-ubuntu22.04-x86_64_v3/gcc-11.4.0/tar-1.34-wx4xfdnr4uzmlkbzpeuizbduh4e5klhj
[+] /home/spack/spack/opt/spack/linux-ubuntu22.04-x86_64_v3/gcc-11.4.0/libevent-2.1.12-uv2twd5kir57zlvu4ntf3cffa2lad47g
[+] /home/spack/spack/opt/spack/linux-ubuntu22.04-x86_64_v3/gcc-11.4.0/intel-tbb-2021.9.0-ucz3jsxsjee6oj3id56xjzkxjbx7ple5
[+] /home/spack/spack/opt/spack/linux-ubuntu22.04-x86_64_v3/gcc-11.4.0/gettext-0.22.5-eux6e6vvrk7uz4tx3vmjkyonhnvhseeu
[+] /home/spack/spack/opt/spack/linux-ubuntu22.04-x86_64_v3/gcc-11.4.0/pmix-5.0.1-bzewb3i2g5m4lv2jq3prq6nqvzrpdilw
[+] /home/spack/spack/opt/spack/linux-ubuntu22.04-x86_64_v3/gcc-11.4.0/krb5-1.20.1-kqbte2e4fgnkv2m2zwcagwgkiluqlkdn
[+] /home/spack/spack/opt/spack/linux-ubuntu22.04-x86_64_v3/gcc-11.4.0/elfutils-0.190-mn77wznxbwaxb7mwm34rjjlsg3xzwuog
[+] /home/spack/spack/opt/spack/linux-ubuntu22.04-x86_64_v3/gcc-11.4.0/openssh-9.7p1-iiuja4vvxdkrnzipyeyvzpxiqln2o2sd
[+] /home/spack/spack/opt/spack/linux-ubuntu22.04-x86_64_v3/gcc-11.4.0/libdwarf-20180129-3ybjurs2wa6kwiqggrvs573tkx3wdsif
[+] /home/spack/spack/opt/spack/linux-ubuntu22.04-x86_64_v3/gcc-11.4.0/dyninst-13.0.0-rf22klz3gg2aggvfkypfk2e55oigyhly
[+] /home/spack/spack/opt/spack/linux-ubuntu22.04-x86_64_v3/gcc-11.4.0/openmpi-5.0.3-kzonshw6wgio6do6gj5vk5kkhoxt2kal
[+] /home/spack/spack/opt/spack/linux-ubuntu22.04-x86_64_v3/gcc-11.4.0/adept-utils-1.0.1-6pn6kaqw6zmqvvsrbd7xqpxjovwmvahz
[+] /home/spack/spack/opt/spack/linux-ubuntu22.04-x86_64_v3/gcc-11.4.0/callpath-1.0.4-6qtkbjpwlnf7wozzy52mzrad55rtduoo
==> Installing tutorial-mpileaks-1.0-pun5iqbmjo6jjwmnswkp7sssgved7asq [33/33]
==> No binary for tutorial-mpileaks-1.0-pun5iqbmjo6jjwmnswkp7sssgved7asq found: installing from source
==> Using cached archive: /home/spack/spack/var/spack/cache/_source-cache/archive/2e/2e34cc4505556d1c1f085758e26f2f8eea0972db9382f051b2dcfb1d7d9e1825.tar.gz
==> No patches needed for tutorial-mpileaks
==> tutorial-mpileaks: Executing phase: 'autoreconf'
==> tutorial-mpileaks: Executing phase: 'configure'
==> [2024-05-10-07:57:03.649916] Find (recursive): /tmp/spack/spack-stage/spack-stage-tutorial-mpileaks-1.0-pun5iqbmjo6jjwmnswkp7sssgved7asq/spack-src ['configure']
==> [2024-05-10-07:57:03.650591] Find complete: /tmp/spack/spack-stage/spack-stage-tutorial-mpileaks-1.0-pun5iqbmjo6jjwmnswkp7sssgved7asq/spack-src ['configure']
==> [2024-05-10-07:57:03.650828] FILTER FILE: /tmp/spack/spack-stage/spack-stage-tutorial-mpileaks-1.0-pun5iqbmjo6jjwmnswkp7sssgved7asq/spack-src/configure [replacing "^(\s*if test x-L = )("\$p" \|\|\s*)$"]
==> [2024-05-10-07:57:03.673699] FILTER FILE: /tmp/spack/spack-stage/spack-stage-tutorial-mpileaks-1.0-pun5iqbmjo6jjwmnswkp7sssgved7asq/spack-src/configure [replacing "^(\s*test x-R = )("\$p")(; then\s*)$"]
==> [2024-05-10-07:57:03.702252] FILTER FILE: /tmp/spack/spack-stage/spack-stage-tutorial-mpileaks-1.0-pun5iqbmjo6jjwmnswkp7sssgved7asq/spack-src/configure [replacing "^(\s*test \$p = "-R")(; then\s*)$"]
==> [2024-05-10-07:57:03.726527] '/tmp/spack/spack-stage/spack-stage-tutorial-mpileaks-1.0-pun5iqbmjo6jjwmnswkp7sssgved7asq/spack-src/configure' '--prefix=/home/spack/spack/opt/spack/linux-ubuntu22.04-x86_64_v3/gcc-11.4.0/tutorial-mpileaks-1.0-pun5iqbmjo6jjwmnswkp7sssgved7asq' '--with-adept-utils=/home/spack/spack/opt/spack/linux-ubuntu22.04-x86_64_v3/gcc-11.4.0/adept-utils-1.0.1-6pn6kaqw6zmqvvsrbd7xqpxjovwmvahz' '--with-callpath=/home/spack/spack/opt/spack/linux-ubuntu22.04-x86_64_v3/gcc-11.4.0/callpath-1.0.4-6qtkbjpwlnf7wozzy52mzrad55rtduoo' '--with-stack-start-c=4' '--with-stack-start-fortran=4'
checking metadata... no
checking installation directory variables... yes
checking for a BSD-compatible install... /usr/bin/install -c
checking whether build environment is sane... yes
checking for a thread-safe mkdir -p... /usr/bin/mkdir -p
checking for gawk... no
checking for mawk... mawk
checking whether make sets $(MAKE)... yes
checking for gcc... /home/spack/spack/lib/spack/env/gcc/gcc
checking for C compiler default output file name... a.out
checking whether the C compiler works... yes
checking whether we are cross compiling... no
checking for suffix of executables...
checking for suffix of object files... o
checking whether we are using the GNU C compiler... yes
checking whether /home/spack/spack/lib/spack/env/gcc/gcc accepts -g... yes
checking for /home/spack/spack/lib/spack/env/gcc/gcc option to accept ISO C89... none needed
checking for style of include used by make... GNU
checking dependency style of /home/spack/spack/lib/spack/env/gcc/gcc... gcc3
checking whether /home/spack/spack/lib/spack/env/gcc/gcc and cc understand -c and -o together... yes
checking whether we are using the GNU C++ compiler... yes
checking whether /home/spack/spack/lib/spack/env/gcc/g++ accepts -g... yes
checking dependency style of /home/spack/spack/lib/spack/env/gcc/g++... gcc3
checking for /home/spack/spack/opt/spack/linux-ubuntu22.04-x86_64_v3/gcc-11.4.0/openmpi-5.0.3-kzonshw6wgio6do6gj5vk5kkhoxt2kal/bin/mpicc... /home/spack/spack/opt/spack/linux-ubuntu22.04-x86_64_v3/gcc-11.4.0/openmpi-5.0.3-kzonshw6wgio6do6gj5vk5kkhoxt2kal/bin/mpicc
Checking whether /home/spack/spack/opt/spack/linux-ubuntu22.04-x86_64_v3/gcc-11.4.0/openmpi-5.0.3-kzonshw6wgio6do6gj5vk5kkhoxt2kal/bin/mpicc responds to '-showme:compile'... yes
checking for adept-utils installation... /home/spack/spack/opt/spack/linux-ubuntu22.04-x86_64_v3/gcc-11.4.0/adept-utils-1.0.1-6pn6kaqw6zmqvvsrbd7xqpxjovwmvahz
checking for libcallpath installation... /home/spack/spack/opt/spack/linux-ubuntu22.04-x86_64_v3/gcc-11.4.0/callpath-1.0.4-6qtkbjpwlnf7wozzy52mzrad55rtduoo
checking build system type... x86_64-unknown-linux-gnu
checking host system type... x86_64-unknown-linux-gnu
checking for a sed that does not truncate output... /usr/bin/sed
checking for grep that handles long lines and -e... /usr/bin/grep
checking for egrep... /usr/bin/grep -E
checking for fgrep... /usr/bin/grep -F
checking for ld used by /home/spack/spack/lib/spack/env/gcc/gcc... /home/spack/spack/lib/spack/env/ld
checking if the linker (/home/spack/spack/lib/spack/env/ld) is GNU ld... yes
checking for BSD- or MS-compatible name lister (nm)... /usr/bin/nm -B
checking the name lister (/usr/bin/nm -B) interface... BSD nm
checking whether ln -s works... yes
checking the maximum length of command line arguments... 1572864
checking whether the shell understands some XSI constructs... yes
checking whether the shell understands "+="... yes
checking for /home/spack/spack/lib/spack/env/ld option to reload object files... -r
checking for objdump... objdump
checking how to recognize dependent libraries... pass_all
checking for ar... ar
checking for strip... strip
checking for ranlib... ranlib
checking command to parse /usr/bin/nm -B output from /home/spack/spack/lib/spack/env/gcc/gcc object... ok
/tmp/spack/spack-stage/spack-stage-tutorial-mpileaks-1.0-pun5iqbmjo6jjwmnswkp7sssgved7asq/spack-src/configure: line 7163: /usr/bin/file: No such file or directory
checking how to run the C preprocessor... /home/spack/spack/lib/spack/env/gcc/gcc -E
checking for ANSI C header files... yes
checking for sys/types.h... yes
checking for sys/stat.h... yes
checking for stdlib.h... yes
checking for string.h... yes
checking for memory.h... yes
checking for strings.h... yes
checking for inttypes.h... yes
checking for stdint.h... yes
checking for unistd.h... yes
checking for dlfcn.h... yes
checking whether we are using the GNU C++ compiler... (cached) yes
checking whether /home/spack/spack/lib/spack/env/gcc/g++ accepts -g... (cached) yes
checking dependency style of /home/spack/spack/lib/spack/env/gcc/g++... (cached) gcc3
checking how to run the C++ preprocessor... /home/spack/spack/lib/spack/env/gcc/g++ -E
checking for objdir... .libs
checking if /home/spack/spack/lib/spack/env/gcc/gcc supports -fno-rtti -fno-exceptions... no
checking for /home/spack/spack/lib/spack/env/gcc/gcc option to produce PIC... -fPIC -DPIC
checking if /home/spack/spack/lib/spack/env/gcc/gcc PIC flag -fPIC -DPIC works... yes
checking if /home/spack/spack/lib/spack/env/gcc/gcc static flag -static works... yes
checking if /home/spack/spack/lib/spack/env/gcc/gcc supports -c -o file.o... yes
checking if /home/spack/spack/lib/spack/env/gcc/gcc supports -c -o file.o... (cached) yes
checking whether the /home/spack/spack/lib/spack/env/gcc/gcc linker (/home/spack/spack/lib/spack/env/ld) supports shared libraries... yes
checking whether -lc should be explicitly linked in... no
checking dynamic linker characteristics... GNU/Linux ld.so
checking how to hardcode library paths into programs... immediate
checking whether stripping libraries is possible... yes
checking if libtool supports shared libraries... yes
checking whether to build shared libraries... yes
checking whether to build static libraries... yes
checking for ld used by /home/spack/spack/lib/spack/env/gcc/g++... /home/spack/spack/lib/spack/env/ld
checking if the linker (/home/spack/spack/lib/spack/env/ld) is GNU ld... yes
checking whether the /home/spack/spack/lib/spack/env/gcc/g++ linker (/home/spack/spack/lib/spack/env/ld) supports shared libraries... yes
checking for /home/spack/spack/lib/spack/env/gcc/g++ option to produce PIC... -fPIC -DPIC
checking if /home/spack/spack/lib/spack/env/gcc/g++ PIC flag -fPIC -DPIC works... yes
checking if /home/spack/spack/lib/spack/env/gcc/g++ static flag -static works... yes
checking if /home/spack/spack/lib/spack/env/gcc/g++ supports -c -o file.o... yes
checking if /home/spack/spack/lib/spack/env/gcc/g++ supports -c -o file.o... (cached) yes
checking whether the /home/spack/spack/lib/spack/env/gcc/g++ linker (/home/spack/spack/lib/spack/env/ld) supports shared libraries... yes
checking dynamic linker characteristics... GNU/Linux ld.so
checking how to hardcode library paths into programs... immediate
checking for ANSI C header files... (cached) yes
checking whether byte ordering is bigendian... no
configure: creating ./config.status
config.status: creating Makefile
config.status: creating src/Makefile
config.status: creating examples/Makefile
config.status: creating scripts/Makefile
config.status: creating scripts/srun-mpileaks
config.status: creating scripts/srun-mpileaksf
config.status: creating config/config.h
config.status: executing depfiles commands
config.status: executing libtool commands
==> [2024-05-10-07:57:09.890259] Find (recursive): /tmp/spack/spack-stage/spack-stage-tutorial-mpileaks-1.0-pun5iqbmjo6jjwmnswkp7sssgved7asq/spack-src ['libtool']
==> [2024-05-10-07:57:09.891162] Find complete: /tmp/spack/spack-stage/spack-stage-tutorial-mpileaks-1.0-pun5iqbmjo6jjwmnswkp7sssgved7asq/spack-src ['libtool']
==> [2024-05-10-07:57:09.891433] FILTER FILE: /tmp/spack/spack-stage/spack-stage-tutorial-mpileaks-1.0-pun5iqbmjo6jjwmnswkp7sssgved7asq/spack-src/libtool [replacing "^wl=""$"]
==> [2024-05-10-07:57:09.912980] FILTER FILE: /tmp/spack/spack-stage/spack-stage-tutorial-mpileaks-1.0-pun5iqbmjo6jjwmnswkp7sssgved7asq/spack-src/libtool [replacing "^pic_flag=""$"]
==> [2024-05-10-07:57:09.930292] FILTER FILE: /tmp/spack/spack-stage/spack-stage-tutorial-mpileaks-1.0-pun5iqbmjo6jjwmnswkp7sssgved7asq/spack-src/libtool [replacing "^pic_flag=""$"]
==> [2024-05-10-07:57:09.979871] FILTER FILE: /tmp/spack/spack-stage/spack-stage-tutorial-mpileaks-1.0-pun5iqbmjo6jjwmnswkp7sssgved7asq/spack-src/libtool [replacing "^pic_flag=""$"]
==> [2024-05-10-07:57:10.013904] FILTER FILE: /tmp/spack/spack-stage/spack-stage-tutorial-mpileaks-1.0-pun5iqbmjo6jjwmnswkp7sssgved7asq/spack-src/libtool [replacing "^pic_flag=""$"]
==> tutorial-mpileaks: Executing phase: 'build'
==> [2024-05-10-07:57:10.083930] 'make' '-j8' 'V=1'
Making all in scripts
make[1]: Entering directory '/tmp/spack/spack-stage/spack-stage-tutorial-mpileaks-1.0-pun5iqbmjo6jjwmnswkp7sssgved7asq/spack-src/scripts'
make[1]: Nothing to be done for 'all'.
make[1]: Leaving directory '/tmp/spack/spack-stage/spack-stage-tutorial-mpileaks-1.0-pun5iqbmjo6jjwmnswkp7sssgved7asq/spack-src/scripts'
Making all in src
make[1]: Entering directory '/tmp/spack/spack-stage/spack-stage-tutorial-mpileaks-1.0-pun5iqbmjo6jjwmnswkp7sssgved7asq/spack-src/src'
/bin/bash ../libtool --tag=CXX	 --mode=compile /home/spack/spack/lib/spack/env/gcc/g++ -DHAVE_CONFIG_H -I. -I../config -DHAVE_CONFIG_H -I. -I../config   -I../src -I../config -g -O2 -I//////////////////////////////////////////////////////////////////////////////////////////////////////////////////////////////////////////////////////////////////////////////////////////////////////////////////////////////////////////////////home/spack/spack/opt/spack/linux-ubuntu22.04-x86_64_v3/gcc-11.4.0/openmpi-5.0.3-kzonshw6wgio6do6gj5vk5kkhoxt2kal/include -I/home/spack/spack/opt/spack/linux-ubuntu22.04-x86_64_v3/gcc-11.4.0/adept-utils-1.0.1-6pn6kaqw6zmqvvsrbd7xqpxjovwmvahz/include -I/home/spack/spack/opt/spack/linux-ubuntu22.04-x86_64_v3/gcc-11.4.0/callpath-1.0.4-6qtkbjpwlnf7wozzy52mzrad55rtduoo/include    -g -O2 -MT mpileaks.lo -MD -MP -MF .deps/mpileaks.Tpo -c -o mpileaks.lo mpileaks.cpp
/bin/bash ../libtool --tag=CXX	 --mode=compile /home/spack/spack/lib/spack/env/gcc/g++ -DHAVE_CONFIG_H -I. -I../config -DHAVE_CONFIG_H -I. -I../config   -I../src -I../config -g -O2 -I//////////////////////////////////////////////////////////////////////////////////////////////////////////////////////////////////////////////////////////////////////////////////////////////////////////////////////////////////////////////////home/spack/spack/opt/spack/linux-ubuntu22.04-x86_64_v3/gcc-11.4.0/openmpi-5.0.3-kzonshw6wgio6do6gj5vk5kkhoxt2kal/include -I/home/spack/spack/opt/spack/linux-ubuntu22.04-x86_64_v3/gcc-11.4.0/adept-utils-1.0.1-6pn6kaqw6zmqvvsrbd7xqpxjovwmvahz/include -I/home/spack/spack/opt/spack/linux-ubuntu22.04-x86_64_v3/gcc-11.4.0/callpath-1.0.4-6qtkbjpwlnf7wozzy52mzrad55rtduoo/include    -g -O2 -MT comm.lo -MD -MP -MF .deps/comm.Tpo -c -o comm.lo comm.cpp
/bin/bash ../libtool --tag=CXX	 --mode=compile /home/spack/spack/lib/spack/env/gcc/g++ -DHAVE_CONFIG_H -I. -I../config -DHAVE_CONFIG_H -I. -I../config   -I../src -I../config -g -O2 -I//////////////////////////////////////////////////////////////////////////////////////////////////////////////////////////////////////////////////////////////////////////////////////////////////////////////////////////////////////////////////home/spack/spack/opt/spack/linux-ubuntu22.04-x86_64_v3/gcc-11.4.0/openmpi-5.0.3-kzonshw6wgio6do6gj5vk5kkhoxt2kal/include -I/home/spack/spack/opt/spack/linux-ubuntu22.04-x86_64_v3/gcc-11.4.0/adept-utils-1.0.1-6pn6kaqw6zmqvvsrbd7xqpxjovwmvahz/include -I/home/spack/spack/opt/spack/linux-ubuntu22.04-x86_64_v3/gcc-11.4.0/callpath-1.0.4-6qtkbjpwlnf7wozzy52mzrad55rtduoo/include    -g -O2 -MT datatype.lo -MD -MP -MF .deps/datatype.Tpo -c -o datatype.lo datatype.cpp
/bin/bash ../libtool --tag=CXX	 --mode=compile /home/spack/spack/lib/spack/env/gcc/g++ -DHAVE_CONFIG_H -I. -I../config -DHAVE_CONFIG_H -I. -I../config   -I../src -I../config -g -O2 -I//////////////////////////////////////////////////////////////////////////////////////////////////////////////////////////////////////////////////////////////////////////////////////////////////////////////////////////////////////////////////home/spack/spack/opt/spack/linux-ubuntu22.04-x86_64_v3/gcc-11.4.0/openmpi-5.0.3-kzonshw6wgio6do6gj5vk5kkhoxt2kal/include -I/home/spack/spack/opt/spack/linux-ubuntu22.04-x86_64_v3/gcc-11.4.0/adept-utils-1.0.1-6pn6kaqw6zmqvvsrbd7xqpxjovwmvahz/include -I/home/spack/spack/opt/spack/linux-ubuntu22.04-x86_64_v3/gcc-11.4.0/callpath-1.0.4-6qtkbjpwlnf7wozzy52mzrad55rtduoo/include    -g -O2 -MT errhandler.lo -MD -MP -MF .deps/errhandler.Tpo -c -o errhandler.lo errhandler.cpp
/bin/bash ../libtool --tag=CXX	 --mode=compile /home/spack/spack/lib/spack/env/gcc/g++ -DHAVE_CONFIG_H -I. -I../config -DHAVE_CONFIG_H -I. -I../config   -I../src -I../config -g -O2 -I//////////////////////////////////////////////////////////////////////////////////////////////////////////////////////////////////////////////////////////////////////////////////////////////////////////////////////////////////////////////////home/spack/spack/opt/spack/linux-ubuntu22.04-x86_64_v3/gcc-11.4.0/openmpi-5.0.3-kzonshw6wgio6do6gj5vk5kkhoxt2kal/include -I/home/spack/spack/opt/spack/linux-ubuntu22.04-x86_64_v3/gcc-11.4.0/adept-utils-1.0.1-6pn6kaqw6zmqvvsrbd7xqpxjovwmvahz/include -I/home/spack/spack/opt/spack/linux-ubuntu22.04-x86_64_v3/gcc-11.4.0/callpath-1.0.4-6qtkbjpwlnf7wozzy52mzrad55rtduoo/include    -g -O2 -MT fileio.lo -MD -MP -MF .deps/fileio.Tpo -c -o fileio.lo fileio.cpp
/bin/bash ../libtool --tag=CXX	 --mode=compile /home/spack/spack/lib/spack/env/gcc/g++ -DHAVE_CONFIG_H -I. -I../config -DHAVE_CONFIG_H -I. -I../config   -I../src -I../config -g -O2 -I//////////////////////////////////////////////////////////////////////////////////////////////////////////////////////////////////////////////////////////////////////////////////////////////////////////////////////////////////////////////////home/spack/spack/opt/spack/linux-ubuntu22.04-x86_64_v3/gcc-11.4.0/openmpi-5.0.3-kzonshw6wgio6do6gj5vk5kkhoxt2kal/include -I/home/spack/spack/opt/spack/linux-ubuntu22.04-x86_64_v3/gcc-11.4.0/adept-utils-1.0.1-6pn6kaqw6zmqvvsrbd7xqpxjovwmvahz/include -I/home/spack/spack/opt/spack/linux-ubuntu22.04-x86_64_v3/gcc-11.4.0/callpath-1.0.4-6qtkbjpwlnf7wozzy52mzrad55rtduoo/include    -g -O2 -MT group.lo -MD -MP -MF .deps/group.Tpo -c -o group.lo group.cpp
/bin/bash ../libtool --tag=CXX	 --mode=compile /home/spack/spack/lib/spack/env/gcc/g++ -DHAVE_CONFIG_H -I. -I../config -DHAVE_CONFIG_H -I. -I../config   -I../src -I../config -g -O2 -I//////////////////////////////////////////////////////////////////////////////////////////////////////////////////////////////////////////////////////////////////////////////////////////////////////////////////////////////////////////////////home/spack/spack/opt/spack/linux-ubuntu22.04-x86_64_v3/gcc-11.4.0/openmpi-5.0.3-kzonshw6wgio6do6gj5vk5kkhoxt2kal/include -I/home/spack/spack/opt/spack/linux-ubuntu22.04-x86_64_v3/gcc-11.4.0/adept-utils-1.0.1-6pn6kaqw6zmqvvsrbd7xqpxjovwmvahz/include -I/home/spack/spack/opt/spack/linux-ubuntu22.04-x86_64_v3/gcc-11.4.0/callpath-1.0.4-6qtkbjpwlnf7wozzy52mzrad55rtduoo/include    -g -O2 -MT info.lo -MD -MP -MF .deps/info.Tpo -c -o info.lo info.cpp
/bin/bash ../libtool --tag=CXX	 --mode=compile /home/spack/spack/lib/spack/env/gcc/g++ -DHAVE_CONFIG_H -I. -I../config -DHAVE_CONFIG_H -I. -I../config   -I../src -I../config -g -O2 -I//////////////////////////////////////////////////////////////////////////////////////////////////////////////////////////////////////////////////////////////////////////////////////////////////////////////////////////////////////////////////home/spack/spack/opt/spack/linux-ubuntu22.04-x86_64_v3/gcc-11.4.0/openmpi-5.0.3-kzonshw6wgio6do6gj5vk5kkhoxt2kal/include -I/home/spack/spack/opt/spack/linux-ubuntu22.04-x86_64_v3/gcc-11.4.0/adept-utils-1.0.1-6pn6kaqw6zmqvvsrbd7xqpxjovwmvahz/include -I/home/spack/spack/opt/spack/linux-ubuntu22.04-x86_64_v3/gcc-11.4.0/callpath-1.0.4-6qtkbjpwlnf7wozzy52mzrad55rtduoo/include    -g -O2 -MT keyval.lo -MD -MP -MF .deps/keyval.Tpo -c -o keyval.lo keyval.cpp
libtool: compile:  /home/spack/spack/lib/spack/env/gcc/g++ -DHAVE_CONFIG_H -I. -I../config -DHAVE_CONFIG_H -I. -I../config -I../src -I../config -g -O2 -I//////////////////////////////////////////////////////////////////////////////////////////////////////////////////////////////////////////////////////////////////////////////////////////////////////////////////////////////////////////////////home/spack/spack/opt/spack/linux-ubuntu22.04-x86_64_v3/gcc-11.4.0/openmpi-5.0.3-kzonshw6wgio6do6gj5vk5kkhoxt2kal/include -I/home/spack/spack/opt/spack/linux-ubuntu22.04-x86_64_v3/gcc-11.4.0/adept-utils-1.0.1-6pn6kaqw6zmqvvsrbd7xqpxjovwmvahz/include -I/home/spack/spack/opt/spack/linux-ubuntu22.04-x86_64_v3/gcc-11.4.0/callpath-1.0.4-6qtkbjpwlnf7wozzy52mzrad55rtduoo/include -g -O2 -MT comm.lo -MD -MP -MF .deps/comm.Tpo -c comm.cpp  -fPIC -DPIC -o .libs/comm.o
libtool: compile:  /home/spack/spack/lib/spack/env/gcc/g++ -DHAVE_CONFIG_H -I. -I../config -DHAVE_CONFIG_H -I. -I../config -I../src -I../config -g -O2 -I//////////////////////////////////////////////////////////////////////////////////////////////////////////////////////////////////////////////////////////////////////////////////////////////////////////////////////////////////////////////////home/spack/spack/opt/spack/linux-ubuntu22.04-x86_64_v3/gcc-11.4.0/openmpi-5.0.3-kzonshw6wgio6do6gj5vk5kkhoxt2kal/include -I/home/spack/spack/opt/spack/linux-ubuntu22.04-x86_64_v3/gcc-11.4.0/adept-utils-1.0.1-6pn6kaqw6zmqvvsrbd7xqpxjovwmvahz/include -I/home/spack/spack/opt/spack/linux-ubuntu22.04-x86_64_v3/gcc-11.4.0/callpath-1.0.4-6qtkbjpwlnf7wozzy52mzrad55rtduoo/include -g -O2 -MT mpileaks.lo -MD -MP -MF .deps/mpileaks.Tpo -c mpileaks.cpp	-fPIC -DPIC -o .libs/mpileaks.o
libtool: compile:  /home/spack/spack/lib/spack/env/gcc/g++ -DHAVE_CONFIG_H -I. -I../config -DHAVE_CONFIG_H -I. -I../config -I../src -I../config -g -O2 -I//////////////////////////////////////////////////////////////////////////////////////////////////////////////////////////////////////////////////////////////////////////////////////////////////////////////////////////////////////////////////home/spack/spack/opt/spack/linux-ubuntu22.04-x86_64_v3/gcc-11.4.0/openmpi-5.0.3-kzonshw6wgio6do6gj5vk5kkhoxt2kal/include -I/home/spack/spack/opt/spack/linux-ubuntu22.04-x86_64_v3/gcc-11.4.0/adept-utils-1.0.1-6pn6kaqw6zmqvvsrbd7xqpxjovwmvahz/include -I/home/spack/spack/opt/spack/linux-ubuntu22.04-x86_64_v3/gcc-11.4.0/callpath-1.0.4-6qtkbjpwlnf7wozzy52mzrad55rtduoo/include -g -O2 -MT datatype.lo -MD -MP -MF .deps/datatype.Tpo -c datatype.cpp	-fPIC -DPIC -o .libs/datatype.o
libtool: compile:  /home/spack/spack/lib/spack/env/gcc/g++ -DHAVE_CONFIG_H -I. -I../config -DHAVE_CONFIG_H -I. -I../config -I../src -I../config -g -O2 -I//////////////////////////////////////////////////////////////////////////////////////////////////////////////////////////////////////////////////////////////////////////////////////////////////////////////////////////////////////////////////home/spack/spack/opt/spack/linux-ubuntu22.04-x86_64_v3/gcc-11.4.0/openmpi-5.0.3-kzonshw6wgio6do6gj5vk5kkhoxt2kal/include -I/home/spack/spack/opt/spack/linux-ubuntu22.04-x86_64_v3/gcc-11.4.0/adept-utils-1.0.1-6pn6kaqw6zmqvvsrbd7xqpxjovwmvahz/include -I/home/spack/spack/opt/spack/linux-ubuntu22.04-x86_64_v3/gcc-11.4.0/callpath-1.0.4-6qtkbjpwlnf7wozzy52mzrad55rtduoo/include -g -O2 -MT group.lo -MD -MP -MF .deps/group.Tpo -c group.cpp  -fPIC -DPIC -o .libs/group.o
libtool: compile:  /home/spack/spack/lib/spack/env/gcc/g++ -DHAVE_CONFIG_H -I. -I../config -DHAVE_CONFIG_H -I. -I../config -I../src -I../config -g -O2 -I//////////////////////////////////////////////////////////////////////////////////////////////////////////////////////////////////////////////////////////////////////////////////////////////////////////////////////////////////////////////////home/spack/spack/opt/spack/linux-ubuntu22.04-x86_64_v3/gcc-11.4.0/openmpi-5.0.3-kzonshw6wgio6do6gj5vk5kkhoxt2kal/include -I/home/spack/spack/opt/spack/linux-ubuntu22.04-x86_64_v3/gcc-11.4.0/adept-utils-1.0.1-6pn6kaqw6zmqvvsrbd7xqpxjovwmvahz/include -I/home/spack/spack/opt/spack/linux-ubuntu22.04-x86_64_v3/gcc-11.4.0/callpath-1.0.4-6qtkbjpwlnf7wozzy52mzrad55rtduoo/include -g -O2 -MT fileio.lo -MD -MP -MF .deps/fileio.Tpo -c fileio.cpp  -fPIC -DPIC -o .libs/fileio.o
libtool: compile:  /home/spack/spack/lib/spack/env/gcc/g++ -DHAVE_CONFIG_H -I. -I../config -DHAVE_CONFIG_H -I. -I../config -I../src -I../config -g -O2 -I//////////////////////////////////////////////////////////////////////////////////////////////////////////////////////////////////////////////////////////////////////////////////////////////////////////////////////////////////////////////////home/spack/spack/opt/spack/linux-ubuntu22.04-x86_64_v3/gcc-11.4.0/openmpi-5.0.3-kzonshw6wgio6do6gj5vk5kkhoxt2kal/include -I/home/spack/spack/opt/spack/linux-ubuntu22.04-x86_64_v3/gcc-11.4.0/adept-utils-1.0.1-6pn6kaqw6zmqvvsrbd7xqpxjovwmvahz/include -I/home/spack/spack/opt/spack/linux-ubuntu22.04-x86_64_v3/gcc-11.4.0/callpath-1.0.4-6qtkbjpwlnf7wozzy52mzrad55rtduoo/include -g -O2 -MT keyval.lo -MD -MP -MF .deps/keyval.Tpo -c keyval.cpp  -fPIC -DPIC -o .libs/keyval.o
libtool: compile:  /home/spack/spack/lib/spack/env/gcc/g++ -DHAVE_CONFIG_H -I. -I../config -DHAVE_CONFIG_H -I. -I../config -I../src -I../config -g -O2 -I//////////////////////////////////////////////////////////////////////////////////////////////////////////////////////////////////////////////////////////////////////////////////////////////////////////////////////////////////////////////////home/spack/spack/opt/spack/linux-ubuntu22.04-x86_64_v3/gcc-11.4.0/openmpi-5.0.3-kzonshw6wgio6do6gj5vk5kkhoxt2kal/include -I/home/spack/spack/opt/spack/linux-ubuntu22.04-x86_64_v3/gcc-11.4.0/adept-utils-1.0.1-6pn6kaqw6zmqvvsrbd7xqpxjovwmvahz/include -I/home/spack/spack/opt/spack/linux-ubuntu22.04-x86_64_v3/gcc-11.4.0/callpath-1.0.4-6qtkbjpwlnf7wozzy52mzrad55rtduoo/include -g -O2 -MT info.lo -MD -MP -MF .deps/info.Tpo -c info.cpp  -fPIC -DPIC -o .libs/info.o
libtool: compile:  /home/spack/spack/lib/spack/env/gcc/g++ -DHAVE_CONFIG_H -I. -I../config -DHAVE_CONFIG_H -I. -I../config -I../src -I../config -g -O2 -I//////////////////////////////////////////////////////////////////////////////////////////////////////////////////////////////////////////////////////////////////////////////////////////////////////////////////////////////////////////////////home/spack/spack/opt/spack/linux-ubuntu22.04-x86_64_v3/gcc-11.4.0/openmpi-5.0.3-kzonshw6wgio6do6gj5vk5kkhoxt2kal/include -I/home/spack/spack/opt/spack/linux-ubuntu22.04-x86_64_v3/gcc-11.4.0/adept-utils-1.0.1-6pn6kaqw6zmqvvsrbd7xqpxjovwmvahz/include -I/home/spack/spack/opt/spack/linux-ubuntu22.04-x86_64_v3/gcc-11.4.0/callpath-1.0.4-6qtkbjpwlnf7wozzy52mzrad55rtduoo/include -g -O2 -MT errhandler.lo -MD -MP -MF .deps/errhandler.Tpo -c errhandler.cpp  -fPIC -DPIC -o .libs/errhandler.o
keyval.cpp: In function 'int MPI_Keyval_create(int (*)(MPI_Comm, int, void*, void*, void*, int*), int (*)(MPI_Comm, int, void*, void*), int*, void*)':
keyval.cpp:38:30: warning: 'int PMPI_Keyval_create(int (*)(MPI_Comm, int, void*, void*, void*, int*), int (*)(MPI_Comm, int, void*, void*), int*, void*)' is deprecated: PMPI_Keyval_create was deprecated in MPI-2.0; use PMPI_Comm_create_keyval instead. [-Wdeprecated-declarations]
   38 |   int rc = PMPI_Keyval_create(copy_fn, delete_fn, keyval, extra_state);
      | 	   ~~~~~~~~~~~~~~~~~~^~~~~~~~~~~~~~~~~~~~~~~~~~~~~~~~~~~~~~~~~
In file included from keyval.cpp:10:
/home/spack/spack/opt/spack/linux-ubuntu22.04-x86_64_v3/gcc-11.4.0/openmpi-5.0.3-kzonshw6wgio6do6gj5vk5kkhoxt2kal/include/mpi.h:3062:20: note: declared here
 3062 | OMPI_DECLSPEC  int PMPI_Keyval_create(MPI_Copy_function *copy_fn,
      | 		   ^~~~~~~~~~~~~~~~~~
keyval.cpp: In function 'int MPI_Keyval_free(int*)':
keyval.cpp:93:28: warning: 'int PMPI_Keyval_free(int*)' is deprecated: PMPI_Keyval_free was deprecated in MPI-2.0; PMPI_Comm_free_keyval instead. [-Wdeprecated-declarations]
   93 |   int rc = PMPI_Keyval_free(keyval);
      | 	   ~~~~~~~~~~~~~~~~^~~~~~~~
In file included from keyval.cpp:10:
/home/spack/spack/opt/spack/linux-ubuntu22.04-x86_64_v3/gcc-11.4.0/openmpi-5.0.3-kzonshw6wgio6do6gj5vk5kkhoxt2kal/include/mpi.h:3068:20: note: declared here
 3068 | OMPI_DECLSPEC  int PMPI_Keyval_free(int *keyval)
      | 		   ^~~~~~~~~~~~~~~~
datatype.cpp: In function 'int MPI_Type_hvector(int, int, MPI_Aint, MPI_Datatype, ompi_datatype_t**)':
datatype.cpp:60:29: warning: 'int PMPI_Type_hvector(int, int, MPI_Aint, MPI_Datatype, ompi_datatype_t**)' is deprecated: PMPI_Type_hvector was removed in MPI-3.0.  Use PMPI_Type_create_hvector instead.  continuing... [-Wdeprecated-declarations]
   60 |   int rc = PMPI_Type_hvector(count, blocklength, stride, oldtype, newtype);
      | 	   ~~~~~~~~~~~~~~~~~^~~~~~~~~~~~~~~~~~~~~~~~~~~~~~~~~~~~~~~~~~~~~~
In file included from datatype.cpp:10:
/home/spack/spack/opt/spack/linux-ubuntu22.04-x86_64_v3/gcc-11.4.0/openmpi-5.0.3-kzonshw6wgio6do6gj5vk5kkhoxt2kal/include/mpi.h:3155:20: note: declared here
 3155 | OMPI_DECLSPEC  int PMPI_Type_hvector(int count, int blocklength, MPI_Aint stride,
      | 		   ^~~~~~~~~~~~~~~~~
datatype.cpp: In function 'int MPI_Type_hindexed(int, int*, MPI_Aint*, MPI_Datatype, ompi_datatype_t**)':
datatype.cpp:78:30: warning: 'int PMPI_Type_hindexed(int, int*, MPI_Aint*, MPI_Datatype, ompi_datatype_t**)' is deprecated: PMPI_Type_hindexed was removed in MPI-3.0.	Use PMPI_Type_create_hindexed instead.	continuing... [-Wdeprecated-declarations]
   78 |   int rc = PMPI_Type_hindexed(count, array_of_blocklengths, array_of_displacements,
      | 	   ~~~~~~~~~~~~~~~~~~^~~~~~~~~~~~~~~~~~~~~~~~~~~~~~~~~~~~~~~~~~~~~~~~~~~~~~
   79 | 			      oldtype, newtype);
      | 			      ~~~~~~~~~~~~~~~~~
In file included from datatype.cpp:10:
/home/spack/spack/opt/spack/linux-ubuntu22.04-x86_64_v3/gcc-11.4.0/openmpi-5.0.3-kzonshw6wgio6do6gj5vk5kkhoxt2kal/include/mpi.h:3148:20: note: declared here
 3148 | OMPI_DECLSPEC  int PMPI_Type_hindexed(int count, int array_of_blocklengths[],
      | 		   ^~~~~~~~~~~~~~~~~~
datatype.cpp: In function 'int MPI_Type_struct(int, int*, MPI_Aint*, ompi_datatype_t**, ompi_datatype_t**)':
datatype.cpp:88:28: warning: 'int PMPI_Type_struct(int, int*, MPI_Aint*, ompi_datatype_t**, ompi_datatype_t**)' is deprecated: PMPI_Type_struct was removed in MPI-3.0.  Use PMPI_Type_create_struct instead.  continuing... [-Wdeprecated-declarations]
   88 |   int rc = PMPI_Type_struct(count, array_of_blocklengths, array_of_displacements,
      | 	   ~~~~~~~~~~~~~~~~^~~~~~~~~~~~~~~~~~~~~~~~~~~~~~~~~~~~~~~~~~~~~~~~~~~~~~
   89 | 			    array_of_types, newtype);
      | 			    ~~~~~~~~~~~~~~~~~~~~~~~~
In file included from datatype.cpp:10:
/home/spack/spack/opt/spack/linux-ubuntu22.04-x86_64_v3/gcc-11.4.0/openmpi-5.0.3-kzonshw6wgio6do6gj5vk5kkhoxt2kal/include/mpi.h:3167:20: note: declared here
 3167 | OMPI_DECLSPEC  int PMPI_Type_struct(int count, int array_of_blocklengths[],
      | 		   ^~~~~~~~~~~~~~~~
errhandler.cpp: In function 'int MPI_Errhandler_create(void (*)(ompi_communicator_t**, int*, ...), ompi_errhandler_t**)':
errhandler.cpp:33:34: warning: 'int PMPI_Errhandler_create(void (*)(ompi_communicator_t**, int*, ...), ompi_errhandler_t**)' is deprecated: PMPI_Errhandler_create was removed in MPI-3.0.  Use PMPI_Comm_create_errhandler instead.  continuing... [-Wdeprecated-declarations]
   33 |   int rc = PMPI_Errhandler_create(function, eh);
      | 	   ~~~~~~~~~~~~~~~~~~~~~~^~~~~~~~~~~~~~
In file included from errhandler.cpp:10:
/home/spack/spack/opt/spack/linux-ubuntu22.04-x86_64_v3/gcc-11.4.0/openmpi-5.0.3-kzonshw6wgio6do6gj5vk5kkhoxt2kal/include/mpi.h:3129:20: note: declared here
 3129 | OMPI_DECLSPEC  int PMPI_Errhandler_create(MPI_Handler_function *function,
      | 		   ^~~~~~~~~~~~~~~~~~~~~~
errhandler.cpp: In function 'int MPI_Errhandler_get(MPI_Comm, ompi_errhandler_t**)':
errhandler.cpp:40:31: warning: 'int PMPI_Errhandler_get(MPI_Comm, ompi_errhandler_t**)' is deprecated: PMPI_Errhandler_get was removed in MPI-3.0.  Use PMPI_Comm_get_errhandler instead.  continuing... [-Wdeprecated-declarations]
   40 |   int rc = PMPI_Errhandler_get(comm, eh);
      | 	   ~~~~~~~~~~~~~~~~~~~^~~~~~~~~~
In file included from errhandler.cpp:10:
/home/spack/spack/opt/spack/linux-ubuntu22.04-x86_64_v3/gcc-11.4.0/openmpi-5.0.3-kzonshw6wgio6do6gj5vk5kkhoxt2kal/include/mpi.h:3134:20: note: declared here
 3134 | OMPI_DECLSPEC  int PMPI_Errhandler_get(MPI_Comm comm, MPI_Errhandler *errhandler)
      | 		   ^~~~~~~~~~~~~~~~~~~
libtool: compile:  /home/spack/spack/lib/spack/env/gcc/g++ -DHAVE_CONFIG_H -I. -I../config -DHAVE_CONFIG_H -I. -I../config -I../src -I../config -g -O2 -I//////////////////////////////////////////////////////////////////////////////////////////////////////////////////////////////////////////////////////////////////////////////////////////////////////////////////////////////////////////////////home/spack/spack/opt/spack/linux-ubuntu22.04-x86_64_v3/gcc-11.4.0/openmpi-5.0.3-kzonshw6wgio6do6gj5vk5kkhoxt2kal/include -I/home/spack/spack/opt/spack/linux-ubuntu22.04-x86_64_v3/gcc-11.4.0/adept-utils-1.0.1-6pn6kaqw6zmqvvsrbd7xqpxjovwmvahz/include -I/home/spack/spack/opt/spack/linux-ubuntu22.04-x86_64_v3/gcc-11.4.0/callpath-1.0.4-6qtkbjpwlnf7wozzy52mzrad55rtduoo/include -g -O2 -MT fileio.lo -MD -MP -MF .deps/fileio.Tpo -c fileio.cpp -o fileio.o >/dev/null 2>&1
libtool: compile:  /home/spack/spack/lib/spack/env/gcc/g++ -DHAVE_CONFIG_H -I. -I../config -DHAVE_CONFIG_H -I. -I../config -I../src -I../config -g -O2 -I//////////////////////////////////////////////////////////////////////////////////////////////////////////////////////////////////////////////////////////////////////////////////////////////////////////////////////////////////////////////////home/spack/spack/opt/spack/linux-ubuntu22.04-x86_64_v3/gcc-11.4.0/openmpi-5.0.3-kzonshw6wgio6do6gj5vk5kkhoxt2kal/include -I/home/spack/spack/opt/spack/linux-ubuntu22.04-x86_64_v3/gcc-11.4.0/adept-utils-1.0.1-6pn6kaqw6zmqvvsrbd7xqpxjovwmvahz/include -I/home/spack/spack/opt/spack/linux-ubuntu22.04-x86_64_v3/gcc-11.4.0/callpath-1.0.4-6qtkbjpwlnf7wozzy52mzrad55rtduoo/include -g -O2 -MT info.lo -MD -MP -MF .deps/info.Tpo -c info.cpp -o info.o >/dev/null 2>&1
libtool: compile:  /home/spack/spack/lib/spack/env/gcc/g++ -DHAVE_CONFIG_H -I. -I../config -DHAVE_CONFIG_H -I. -I../config -I../src -I../config -g -O2 -I//////////////////////////////////////////////////////////////////////////////////////////////////////////////////////////////////////////////////////////////////////////////////////////////////////////////////////////////////////////////////home/spack/spack/opt/spack/linux-ubuntu22.04-x86_64_v3/gcc-11.4.0/openmpi-5.0.3-kzonshw6wgio6do6gj5vk5kkhoxt2kal/include -I/home/spack/spack/opt/spack/linux-ubuntu22.04-x86_64_v3/gcc-11.4.0/adept-utils-1.0.1-6pn6kaqw6zmqvvsrbd7xqpxjovwmvahz/include -I/home/spack/spack/opt/spack/linux-ubuntu22.04-x86_64_v3/gcc-11.4.0/callpath-1.0.4-6qtkbjpwlnf7wozzy52mzrad55rtduoo/include -g -O2 -MT keyval.lo -MD -MP -MF .deps/keyval.Tpo -c keyval.cpp -o keyval.o >/dev/null 2>&1
libtool: compile:  /home/spack/spack/lib/spack/env/gcc/g++ -DHAVE_CONFIG_H -I. -I../config -DHAVE_CONFIG_H -I. -I../config -I../src -I../config -g -O2 -I//////////////////////////////////////////////////////////////////////////////////////////////////////////////////////////////////////////////////////////////////////////////////////////////////////////////////////////////////////////////////home/spack/spack/opt/spack/linux-ubuntu22.04-x86_64_v3/gcc-11.4.0/openmpi-5.0.3-kzonshw6wgio6do6gj5vk5kkhoxt2kal/include -I/home/spack/spack/opt/spack/linux-ubuntu22.04-x86_64_v3/gcc-11.4.0/adept-utils-1.0.1-6pn6kaqw6zmqvvsrbd7xqpxjovwmvahz/include -I/home/spack/spack/opt/spack/linux-ubuntu22.04-x86_64_v3/gcc-11.4.0/callpath-1.0.4-6qtkbjpwlnf7wozzy52mzrad55rtduoo/include -g -O2 -MT errhandler.lo -MD -MP -MF .deps/errhandler.Tpo -c errhandler.cpp -o errhandler.o >/dev/null 2>&1
libtool: compile:  /home/spack/spack/lib/spack/env/gcc/g++ -DHAVE_CONFIG_H -I. -I../config -DHAVE_CONFIG_H -I. -I../config -I../src -I../config -g -O2 -I//////////////////////////////////////////////////////////////////////////////////////////////////////////////////////////////////////////////////////////////////////////////////////////////////////////////////////////////////////////////////home/spack/spack/opt/spack/linux-ubuntu22.04-x86_64_v3/gcc-11.4.0/openmpi-5.0.3-kzonshw6wgio6do6gj5vk5kkhoxt2kal/include -I/home/spack/spack/opt/spack/linux-ubuntu22.04-x86_64_v3/gcc-11.4.0/adept-utils-1.0.1-6pn6kaqw6zmqvvsrbd7xqpxjovwmvahz/include -I/home/spack/spack/opt/spack/linux-ubuntu22.04-x86_64_v3/gcc-11.4.0/callpath-1.0.4-6qtkbjpwlnf7wozzy52mzrad55rtduoo/include -g -O2 -MT group.lo -MD -MP -MF .deps/group.Tpo -c group.cpp -o group.o >/dev/null 2>&1
libtool: compile:  /home/spack/spack/lib/spack/env/gcc/g++ -DHAVE_CONFIG_H -I. -I../config -DHAVE_CONFIG_H -I. -I../config -I../src -I../config -g -O2 -I//////////////////////////////////////////////////////////////////////////////////////////////////////////////////////////////////////////////////////////////////////////////////////////////////////////////////////////////////////////////////home/spack/spack/opt/spack/linux-ubuntu22.04-x86_64_v3/gcc-11.4.0/openmpi-5.0.3-kzonshw6wgio6do6gj5vk5kkhoxt2kal/include -I/home/spack/spack/opt/spack/linux-ubuntu22.04-x86_64_v3/gcc-11.4.0/adept-utils-1.0.1-6pn6kaqw6zmqvvsrbd7xqpxjovwmvahz/include -I/home/spack/spack/opt/spack/linux-ubuntu22.04-x86_64_v3/gcc-11.4.0/callpath-1.0.4-6qtkbjpwlnf7wozzy52mzrad55rtduoo/include -g -O2 -MT mpileaks.lo -MD -MP -MF .deps/mpileaks.Tpo -c mpileaks.cpp -o mpileaks.o >/dev/null 2>&1
libtool: compile:  /home/spack/spack/lib/spack/env/gcc/g++ -DHAVE_CONFIG_H -I. -I../config -DHAVE_CONFIG_H -I. -I../config -I../src -I../config -g -O2 -I//////////////////////////////////////////////////////////////////////////////////////////////////////////////////////////////////////////////////////////////////////////////////////////////////////////////////////////////////////////////////home/spack/spack/opt/spack/linux-ubuntu22.04-x86_64_v3/gcc-11.4.0/openmpi-5.0.3-kzonshw6wgio6do6gj5vk5kkhoxt2kal/include -I/home/spack/spack/opt/spack/linux-ubuntu22.04-x86_64_v3/gcc-11.4.0/adept-utils-1.0.1-6pn6kaqw6zmqvvsrbd7xqpxjovwmvahz/include -I/home/spack/spack/opt/spack/linux-ubuntu22.04-x86_64_v3/gcc-11.4.0/callpath-1.0.4-6qtkbjpwlnf7wozzy52mzrad55rtduoo/include -g -O2 -MT comm.lo -MD -MP -MF .deps/comm.Tpo -c comm.cpp -o comm.o >/dev/null 2>&1
libtool: compile:  /home/spack/spack/lib/spack/env/gcc/g++ -DHAVE_CONFIG_H -I. -I../config -DHAVE_CONFIG_H -I. -I../config -I../src -I../config -g -O2 -I//////////////////////////////////////////////////////////////////////////////////////////////////////////////////////////////////////////////////////////////////////////////////////////////////////////////////////////////////////////////////home/spack/spack/opt/spack/linux-ubuntu22.04-x86_64_v3/gcc-11.4.0/openmpi-5.0.3-kzonshw6wgio6do6gj5vk5kkhoxt2kal/include -I/home/spack/spack/opt/spack/linux-ubuntu22.04-x86_64_v3/gcc-11.4.0/adept-utils-1.0.1-6pn6kaqw6zmqvvsrbd7xqpxjovwmvahz/include -I/home/spack/spack/opt/spack/linux-ubuntu22.04-x86_64_v3/gcc-11.4.0/callpath-1.0.4-6qtkbjpwlnf7wozzy52mzrad55rtduoo/include -g -O2 -MT datatype.lo -MD -MP -MF .deps/datatype.Tpo -c datatype.cpp -o datatype.o >/dev/null 2>&1
mv -f .deps/fileio.Tpo .deps/fileio.Plo
/bin/bash ../libtool --tag=CXX	 --mode=compile /home/spack/spack/lib/spack/env/gcc/g++ -DHAVE_CONFIG_H -I. -I../config -DHAVE_CONFIG_H -I. -I../config   -I../src -I../config -g -O2 -I//////////////////////////////////////////////////////////////////////////////////////////////////////////////////////////////////////////////////////////////////////////////////////////////////////////////////////////////////////////////////home/spack/spack/opt/spack/linux-ubuntu22.04-x86_64_v3/gcc-11.4.0/openmpi-5.0.3-kzonshw6wgio6do6gj5vk5kkhoxt2kal/include -I/home/spack/spack/opt/spack/linux-ubuntu22.04-x86_64_v3/gcc-11.4.0/adept-utils-1.0.1-6pn6kaqw6zmqvvsrbd7xqpxjovwmvahz/include -I/home/spack/spack/opt/spack/linux-ubuntu22.04-x86_64_v3/gcc-11.4.0/callpath-1.0.4-6qtkbjpwlnf7wozzy52mzrad55rtduoo/include    -g -O2 -MT mem.lo -MD -MP -MF .deps/mem.Tpo -c -o mem.lo mem.cpp
libtool: compile:  /home/spack/spack/lib/spack/env/gcc/g++ -DHAVE_CONFIG_H -I. -I../config -DHAVE_CONFIG_H -I. -I../config -I../src -I../config -g -O2 -I//////////////////////////////////////////////////////////////////////////////////////////////////////////////////////////////////////////////////////////////////////////////////////////////////////////////////////////////////////////////////home/spack/spack/opt/spack/linux-ubuntu22.04-x86_64_v3/gcc-11.4.0/openmpi-5.0.3-kzonshw6wgio6do6gj5vk5kkhoxt2kal/include -I/home/spack/spack/opt/spack/linux-ubuntu22.04-x86_64_v3/gcc-11.4.0/adept-utils-1.0.1-6pn6kaqw6zmqvvsrbd7xqpxjovwmvahz/include -I/home/spack/spack/opt/spack/linux-ubuntu22.04-x86_64_v3/gcc-11.4.0/callpath-1.0.4-6qtkbjpwlnf7wozzy52mzrad55rtduoo/include -g -O2 -MT mem.lo -MD -MP -MF .deps/mem.Tpo -c mem.cpp  -fPIC -DPIC -o .libs/mem.o
mv -f .deps/info.Tpo .deps/info.Plo
/bin/bash ../libtool --tag=CXX	 --mode=compile /home/spack/spack/lib/spack/env/gcc/g++ -DHAVE_CONFIG_H -I. -I../config -DHAVE_CONFIG_H -I. -I../config   -I../src -I../config -g -O2 -I//////////////////////////////////////////////////////////////////////////////////////////////////////////////////////////////////////////////////////////////////////////////////////////////////////////////////////////////////////////////////home/spack/spack/opt/spack/linux-ubuntu22.04-x86_64_v3/gcc-11.4.0/openmpi-5.0.3-kzonshw6wgio6do6gj5vk5kkhoxt2kal/include -I/home/spack/spack/opt/spack/linux-ubuntu22.04-x86_64_v3/gcc-11.4.0/adept-utils-1.0.1-6pn6kaqw6zmqvvsrbd7xqpxjovwmvahz/include -I/home/spack/spack/opt/spack/linux-ubuntu22.04-x86_64_v3/gcc-11.4.0/callpath-1.0.4-6qtkbjpwlnf7wozzy52mzrad55rtduoo/include    -g -O2 -MT op.lo -MD -MP -MF .deps/op.Tpo -c -o op.lo op.cpp
libtool: compile:  /home/spack/spack/lib/spack/env/gcc/g++ -DHAVE_CONFIG_H -I. -I../config -DHAVE_CONFIG_H -I. -I../config -I../src -I../config -g -O2 -I//////////////////////////////////////////////////////////////////////////////////////////////////////////////////////////////////////////////////////////////////////////////////////////////////////////////////////////////////////////////////home/spack/spack/opt/spack/linux-ubuntu22.04-x86_64_v3/gcc-11.4.0/openmpi-5.0.3-kzonshw6wgio6do6gj5vk5kkhoxt2kal/include -I/home/spack/spack/opt/spack/linux-ubuntu22.04-x86_64_v3/gcc-11.4.0/adept-utils-1.0.1-6pn6kaqw6zmqvvsrbd7xqpxjovwmvahz/include -I/home/spack/spack/opt/spack/linux-ubuntu22.04-x86_64_v3/gcc-11.4.0/callpath-1.0.4-6qtkbjpwlnf7wozzy52mzrad55rtduoo/include -g -O2 -MT op.lo -MD -MP -MF .deps/op.Tpo -c op.cpp  -fPIC -DPIC -o .libs/op.o
mv -f .deps/errhandler.Tpo .deps/errhandler.Plo
/bin/bash ../libtool --tag=CXX	 --mode=compile /home/spack/spack/lib/spack/env/gcc/g++ -DHAVE_CONFIG_H -I. -I../config -DHAVE_CONFIG_H -I. -I../config   -I../src -I../config -g -O2 -I//////////////////////////////////////////////////////////////////////////////////////////////////////////////////////////////////////////////////////////////////////////////////////////////////////////////////////////////////////////////////home/spack/spack/opt/spack/linux-ubuntu22.04-x86_64_v3/gcc-11.4.0/openmpi-5.0.3-kzonshw6wgio6do6gj5vk5kkhoxt2kal/include -I/home/spack/spack/opt/spack/linux-ubuntu22.04-x86_64_v3/gcc-11.4.0/adept-utils-1.0.1-6pn6kaqw6zmqvvsrbd7xqpxjovwmvahz/include -I/home/spack/spack/opt/spack/linux-ubuntu22.04-x86_64_v3/gcc-11.4.0/callpath-1.0.4-6qtkbjpwlnf7wozzy52mzrad55rtduoo/include    -g -O2 -MT request.lo -MD -MP -MF .deps/request.Tpo -c -o request.lo request.cpp
mv -f .deps/keyval.Tpo .deps/keyval.Plo
/bin/bash ../libtool --tag=CXX	 --mode=compile /home/spack/spack/lib/spack/env/gcc/g++ -DHAVE_CONFIG_H -I. -I../config -DHAVE_CONFIG_H -I. -I../config   -I../src -I../config -g -O2 -I//////////////////////////////////////////////////////////////////////////////////////////////////////////////////////////////////////////////////////////////////////////////////////////////////////////////////////////////////////////////////home/spack/spack/opt/spack/linux-ubuntu22.04-x86_64_v3/gcc-11.4.0/openmpi-5.0.3-kzonshw6wgio6do6gj5vk5kkhoxt2kal/include -I/home/spack/spack/opt/spack/linux-ubuntu22.04-x86_64_v3/gcc-11.4.0/adept-utils-1.0.1-6pn6kaqw6zmqvvsrbd7xqpxjovwmvahz/include -I/home/spack/spack/opt/spack/linux-ubuntu22.04-x86_64_v3/gcc-11.4.0/callpath-1.0.4-6qtkbjpwlnf7wozzy52mzrad55rtduoo/include    -g -O2 -MT win.lo -MD -MP -MF .deps/win.Tpo -c -o win.lo win.cpp
libtool: compile:  /home/spack/spack/lib/spack/env/gcc/g++ -DHAVE_CONFIG_H -I. -I../config -DHAVE_CONFIG_H -I. -I../config -I../src -I../config -g -O2 -I//////////////////////////////////////////////////////////////////////////////////////////////////////////////////////////////////////////////////////////////////////////////////////////////////////////////////////////////////////////////////home/spack/spack/opt/spack/linux-ubuntu22.04-x86_64_v3/gcc-11.4.0/openmpi-5.0.3-kzonshw6wgio6do6gj5vk5kkhoxt2kal/include -I/home/spack/spack/opt/spack/linux-ubuntu22.04-x86_64_v3/gcc-11.4.0/adept-utils-1.0.1-6pn6kaqw6zmqvvsrbd7xqpxjovwmvahz/include -I/home/spack/spack/opt/spack/linux-ubuntu22.04-x86_64_v3/gcc-11.4.0/callpath-1.0.4-6qtkbjpwlnf7wozzy52mzrad55rtduoo/include -g -O2 -MT win.lo -MD -MP -MF .deps/win.Tpo -c win.cpp  -fPIC -DPIC -o .libs/win.o
libtool: compile:  /home/spack/spack/lib/spack/env/gcc/g++ -DHAVE_CONFIG_H -I. -I../config -DHAVE_CONFIG_H -I. -I../config -I../src -I../config -g -O2 -I//////////////////////////////////////////////////////////////////////////////////////////////////////////////////////////////////////////////////////////////////////////////////////////////////////////////////////////////////////////////////home/spack/spack/opt/spack/linux-ubuntu22.04-x86_64_v3/gcc-11.4.0/openmpi-5.0.3-kzonshw6wgio6do6gj5vk5kkhoxt2kal/include -I/home/spack/spack/opt/spack/linux-ubuntu22.04-x86_64_v3/gcc-11.4.0/adept-utils-1.0.1-6pn6kaqw6zmqvvsrbd7xqpxjovwmvahz/include -I/home/spack/spack/opt/spack/linux-ubuntu22.04-x86_64_v3/gcc-11.4.0/callpath-1.0.4-6qtkbjpwlnf7wozzy52mzrad55rtduoo/include -g -O2 -MT request.lo -MD -MP -MF .deps/request.Tpo -c request.cpp  -fPIC -DPIC -o .libs/request.o
mv -f .deps/group.Tpo .deps/group.Plo
mv -f .deps/mpileaks.Tpo .deps/mpileaks.Plo
mv -f .deps/comm.Tpo .deps/comm.Plo
mv -f .deps/datatype.Tpo .deps/datatype.Plo
libtool: compile:  /home/spack/spack/lib/spack/env/gcc/g++ -DHAVE_CONFIG_H -I. -I../config -DHAVE_CONFIG_H -I. -I../config -I../src -I../config -g -O2 -I//////////////////////////////////////////////////////////////////////////////////////////////////////////////////////////////////////////////////////////////////////////////////////////////////////////////////////////////////////////////////home/spack/spack/opt/spack/linux-ubuntu22.04-x86_64_v3/gcc-11.4.0/openmpi-5.0.3-kzonshw6wgio6do6gj5vk5kkhoxt2kal/include -I/home/spack/spack/opt/spack/linux-ubuntu22.04-x86_64_v3/gcc-11.4.0/adept-utils-1.0.1-6pn6kaqw6zmqvvsrbd7xqpxjovwmvahz/include -I/home/spack/spack/opt/spack/linux-ubuntu22.04-x86_64_v3/gcc-11.4.0/callpath-1.0.4-6qtkbjpwlnf7wozzy52mzrad55rtduoo/include -g -O2 -MT mem.lo -MD -MP -MF .deps/mem.Tpo -c mem.cpp -o mem.o >/dev/null 2>&1
libtool: compile:  /home/spack/spack/lib/spack/env/gcc/g++ -DHAVE_CONFIG_H -I. -I../config -DHAVE_CONFIG_H -I. -I../config -I../src -I../config -g -O2 -I//////////////////////////////////////////////////////////////////////////////////////////////////////////////////////////////////////////////////////////////////////////////////////////////////////////////////////////////////////////////////home/spack/spack/opt/spack/linux-ubuntu22.04-x86_64_v3/gcc-11.4.0/openmpi-5.0.3-kzonshw6wgio6do6gj5vk5kkhoxt2kal/include -I/home/spack/spack/opt/spack/linux-ubuntu22.04-x86_64_v3/gcc-11.4.0/adept-utils-1.0.1-6pn6kaqw6zmqvvsrbd7xqpxjovwmvahz/include -I/home/spack/spack/opt/spack/linux-ubuntu22.04-x86_64_v3/gcc-11.4.0/callpath-1.0.4-6qtkbjpwlnf7wozzy52mzrad55rtduoo/include -g -O2 -MT op.lo -MD -MP -MF .deps/op.Tpo -c op.cpp -o op.o >/dev/null 2>&1
libtool: compile:  /home/spack/spack/lib/spack/env/gcc/g++ -DHAVE_CONFIG_H -I. -I../config -DHAVE_CONFIG_H -I. -I../config -I../src -I../config -g -O2 -I//////////////////////////////////////////////////////////////////////////////////////////////////////////////////////////////////////////////////////////////////////////////////////////////////////////////////////////////////////////////////home/spack/spack/opt/spack/linux-ubuntu22.04-x86_64_v3/gcc-11.4.0/openmpi-5.0.3-kzonshw6wgio6do6gj5vk5kkhoxt2kal/include -I/home/spack/spack/opt/spack/linux-ubuntu22.04-x86_64_v3/gcc-11.4.0/adept-utils-1.0.1-6pn6kaqw6zmqvvsrbd7xqpxjovwmvahz/include -I/home/spack/spack/opt/spack/linux-ubuntu22.04-x86_64_v3/gcc-11.4.0/callpath-1.0.4-6qtkbjpwlnf7wozzy52mzrad55rtduoo/include -g -O2 -MT win.lo -MD -MP -MF .deps/win.Tpo -c win.cpp -o win.o >/dev/null 2>&1
libtool: compile:  /home/spack/spack/lib/spack/env/gcc/g++ -DHAVE_CONFIG_H -I. -I../config -DHAVE_CONFIG_H -I. -I../config -I../src -I../config -g -O2 -I//////////////////////////////////////////////////////////////////////////////////////////////////////////////////////////////////////////////////////////////////////////////////////////////////////////////////////////////////////////////////home/spack/spack/opt/spack/linux-ubuntu22.04-x86_64_v3/gcc-11.4.0/openmpi-5.0.3-kzonshw6wgio6do6gj5vk5kkhoxt2kal/include -I/home/spack/spack/opt/spack/linux-ubuntu22.04-x86_64_v3/gcc-11.4.0/adept-utils-1.0.1-6pn6kaqw6zmqvvsrbd7xqpxjovwmvahz/include -I/home/spack/spack/opt/spack/linux-ubuntu22.04-x86_64_v3/gcc-11.4.0/callpath-1.0.4-6qtkbjpwlnf7wozzy52mzrad55rtduoo/include -g -O2 -MT request.lo -MD -MP -MF .deps/request.Tpo -c request.cpp -o request.o >/dev/null 2>&1
mv -f .deps/mem.Tpo .deps/mem.Plo
mv -f .deps/op.Tpo .deps/op.Plo
mv -f .deps/win.Tpo .deps/win.Plo
mv -f .deps/request.Tpo .deps/request.Plo
/bin/bash ../libtool --tag=CXX	 --mode=link /home/spack/spack/lib/spack/env/gcc/g++  -g -O2 -avoid-version  -o libmpileaks.la -rpath /home/spack/spack/opt/spack/linux-ubuntu22.04-x86_64_v3/gcc-11.4.0/tutorial-mpileaks-1.0-pun5iqbmjo6jjwmnswkp7sssgved7asq/lib mpileaks.lo comm.lo datatype.lo errhandler.lo fileio.lo group.lo info.lo keyval.lo mem.lo op.lo request.lo win.lo -L/home/spack/spack/opt/spack/linux-ubuntu22.04-x86_64_v3/gcc-11.4.0/adept-utils-1.0.1-6pn6kaqw6zmqvvsrbd7xqpxjovwmvahz/lib -ladept_cutils -ladept_timing -ladept_utils -L/home/spack/spack/opt/spack/linux-ubuntu22.04-x86_64_v3/gcc-11.4.0/callpath-1.0.4-6qtkbjpwlnf7wozzy52mzrad55rtduoo/lib -lcallpath
libtool: link: /home/spack/spack/lib/spack/env/gcc/g++ -shared -nostdlib /usr/lib/gcc/x86_64-linux-gnu/11/../../../x86_64-linux-gnu/crti.o /usr/lib/gcc/x86_64-linux-gnu/11/crtbeginS.o  .libs/mpileaks.o .libs/comm.o .libs/datatype.o .libs/errhandler.o .libs/fileio.o .libs/group.o .libs/info.o .libs/keyval.o .libs/mem.o .libs/op.o .libs/request.o .libs/win.o	 -L/home/spack/spack/opt/spack/linux-ubuntu22.04-x86_64_v3/gcc-11.4.0/adept-utils-1.0.1-6pn6kaqw6zmqvvsrbd7xqpxjovwmvahz/lib -ladept_cutils -ladept_timing -ladept_utils -L/home/spack/spack/opt/spack/linux-ubuntu22.04-x86_64_v3/gcc-11.4.0/callpath-1.0.4-6qtkbjpwlnf7wozzy52mzrad55rtduoo/lib -lcallpath -L/usr/lib/gcc/x86_64-linux-gnu/11 -L/usr/lib/gcc/x86_64-linux-gnu/11/../../../x86_64-linux-gnu -L/usr/lib/gcc/x86_64-linux-gnu/11/../../../../lib -L/lib/x86_64-linux-gnu -L/lib/../lib -L/usr/lib/x86_64-linux-gnu -L/usr/lib/../lib -L/usr/lib/gcc/x86_64-linux-gnu/11/../../.. -lstdc++ -lm -lc -lgcc_s /usr/lib/gcc/x86_64-linux-gnu/11/crtendS.o /usr/lib/gcc/x86_64-linux-gnu/11/../../../x86_64-linux-gnu/crtn.o	 -Wl,-soname -Wl,libmpileaks.so -o .libs/libmpileaks.so
libtool: link: ar cru .libs/libmpileaks.a  mpileaks.o comm.o datatype.o errhandler.o fileio.o group.o info.o keyval.o mem.o op.o request.o win.o
ar: `u' modifier ignored since `D' is the default (see `U')
libtool: link: ranlib .libs/libmpileaks.a
libtool: link: ( cd ".libs" && rm -f "libmpileaks.la" && ln -s "../libmpileaks.la" "libmpileaks.la" )
make[1]: Leaving directory '/tmp/spack/spack-stage/spack-stage-tutorial-mpileaks-1.0-pun5iqbmjo6jjwmnswkp7sssgved7asq/spack-src/src'
Making all in examples
make[1]: Entering directory '/tmp/spack/spack-stage/spack-stage-tutorial-mpileaks-1.0-pun5iqbmjo6jjwmnswkp7sssgved7asq/spack-src/examples'
make[1]: Nothing to be done for 'all'.
make[1]: Leaving directory '/tmp/spack/spack-stage/spack-stage-tutorial-mpileaks-1.0-pun5iqbmjo6jjwmnswkp7sssgved7asq/spack-src/examples'
make[1]: Entering directory '/tmp/spack/spack-stage/spack-stage-tutorial-mpileaks-1.0-pun5iqbmjo6jjwmnswkp7sssgved7asq/spack-src'
make[1]: Nothing to be done for 'all-am'.
make[1]: Leaving directory '/tmp/spack/spack-stage/spack-stage-tutorial-mpileaks-1.0-pun5iqbmjo6jjwmnswkp7sssgved7asq/spack-src'
==> tutorial-mpileaks: Executing phase: 'install'
==> [2024-05-10-07:57:16.139987] 'make' '-j8' 'install'
Making install in scripts
make[1]: Entering directory '/tmp/spack/spack-stage/spack-stage-tutorial-mpileaks-1.0-pun5iqbmjo6jjwmnswkp7sssgved7asq/spack-src/scripts'
make[2]: Entering directory '/tmp/spack/spack-stage/spack-stage-tutorial-mpileaks-1.0-pun5iqbmjo6jjwmnswkp7sssgved7asq/spack-src/scripts'
test -z "/home/spack/spack/opt/spack/linux-ubuntu22.04-x86_64_v3/gcc-11.4.0/tutorial-mpileaks-1.0-pun5iqbmjo6jjwmnswkp7sssgved7asq/bin" || /usr/bin/mkdir -p "/home/spack/spack/opt/spack/linux-ubuntu22.04-x86_64_v3/gcc-11.4.0/tutorial-mpileaks-1.0-pun5iqbmjo6jjwmnswkp7sssgved7asq/bin"
make[2]: Nothing to be done for 'install-data-am'.
 /usr/bin/install -c srun-mpileaks srun-mpileaksf '/home/spack/spack/opt/spack/linux-ubuntu22.04-x86_64_v3/gcc-11.4.0/tutorial-mpileaks-1.0-pun5iqbmjo6jjwmnswkp7sssgved7asq/bin'
make[2]: Leaving directory '/tmp/spack/spack-stage/spack-stage-tutorial-mpileaks-1.0-pun5iqbmjo6jjwmnswkp7sssgved7asq/spack-src/scripts'
make[1]: Leaving directory '/tmp/spack/spack-stage/spack-stage-tutorial-mpileaks-1.0-pun5iqbmjo6jjwmnswkp7sssgved7asq/spack-src/scripts'
Making install in src
make[1]: Entering directory '/tmp/spack/spack-stage/spack-stage-tutorial-mpileaks-1.0-pun5iqbmjo6jjwmnswkp7sssgved7asq/spack-src/src'
make[2]: Entering directory '/tmp/spack/spack-stage/spack-stage-tutorial-mpileaks-1.0-pun5iqbmjo6jjwmnswkp7sssgved7asq/spack-src/src'
test -z "/home/spack/spack/opt/spack/linux-ubuntu22.04-x86_64_v3/gcc-11.4.0/tutorial-mpileaks-1.0-pun5iqbmjo6jjwmnswkp7sssgved7asq/lib" || /usr/bin/mkdir -p "/home/spack/spack/opt/spack/linux-ubuntu22.04-x86_64_v3/gcc-11.4.0/tutorial-mpileaks-1.0-pun5iqbmjo6jjwmnswkp7sssgved7asq/lib"
make[2]: Nothing to be done for 'install-data-am'.
 /bin/bash ../libtool	--mode=install /usr/bin/install -c   libmpileaks.la '/home/spack/spack/opt/spack/linux-ubuntu22.04-x86_64_v3/gcc-11.4.0/tutorial-mpileaks-1.0-pun5iqbmjo6jjwmnswkp7sssgved7asq/lib'
libtool: install: /usr/bin/install -c .libs/libmpileaks.so /home/spack/spack/opt/spack/linux-ubuntu22.04-x86_64_v3/gcc-11.4.0/tutorial-mpileaks-1.0-pun5iqbmjo6jjwmnswkp7sssgved7asq/lib/libmpileaks.so
libtool: install: /usr/bin/install -c .libs/libmpileaks.lai /home/spack/spack/opt/spack/linux-ubuntu22.04-x86_64_v3/gcc-11.4.0/tutorial-mpileaks-1.0-pun5iqbmjo6jjwmnswkp7sssgved7asq/lib/libmpileaks.la
libtool: install: /usr/bin/install -c .libs/libmpileaks.a /home/spack/spack/opt/spack/linux-ubuntu22.04-x86_64_v3/gcc-11.4.0/tutorial-mpileaks-1.0-pun5iqbmjo6jjwmnswkp7sssgved7asq/lib/libmpileaks.a
libtool: install: chmod 644 /home/spack/spack/opt/spack/linux-ubuntu22.04-x86_64_v3/gcc-11.4.0/tutorial-mpileaks-1.0-pun5iqbmjo6jjwmnswkp7sssgved7asq/lib/libmpileaks.a
libtool: install: ranlib /home/spack/spack/opt/spack/linux-ubuntu22.04-x86_64_v3/gcc-11.4.0/tutorial-mpileaks-1.0-pun5iqbmjo6jjwmnswkp7sssgved7asq/lib/libmpileaks.a
libtool: finish: PATH="/home/spack/spack/opt/spack/linux-ubuntu22.04-x86_64_v3/gcc-11.4.0/gmake-4.4.1-qfrotccvbyovembcoto3jajc3vuvcejo/bin:/home/spack/spack/opt/spack/linux-ubuntu22.04-x86_64_v3/gcc-11.4.0/callpath-1.0.4-6qtkbjpwlnf7wozzy52mzrad55rtduoo/bin:/home/spack/spack/opt/spack/linux-ubuntu22.04-x86_64_v3/gcc-11.4.0/openmpi-5.0.3-kzonshw6wgio6do6gj5vk5kkhoxt2kal/bin:/home/spack/spack/opt/spack/linux-ubuntu22.04-x86_64_v3/gcc-11.4.0/openssh-9.7p1-iiuja4vvxdkrnzipyeyvzpxiqln2o2sd/bin:/home/spack/spack/opt/spack/linux-ubuntu22.04-x86_64_v3/gcc-11.4.0/zstd-1.5.6-ew3aaosbmf3ts2ylqgi4c6enfmf3m5dr/bin:/home/spack/spack/opt/spack/linux-ubuntu22.04-x86_64_v3/gcc-11.4.0/pigz-2.8-gk55zt73c5ekv3iogqn4lo4r66tuzv5z/bin:/home/spack/spack/opt/spack/linux-ubuntu22.04-x86_64_v3/gcc-11.4.0/bzip2-1.0.8-qmy6dpipkzgotxrxqwxlnfsj5vbzkbcc/bin:/home/spack/spack/opt/spack/linux-ubuntu22.04-x86_64_v3/gcc-11.4.0/xz-5.4.6-syttnntihi6n463mupmgl5e7kp5izxkz/bin:/home/spack/spack/lib/spack/env/gcc:/home/spack/spack/lib/spack/env/case-insensitive:/home/spack/spack/lib/spack/env:/home/spack/spack/bin:/opt/spack/view/bin:/root/spack/bin:/usr/local/sbin:/usr/local/bin:/usr/sbin:/usr/bin:/sbin:/bin:/sbin" ldconfig -n /home/spack/spack/opt/spack/linux-ubuntu22.04-x86_64_v3/gcc-11.4.0/tutorial-mpileaks-1.0-pun5iqbmjo6jjwmnswkp7sssgved7asq/lib
----------------------------------------------------------------------
Libraries have been installed in:
   /home/spack/spack/opt/spack/linux-ubuntu22.04-x86_64_v3/gcc-11.4.0/tutorial-mpileaks-1.0-pun5iqbmjo6jjwmnswkp7sssgved7asq/lib

If you ever happen to want to link against installed libraries
in a given directory, LIBDIR, you must either use libtool, and
specify the full pathname of the library, or use the `-LLIBDIR'
flag during linking and do at least one of the following:
   - add LIBDIR to the `LD_LIBRARY_PATH' environment variable
     during execution
   - add LIBDIR to the `LD_RUN_PATH' environment variable
     during linking
   - use the `-Wl,-rpath -Wl,LIBDIR' linker flag
   - have your system administrator add LIBDIR to `/etc/ld.so.conf'

See any operating system documentation about shared libraries for
more information, such as the ld(1) and ld.so(8) manual pages.
----------------------------------------------------------------------
make[2]: Leaving directory '/tmp/spack/spack-stage/spack-stage-tutorial-mpileaks-1.0-pun5iqbmjo6jjwmnswkp7sssgved7asq/spack-src/src'
make[1]: Leaving directory '/tmp/spack/spack-stage/spack-stage-tutorial-mpileaks-1.0-pun5iqbmjo6jjwmnswkp7sssgved7asq/spack-src/src'
Making install in examples
make[1]: Entering directory '/tmp/spack/spack-stage/spack-stage-tutorial-mpileaks-1.0-pun5iqbmjo6jjwmnswkp7sssgved7asq/spack-src/examples'
make[2]: Entering directory '/tmp/spack/spack-stage/spack-stage-tutorial-mpileaks-1.0-pun5iqbmjo6jjwmnswkp7sssgved7asq/spack-src/examples'
make[2]: Nothing to be done for 'install-exec-am'.
test -z "/home/spack/spack/opt/spack/linux-ubuntu22.04-x86_64_v3/gcc-11.4.0/tutorial-mpileaks-1.0-pun5iqbmjo6jjwmnswkp7sssgved7asq/share/mpileaks/examples" || /usr/bin/mkdir -p "/home/spack/spack/opt/spack/linux-ubuntu22.04-x86_64_v3/gcc-11.4.0/tutorial-mpileaks-1.0-pun5iqbmjo6jjwmnswkp7sssgved7asq/share/mpileaks/examples"
 /usr/bin/install -c -m 644 tests.c mpiPing_leaky.f '/home/spack/spack/opt/spack/linux-ubuntu22.04-x86_64_v3/gcc-11.4.0/tutorial-mpileaks-1.0-pun5iqbmjo6jjwmnswkp7sssgved7asq/share/mpileaks/examples'
make[2]: Leaving directory '/tmp/spack/spack-stage/spack-stage-tutorial-mpileaks-1.0-pun5iqbmjo6jjwmnswkp7sssgved7asq/spack-src/examples'
make[1]: Leaving directory '/tmp/spack/spack-stage/spack-stage-tutorial-mpileaks-1.0-pun5iqbmjo6jjwmnswkp7sssgved7asq/spack-src/examples'
make[1]: Entering directory '/tmp/spack/spack-stage/spack-stage-tutorial-mpileaks-1.0-pun5iqbmjo6jjwmnswkp7sssgved7asq/spack-src'
make[2]: Entering directory '/tmp/spack/spack-stage/spack-stage-tutorial-mpileaks-1.0-pun5iqbmjo6jjwmnswkp7sssgved7asq/spack-src'
make[2]: Nothing to be done for 'install-exec-am'.
test -z "/home/spack/spack/opt/spack/linux-ubuntu22.04-x86_64_v3/gcc-11.4.0/tutorial-mpileaks-1.0-pun5iqbmjo6jjwmnswkp7sssgved7asq/share/mpileaks" || /usr/bin/mkdir -p "/home/spack/spack/opt/spack/linux-ubuntu22.04-x86_64_v3/gcc-11.4.0/tutorial-mpileaks-1.0-pun5iqbmjo6jjwmnswkp7sssgved7asq/share/mpileaks"
 /usr/bin/install -c -m 644 README '/home/spack/spack/opt/spack/linux-ubuntu22.04-x86_64_v3/gcc-11.4.0/tutorial-mpileaks-1.0-pun5iqbmjo6jjwmnswkp7sssgved7asq/share/mpileaks'
make[2]: Leaving directory '/tmp/spack/spack-stage/spack-stage-tutorial-mpileaks-1.0-pun5iqbmjo6jjwmnswkp7sssgved7asq/spack-src'
make[1]: Leaving directory '/tmp/spack/spack-stage/spack-stage-tutorial-mpileaks-1.0-pun5iqbmjo6jjwmnswkp7sssgved7asq/spack-src'
==> [2024-05-10-07:57:16.367480] Find (recursive): /home/spack/spack/opt/spack/linux-ubuntu22.04-x86_64_v3/gcc-11.4.0/tutorial-mpileaks-1.0-pun5iqbmjo6jjwmnswkp7sssgved7asq ['*.la']
==> [2024-05-10-07:57:16.368544] Find complete: /home/spack/spack/opt/spack/linux-ubuntu22.04-x86_64_v3/gcc-11.4.0/tutorial-mpileaks-1.0-pun5iqbmjo6jjwmnswkp7sssgved7asq ['*.la']
==> tutorial-mpileaks: Successfully installed tutorial-mpileaks-1.0-pun5iqbmjo6jjwmnswkp7sssgved7asq
  Stage: 0.01s.  Autoreconf: 0.00s.  Configure: 6.40s.	Build: 6.01s.  Install: 0.23s.	Post-install: 0.10s.  Total: 13.09s
[+] /home/spack/spack/opt/spack/linux-ubuntu22.04-x86_64_v3/gcc-11.4.0/tutorial-mpileaks-1.0-pun5iqbmjo6jjwmnswkp7sssgved7asq
