$ spack install tutorial-mpileaks
[ ] 52pdqqj boost@1.72.0 fetching from build cache (0s)
[ ] rji2bti libdwarf@2.3.0 fetching from build cache (0s)
[ ] qqik7au elfutils@0.194 fetching from build cache (0s)
[ ] ftcprn4 libiberty@2.46.0 fetching from build cache (0s)
[ ] rji2bti libdwarf@2.3.0 relocating (0s)
[ ] tf2gxcs intel-tbb@2023.0.0 fetching from build cache (0s)
[ ] 52pdqqj boost@1.72.0 relocating (0s)
[ ] ftcprn4 libiberty@2.46.0 relocating (0s)
[ ] qqik7au elfutils@0.194 relocating (0s)
[ ] tf2gxcs intel-tbb@2023.0.0 relocating (0s)
[+] ftcprn4 libiberty@2.46.0 /home/spack/spack/opt/spack/linux-x86_64_v3/libiberty-2.46.0-ftcprn47kvuxpcbvjd5vif65cwsjvlbs (0s)
[+] rji2bti libdwarf@2.3.0 /home/spack/spack/opt/spack/linux-x86_64_v3/libdwarf-2.3.0-rji2bticj7x5325wtwkqpshluismdgnd (0s)
[+] tf2gxcs intel-tbb@2023.0.0 /home/spack/spack/opt/spack/linux-x86_64_v3/intel-tbb-2023.0.0-tf2gxcsr5vyiegaieu6kjw2mrhnm265k (0s)
[+] qqik7au elfutils@0.194 /home/spack/spack/opt/spack/linux-x86_64_v3/elfutils-0.194-qqik7au6w4bh7xtueccxmiemdstoof2i (0s)
[+] 52pdqqj boost@1.72.0 /home/spack/spack/opt/spack/linux-x86_64_v3/boost-1.72.0-52pdqqjhv3llivj6z7zj57d3ob3vfblp (1s)
[ ] naehq6l adept-utils@1.0.1 fetching from build cache (0s)
[ ] kurk3h3 dyninst@13.0.0 fetching from build cache (0s)
[ ] naehq6l adept-utils@1.0.1 relocating (0s)
[ ] kurk3h3 dyninst@13.0.0 relocating (0s)
[+] naehq6l adept-utils@1.0.1 /home/spack/spack/opt/spack/linux-x86_64_v3/adept-utils-1.0.1-naehq6ldodlwm7gjgdnccsxchnuphuep (0s)
[+] kurk3h3 dyninst@13.0.0 /home/spack/spack/opt/spack/linux-x86_64_v3/dyninst-13.0.0-kurk3h3kbsklm4kfem6iwuwr422fvspl (0s)
[ ] xksxwmq callpath@1.0.4 fetching from build cache (0s)
[ ] xksxwmq callpath@1.0.4 relocating (0s)
[+] xksxwmq callpath@1.0.4 /home/spack/spack/opt/spack/linux-x86_64_v3/callpath-1.0.4-xksxwmqijjrelztluyq5oilu4tqkyxf6 (0s)
[ ] olkbps3 tutorial-mpileaks@1.0 fetching from build cache (0s)
[ ] olkbps3 tutorial-mpileaks@1.0 no binary available (1s)
[ ] olkbps3 tutorial-mpileaks@1.0 staging (0s)
[ ] olkbps3 tutorial-mpileaks@1.0 autoreconf (1s)
[ ] olkbps3 tutorial-mpileaks@1.0 configure (4s)
[x] olkbps3 tutorial-mpileaks@1.0 failed: /tmp/spack/spack-stage/spack-stage-tutorial-mpileaks-1.0-olkbps3ghmpiiy4dserbxgj5hlsm5ije-3tcl7zd7.log (4s)
-- lines 1 to 7 --
> /home/spack/spack/lib/spack/spack/build_environment.py:490: SpackAPIWarning: when setting environment variable SPACK_DEBUG_LOG_DIR=None: value is of type `NoneType`, but `str` was expected. This is deprecated and will be an error in Spack v1.0
    env.set(SPACK_DEBUG_LOG_DIR, spack.paths.spack_working_dir)
  ==> No patches needed for tutorial-mpileaks
  ==> tutorial-mpileaks: Executing phase: 'autoreconf'
  ==> [2026-06-19-08:14:41.833830] /home/spack/spack/opt/spack/linux-x86_64_v3/autoconf-2.72-jo3eg4rjvufc6kzkann5rfyufgoc4lbj/bin/autoreconf --install --verbose --force
  autoreconf: export WARNINGS=
  autoreconf: Entering directory '.'
-- lines 18 to 46 --
  libtoolize: copying file 'm4/ltversion.m4'
  libtoolize: copying file 'm4/lt~obsolete.m4'
  autoreconf: configure.ac: not using Intltool
  autoreconf: configure.ac: not using Gtkdoc
  autoreconf: running: aclocal --force -I m4
  autoreconf: running: /home/spack/spack/opt/spack/linux-x86_64_v3/autoconf-2.72-jo3eg4rjvufc6kzkann5rfyufgoc4lbj/bin/autoconf --force
> configure.ac:9: warning: 'AM_CONFIG_HEADER': this macro is obsolete.
> configure.ac:9: You should use the 'AC_CONFIG_HEADERS' macro instead.
> aclocal.m4:708: AM_CONFIG_HEADER is expanded from...
> configure.ac:9: the top level
> configure.ac:38: warning: The macro 'AC_PROG_LIBTOOL' is obsolete.
> configure.ac:38: You should run autoupdate.
> m4/libtool.m4:100: AC_PROG_LIBTOOL is expanded from...
> configure.ac:38: the top level
> configure.ac:47: warning: The macro 'AC_HEADER_STDC' is obsolete.
> configure.ac:47: You should run autoupdate.
> /tmp/root/spack-stage/spack-stage-autoconf-2.72-jo3eg4rjvufc6kzkann5rfyufgoc4lbj/spack-src/lib/autoconf/headers.m4:663: AC_HEADER_STDC is expanded from...
> configure.ac:47: the top level
  autoreconf: running: /home/spack/spack/opt/spack/linux-x86_64_v3/autoconf-2.72-jo3eg4rjvufc6kzkann5rfyufgoc4lbj/bin/autoheader --force
  autoreconf: running: automake --add-missing --copy --force-missing
> configure.ac:26: installing 'config/compile'
> configure.ac:19: installing 'config/missing'
> src/Makefile.am:14: warning: 'INCLUDES' is the old name for 'AM_CPPFLAGS' (or '*_CPPFLAGS')
  src/Makefile.am: installing 'config/depcomp'
  autoreconf: Leaving directory '.'
  ==> tutorial-mpileaks: Executing phase: 'configure'
  ==> [2026-06-19-08:14:44.659730] Find (max depth = None): ['/tmp/spack/spack-stage/spack-stage-tutorial-mpileaks-1.0-olkbps3ghmpiiy4dserbxgj5hlsm5ije/spack-src'] ['configure']
  ==> [2026-06-19-08:14:44.660326] Find complete: ['/tmp/spack/spack-stage/spack-stage-tutorial-mpileaks-1.0-olkbps3ghmpiiy4dserbxgj5hlsm5ije/spack-src'] ['configure']
  ==> [2026-06-19-08:14:44.660557] FILTER FILE: /tmp/spack/spack-stage/spack-stage-tutorial-mpileaks-1.0-olkbps3ghmpiiy4dserbxgj5hlsm5ije/spack-src/configure [replacing "^(\s*if test x-L = )("\$p" \|\|\s*)$"]
-- lines 78 to 86 --
  checking whether the compiler supports GNU C++... yes
  checking whether /home/spack/spack/opt/spack/linux-x86_64_v3/compiler-wrapper-1.1.0-mmywg7x4myxvxepmqe5go3ppxirmuijp/libexec/spack/gcc/g++ accepts -g... yes
  checking for /home/spack/spack/opt/spack/linux-x86_64_v3/compiler-wrapper-1.1.0-mmywg7x4myxvxepmqe5go3ppxirmuijp/libexec/spack/gcc/g++ option to enable C++11 features... none needed
  checking dependency style of /home/spack/spack/opt/spack/linux-x86_64_v3/compiler-wrapper-1.1.0-mmywg7x4myxvxepmqe5go3ppxirmuijp/libexec/spack/gcc/g++... gcc3
  checking for /home/spack/spack/opt/spack/linux-x86_64_v3/openmpi-5.0.10-qfut5qqwp2fzaq3ymgk7nxvjv3qyrvml/bin/mpicc... /home/spack/spack/opt/spack/linux-x86_64_v3/openmpi-5.0.10-qfut5qqwp2fzaq3ymgk7nxvjv3qyrvml/bin/mpicc
  Checking whether /home/spack/spack/opt/spack/linux-x86_64_v3/openmpi-5.0.10-qfut5qqwp2fzaq3ymgk7nxvjv3qyrvml/bin/mpicc responds to '-showme:compile'... yes
> configure: error: unable to locate adept-utils installation
  Command exited with status 1:
      /tmp/spack/spack-stage/spack-stage-tutorial-mpileaks-1.0-olkbps3ghmpiiy4dserbxgj5hlsm5ije/spack-src/configure --prefix=/home/spack/spack/opt/spack/linux-x86_64_v3/tutorial-mpileaks-1.0-olkbps3ghmpiiy4dserbxgj5hlsm5ije
==> Error: The following packages failed to install:
tutorial-mpileaks@1.0/olkbps3ghmpiiy4dserbxgj5hlsm5ije: /tmp/spack/spack-stage/spack-stage-tutorial-mpileaks-1.0-olkbps3ghmpiiy4dserbxgj5hlsm5ije-3tcl7zd7.log
