$ spack install mympileaks
[+] /home/spack/spack/opt/spack/linux-ubuntu18.04-x86_64/gcc-7.5.0/boost-1.72.0-42j65qa3i57vjhpo2qsh7ptijireqdd3
[+] /home/spack/spack/opt/spack/linux-ubuntu18.04-x86_64/gcc-7.5.0/pkgconf-1.8.0-i5po27g2n6zrzxnhxdy2fnpaai7xsdaw
[+] /home/spack/spack/opt/spack/linux-ubuntu18.04-x86_64/gcc-7.5.0/berkeley-db-18.1.40-q6tqmmmitkatscuadcwn6ea32iscs55k
[+] /home/spack/spack/opt/spack/linux-ubuntu18.04-x86_64/gcc-7.5.0/libiconv-1.16-dr56jt456uiebij2mkueldmejdxftigc
[+] /home/spack/spack/opt/spack/linux-ubuntu18.04-x86_64/gcc-7.5.0/zlib-1.2.12-fntvsj6xevbz5gyq7kfa4xg7oxnaolxs
[+] /home/spack/spack/opt/spack/linux-ubuntu18.04-x86_64/gcc-7.5.0/libsigsegv-2.13-ubezeychw4iojr3tg6wbsnvp6s3s2qwd
[+] /home/spack/spack/opt/spack/linux-ubuntu18.04-x86_64/gcc-7.5.0/util-macros-1.19.3-vkk73ww5p7g4u6lpnay5hcclsckcihtt
[+] /home/spack/spack/opt/spack/linux-ubuntu18.04-x86_64/gcc-7.5.0/xz-5.2.5-olptpbsse74hpreilbfo4qmlqexihzye
[+] /home/spack/spack/opt/spack/linux-ubuntu18.04-x86_64/gcc-7.5.0/zstd-1.5.2-w4beu34gabq6d5az524xpja7i5lrgh7w
[+] /home/spack/spack/opt/spack/linux-ubuntu18.04-x86_64/gcc-7.5.0/libiberty-2.37-tsc2h7fsb3tpkjdqwwsvicdngi35rnvv
[+] /home/spack/spack/opt/spack/linux-ubuntu18.04-x86_64/gcc-7.5.0/ncurses-6.2-frwzsc4jrou7efe7huyzeownqfjvsrfd
[+] /home/spack/spack/opt/spack/linux-ubuntu18.04-x86_64/gcc-7.5.0/diffutils-3.8-k22pe4rhr7yllf5pojl75veh5gkjdglq
[+] /home/spack/spack/opt/spack/linux-ubuntu18.04-x86_64/gcc-7.5.0/pigz-2.7-i74tgiq3mfpjl2zih7gdmaaxrspwpuph
[+] /home/spack/spack/opt/spack/linux-ubuntu18.04-x86_64/gcc-7.5.0/m4-1.4.19-uadbn2a64h744jto2xqy6u2wmujcww6v
[+] /home/spack/spack/opt/spack/linux-ubuntu18.04-x86_64/gcc-7.5.0/libxml2-2.9.13-4run532u4c6iy5th5gkpgm26tr4vajc4
[+] /home/spack/spack/opt/spack/linux-ubuntu18.04-x86_64/gcc-7.5.0/readline-8.1-ls6erxwsj2ubsfzt4x5mblj6nrab5jkp
[+] /home/spack/spack/opt/spack/linux-ubuntu18.04-x86_64/gcc-7.5.0/libedit-3.1-20210216-zc56lv6gyjpfvi4tpdtmx5yb7ljfnlrb
[+] /home/spack/spack/opt/spack/linux-ubuntu18.04-x86_64/gcc-7.5.0/bzip2-1.0.8-cyn2yamiu26ofxwgxzxbioreuwigzl6f
[+] /home/spack/spack/opt/spack/linux-ubuntu18.04-x86_64/gcc-7.5.0/libtool-2.4.7-7fhdrxxizepvvkxrfaaizhzkwx2sjzbt
[+] /home/spack/spack/opt/spack/linux-ubuntu18.04-x86_64/gcc-7.5.0/gdbm-1.19-xub4jsy5pz5qjf6vooropf2shkigy5pm
[+] /home/spack/spack/opt/spack/linux-ubuntu18.04-x86_64/gcc-7.5.0/tar-1.34-3f62lojkrsldeu6yhdyvcucb37txnl53
[+] /home/spack/spack/opt/spack/linux-ubuntu18.04-x86_64/gcc-7.5.0/libpciaccess-0.16-csp5gvqmwcmqsd4al5iafotfk5fqh3uf
[+] /home/spack/spack/opt/spack/linux-ubuntu18.04-x86_64/gcc-7.5.0/perl-5.34.1-pn5mteswujdkuong6mbqaush54rdas7c
[+] /home/spack/spack/opt/spack/linux-ubuntu18.04-x86_64/gcc-7.5.0/gettext-0.21-wuasyuujhovdcl4ymsayv65phrx35bpf
[+] /home/spack/spack/opt/spack/linux-ubuntu18.04-x86_64/gcc-7.5.0/hwloc-2.7.1-oixja6dnsnc4mydqswdya2nyt4rlcxpa
[+] /home/spack/spack/opt/spack/linux-ubuntu18.04-x86_64/gcc-7.5.0/autoconf-2.69-hlj3ujmrsu5gs7uhfdotozzg6ipys45b
[+] /home/spack/spack/opt/spack/linux-ubuntu18.04-x86_64/gcc-7.5.0/openssl-1.1.1o-hqlqpsnqoifap6mlkbr5fyxoaq3gynbk
[+] /home/spack/spack/opt/spack/linux-ubuntu18.04-x86_64/gcc-7.5.0/elfutils-0.186-buw4tbjaz7sqxuqqkrknth7zh3chc6m3
[+] /home/spack/spack/opt/spack/linux-ubuntu18.04-x86_64/gcc-7.5.0/automake-1.16.5-6vk5ehdtjzgcvug6vuwh2mmkjhg2pn2z
[+] /home/spack/spack/opt/spack/linux-ubuntu18.04-x86_64/gcc-7.5.0/libevent-2.1.12-hlnkgmrdcycqf65n6vrvoraq4dhddagv
[+] /home/spack/spack/opt/spack/linux-ubuntu18.04-x86_64/gcc-7.5.0/openssh-9.0p1-3ez3d3jtc4f7bph5suuzqebujp3gppwv
[+] /home/spack/spack/opt/spack/linux-ubuntu18.04-x86_64/gcc-7.5.0/cmake-3.23.1-tulqz4nxor764kgeij23tfap4ddgpgvh
[+] /home/spack/spack/opt/spack/linux-ubuntu18.04-x86_64/gcc-7.5.0/libdwarf-20180129-iv6tvhhm37lx4tuphnf5uao6jftfxlbh
[+] /home/spack/spack/opt/spack/linux-ubuntu18.04-x86_64/gcc-7.5.0/numactl-2.0.14-wfnw532l74emh6rwx4mrvot3huyiq53t
[+] /home/spack/spack/opt/spack/linux-ubuntu18.04-x86_64/gcc-7.5.0/pmix-4.1.2-e4fax4744gqg222snd6da55c3xq3zu34
[+] /home/spack/spack/opt/spack/linux-ubuntu18.04-x86_64/gcc-7.5.0/intel-tbb-2020.3-frr4dnaxdq5b6z6rz3ugmxtn5xakwbnn
[+] /home/spack/spack/opt/spack/linux-ubuntu18.04-x86_64/gcc-7.5.0/openmpi-4.1.3-jfxctqwar7wb65rn7wf5mot7m4jxmsey
[+] /home/spack/spack/opt/spack/linux-ubuntu18.04-x86_64/gcc-7.5.0/dyninst-12.1.0-hqly3uxblhmaqwoashxotn2ennjtdbgp
[+] /home/spack/spack/opt/spack/linux-ubuntu18.04-x86_64/gcc-7.5.0/adept-utils-1.0.1-b6pt4uci3xmcpoafdtckj7rvpjbsh7zr
[+] /home/spack/spack/opt/spack/linux-ubuntu18.04-x86_64/gcc-7.5.0/callpath-1.0.4-4po2fce22jdi3f4352afz3gwnlb3wawl
==> Installing mympileaks-1.0-ahcx2n5vovj5k6yyjgzsda6sxchh6x2g
==> No binary for mympileaks-1.0-ahcx2n5vovj5k6yyjgzsda6sxchh6x2g found: installing from source
==> Using cached archive: /home/spack/spack/var/spack/cache/_source-cache/archive/2e/2e34cc4505556d1c1f085758e26f2f8eea0972db9382f051b2dcfb1d7d9e1825.tar.gz
==> No patches needed for mympileaks
==> mympileaks: Executing phase: 'autoreconf'
==> mympileaks: Executing phase: 'configure'
==> mympileaks: Executing phase: 'build'
==> mympileaks: Executing phase: 'install'
==> mympileaks: Successfully installed mympileaks-1.0-ahcx2n5vovj5k6yyjgzsda6sxchh6x2g
  Fetch: 0.00s.  Build: 9.55s.  Total: 9.56s.
[+] /home/spack/spack/opt/spack/linux-ubuntu18.04-x86_64/gcc-7.5.0/mympileaks-1.0-ahcx2n5vovj5k6yyjgzsda6sxchh6x2g
