$ spack install mympileaks
==> Bootstrapping clingo from pre-built binaries
==> Fetching https://mirror.spack.io/bootstrap/github-actions/v0.2/build_cache/linux-centos7-x86_64-gcc-10.2.1-clingo-bootstrap-spack-dzhvhynye4z7oalowdcy5zt25lej3m2n.spec.json
==> Fetching https://mirror.spack.io/bootstrap/github-actions/v0.2/build_cache/linux-centos7-x86_64/gcc-10.2.1/clingo-bootstrap-spack/linux-centos7-x86_64-gcc-10.2.1-clingo-bootstrap-spack-dzhvhynye4z7oalowdcy5zt25lej3m2n.spack
==> Installing "clingo-bootstrap@spack%gcc@10.2.1~docs~ipo+python+static_libstdcpp build_type=Release arch=linux-centos7-x86_64" from a buildcache
==> Bootstrapping patchelf from pre-built binaries
==> Bootstrapping patchelf@0.13.1:0.13.99 %gcc target=x86_64 from sources
==> Installing patchelf-0.13.1-krpxctdud7tcekzjoh2vb4orqwrfqs75
==> No binary for patchelf-0.13.1-krpxctdud7tcekzjoh2vb4orqwrfqs75 found: installing from source
==> Fetching https://mirror.spack.io/_source-cache/archive/08/08c0237e89be74d61ddf8f6ff218439cdd62af572d568fb38913b53e222831de.tar.gz
==> No patches needed for patchelf
==> patchelf: Executing phase: 'autoreconf'
==> patchelf: Executing phase: 'configure'
==> patchelf: Executing phase: 'build'
==> patchelf: Executing phase: 'install'
==> patchelf: Successfully installed patchelf-0.13.1-krpxctdud7tcekzjoh2vb4orqwrfqs75
  Fetch: 0.63s.  Build: 7.33s.  Total: 7.96s.
[+] /home/spack/.spack/bootstrap/store/linux-ubuntu18.04-x86_64/gcc-7.5.0/patchelf-0.13.1-krpxctdud7tcekzjoh2vb4orqwrfqs75
==> Installing mympileaks-1.0-67aoe3opbusiket3o764bxvhtc2ezdrn
==> No binary for mympileaks-1.0-67aoe3opbusiket3o764bxvhtc2ezdrn found: installing from source
==> Fetching https://mirror.spack.io/_source-cache/archive/2e/2e34cc4505556d1c1f085758e26f2f8eea0972db9382f051b2dcfb1d7d9e1825.tar.gz
==> No patches needed for mympileaks
==> mympileaks: Executing phase: 'autoreconf'
==> mympileaks: Executing phase: 'configure'
==> Error: ProcessError: Command exited with status 1:
    '/tmp/spack/spack-stage/spack-stage-mympileaks-1.0-67aoe3opbusiket3o764bxvhtc2ezdrn/spack-src/configure' '--prefix=/home/spack/spack/opt/spack/linux-ubuntu18.04-x86_64/gcc-7.5.0/mympileaks-1.0-67aoe3opbusiket3o764bxvhtc2ezdrn'

1 error found in build log:
     30    checking for mpipgcc... no
     31    Checking whether not-found responds to '-showme:compile'... no
     32    Checking whether not-found responds to '-showme'... no
     33    Checking whether not-found responds to '-compile-info'... no
     34    Checking whether not-found responds to '-show'... no
     35    /tmp/spack/spack-stage/spack-stage-mympileaks-1.0-67aoe3opbusiket3o7
           64bxvhtc2ezdrn/spack-src/configure: line 4931: Echo: command not found
  >> 36    configure: error: unable to locate adept-utils installation

See build log for details:
  /tmp/spack/spack-stage/spack-stage-mympileaks-1.0-67aoe3opbusiket3o764bxvhtc2ezdrn/spack-build-out.txt
