$ spack install mpileaks
[+] /home/spack/spack/opt/spack/linux-ubuntu18.04-x86_64/gcc-7.5.0/libiconv-1.16-jearpk4xci4zc7dkrza4fufaqfkq7rfl
[+] /home/spack/spack/opt/spack/linux-ubuntu18.04-x86_64/gcc-7.5.0/zlib-1.2.11-smoyzzo2qhzpn6mg6rd3l2p7b23enshg
[+] /home/spack/spack/opt/spack/linux-ubuntu18.04-x86_64/gcc-7.5.0/pkgconf-1.7.3-4sh6pymrm2ms4auu3ajbjjr6fiuhz5g7
[+] /home/spack/spack/opt/spack/linux-ubuntu18.04-x86_64/gcc-7.5.0/berkeley-db-18.1.40-4ihuiazsglf22f3pntq5hc4kyszqzexn
[+] /home/spack/spack/opt/spack/linux-ubuntu18.04-x86_64/gcc-7.5.0/libsigsegv-2.12-lbrx7lnfz46ukewxbhxnucmx76g23c6q
[+] /home/spack/spack/opt/spack/linux-ubuntu18.04-x86_64/gcc-7.5.0/util-macros-1.19.1-gs6ag7ktdoiirb62t7bcagjw62szrrg2
[+] /home/spack/spack/opt/spack/linux-ubuntu18.04-x86_64/gcc-7.5.0/xz-5.2.5-komekkmyciga3kl24edjmredhj3uyt7v
[+] /home/spack/spack/opt/spack/linux-ubuntu18.04-x86_64/gcc-7.5.0/libiberty-2.33.1-j6hbvqffhsbt5hs7qjvkqu764j622ij4
[+] /home/spack/spack/opt/spack/linux-ubuntu18.04-x86_64/gcc-7.5.0/tar-1.32-uwe6tb537wlvqfnz3q2f57s77tnlbdsd
[+] /home/spack/spack/opt/spack/linux-ubuntu18.04-x86_64/gcc-7.5.0/diffutils-3.7-otkktenrrvcaf37a7zyeytmjuwsalvtr
[+] /home/spack/spack/opt/spack/linux-ubuntu18.04-x86_64/gcc-7.5.0/ncurses-6.2-crhlefo3dv7lmsv5pf4icsy4gepkdorm
[+] /home/spack/spack/opt/spack/linux-ubuntu18.04-x86_64/gcc-7.5.0/m4-1.4.18-mkc3u4x2p2wie6jfhuku7g5rkovcrxps
[+] /home/spack/spack/opt/spack/linux-ubuntu18.04-x86_64/gcc-7.5.0/libxml2-2.9.10-yn2r3wfhiilelyulh5toteicdtxjhw7d
[+] /home/spack/spack/opt/spack/linux-ubuntu18.04-x86_64/gcc-7.5.0/bzip2-1.0.8-fvfpt26p5divvq6344vojyn64enojlui
[+] /home/spack/spack/opt/spack/linux-ubuntu18.04-x86_64/gcc-7.5.0/readline-8.0-t54jzdy2jj4snltjazlm3br2urcilc6v
[+] /home/spack/spack/opt/spack/linux-ubuntu18.04-x86_64/gcc-7.5.0/libtool-2.4.6-jdxbjftheiotj6solpomva7dowrhlerl
[+] /home/spack/spack/opt/spack/linux-ubuntu18.04-x86_64/gcc-7.5.0/boost-1.72.0-6ubh2sr3co462cmnnf3jxyj6aijpgon6
[+] /home/spack/spack/opt/spack/linux-ubuntu18.04-x86_64/gcc-7.5.0/gettext-0.21-lbb45tosrs7xp2g6uwwgw4vmn7vay3k7
[+] /home/spack/spack/opt/spack/linux-ubuntu18.04-x86_64/gcc-7.5.0/gdbm-1.18.1-4av4gywgpaspkhy3dvbb62nulqogtzbb
[+] /home/spack/spack/opt/spack/linux-ubuntu18.04-x86_64/gcc-7.5.0/libpciaccess-0.16-bob4o5m3uku6vtdil5imasprgy775zg7
[+] /home/spack/spack/opt/spack/linux-ubuntu18.04-x86_64/gcc-7.5.0/elfutils-0.182-23dila3pqmo355ljap76ydo3xmpxpwpk
[+] /home/spack/spack/opt/spack/linux-ubuntu18.04-x86_64/gcc-7.5.0/perl-5.32.0-zfdvt2jjuaees43ffrrtphqs2ky3o22t
[+] /home/spack/spack/opt/spack/linux-ubuntu18.04-x86_64/gcc-7.5.0/libdwarf-20180129-wo2pb2oazz75kmgnuykmapgxspjhga7l
[+] /home/spack/spack/opt/spack/linux-ubuntu18.04-x86_64/gcc-7.5.0/autoconf-2.69-mm33a3ocsv3jsh2tfxc4mlab4xsurtdd
[+] /home/spack/spack/opt/spack/linux-ubuntu18.04-x86_64/gcc-7.5.0/openssl-1.1.1h-es377uqsqougfc67jyg7yfjyyuukin52
[+] /home/spack/spack/opt/spack/linux-ubuntu18.04-x86_64/gcc-7.5.0/automake-1.16.2-d2krmb5gweivlnztcymhklzsqbrpatt6
[+] /home/spack/spack/opt/spack/linux-ubuntu18.04-x86_64/gcc-7.5.0/cmake-3.18.4-bltycqwh5oofai4f6o42q4uuj4w5zb3j
[+] /home/spack/spack/opt/spack/linux-ubuntu18.04-x86_64/gcc-7.5.0/numactl-2.0.14-wbqbc5vw5sxzwhvu56p6x5nd5n4abrvh
[+] /home/spack/spack/opt/spack/linux-ubuntu18.04-x86_64/gcc-7.5.0/intel-tbb-2020.3-5jz3dlyizy4kwgwzhct2ibukw2txxhd7
[+] /home/spack/spack/opt/spack/linux-ubuntu18.04-x86_64/gcc-7.5.0/hwloc-1.11.11-zqwfzhw5k2ollygh6nrjpsi7u4d4g6lu
[+] /home/spack/spack/opt/spack/linux-ubuntu18.04-x86_64/gcc-7.5.0/dyninst-10.2.1-fqv6osdixfv3mg2zc5jadeqgvjaehfi4
[+] /home/spack/spack/opt/spack/linux-ubuntu18.04-x86_64/gcc-7.5.0/openmpi-3.1.6-pmsyupw6w3gql4loaor25gfumlmvkl25
[+] /home/spack/spack/opt/spack/linux-ubuntu18.04-x86_64/gcc-7.5.0/adept-utils-1.0.1-haidyz4jgiy43bw3jnrtrvdgrsg3uxwh
[+] /home/spack/spack/opt/spack/linux-ubuntu18.04-x86_64/gcc-7.5.0/callpath-1.0.4-czacy2h7swslefbmdxbj6s6tad3mtoxq
==> Installing mpileaks-1.0-dx5qx6s2j7yhuilyvgd3laxakls2i2k7
==> No binary for mpileaks-1.0-dx5qx6s2j7yhuilyvgd3laxakls2i2k7 found: installing from source
==> Using cached archive: /home/spack/spack/var/spack/cache/_source-cache/archive/2e/2e34cc4505556d1c1f085758e26f2f8eea0972db9382f051b2dcfb1d7d9e1825.tar.gz
==> mpileaks: Executing phase: 'autoreconf'
==> mpileaks: Executing phase: 'configure'
==> mpileaks: Executing phase: 'build'
==> mpileaks: Executing phase: 'install'
[+] /home/spack/spack/opt/spack/linux-ubuntu18.04-x86_64/gcc-7.5.0/mpileaks-1.0-dx5qx6s2j7yhuilyvgd3laxakls2i2k7
