$ spack install mympileaks
==> Installing boost-1.72.0-42j65qa3i57vjhpo2qsh7ptijireqdd3
==> Fetching file:///mirror/build_cache/linux-ubuntu18.04-x86_64-gcc-7.5.0-boost-1.72.0-42j65qa3i57vjhpo2qsh7ptijireqdd3.spec.json.sig
==> Fetching file:///mirror/build_cache/linux-ubuntu18.04-x86_64/gcc-7.5.0/boost-1.72.0/linux-ubuntu18.04-x86_64-gcc-7.5.0-boost-1.72.0-42j65qa3i57vjhpo2qsh7ptijireqdd3.spack
==> Extracting boost-1.72.0-42j65qa3i57vjhpo2qsh7ptijireqdd3 from binary cache
[+] /home/spack/spack/opt/spack/linux-ubuntu18.04-x86_64/gcc-7.5.0/boost-1.72.0-42j65qa3i57vjhpo2qsh7ptijireqdd3
==> Installing pkgconf-1.8.0-i5po27g2n6zrzxnhxdy2fnpaai7xsdaw
==> Fetching file:///mirror/build_cache/linux-ubuntu18.04-x86_64-gcc-7.5.0-pkgconf-1.8.0-i5po27g2n6zrzxnhxdy2fnpaai7xsdaw.spec.json.sig
==> Fetching file:///mirror/build_cache/linux-ubuntu18.04-x86_64/gcc-7.5.0/pkgconf-1.8.0/linux-ubuntu18.04-x86_64-gcc-7.5.0-pkgconf-1.8.0-i5po27g2n6zrzxnhxdy2fnpaai7xsdaw.spack
==> Extracting pkgconf-1.8.0-i5po27g2n6zrzxnhxdy2fnpaai7xsdaw from binary cache
[+] /home/spack/spack/opt/spack/linux-ubuntu18.04-x86_64/gcc-7.5.0/pkgconf-1.8.0-i5po27g2n6zrzxnhxdy2fnpaai7xsdaw
==> Installing berkeley-db-18.1.40-q6tqmmmitkatscuadcwn6ea32iscs55k
==> Fetching file:///mirror/build_cache/linux-ubuntu18.04-x86_64-gcc-7.5.0-berkeley-db-18.1.40-q6tqmmmitkatscuadcwn6ea32iscs55k.spec.json.sig
==> Fetching file:///mirror/build_cache/linux-ubuntu18.04-x86_64/gcc-7.5.0/berkeley-db-18.1.40/linux-ubuntu18.04-x86_64-gcc-7.5.0-berkeley-db-18.1.40-q6tqmmmitkatscuadcwn6ea32iscs55k.spack
==> Extracting berkeley-db-18.1.40-q6tqmmmitkatscuadcwn6ea32iscs55k from binary cache
[+] /home/spack/spack/opt/spack/linux-ubuntu18.04-x86_64/gcc-7.5.0/berkeley-db-18.1.40-q6tqmmmitkatscuadcwn6ea32iscs55k
==> Installing libiconv-1.16-dr56jt456uiebij2mkueldmejdxftigc
==> Fetching file:///mirror/build_cache/linux-ubuntu18.04-x86_64-gcc-7.5.0-libiconv-1.16-dr56jt456uiebij2mkueldmejdxftigc.spec.json.sig
==> Fetching file:///mirror/build_cache/linux-ubuntu18.04-x86_64/gcc-7.5.0/libiconv-1.16/linux-ubuntu18.04-x86_64-gcc-7.5.0-libiconv-1.16-dr56jt456uiebij2mkueldmejdxftigc.spack
==> Extracting libiconv-1.16-dr56jt456uiebij2mkueldmejdxftigc from binary cache
[+] /home/spack/spack/opt/spack/linux-ubuntu18.04-x86_64/gcc-7.5.0/libiconv-1.16-dr56jt456uiebij2mkueldmejdxftigc
==> Installing zlib-1.2.12-fntvsj6xevbz5gyq7kfa4xg7oxnaolxs
==> Fetching file:///mirror/build_cache/linux-ubuntu18.04-x86_64-gcc-7.5.0-zlib-1.2.12-fntvsj6xevbz5gyq7kfa4xg7oxnaolxs.spec.json.sig
==> Fetching file:///mirror/build_cache/linux-ubuntu18.04-x86_64/gcc-7.5.0/zlib-1.2.12/linux-ubuntu18.04-x86_64-gcc-7.5.0-zlib-1.2.12-fntvsj6xevbz5gyq7kfa4xg7oxnaolxs.spack
==> Extracting zlib-1.2.12-fntvsj6xevbz5gyq7kfa4xg7oxnaolxs from binary cache
[+] /home/spack/spack/opt/spack/linux-ubuntu18.04-x86_64/gcc-7.5.0/zlib-1.2.12-fntvsj6xevbz5gyq7kfa4xg7oxnaolxs
==> Installing libsigsegv-2.13-ubezeychw4iojr3tg6wbsnvp6s3s2qwd
==> Fetching file:///mirror/build_cache/linux-ubuntu18.04-x86_64-gcc-7.5.0-libsigsegv-2.13-ubezeychw4iojr3tg6wbsnvp6s3s2qwd.spec.json.sig
==> Fetching file:///mirror/build_cache/linux-ubuntu18.04-x86_64/gcc-7.5.0/libsigsegv-2.13/linux-ubuntu18.04-x86_64-gcc-7.5.0-libsigsegv-2.13-ubezeychw4iojr3tg6wbsnvp6s3s2qwd.spack
==> Extracting libsigsegv-2.13-ubezeychw4iojr3tg6wbsnvp6s3s2qwd from binary cache
[+] /home/spack/spack/opt/spack/linux-ubuntu18.04-x86_64/gcc-7.5.0/libsigsegv-2.13-ubezeychw4iojr3tg6wbsnvp6s3s2qwd
==> Installing util-macros-1.19.3-vkk73ww5p7g4u6lpnay5hcclsckcihtt
==> Fetching file:///mirror/build_cache/linux-ubuntu18.04-x86_64-gcc-7.5.0-util-macros-1.19.3-vkk73ww5p7g4u6lpnay5hcclsckcihtt.spec.json.sig
==> Fetching file:///mirror/build_cache/linux-ubuntu18.04-x86_64/gcc-7.5.0/util-macros-1.19.3/linux-ubuntu18.04-x86_64-gcc-7.5.0-util-macros-1.19.3-vkk73ww5p7g4u6lpnay5hcclsckcihtt.spack
==> Extracting util-macros-1.19.3-vkk73ww5p7g4u6lpnay5hcclsckcihtt from binary cache
[+] /home/spack/spack/opt/spack/linux-ubuntu18.04-x86_64/gcc-7.5.0/util-macros-1.19.3-vkk73ww5p7g4u6lpnay5hcclsckcihtt
==> Installing xz-5.2.5-olptpbsse74hpreilbfo4qmlqexihzye
==> Fetching file:///mirror/build_cache/linux-ubuntu18.04-x86_64-gcc-7.5.0-xz-5.2.5-olptpbsse74hpreilbfo4qmlqexihzye.spec.json.sig
==> Fetching file:///mirror/build_cache/linux-ubuntu18.04-x86_64/gcc-7.5.0/xz-5.2.5/linux-ubuntu18.04-x86_64-gcc-7.5.0-xz-5.2.5-olptpbsse74hpreilbfo4qmlqexihzye.spack
==> Extracting xz-5.2.5-olptpbsse74hpreilbfo4qmlqexihzye from binary cache
[+] /home/spack/spack/opt/spack/linux-ubuntu18.04-x86_64/gcc-7.5.0/xz-5.2.5-olptpbsse74hpreilbfo4qmlqexihzye
==> Installing zstd-1.5.2-w4beu34gabq6d5az524xpja7i5lrgh7w
==> Fetching file:///mirror/build_cache/linux-ubuntu18.04-x86_64-gcc-7.5.0-zstd-1.5.2-w4beu34gabq6d5az524xpja7i5lrgh7w.spec.json.sig
==> Fetching file:///mirror/build_cache/linux-ubuntu18.04-x86_64/gcc-7.5.0/zstd-1.5.2/linux-ubuntu18.04-x86_64-gcc-7.5.0-zstd-1.5.2-w4beu34gabq6d5az524xpja7i5lrgh7w.spack
==> Extracting zstd-1.5.2-w4beu34gabq6d5az524xpja7i5lrgh7w from binary cache
[+] /home/spack/spack/opt/spack/linux-ubuntu18.04-x86_64/gcc-7.5.0/zstd-1.5.2-w4beu34gabq6d5az524xpja7i5lrgh7w
==> Installing libiberty-2.37-tsc2h7fsb3tpkjdqwwsvicdngi35rnvv
==> Fetching file:///mirror/build_cache/linux-ubuntu18.04-x86_64-gcc-7.5.0-libiberty-2.37-tsc2h7fsb3tpkjdqwwsvicdngi35rnvv.spec.json.sig
==> Fetching file:///mirror/build_cache/linux-ubuntu18.04-x86_64/gcc-7.5.0/libiberty-2.37/linux-ubuntu18.04-x86_64-gcc-7.5.0-libiberty-2.37-tsc2h7fsb3tpkjdqwwsvicdngi35rnvv.spack
==> Extracting libiberty-2.37-tsc2h7fsb3tpkjdqwwsvicdngi35rnvv from binary cache
[+] /home/spack/spack/opt/spack/linux-ubuntu18.04-x86_64/gcc-7.5.0/libiberty-2.37-tsc2h7fsb3tpkjdqwwsvicdngi35rnvv
==> Installing ncurses-6.2-frwzsc4jrou7efe7huyzeownqfjvsrfd
==> Fetching file:///mirror/build_cache/linux-ubuntu18.04-x86_64-gcc-7.5.0-ncurses-6.2-frwzsc4jrou7efe7huyzeownqfjvsrfd.spec.json.sig
==> Fetching file:///mirror/build_cache/linux-ubuntu18.04-x86_64/gcc-7.5.0/ncurses-6.2/linux-ubuntu18.04-x86_64-gcc-7.5.0-ncurses-6.2-frwzsc4jrou7efe7huyzeownqfjvsrfd.spack
==> Extracting ncurses-6.2-frwzsc4jrou7efe7huyzeownqfjvsrfd from binary cache
[+] /home/spack/spack/opt/spack/linux-ubuntu18.04-x86_64/gcc-7.5.0/ncurses-6.2-frwzsc4jrou7efe7huyzeownqfjvsrfd
==> Installing diffutils-3.8-k22pe4rhr7yllf5pojl75veh5gkjdglq
==> Fetching file:///mirror/build_cache/linux-ubuntu18.04-x86_64-gcc-7.5.0-diffutils-3.8-k22pe4rhr7yllf5pojl75veh5gkjdglq.spec.json.sig
==> Fetching file:///mirror/build_cache/linux-ubuntu18.04-x86_64/gcc-7.5.0/diffutils-3.8/linux-ubuntu18.04-x86_64-gcc-7.5.0-diffutils-3.8-k22pe4rhr7yllf5pojl75veh5gkjdglq.spack
==> Extracting diffutils-3.8-k22pe4rhr7yllf5pojl75veh5gkjdglq from binary cache
[+] /home/spack/spack/opt/spack/linux-ubuntu18.04-x86_64/gcc-7.5.0/diffutils-3.8-k22pe4rhr7yllf5pojl75veh5gkjdglq
==> Installing pigz-2.7-i74tgiq3mfpjl2zih7gdmaaxrspwpuph
==> Fetching file:///mirror/build_cache/linux-ubuntu18.04-x86_64-gcc-7.5.0-pigz-2.7-i74tgiq3mfpjl2zih7gdmaaxrspwpuph.spec.json.sig
==> Fetching file:///mirror/build_cache/linux-ubuntu18.04-x86_64/gcc-7.5.0/pigz-2.7/linux-ubuntu18.04-x86_64-gcc-7.5.0-pigz-2.7-i74tgiq3mfpjl2zih7gdmaaxrspwpuph.spack
==> Extracting pigz-2.7-i74tgiq3mfpjl2zih7gdmaaxrspwpuph from binary cache
[+] /home/spack/spack/opt/spack/linux-ubuntu18.04-x86_64/gcc-7.5.0/pigz-2.7-i74tgiq3mfpjl2zih7gdmaaxrspwpuph
==> Installing m4-1.4.19-uadbn2a64h744jto2xqy6u2wmujcww6v
==> Fetching file:///mirror/build_cache/linux-ubuntu18.04-x86_64-gcc-7.5.0-m4-1.4.19-uadbn2a64h744jto2xqy6u2wmujcww6v.spec.json.sig
==> Fetching file:///mirror/build_cache/linux-ubuntu18.04-x86_64/gcc-7.5.0/m4-1.4.19/linux-ubuntu18.04-x86_64-gcc-7.5.0-m4-1.4.19-uadbn2a64h744jto2xqy6u2wmujcww6v.spack
==> Extracting m4-1.4.19-uadbn2a64h744jto2xqy6u2wmujcww6v from binary cache
[+] /home/spack/spack/opt/spack/linux-ubuntu18.04-x86_64/gcc-7.5.0/m4-1.4.19-uadbn2a64h744jto2xqy6u2wmujcww6v
==> Installing libxml2-2.9.13-4run532u4c6iy5th5gkpgm26tr4vajc4
==> Fetching file:///mirror/build_cache/linux-ubuntu18.04-x86_64-gcc-7.5.0-libxml2-2.9.13-4run532u4c6iy5th5gkpgm26tr4vajc4.spec.json.sig
==> Fetching file:///mirror/build_cache/linux-ubuntu18.04-x86_64/gcc-7.5.0/libxml2-2.9.13/linux-ubuntu18.04-x86_64-gcc-7.5.0-libxml2-2.9.13-4run532u4c6iy5th5gkpgm26tr4vajc4.spack
==> Extracting libxml2-2.9.13-4run532u4c6iy5th5gkpgm26tr4vajc4 from binary cache
[+] /home/spack/spack/opt/spack/linux-ubuntu18.04-x86_64/gcc-7.5.0/libxml2-2.9.13-4run532u4c6iy5th5gkpgm26tr4vajc4
==> Installing libedit-3.1-20210216-zc56lv6gyjpfvi4tpdtmx5yb7ljfnlrb
==> Fetching file:///mirror/build_cache/linux-ubuntu18.04-x86_64-gcc-7.5.0-libedit-3.1-20210216-zc56lv6gyjpfvi4tpdtmx5yb7ljfnlrb.spec.json.sig
==> Fetching file:///mirror/build_cache/linux-ubuntu18.04-x86_64/gcc-7.5.0/libedit-3.1-20210216/linux-ubuntu18.04-x86_64-gcc-7.5.0-libedit-3.1-20210216-zc56lv6gyjpfvi4tpdtmx5yb7ljfnlrb.spack
==> Extracting libedit-3.1-20210216-zc56lv6gyjpfvi4tpdtmx5yb7ljfnlrb from binary cache
[+] /home/spack/spack/opt/spack/linux-ubuntu18.04-x86_64/gcc-7.5.0/libedit-3.1-20210216-zc56lv6gyjpfvi4tpdtmx5yb7ljfnlrb
==> Installing readline-8.1-ls6erxwsj2ubsfzt4x5mblj6nrab5jkp
==> Fetching file:///mirror/build_cache/linux-ubuntu18.04-x86_64-gcc-7.5.0-readline-8.1-ls6erxwsj2ubsfzt4x5mblj6nrab5jkp.spec.json.sig
==> Fetching file:///mirror/build_cache/linux-ubuntu18.04-x86_64/gcc-7.5.0/readline-8.1/linux-ubuntu18.04-x86_64-gcc-7.5.0-readline-8.1-ls6erxwsj2ubsfzt4x5mblj6nrab5jkp.spack
==> Extracting readline-8.1-ls6erxwsj2ubsfzt4x5mblj6nrab5jkp from binary cache
[+] /home/spack/spack/opt/spack/linux-ubuntu18.04-x86_64/gcc-7.5.0/readline-8.1-ls6erxwsj2ubsfzt4x5mblj6nrab5jkp
==> Installing bzip2-1.0.8-cyn2yamiu26ofxwgxzxbioreuwigzl6f
==> Fetching file:///mirror/build_cache/linux-ubuntu18.04-x86_64-gcc-7.5.0-bzip2-1.0.8-cyn2yamiu26ofxwgxzxbioreuwigzl6f.spec.json.sig
==> Fetching file:///mirror/build_cache/linux-ubuntu18.04-x86_64/gcc-7.5.0/bzip2-1.0.8/linux-ubuntu18.04-x86_64-gcc-7.5.0-bzip2-1.0.8-cyn2yamiu26ofxwgxzxbioreuwigzl6f.spack
==> Extracting bzip2-1.0.8-cyn2yamiu26ofxwgxzxbioreuwigzl6f from binary cache
[+] /home/spack/spack/opt/spack/linux-ubuntu18.04-x86_64/gcc-7.5.0/bzip2-1.0.8-cyn2yamiu26ofxwgxzxbioreuwigzl6f
==> Installing libtool-2.4.7-7fhdrxxizepvvkxrfaaizhzkwx2sjzbt
==> Fetching file:///mirror/build_cache/linux-ubuntu18.04-x86_64-gcc-7.5.0-libtool-2.4.7-7fhdrxxizepvvkxrfaaizhzkwx2sjzbt.spec.json.sig
==> Fetching file:///mirror/build_cache/linux-ubuntu18.04-x86_64/gcc-7.5.0/libtool-2.4.7/linux-ubuntu18.04-x86_64-gcc-7.5.0-libtool-2.4.7-7fhdrxxizepvvkxrfaaizhzkwx2sjzbt.spack
==> Extracting libtool-2.4.7-7fhdrxxizepvvkxrfaaizhzkwx2sjzbt from binary cache
[+] /home/spack/spack/opt/spack/linux-ubuntu18.04-x86_64/gcc-7.5.0/libtool-2.4.7-7fhdrxxizepvvkxrfaaizhzkwx2sjzbt
==> Installing gdbm-1.19-xub4jsy5pz5qjf6vooropf2shkigy5pm
==> Fetching file:///mirror/build_cache/linux-ubuntu18.04-x86_64-gcc-7.5.0-gdbm-1.19-xub4jsy5pz5qjf6vooropf2shkigy5pm.spec.json.sig
==> Fetching file:///mirror/build_cache/linux-ubuntu18.04-x86_64/gcc-7.5.0/gdbm-1.19/linux-ubuntu18.04-x86_64-gcc-7.5.0-gdbm-1.19-xub4jsy5pz5qjf6vooropf2shkigy5pm.spack
==> Extracting gdbm-1.19-xub4jsy5pz5qjf6vooropf2shkigy5pm from binary cache
[+] /home/spack/spack/opt/spack/linux-ubuntu18.04-x86_64/gcc-7.5.0/gdbm-1.19-xub4jsy5pz5qjf6vooropf2shkigy5pm
==> Installing tar-1.34-3f62lojkrsldeu6yhdyvcucb37txnl53
==> Fetching file:///mirror/build_cache/linux-ubuntu18.04-x86_64-gcc-7.5.0-tar-1.34-3f62lojkrsldeu6yhdyvcucb37txnl53.spec.json.sig
==> Fetching file:///mirror/build_cache/linux-ubuntu18.04-x86_64/gcc-7.5.0/tar-1.34/linux-ubuntu18.04-x86_64-gcc-7.5.0-tar-1.34-3f62lojkrsldeu6yhdyvcucb37txnl53.spack
==> Extracting tar-1.34-3f62lojkrsldeu6yhdyvcucb37txnl53 from binary cache
[+] /home/spack/spack/opt/spack/linux-ubuntu18.04-x86_64/gcc-7.5.0/tar-1.34-3f62lojkrsldeu6yhdyvcucb37txnl53
==> Installing libpciaccess-0.16-csp5gvqmwcmqsd4al5iafotfk5fqh3uf
==> Fetching file:///mirror/build_cache/linux-ubuntu18.04-x86_64-gcc-7.5.0-libpciaccess-0.16-csp5gvqmwcmqsd4al5iafotfk5fqh3uf.spec.json.sig
==> Fetching file:///mirror/build_cache/linux-ubuntu18.04-x86_64/gcc-7.5.0/libpciaccess-0.16/linux-ubuntu18.04-x86_64-gcc-7.5.0-libpciaccess-0.16-csp5gvqmwcmqsd4al5iafotfk5fqh3uf.spack
==> Extracting libpciaccess-0.16-csp5gvqmwcmqsd4al5iafotfk5fqh3uf from binary cache
[+] /home/spack/spack/opt/spack/linux-ubuntu18.04-x86_64/gcc-7.5.0/libpciaccess-0.16-csp5gvqmwcmqsd4al5iafotfk5fqh3uf
==> Installing perl-5.34.1-pn5mteswujdkuong6mbqaush54rdas7c
==> Fetching file:///mirror/build_cache/linux-ubuntu18.04-x86_64-gcc-7.5.0-perl-5.34.1-pn5mteswujdkuong6mbqaush54rdas7c.spec.json.sig
==> Fetching file:///mirror/build_cache/linux-ubuntu18.04-x86_64/gcc-7.5.0/perl-5.34.1/linux-ubuntu18.04-x86_64-gcc-7.5.0-perl-5.34.1-pn5mteswujdkuong6mbqaush54rdas7c.spack
==> Extracting perl-5.34.1-pn5mteswujdkuong6mbqaush54rdas7c from binary cache
[+] /home/spack/spack/opt/spack/linux-ubuntu18.04-x86_64/gcc-7.5.0/perl-5.34.1-pn5mteswujdkuong6mbqaush54rdas7c
==> Installing gettext-0.21-wuasyuujhovdcl4ymsayv65phrx35bpf
==> Fetching file:///mirror/build_cache/linux-ubuntu18.04-x86_64-gcc-7.5.0-gettext-0.21-wuasyuujhovdcl4ymsayv65phrx35bpf.spec.json.sig
==> Fetching file:///mirror/build_cache/linux-ubuntu18.04-x86_64/gcc-7.5.0/gettext-0.21/linux-ubuntu18.04-x86_64-gcc-7.5.0-gettext-0.21-wuasyuujhovdcl4ymsayv65phrx35bpf.spack
==> Extracting gettext-0.21-wuasyuujhovdcl4ymsayv65phrx35bpf from binary cache
[+] /home/spack/spack/opt/spack/linux-ubuntu18.04-x86_64/gcc-7.5.0/gettext-0.21-wuasyuujhovdcl4ymsayv65phrx35bpf
==> Installing hwloc-2.7.1-oixja6dnsnc4mydqswdya2nyt4rlcxpa
==> Fetching file:///mirror/build_cache/linux-ubuntu18.04-x86_64-gcc-7.5.0-hwloc-2.7.1-oixja6dnsnc4mydqswdya2nyt4rlcxpa.spec.json.sig
==> Fetching file:///mirror/build_cache/linux-ubuntu18.04-x86_64/gcc-7.5.0/hwloc-2.7.1/linux-ubuntu18.04-x86_64-gcc-7.5.0-hwloc-2.7.1-oixja6dnsnc4mydqswdya2nyt4rlcxpa.spack
==> Extracting hwloc-2.7.1-oixja6dnsnc4mydqswdya2nyt4rlcxpa from binary cache
[+] /home/spack/spack/opt/spack/linux-ubuntu18.04-x86_64/gcc-7.5.0/hwloc-2.7.1-oixja6dnsnc4mydqswdya2nyt4rlcxpa
==> Installing autoconf-2.69-hlj3ujmrsu5gs7uhfdotozzg6ipys45b
==> Fetching file:///mirror/build_cache/linux-ubuntu18.04-x86_64-gcc-7.5.0-autoconf-2.69-hlj3ujmrsu5gs7uhfdotozzg6ipys45b.spec.json.sig
==> Fetching file:///mirror/build_cache/linux-ubuntu18.04-x86_64/gcc-7.5.0/autoconf-2.69/linux-ubuntu18.04-x86_64-gcc-7.5.0-autoconf-2.69-hlj3ujmrsu5gs7uhfdotozzg6ipys45b.spack
==> Extracting autoconf-2.69-hlj3ujmrsu5gs7uhfdotozzg6ipys45b from binary cache
[+] /home/spack/spack/opt/spack/linux-ubuntu18.04-x86_64/gcc-7.5.0/autoconf-2.69-hlj3ujmrsu5gs7uhfdotozzg6ipys45b
==> Installing openssl-1.1.1o-hqlqpsnqoifap6mlkbr5fyxoaq3gynbk
==> Fetching file:///mirror/build_cache/linux-ubuntu18.04-x86_64-gcc-7.5.0-openssl-1.1.1o-hqlqpsnqoifap6mlkbr5fyxoaq3gynbk.spec.json.sig
==> Fetching file:///mirror/build_cache/linux-ubuntu18.04-x86_64/gcc-7.5.0/openssl-1.1.1o/linux-ubuntu18.04-x86_64-gcc-7.5.0-openssl-1.1.1o-hqlqpsnqoifap6mlkbr5fyxoaq3gynbk.spack
==> Extracting openssl-1.1.1o-hqlqpsnqoifap6mlkbr5fyxoaq3gynbk from binary cache
[+] /home/spack/spack/opt/spack/linux-ubuntu18.04-x86_64/gcc-7.5.0/openssl-1.1.1o-hqlqpsnqoifap6mlkbr5fyxoaq3gynbk
==> Installing elfutils-0.186-buw4tbjaz7sqxuqqkrknth7zh3chc6m3
==> Fetching file:///mirror/build_cache/linux-ubuntu18.04-x86_64-gcc-7.5.0-elfutils-0.186-buw4tbjaz7sqxuqqkrknth7zh3chc6m3.spec.json.sig
==> Fetching file:///mirror/build_cache/linux-ubuntu18.04-x86_64/gcc-7.5.0/elfutils-0.186/linux-ubuntu18.04-x86_64-gcc-7.5.0-elfutils-0.186-buw4tbjaz7sqxuqqkrknth7zh3chc6m3.spack
==> Extracting elfutils-0.186-buw4tbjaz7sqxuqqkrknth7zh3chc6m3 from binary cache
[+] /home/spack/spack/opt/spack/linux-ubuntu18.04-x86_64/gcc-7.5.0/elfutils-0.186-buw4tbjaz7sqxuqqkrknth7zh3chc6m3
==> Installing automake-1.16.5-6vk5ehdtjzgcvug6vuwh2mmkjhg2pn2z
==> Fetching file:///mirror/build_cache/linux-ubuntu18.04-x86_64-gcc-7.5.0-automake-1.16.5-6vk5ehdtjzgcvug6vuwh2mmkjhg2pn2z.spec.json.sig
==> Fetching file:///mirror/build_cache/linux-ubuntu18.04-x86_64/gcc-7.5.0/automake-1.16.5/linux-ubuntu18.04-x86_64-gcc-7.5.0-automake-1.16.5-6vk5ehdtjzgcvug6vuwh2mmkjhg2pn2z.spack
==> Extracting automake-1.16.5-6vk5ehdtjzgcvug6vuwh2mmkjhg2pn2z from binary cache
[+] /home/spack/spack/opt/spack/linux-ubuntu18.04-x86_64/gcc-7.5.0/automake-1.16.5-6vk5ehdtjzgcvug6vuwh2mmkjhg2pn2z
==> Installing cmake-3.23.1-tulqz4nxor764kgeij23tfap4ddgpgvh
==> Fetching file:///mirror/build_cache/linux-ubuntu18.04-x86_64-gcc-7.5.0-cmake-3.23.1-tulqz4nxor764kgeij23tfap4ddgpgvh.spec.json.sig
==> Fetching file:///mirror/build_cache/linux-ubuntu18.04-x86_64/gcc-7.5.0/cmake-3.23.1/linux-ubuntu18.04-x86_64-gcc-7.5.0-cmake-3.23.1-tulqz4nxor764kgeij23tfap4ddgpgvh.spack
==> Extracting cmake-3.23.1-tulqz4nxor764kgeij23tfap4ddgpgvh from binary cache
[+] /home/spack/spack/opt/spack/linux-ubuntu18.04-x86_64/gcc-7.5.0/cmake-3.23.1-tulqz4nxor764kgeij23tfap4ddgpgvh
==> Installing libevent-2.1.12-hlnkgmrdcycqf65n6vrvoraq4dhddagv
==> Fetching file:///mirror/build_cache/linux-ubuntu18.04-x86_64-gcc-7.5.0-libevent-2.1.12-hlnkgmrdcycqf65n6vrvoraq4dhddagv.spec.json.sig
==> Fetching file:///mirror/build_cache/linux-ubuntu18.04-x86_64/gcc-7.5.0/libevent-2.1.12/linux-ubuntu18.04-x86_64-gcc-7.5.0-libevent-2.1.12-hlnkgmrdcycqf65n6vrvoraq4dhddagv.spack
==> Extracting libevent-2.1.12-hlnkgmrdcycqf65n6vrvoraq4dhddagv from binary cache
[+] /home/spack/spack/opt/spack/linux-ubuntu18.04-x86_64/gcc-7.5.0/libevent-2.1.12-hlnkgmrdcycqf65n6vrvoraq4dhddagv
==> Installing openssh-9.0p1-3ez3d3jtc4f7bph5suuzqebujp3gppwv
==> Fetching file:///mirror/build_cache/linux-ubuntu18.04-x86_64-gcc-7.5.0-openssh-9.0p1-3ez3d3jtc4f7bph5suuzqebujp3gppwv.spec.json.sig
==> Fetching file:///mirror/build_cache/linux-ubuntu18.04-x86_64/gcc-7.5.0/openssh-9.0p1/linux-ubuntu18.04-x86_64-gcc-7.5.0-openssh-9.0p1-3ez3d3jtc4f7bph5suuzqebujp3gppwv.spack
==> Extracting openssh-9.0p1-3ez3d3jtc4f7bph5suuzqebujp3gppwv from binary cache
[+] /home/spack/spack/opt/spack/linux-ubuntu18.04-x86_64/gcc-7.5.0/openssh-9.0p1-3ez3d3jtc4f7bph5suuzqebujp3gppwv
==> Installing libdwarf-20180129-iv6tvhhm37lx4tuphnf5uao6jftfxlbh
==> Fetching file:///mirror/build_cache/linux-ubuntu18.04-x86_64-gcc-7.5.0-libdwarf-20180129-iv6tvhhm37lx4tuphnf5uao6jftfxlbh.spec.json.sig
==> Fetching file:///mirror/build_cache/linux-ubuntu18.04-x86_64/gcc-7.5.0/libdwarf-20180129/linux-ubuntu18.04-x86_64-gcc-7.5.0-libdwarf-20180129-iv6tvhhm37lx4tuphnf5uao6jftfxlbh.spack
==> Extracting libdwarf-20180129-iv6tvhhm37lx4tuphnf5uao6jftfxlbh from binary cache
[+] /home/spack/spack/opt/spack/linux-ubuntu18.04-x86_64/gcc-7.5.0/libdwarf-20180129-iv6tvhhm37lx4tuphnf5uao6jftfxlbh
==> Installing numactl-2.0.14-wfnw532l74emh6rwx4mrvot3huyiq53t
==> Fetching file:///mirror/build_cache/linux-ubuntu18.04-x86_64-gcc-7.5.0-numactl-2.0.14-wfnw532l74emh6rwx4mrvot3huyiq53t.spec.json.sig
==> Fetching file:///mirror/build_cache/linux-ubuntu18.04-x86_64/gcc-7.5.0/numactl-2.0.14/linux-ubuntu18.04-x86_64-gcc-7.5.0-numactl-2.0.14-wfnw532l74emh6rwx4mrvot3huyiq53t.spack
==> Extracting numactl-2.0.14-wfnw532l74emh6rwx4mrvot3huyiq53t from binary cache
[+] /home/spack/spack/opt/spack/linux-ubuntu18.04-x86_64/gcc-7.5.0/numactl-2.0.14-wfnw532l74emh6rwx4mrvot3huyiq53t
==> Installing intel-tbb-2020.3-frr4dnaxdq5b6z6rz3ugmxtn5xakwbnn
==> Fetching file:///mirror/build_cache/linux-ubuntu18.04-x86_64-gcc-7.5.0-intel-tbb-2020.3-frr4dnaxdq5b6z6rz3ugmxtn5xakwbnn.spec.json.sig
==> Fetching file:///mirror/build_cache/linux-ubuntu18.04-x86_64/gcc-7.5.0/intel-tbb-2020.3/linux-ubuntu18.04-x86_64-gcc-7.5.0-intel-tbb-2020.3-frr4dnaxdq5b6z6rz3ugmxtn5xakwbnn.spack
==> Extracting intel-tbb-2020.3-frr4dnaxdq5b6z6rz3ugmxtn5xakwbnn from binary cache
[+] /home/spack/spack/opt/spack/linux-ubuntu18.04-x86_64/gcc-7.5.0/intel-tbb-2020.3-frr4dnaxdq5b6z6rz3ugmxtn5xakwbnn
==> Installing pmix-4.1.2-e4fax4744gqg222snd6da55c3xq3zu34
==> Fetching file:///mirror/build_cache/linux-ubuntu18.04-x86_64-gcc-7.5.0-pmix-4.1.2-e4fax4744gqg222snd6da55c3xq3zu34.spec.json.sig
==> Fetching file:///mirror/build_cache/linux-ubuntu18.04-x86_64/gcc-7.5.0/pmix-4.1.2/linux-ubuntu18.04-x86_64-gcc-7.5.0-pmix-4.1.2-e4fax4744gqg222snd6da55c3xq3zu34.spack
==> Extracting pmix-4.1.2-e4fax4744gqg222snd6da55c3xq3zu34 from binary cache
[+] /home/spack/spack/opt/spack/linux-ubuntu18.04-x86_64/gcc-7.5.0/pmix-4.1.2-e4fax4744gqg222snd6da55c3xq3zu34
==> Installing dyninst-12.1.0-hqly3uxblhmaqwoashxotn2ennjtdbgp
==> Fetching file:///mirror/build_cache/linux-ubuntu18.04-x86_64-gcc-7.5.0-dyninst-12.1.0-hqly3uxblhmaqwoashxotn2ennjtdbgp.spec.json.sig
==> Fetching file:///mirror/build_cache/linux-ubuntu18.04-x86_64/gcc-7.5.0/dyninst-12.1.0/linux-ubuntu18.04-x86_64-gcc-7.5.0-dyninst-12.1.0-hqly3uxblhmaqwoashxotn2ennjtdbgp.spack
==> Extracting dyninst-12.1.0-hqly3uxblhmaqwoashxotn2ennjtdbgp from binary cache
[+] /home/spack/spack/opt/spack/linux-ubuntu18.04-x86_64/gcc-7.5.0/dyninst-12.1.0-hqly3uxblhmaqwoashxotn2ennjtdbgp
==> Installing openmpi-4.1.3-jfxctqwar7wb65rn7wf5mot7m4jxmsey
==> Fetching file:///mirror/build_cache/linux-ubuntu18.04-x86_64-gcc-7.5.0-openmpi-4.1.3-jfxctqwar7wb65rn7wf5mot7m4jxmsey.spec.json.sig
==> Fetching file:///mirror/build_cache/linux-ubuntu18.04-x86_64/gcc-7.5.0/openmpi-4.1.3/linux-ubuntu18.04-x86_64-gcc-7.5.0-openmpi-4.1.3-jfxctqwar7wb65rn7wf5mot7m4jxmsey.spack
==> Extracting openmpi-4.1.3-jfxctqwar7wb65rn7wf5mot7m4jxmsey from binary cache
[+] /home/spack/spack/opt/spack/linux-ubuntu18.04-x86_64/gcc-7.5.0/openmpi-4.1.3-jfxctqwar7wb65rn7wf5mot7m4jxmsey
==> Installing adept-utils-1.0.1-b6pt4uci3xmcpoafdtckj7rvpjbsh7zr
==> Fetching file:///mirror/build_cache/linux-ubuntu18.04-x86_64-gcc-7.5.0-adept-utils-1.0.1-b6pt4uci3xmcpoafdtckj7rvpjbsh7zr.spec.json.sig
==> Fetching file:///mirror/build_cache/linux-ubuntu18.04-x86_64/gcc-7.5.0/adept-utils-1.0.1/linux-ubuntu18.04-x86_64-gcc-7.5.0-adept-utils-1.0.1-b6pt4uci3xmcpoafdtckj7rvpjbsh7zr.spack
==> Extracting adept-utils-1.0.1-b6pt4uci3xmcpoafdtckj7rvpjbsh7zr from binary cache
[+] /home/spack/spack/opt/spack/linux-ubuntu18.04-x86_64/gcc-7.5.0/adept-utils-1.0.1-b6pt4uci3xmcpoafdtckj7rvpjbsh7zr
==> Installing callpath-1.0.4-4po2fce22jdi3f4352afz3gwnlb3wawl
==> Fetching file:///mirror/build_cache/linux-ubuntu18.04-x86_64-gcc-7.5.0-callpath-1.0.4-4po2fce22jdi3f4352afz3gwnlb3wawl.spec.json.sig
==> Fetching file:///mirror/build_cache/linux-ubuntu18.04-x86_64/gcc-7.5.0/callpath-1.0.4/linux-ubuntu18.04-x86_64-gcc-7.5.0-callpath-1.0.4-4po2fce22jdi3f4352afz3gwnlb3wawl.spack
==> Extracting callpath-1.0.4-4po2fce22jdi3f4352afz3gwnlb3wawl from binary cache
[+] /home/spack/spack/opt/spack/linux-ubuntu18.04-x86_64/gcc-7.5.0/callpath-1.0.4-4po2fce22jdi3f4352afz3gwnlb3wawl
==> Installing mympileaks-1.0-rbnqzgu2lfhwmfz26obpqcj3aericb6h
==> No binary for mympileaks-1.0-rbnqzgu2lfhwmfz26obpqcj3aericb6h found: installing from source
==> Using cached archive: /home/spack/spack/var/spack/cache/_source-cache/archive/2e/2e34cc4505556d1c1f085758e26f2f8eea0972db9382f051b2dcfb1d7d9e1825.tar.gz
==> No patches needed for mympileaks
==> mympileaks: Executing phase: 'autoreconf'
==> mympileaks: Executing phase: 'configure'
==> Error: ProcessError: Command exited with status 1:
    '/tmp/spack/spack-stage/spack-stage-mympileaks-1.0-rbnqzgu2lfhwmfz26obpqcj3aericb6h/spack-src/configure' '--prefix=/home/spack/spack/opt/spack/linux-ubuntu18.04-x86_64/gcc-7.5.0/mympileaks-1.0-rbnqzgu2lfhwmfz26obpqcj3aericb6h'

1 error found in build log:
     23    checking whether /home/spack/spack/lib/spack/env/gcc/gcc and cc unde
           rstand -c and -o together... yes
     24    checking whether we are using the GNU C++ compiler... yes
     25    checking whether /home/spack/spack/lib/spack/env/gcc/g++ accepts -g.
           .. yes
     26    checking dependency style of /home/spack/spack/lib/spack/env/gcc/g++
           ... gcc3
     27    checking for /home/spack/spack/opt/spack/linux-ubuntu18.04-x86_64/gc
           c-7.5.0/openmpi-4.1.3-jfxctqwar7wb65rn7wf5mot7m4jxmsey/bin/mpicc...
           /home/spack/spack/opt/spack/linux-ubuntu18.04-x86_64/gcc-7.5.0/openm
           pi-4.1.3-jfxctqwar7wb65rn7wf5mot7m4jxmsey/bin/mpicc
     28    Checking whether /home/spack/spack/opt/spack/linux-ubuntu18.04-x86_6
           4/gcc-7.5.0/openmpi-4.1.3-jfxctqwar7wb65rn7wf5mot7m4jxmsey/bin/mpicc
            responds to '-showme:compile'... yes
  >> 29    configure: error: unable to locate adept-utils installation

See build log for details:
  /tmp/spack/spack-stage/spack-stage-mympileaks-1.0-rbnqzgu2lfhwmfz26obpqcj3aericb6h/spack-build-out.txt
