$ git clone --depth=100 --branch=releases/v0.21 https://github.com/spack/spack.git ~/spack
Cloning into '/home/spack/spack'...
remote: Enumerating objects: 20108, done.K
remote: Counting objects: 100% (20108/20108), done.K
remote: Compressing objects: 100% (11181/11181), done.K
remote:nTotale20108 (delta92220),1reused.13184B(delta41559),spack-reused 0K
Receiving objects: 100% (20108/20108), 13.38MMiB||116.78MMiB/s, done.
Resolving deltas: 100% (2220/2220), done.
Updating files: 100% (10999/10999), done.

$ cd ~/spack

$ git clone --depth=100 --branch=releases/v0.21 https://github.com/spack/spack.git ~/spack
Cloning into '/home/spack/spack'...
remote: Enumerating objects: 20108, done.K
remote: Counting objects: 100% (20108/20108), done.K
remote: Compressing objects: 100% (11181/11181), done.K
remote:nTotale20108 (delta92220),1reused113184i(delta.1559),/pack-reused 0K
Receiving objects: 100% (20108/20108), 13.38 MiB | 10.78 MiB/s, done.
Resolving deltas: 100% (2220/2220), done.
Updating files: 100% (10999/10999), done.
$ cd ~/spack
