$ spack find
-- linux-ubuntu26.04-x86_64 / no compilers ----------------------
gcc@15.2.0  glibc@2.43

-- linux-ubuntu26.04-x86_64_v3 / %c,cxx,fortran=gcc@15.2.0 ------
mpich@5.0.1  openmpi@5.0.10

-- linux-ubuntu26.04-x86_64_v3 / %c,cxx=clang@21.1.8 ------------
zlib-ng@2.0.7  zlib-ng@2.3.3

-- linux-ubuntu26.04-x86_64_v3 / %c,cxx=gcc@14.3.0 --------------
zlib-ng@2.3.3

-- linux-ubuntu26.04-x86_64_v3 / %c,cxx=gcc@15.2.0 --------------
gettext@1.0   krb5@1.22.2  openssh@10.3p1  tcl@8.6.17	  zlib-ng@2.3.3	 zlib-ng@2.3.3
hwloc@2.13.0  ncurses@6.6  openssl@3.6.1   zlib-ng@2.0.7  zlib-ng@2.3.3	 zstd@1.5.7

-- linux-ubuntu26.04-x86_64_v3 / %c=gcc@15.2.0 ------------------
bzip2@1.0.8  hdf5@1.14.6	   libiconv@1.18      numactl@2.0.19  prrte@4.1.0
gmake@4.4.1  libedit@3.1-20251016  libpciaccess@0.17  pigz@2.8	      tar@1.35
hdf5@1.14.6  libevent@2.1.12	   libxcrypt@4.5.2    pkgconf@2.5.1   xz@5.8.3
hdf5@1.14.6  libfabric@2.5.1	   libxml2@2.15.3     pmix@6.1.0

-- linux-ubuntu26.04-x86_64_v3 / no compilers -------------------
compiler-wrapper@1.1.0	gcc@15.2.0	    gcc-runtime@15.2.0	llvm@21.1.8
gcc@14.3.0		gcc-runtime@15.2.0  glibc@2.43
==> 45 installed packages
