$ spack find -d tcl
-- linux-ubuntu22.04-x86_64_v3 / clang@14.0.0 -------------------
tcl@8.6.12
    glibc@2.35
    gmake@4.4.1
    zlib-ng@2.0.7


-- linux-ubuntu22.04-x86_64_v3 / gcc@11.4.0 ---------------------
tcl@8.6.12
    gcc-runtime@11.4.0
    glibc@2.35
    gmake@4.4.1
    zlib-ng@2.0.7

tcl@8.6.12
    gcc-runtime@11.4.0
    glibc@2.35
    gmake@4.4.1
    zlib-ng@2.2.1

==> 3 installed packages
$ spack find -d tcl
-- linux-ubuntu22.04-x86_64_v3 / clang@14.0.0 -------------------
tcl@8.6.12
    glibc@2.35
    gmake@4.4.1
    zlib-ng@2.0.7


-- linux-ubuntu22.04-x86_64_v3 / gcc@11.4.0 ---------------------
tcl@8.6.12
    gcc-runtime@11.4.0
    glibc@2.35
    gmake@4.4.1
    zlib-ng@2.0.7

tcl@8.6.12
    gcc-runtime@11.4.0
    glibc@2.35
    gmake@4.4.1
    zlib-ng@2.2.1

==> 3 installed packages
$ spack find -d tcl
-- linux-ubuntu22.04-x86_64_v3 / clang@14.0.0 -------------------
tcl@8.6.12
    glibc@2.35
    gmake@4.4.1
    zlib-ng@2.0.7


-- linux-ubuntu22.04-x86_64_v3 / gcc@11.4.0 ---------------------
tcl@8.6.12
    gcc-runtime@11.4.0
    glibc@2.35
    gmake@4.4.1
    zlib-ng@2.0.7

tcl@8.6.12
    gcc-runtime@11.4.0
    glibc@2.35
    gmake@4.4.1
    zlib-ng@2.2.1

==> 3 installed packages
