$ spack find -ldf
-- linux-ubuntu26.04-x86_64 / no compilers ----------------------
cl66sen gcc@15.2.0

ublhg65 glibc@2.43


-- linux-ubuntu26.04-x86_64_v3 / %c,cxx=clang@21.1.8 ------------
kie72sp zlib-ng@2.0.7
mmywg7x	    compiler-wrapper@1.1.0
yc4n2pp	    glibc@2.43
r4lhaok	    gmake@4.4.1
yjlog5x		gcc@15.2.0
xm76mt3		gcc-runtime@15.2.0
px4mv6l	    llvm@21.1.8

5dji3nx zlib-ng@2.3.3
mmywg7x	    compiler-wrapper@1.1.0
yc4n2pp	    glibc@2.43
r4lhaok	    gmake@4.4.1
yjlog5x		gcc@15.2.0
xm76mt3		gcc-runtime@15.2.0
px4mv6l	    llvm@21.1.8


-- linux-ubuntu26.04-x86_64_v3 / %c,cxx=gcc@14.3.0 --------------
slhcf4i zlib-ng@2.3.3
mmywg7x	    compiler-wrapper@1.1.0
5zrvmb3	    gcc@14.3.0
xm76mt3	    gcc-runtime@15.2.0
yjlog5x		gcc@15.2.0
yc4n2pp	    glibc@2.43
ofpkua6	    gmake@4.4.1


-- linux-ubuntu26.04-x86_64_v3 / %c,cxx=gcc@15.2.0 --------------
53i7gbs tcl@8.6.17
mmywg7x	    compiler-wrapper@1.1.0
yjlog5x	    gcc@15.2.0
xm76mt3	    gcc-runtime@15.2.0
yc4n2pp	    glibc@2.43
r4lhaok	    gmake@4.4.1
kie72sp	    zlib-ng@2.0.7
px4mv6l		llvm@21.1.8

jmv6sxq tcl@8.6.17
mmywg7x	    compiler-wrapper@1.1.0
yjlog5x	    gcc@15.2.0
xm76mt3	    gcc-runtime@15.2.0
yc4n2pp	    glibc@2.43
ofpkua6	    gmake@4.4.1
5zrvmb3		gcc@14.3.0
slhcf4i	    zlib-ng@2.3.3

aeoqp4e zlib-ng@2.0.7
mmywg7x	    compiler-wrapper@1.1.0
yjlog5x	    gcc@15.2.0
xm76mt3	    gcc-runtime@15.2.0
yc4n2pp	    glibc@2.43
r4lhaok	    gmake@4.4.1

t7jnrlg zlib-ng@2.3.3
4hb3wtk	    cmake@3.31.11
rt5ujla		curl@8.20.0
4lyasaz		    nghttp2@1.67.1
ao2onuz			diffutils@3.12
vbwvgwx			    libiconv@1.18
drmc4rl		    openssl@3.6.1
axeuqg3			ca-certificates-mozilla@2026-03-19
ylggcb5			perl@5.42.0
27d4iyp			    berkeley-db@18.1.40
cbtgjrh			    bzip2@1.0.8
cq4dkuc			    gdbm@1.26
k25xiih				readline@8.3
ohmdb2l			    less@692
yvl6jpi		    pkgconf@2.5.1
ekvivpv		ncurses@6.6
4vg46ge		zlib@1.3.2
mmywg7x	    compiler-wrapper@1.1.0
yjlog5x	    gcc@15.2.0
xm76mt3	    gcc-runtime@15.2.0
yc4n2pp	    glibc@2.43
r4lhaok	    gmake@4.4.1

6l3ycpy zlib-ng@2.3.3
4hb3wtk	    cmake@3.31.11
rt5ujla		curl@8.20.0
4lyasaz		    nghttp2@1.67.1
ao2onuz			diffutils@3.12
vbwvgwx			    libiconv@1.18
drmc4rl		    openssl@3.6.1
axeuqg3			ca-certificates-mozilla@2026-03-19
ylggcb5			perl@5.42.0
27d4iyp			    berkeley-db@18.1.40
cbtgjrh			    bzip2@1.0.8
cq4dkuc			    gdbm@1.26
k25xiih				readline@8.3
ohmdb2l			    less@692
yvl6jpi		    pkgconf@2.5.1
ekvivpv		ncurses@6.6
4vg46ge		zlib@1.3.2
mmywg7x	    compiler-wrapper@1.1.0
yjlog5x	    gcc@15.2.0
xm76mt3	    gcc-runtime@15.2.0
yc4n2pp	    glibc@2.43
r4lhaok	    gmake@4.4.1


-- linux-ubuntu26.04-x86_64_v3 / %c=gcc@15.2.0 ------------------
cdyuto2 gmake@4.4.1
mmywg7x	    compiler-wrapper@1.1.0
cl66sen	    gcc@15.2.0
yhhe2we	    gcc-runtime@15.2.0
ublhg65	    glibc@2.43


-- linux-ubuntu26.04-x86_64_v3 / no compilers -------------------
mmywg7x compiler-wrapper@1.1.0

5zrvmb3 gcc@14.3.0

yjlog5x gcc@15.2.0

yhhe2we gcc-runtime@15.2.0
cl66sen	    gcc@15.2.0
ublhg65	    glibc@2.43

xm76mt3 gcc-runtime@15.2.0
yjlog5x	    gcc@15.2.0
yc4n2pp	    glibc@2.43

yc4n2pp glibc@2.43

px4mv6l llvm@21.1.8

==> 18 installed packages
