$ spack find -px
-- linux-ubuntu26.04-x86_64_v3 / %c,cxx,fortran=gcc@15.2.0 ------
trilinos@17.1.1	 /home/spack/spack/opt/spack/linux-x86_64_v3/trilinos-17.1.1-u43pchxcfkd7syptwimxl4lozm5jmy2h
trilinos@17.1.1	 /home/spack/spack/opt/spack/linux-x86_64_v3/trilinos-17.1.1-3sqhxgauqbdivdlcr6gdh2km37fiky5j

-- linux-ubuntu26.04-x86_64_v3 / %c,cxx=clang@21.1.8 ------------
zlib-ng@2.3.3  /home/spack/spack/opt/spack/linux-x86_64_v3/zlib-ng-2.3.3-5dji3nxkz53p6yf6icvu3rnyhz66mg7d

-- linux-ubuntu26.04-x86_64_v3 / %c,cxx=gcc@14.3.0 --------------
zlib-ng@2.3.3  /home/spack/spack/opt/spack/linux-x86_64_v3/zlib-ng-2.3.3-slhcf4ikhifycngjjlz2hyjkx24qi5md

-- linux-ubuntu26.04-x86_64_v3 / %c,cxx=gcc@15.2.0 --------------
tcl@8.6.17     /home/spack/spack/opt/spack/linux-x86_64_v3/tcl-8.6.17-53i7gbsb6wbhk55vv62jpqudomfmw6f7
tcl@8.6.17     /home/spack/spack/opt/spack/linux-x86_64_v3/tcl-8.6.17-jmv6sxqk3p4ykp5vh7jl6i5na4vfr46e
zlib-ng@2.0.7  /home/spack/spack/opt/spack/linux-x86_64_v3/zlib-ng-2.0.7-aeoqp4ey2pntuxsbajc5hwovr5l4qy2l
zlib-ng@2.3.3  /home/spack/spack/opt/spack/linux-x86_64_v3/zlib-ng-2.3.3-t7jnrlgayhc4bsqd4tj3l53turszyny5
zlib-ng@2.3.3  /home/spack/spack/opt/spack/linux-x86_64_v3/zlib-ng-2.3.3-6l3ycpy4crfl6ry4jax3p6crw3byw5oa

-- linux-ubuntu26.04-x86_64_v3 / %c=gcc@15.2.0 ------------------
gmake@4.4.1  /home/spack/spack/opt/spack/linux-x86_64_v3/gmake-4.4.1-cdyuto2vcd73fdknitpbrk3mofaa6hw5
hdf5@1.14.6  /home/spack/spack/opt/spack/linux-x86_64_v3/hdf5-1.14.6-as6mmcjwjlgjhglp62wogxim6exfgtvd
hdf5@1.14.6  /home/spack/spack/opt/spack/linux-x86_64_v3/hdf5-1.14.6-7cwv3stkmkwxjbnujvpc6drqh3af5cwz
hdf5@1.14.6  /home/spack/spack/opt/spack/linux-x86_64_v3/hdf5-1.14.6-jceyzq7qvavwbbfywa3dt3jfurkfk4ba
==> 13 installed packages
