$ spack find -ldf
-- linux-ubuntu26.04-x86_64 / no compilers ----------------------
cl66sen gcc@15.2.0

ublhg65 glibc@2.43


-- linux-ubuntu26.04-x86_64_v3 / %c,cxx,fortran=gcc@15.2.0 ------
xkilhym mpich@5.0.1
mmywg7x	    compiler-wrapper@1.1.0
punbqrx	    findutils@4.10.0
sle3ix4		gettext@1.0
f5xe4px		    tar@1.35
afklka7			pigz@2.8
yjlog5x	    gcc@15.2.0
xm76mt3	    gcc-runtime@15.2.0
yc4n2pp	    glibc@2.43
r4lhaok	    gmake@4.4.1
ujctyey	    hwloc@2.13.0
ekvivpv		ncurses@6.6
itb4a2s	    libfabric@2.5.1
qzkk5ym	    libpciaccess@0.17
o5fy6wf		util-macros@1.20.2
ujlg2ua	    libxml2@2.15.3
vbwvgwx		libiconv@1.18
hhjyyqy		xz@5.8.3
g72d7i3		zlib-ng@2.3.3
yvl6jpi	    pkgconf@2.5.1
derywaq	    python@3.14.5
cbtgjrh		bzip2@1.0.8
ao2onuz		    diffutils@3.12
d462mhw		expat@2.8.1
7o3mv6c		    libbsd@0.12.2
yvvn7mu			libmd@1.1.0
cq4dkuc		gdbm@1.26
aiceosz		libffi@3.5.2
33yozp5		openssl@3.6.1
axeuqg3		    ca-certificates-mozilla@2026-03-19
bvphs3b		    perl@5.42.0
27d4iyp			berkeley-db@18.1.40
ohmdb2l			less@692
k25xiih		readline@8.3
unjd5da		sqlite@3.53.1
clufswx		util-linux-uuid@2.41
63aruxk		zstd@1.5.7

qfut5qq openmpi@5.0.10
jo3eg4r	    autoconf@2.72
y6uqrto		m4@1.4.21
ao2onuz		    diffutils@3.12
phcmfqk		    libsigsegv@2.15
yhkgfai	    automake@1.18.1
mmywg7x	    compiler-wrapper@1.1.0
yjlog5x	    gcc@15.2.0
xm76mt3	    gcc-runtime@15.2.0
yc4n2pp	    glibc@2.43
r4lhaok	    gmake@4.4.1
ujctyey	    hwloc@2.13.0
qzkk5ym		libpciaccess@0.17
o5fy6wf		    util-macros@1.20.2
ujlg2ua		libxml2@2.15.3
vbwvgwx		    libiconv@1.18
hhjyyqy		    xz@5.8.3
ekvivpv		ncurses@6.6
oopqoag	    libevent@2.1.12
33yozp5		openssl@3.6.1
axeuqg3		    ca-certificates-mozilla@2026-03-19
3gdq456	    libtool@2.5.4
mguwetc		file@5.46
63aruxk		    zstd@1.5.7
punbqrx		findutils@4.10.0
sle3ix4		    gettext@1.0
f5xe4px			tar@1.35
afklka7			    pigz@2.8
2t2useu	    numactl@2.0.19
m6yx5j3	    openssh@10.3p1
ldqeqfw		krb5@1.22.2
lbkegpi		    bison@3.8.2
uwyh3xy		libedit@3.1-20251016
bkzcu2s		libxcrypt@4.5.2
bvphs3b	    perl@5.42.0
27d4iyp		berkeley-db@18.1.40
cbtgjrh		bzip2@1.0.8
cq4dkuc		gdbm@1.26
k25xiih		    readline@8.3
ohmdb2l		less@692
yvl6jpi	    pkgconf@2.5.1
ycyqykw	    pmix@6.1.0
nldxmxw	    prrte@4.1.0
vwo3ajm		flex@2.6.3
g72d7i3	    zlib-ng@2.3.3


-- linux-ubuntu26.04-x86_64_v3 / %c,cxx=clang@21.1.8 ------------
kie72sp zlib-ng@2.0.7
mmywg7x	    compiler-wrapper@1.1.0
yc4n2pp	    glibc@2.43
r4lhaok	    gmake@4.4.1
yjlog5x		gcc@15.2.0
xm76mt3		gcc-runtime@15.2.0
px4mv6l	    llvm@21.1.8

5dji3nx zlib-ng@2.3.3
mmywg7x	    compiler-wrapper@1.1.0
yc4n2pp	    glibc@2.43
r4lhaok	    gmake@4.4.1
yjlog5x		gcc@15.2.0
xm76mt3		gcc-runtime@15.2.0
px4mv6l	    llvm@21.1.8


-- linux-ubuntu26.04-x86_64_v3 / %c,cxx=gcc@14.3.0 --------------
slhcf4i zlib-ng@2.3.3
mmywg7x	    compiler-wrapper@1.1.0
5zrvmb3	    gcc@14.3.0
xm76mt3	    gcc-runtime@15.2.0
yjlog5x		gcc@15.2.0
yc4n2pp	    glibc@2.43
ofpkua6	    gmake@4.4.1


-- linux-ubuntu26.04-x86_64_v3 / %c,cxx=gcc@15.2.0 --------------
sle3ix4 gettext@1.0
cbtgjrh	    bzip2@1.0.8
ao2onuz		diffutils@3.12
mmywg7x	    compiler-wrapper@1.1.0
yjlog5x	    gcc@15.2.0
xm76mt3	    gcc-runtime@15.2.0
yc4n2pp	    glibc@2.43
r4lhaok	    gmake@4.4.1
vbwvgwx	    libiconv@1.18
ujlg2ua	    libxml2@2.15.3
yvl6jpi		pkgconf@2.5.1
g72d7i3		zlib-ng@2.3.3
ekvivpv	    ncurses@6.6
f5xe4px	    tar@1.35
afklka7		pigz@2.8
63aruxk		zstd@1.5.7
hhjyyqy	    xz@5.8.3

ujctyey hwloc@2.13.0
mmywg7x	    compiler-wrapper@1.1.0
yjlog5x	    gcc@15.2.0
xm76mt3	    gcc-runtime@15.2.0
yc4n2pp	    glibc@2.43
r4lhaok	    gmake@4.4.1
qzkk5ym	    libpciaccess@0.17
o5fy6wf		util-macros@1.20.2
ujlg2ua	    libxml2@2.15.3
vbwvgwx		libiconv@1.18
hhjyyqy		xz@5.8.3
g72d7i3		zlib-ng@2.3.3
ekvivpv	    ncurses@6.6
yvl6jpi	    pkgconf@2.5.1

ldqeqfw krb5@1.22.2
lbkegpi	    bison@3.8.2
y6uqrto		m4@1.4.21
phcmfqk		    libsigsegv@2.15
mmywg7x	    compiler-wrapper@1.1.0
ao2onuz	    diffutils@3.12
vbwvgwx		libiconv@1.18
punbqrx	    findutils@4.10.0
yjlog5x	    gcc@15.2.0
xm76mt3	    gcc-runtime@15.2.0
sle3ix4	    gettext@1.0
cbtgjrh		bzip2@1.0.8
ujlg2ua		libxml2@2.15.3
ekvivpv		ncurses@6.6
f5xe4px		tar@1.35
afklka7		    pigz@2.8
63aruxk		    zstd@1.5.7
hhjyyqy		xz@5.8.3
yc4n2pp	    glibc@2.43
r4lhaok	    gmake@4.4.1
uwyh3xy	    libedit@3.1-20251016
33yozp5	    openssl@3.6.1
axeuqg3		ca-certificates-mozilla@2026-03-19
g72d7i3		zlib-ng@2.3.3
bvphs3b	    perl@5.42.0
27d4iyp		berkeley-db@18.1.40
cq4dkuc		gdbm@1.26
k25xiih		    readline@8.3
ohmdb2l		less@692
yvl6jpi	    pkgconf@2.5.1

ekvivpv ncurses@6.6
mmywg7x	    compiler-wrapper@1.1.0
yjlog5x	    gcc@15.2.0
xm76mt3	    gcc-runtime@15.2.0
yc4n2pp	    glibc@2.43
r4lhaok	    gmake@4.4.1
yvl6jpi	    pkgconf@2.5.1

m6yx5j3 openssh@10.3p1
mmywg7x	    compiler-wrapper@1.1.0
yjlog5x	    gcc@15.2.0
xm76mt3	    gcc-runtime@15.2.0
yc4n2pp	    glibc@2.43
r4lhaok	    gmake@4.4.1
ldqeqfw	    krb5@1.22.2
lbkegpi		bison@3.8.2
y6uqrto		    m4@1.4.21
phcmfqk			libsigsegv@2.15
ao2onuz		diffutils@3.12
vbwvgwx		    libiconv@1.18
punbqrx		findutils@4.10.0
sle3ix4		gettext@1.0
cbtgjrh		    bzip2@1.0.8
ujlg2ua		    libxml2@2.15.3
f5xe4px		    tar@1.35
afklka7			pigz@2.8
63aruxk			zstd@1.5.7
hhjyyqy		    xz@5.8.3
bvphs3b		perl@5.42.0
27d4iyp		    berkeley-db@18.1.40
cq4dkuc		    gdbm@1.26
k25xiih			readline@8.3
ohmdb2l		    less@692
yvl6jpi		pkgconf@2.5.1
uwyh3xy	    libedit@3.1-20251016
bkzcu2s	    libxcrypt@4.5.2
ekvivpv	    ncurses@6.6
33yozp5	    openssl@3.6.1
axeuqg3		ca-certificates-mozilla@2026-03-19
g72d7i3	    zlib-ng@2.3.3

33yozp5 openssl@3.6.1
axeuqg3	    ca-certificates-mozilla@2026-03-19
mmywg7x	    compiler-wrapper@1.1.0
yjlog5x	    gcc@15.2.0
xm76mt3	    gcc-runtime@15.2.0
yc4n2pp	    glibc@2.43
r4lhaok	    gmake@4.4.1
bvphs3b	    perl@5.42.0
27d4iyp		berkeley-db@18.1.40
cbtgjrh		bzip2@1.0.8
ao2onuz		    diffutils@3.12
vbwvgwx			libiconv@1.18
cq4dkuc		gdbm@1.26
k25xiih		    readline@8.3
ohmdb2l		less@692
ekvivpv		    ncurses@6.6
yvl6jpi			pkgconf@2.5.1
g72d7i3	    zlib-ng@2.3.3

53i7gbs tcl@8.6.17
mmywg7x	    compiler-wrapper@1.1.0
yjlog5x	    gcc@15.2.0
xm76mt3	    gcc-runtime@15.2.0
yc4n2pp	    glibc@2.43
r4lhaok	    gmake@4.4.1
kie72sp	    zlib-ng@2.0.7
px4mv6l		llvm@21.1.8

jmv6sxq tcl@8.6.17
mmywg7x	    compiler-wrapper@1.1.0
yjlog5x	    gcc@15.2.0
xm76mt3	    gcc-runtime@15.2.0
yc4n2pp	    glibc@2.43
ofpkua6	    gmake@4.4.1
5zrvmb3		gcc@14.3.0
slhcf4i	    zlib-ng@2.3.3

aeoqp4e zlib-ng@2.0.7
mmywg7x	    compiler-wrapper@1.1.0
yjlog5x	    gcc@15.2.0
xm76mt3	    gcc-runtime@15.2.0
yc4n2pp	    glibc@2.43
r4lhaok	    gmake@4.4.1

g72d7i3 zlib-ng@2.3.3
mmywg7x	    compiler-wrapper@1.1.0
yjlog5x	    gcc@15.2.0
xm76mt3	    gcc-runtime@15.2.0
yc4n2pp	    glibc@2.43
r4lhaok	    gmake@4.4.1

t7jnrlg zlib-ng@2.3.3
4hb3wtk	    cmake@3.31.11
rt5ujla		curl@8.20.0
4lyasaz		    nghttp2@1.67.1
ao2onuz			diffutils@3.12
vbwvgwx			    libiconv@1.18
drmc4rl		    openssl@3.6.1
axeuqg3			ca-certificates-mozilla@2026-03-19
ylggcb5			perl@5.42.0
27d4iyp			    berkeley-db@18.1.40
cbtgjrh			    bzip2@1.0.8
cq4dkuc			    gdbm@1.26
k25xiih				readline@8.3
ohmdb2l			    less@692
yvl6jpi		    pkgconf@2.5.1
ekvivpv		ncurses@6.6
4vg46ge		zlib@1.3.2
mmywg7x	    compiler-wrapper@1.1.0
yjlog5x	    gcc@15.2.0
xm76mt3	    gcc-runtime@15.2.0
yc4n2pp	    glibc@2.43
r4lhaok	    gmake@4.4.1

6l3ycpy zlib-ng@2.3.3
4hb3wtk	    cmake@3.31.11
rt5ujla		curl@8.20.0
4lyasaz		    nghttp2@1.67.1
ao2onuz			diffutils@3.12
vbwvgwx			    libiconv@1.18
drmc4rl		    openssl@3.6.1
axeuqg3			ca-certificates-mozilla@2026-03-19
ylggcb5			perl@5.42.0
27d4iyp			    berkeley-db@18.1.40
cbtgjrh			    bzip2@1.0.8
cq4dkuc			    gdbm@1.26
k25xiih				readline@8.3
ohmdb2l			    less@692
yvl6jpi		    pkgconf@2.5.1
ekvivpv		ncurses@6.6
4vg46ge		zlib@1.3.2
mmywg7x	    compiler-wrapper@1.1.0
yjlog5x	    gcc@15.2.0
xm76mt3	    gcc-runtime@15.2.0
yc4n2pp	    glibc@2.43
r4lhaok	    gmake@4.4.1

63aruxk zstd@1.5.7
mmywg7x	    compiler-wrapper@1.1.0
yjlog5x	    gcc@15.2.0
xm76mt3	    gcc-runtime@15.2.0
yc4n2pp	    glibc@2.43
r4lhaok	    gmake@4.4.1


-- linux-ubuntu26.04-x86_64_v3 / %c=gcc@15.2.0 ------------------
cbtgjrh bzip2@1.0.8
mmywg7x	    compiler-wrapper@1.1.0
ao2onuz	    diffutils@3.12
vbwvgwx		libiconv@1.18
yjlog5x	    gcc@15.2.0
xm76mt3	    gcc-runtime@15.2.0
yc4n2pp	    glibc@2.43
r4lhaok	    gmake@4.4.1

cdyuto2 gmake@4.4.1
mmywg7x	    compiler-wrapper@1.1.0
cl66sen	    gcc@15.2.0
yhhe2we	    gcc-runtime@15.2.0
ublhg65	    glibc@2.43

as6mmcj hdf5@1.14.6
a4wqsr7	    cmake@3.31.11
j2fa7xl		curl@8.20.0
4lyasaz		    nghttp2@1.67.1
ao2onuz			diffutils@3.12
vbwvgwx			    libiconv@1.18
33yozp5		    openssl@3.6.1
axeuqg3			ca-certificates-mozilla@2026-03-19
bvphs3b			perl@5.42.0
27d4iyp			    berkeley-db@18.1.40
cbtgjrh			    bzip2@1.0.8
cq4dkuc			    gdbm@1.26
k25xiih				readline@8.3
ohmdb2l			    less@692
ekvivpv		ncurses@6.6
mmywg7x	    compiler-wrapper@1.1.0
yjlog5x	    gcc@15.2.0
xm76mt3	    gcc-runtime@15.2.0
yc4n2pp	    glibc@2.43
r4lhaok	    gmake@4.4.1
yvl6jpi	    pkgconf@2.5.1
g72d7i3	    zlib-ng@2.3.3

7cwv3st hdf5@1.14.6
a4wqsr7	    cmake@3.31.11
j2fa7xl		curl@8.20.0
4lyasaz		    nghttp2@1.67.1
ao2onuz			diffutils@3.12
33yozp5		    openssl@3.6.1
axeuqg3			ca-certificates-mozilla@2026-03-19
ekvivpv		ncurses@6.6
mmywg7x	    compiler-wrapper@1.1.0
yjlog5x	    gcc@15.2.0
xm76mt3	    gcc-runtime@15.2.0
yc4n2pp	    glibc@2.43
r4lhaok	    gmake@4.4.1
qfut5qq	    openmpi@5.0.10
jo3eg4r		autoconf@2.72
y6uqrto		    m4@1.4.21
phcmfqk			libsigsegv@2.15
yhkgfai		automake@1.18.1
ujctyey		hwloc@2.13.0
qzkk5ym		    libpciaccess@0.17
o5fy6wf			util-macros@1.20.2
ujlg2ua		    libxml2@2.15.3
vbwvgwx			libiconv@1.18
hhjyyqy			xz@5.8.3
oopqoag		libevent@2.1.12
3gdq456		libtool@2.5.4
mguwetc		    file@5.46
63aruxk			zstd@1.5.7
punbqrx		    findutils@4.10.0
sle3ix4			gettext@1.0
f5xe4px			    tar@1.35
afklka7				pigz@2.8
2t2useu		numactl@2.0.19
m6yx5j3		openssh@10.3p1
ldqeqfw		    krb5@1.22.2
lbkegpi			bison@3.8.2
uwyh3xy		    libedit@3.1-20251016
bkzcu2s		    libxcrypt@4.5.2
bvphs3b		perl@5.42.0
27d4iyp		    berkeley-db@18.1.40
cbtgjrh		    bzip2@1.0.8
cq4dkuc		    gdbm@1.26
k25xiih			readline@8.3
ohmdb2l		    less@692
ycyqykw		pmix@6.1.0
nldxmxw		prrte@4.1.0
vwo3ajm		    flex@2.6.3
yvl6jpi	    pkgconf@2.5.1
g72d7i3	    zlib-ng@2.3.3

jceyzq7 hdf5@1.14.6
a4wqsr7	    cmake@3.31.11
j2fa7xl		curl@8.20.0
4lyasaz		    nghttp2@1.67.1
ao2onuz			diffutils@3.12
33yozp5		    openssl@3.6.1
axeuqg3			ca-certificates-mozilla@2026-03-19
bvphs3b			perl@5.42.0
27d4iyp			    berkeley-db@18.1.40
ohmdb2l			    less@692
ekvivpv		ncurses@6.6
mmywg7x	    compiler-wrapper@1.1.0
yjlog5x	    gcc@15.2.0
xm76mt3	    gcc-runtime@15.2.0
yc4n2pp	    glibc@2.43
r4lhaok	    gmake@4.4.1
xkilhym	    mpich@5.0.1
punbqrx		findutils@4.10.0
sle3ix4		    gettext@1.0
f5xe4px			tar@1.35
afklka7			    pigz@2.8
ujctyey		hwloc@2.13.0
itb4a2s		libfabric@2.5.1
qzkk5ym		libpciaccess@0.17
o5fy6wf		    util-macros@1.20.2
ujlg2ua		libxml2@2.15.3
vbwvgwx		    libiconv@1.18
hhjyyqy		    xz@5.8.3
derywaq		python@3.14.5
cbtgjrh		    bzip2@1.0.8
d462mhw		    expat@2.8.1
7o3mv6c			libbsd@0.12.2
yvvn7mu			    libmd@1.1.0
cq4dkuc		    gdbm@1.26
aiceosz		    libffi@3.5.2
k25xiih		    readline@8.3
unjd5da		    sqlite@3.53.1
clufswx		    util-linux-uuid@2.41
63aruxk		    zstd@1.5.7
yvl6jpi	    pkgconf@2.5.1
g72d7i3	    zlib-ng@2.3.3

uwyh3xy libedit@3.1-20251016
mmywg7x	    compiler-wrapper@1.1.0
yjlog5x	    gcc@15.2.0
xm76mt3	    gcc-runtime@15.2.0
yc4n2pp	    glibc@2.43
r4lhaok	    gmake@4.4.1
ekvivpv	    ncurses@6.6
yvl6jpi	    pkgconf@2.5.1

oopqoag libevent@2.1.12
mmywg7x	    compiler-wrapper@1.1.0
yjlog5x	    gcc@15.2.0
xm76mt3	    gcc-runtime@15.2.0
yc4n2pp	    glibc@2.43
r4lhaok	    gmake@4.4.1
33yozp5	    openssl@3.6.1
axeuqg3		ca-certificates-mozilla@2026-03-19
bvphs3b		perl@5.42.0
27d4iyp		    berkeley-db@18.1.40
cbtgjrh		    bzip2@1.0.8
ao2onuz			diffutils@3.12
vbwvgwx			    libiconv@1.18
cq4dkuc		    gdbm@1.26
k25xiih			readline@8.3
ohmdb2l		    less@692
ekvivpv			ncurses@6.6
yvl6jpi			    pkgconf@2.5.1
g72d7i3		zlib-ng@2.3.3

itb4a2s libfabric@2.5.1
mmywg7x	    compiler-wrapper@1.1.0
yjlog5x	    gcc@15.2.0
xm76mt3	    gcc-runtime@15.2.0
yc4n2pp	    glibc@2.43
r4lhaok	    gmake@4.4.1

vbwvgwx libiconv@1.18
mmywg7x	    compiler-wrapper@1.1.0
yjlog5x	    gcc@15.2.0
xm76mt3	    gcc-runtime@15.2.0
yc4n2pp	    glibc@2.43
r4lhaok	    gmake@4.4.1

qzkk5ym libpciaccess@0.17
mmywg7x	    compiler-wrapper@1.1.0
yjlog5x	    gcc@15.2.0
xm76mt3	    gcc-runtime@15.2.0
yc4n2pp	    glibc@2.43
r4lhaok	    gmake@4.4.1
yvl6jpi	    pkgconf@2.5.1
o5fy6wf	    util-macros@1.20.2

bkzcu2s libxcrypt@4.5.2
mmywg7x	    compiler-wrapper@1.1.0
yjlog5x	    gcc@15.2.0
xm76mt3	    gcc-runtime@15.2.0
yc4n2pp	    glibc@2.43
r4lhaok	    gmake@4.4.1
bvphs3b	    perl@5.42.0
27d4iyp		berkeley-db@18.1.40
cbtgjrh		bzip2@1.0.8
ao2onuz		    diffutils@3.12
vbwvgwx			libiconv@1.18
cq4dkuc		gdbm@1.26
k25xiih		    readline@8.3
ohmdb2l		less@692
ekvivpv		    ncurses@6.6
yvl6jpi			pkgconf@2.5.1
g72d7i3		zlib-ng@2.3.3

ujlg2ua libxml2@2.15.3
mmywg7x	    compiler-wrapper@1.1.0
yjlog5x	    gcc@15.2.0
xm76mt3	    gcc-runtime@15.2.0
yc4n2pp	    glibc@2.43
r4lhaok	    gmake@4.4.1
vbwvgwx	    libiconv@1.18
yvl6jpi	    pkgconf@2.5.1
hhjyyqy	    xz@5.8.3
g72d7i3	    zlib-ng@2.3.3

2t2useu numactl@2.0.19
jo3eg4r	    autoconf@2.72
bvphs3b		perl@5.42.0
27d4iyp		    berkeley-db@18.1.40
cbtgjrh		    bzip2@1.0.8
cq4dkuc		    gdbm@1.26
k25xiih			readline@8.3
ohmdb2l		    less@692
ekvivpv			ncurses@6.6
yvl6jpi			    pkgconf@2.5.1
g72d7i3		    zlib-ng@2.3.3
yhkgfai	    automake@1.18.1
mmywg7x	    compiler-wrapper@1.1.0
yjlog5x	    gcc@15.2.0
xm76mt3	    gcc-runtime@15.2.0
yc4n2pp	    glibc@2.43
r4lhaok	    gmake@4.4.1
3gdq456	    libtool@2.5.4
mguwetc		file@5.46
hhjyyqy		    xz@5.8.3
63aruxk		    zstd@1.5.7
punbqrx		findutils@4.10.0
sle3ix4		    gettext@1.0
ujlg2ua			libxml2@2.15.3
f5xe4px			tar@1.35
afklka7			    pigz@2.8
y6uqrto	    m4@1.4.21
ao2onuz		diffutils@3.12
vbwvgwx		    libiconv@1.18
phcmfqk		libsigsegv@2.15

afklka7 pigz@2.8
mmywg7x	    compiler-wrapper@1.1.0
yjlog5x	    gcc@15.2.0
xm76mt3	    gcc-runtime@15.2.0
yc4n2pp	    glibc@2.43
r4lhaok	    gmake@4.4.1
g72d7i3	    zlib-ng@2.3.3

yvl6jpi pkgconf@2.5.1
mmywg7x	    compiler-wrapper@1.1.0
yjlog5x	    gcc@15.2.0
xm76mt3	    gcc-runtime@15.2.0
yc4n2pp	    glibc@2.43
r4lhaok	    gmake@4.4.1

ycyqykw pmix@6.1.0
mmywg7x	    compiler-wrapper@1.1.0
yjlog5x	    gcc@15.2.0
xm76mt3	    gcc-runtime@15.2.0
yc4n2pp	    glibc@2.43
r4lhaok	    gmake@4.4.1
ujctyey	    hwloc@2.13.0
qzkk5ym		libpciaccess@0.17
o5fy6wf		    util-macros@1.20.2
ujlg2ua		libxml2@2.15.3
vbwvgwx		    libiconv@1.18
hhjyyqy		    xz@5.8.3
ekvivpv		ncurses@6.6
oopqoag	    libevent@2.1.12
33yozp5		openssl@3.6.1
axeuqg3		    ca-certificates-mozilla@2026-03-19
bvphs3b		    perl@5.42.0
27d4iyp			berkeley-db@18.1.40
cq4dkuc			gdbm@1.26
k25xiih			    readline@8.3
ohmdb2l			less@692
3gdq456	    libtool@2.5.4
mguwetc		file@5.46
cbtgjrh		    bzip2@1.0.8
63aruxk		    zstd@1.5.7
punbqrx		findutils@4.10.0
sle3ix4		    gettext@1.0
f5xe4px			tar@1.35
afklka7			    pigz@2.8
y6uqrto		m4@1.4.21
ao2onuz		    diffutils@3.12
phcmfqk		    libsigsegv@2.15
yvl6jpi	    pkgconf@2.5.1
g72d7i3	    zlib-ng@2.3.3

nldxmxw prrte@4.1.0
jo3eg4r	    autoconf@2.72
yhkgfai	    automake@1.18.1
mmywg7x	    compiler-wrapper@1.1.0
vwo3ajm	    flex@2.6.3
lbkegpi		bison@3.8.2
ao2onuz		diffutils@3.12
vbwvgwx		    libiconv@1.18
punbqrx		findutils@4.10.0
sle3ix4		    gettext@1.0
f5xe4px			tar@1.35
afklka7			    pigz@2.8
yjlog5x	    gcc@15.2.0
xm76mt3	    gcc-runtime@15.2.0
yc4n2pp	    glibc@2.43
r4lhaok	    gmake@4.4.1
ujctyey	    hwloc@2.13.0
qzkk5ym		libpciaccess@0.17
o5fy6wf		    util-macros@1.20.2
ujlg2ua		libxml2@2.15.3
hhjyyqy		    xz@5.8.3
ekvivpv		ncurses@6.6
oopqoag	    libevent@2.1.12
33yozp5		openssl@3.6.1
axeuqg3		    ca-certificates-mozilla@2026-03-19
3gdq456	    libtool@2.5.4
mguwetc		file@5.46
63aruxk		    zstd@1.5.7
y6uqrto	    m4@1.4.21
phcmfqk		libsigsegv@2.15
bvphs3b	    perl@5.42.0
27d4iyp		berkeley-db@18.1.40
cbtgjrh		bzip2@1.0.8
cq4dkuc		gdbm@1.26
k25xiih		    readline@8.3
ohmdb2l		less@692
g72d7i3		zlib-ng@2.3.3
yvl6jpi	    pkgconf@2.5.1
ycyqykw	    pmix@6.1.0

f5xe4px tar@1.35
cbtgjrh	    bzip2@1.0.8
ao2onuz		diffutils@3.12
mmywg7x	    compiler-wrapper@1.1.0
yjlog5x	    gcc@15.2.0
xm76mt3	    gcc-runtime@15.2.0
yc4n2pp	    glibc@2.43
r4lhaok	    gmake@4.4.1
vbwvgwx	    libiconv@1.18
afklka7	    pigz@2.8
g72d7i3		zlib-ng@2.3.3
hhjyyqy	    xz@5.8.3
63aruxk	    zstd@1.5.7

hhjyyqy xz@5.8.3
mmywg7x	    compiler-wrapper@1.1.0
yjlog5x	    gcc@15.2.0
xm76mt3	    gcc-runtime@15.2.0
yc4n2pp	    glibc@2.43
r4lhaok	    gmake@4.4.1


-- linux-ubuntu26.04-x86_64_v3 / no compilers -------------------
mmywg7x compiler-wrapper@1.1.0

5zrvmb3 gcc@14.3.0

yjlog5x gcc@15.2.0

yhhe2we gcc-runtime@15.2.0
cl66sen	    gcc@15.2.0
ublhg65	    glibc@2.43

xm76mt3 gcc-runtime@15.2.0
yjlog5x	    gcc@15.2.0
yc4n2pp	    glibc@2.43

yc4n2pp glibc@2.43

px4mv6l llvm@21.1.8

==> 46 installed packages
