$ spack find -d trilinos
-- linux-ubuntu26.04-x86_64_v3 / %c,cxx,fortran=gcc@15.2.0 ------
trilinos@17.1.1
    cmake@3.31.11
	curl@8.20.0
	    nghttp2@1.67.1
		diffutils@3.12
	    openssl@3.6.1
		ca-certificates-mozilla@2026-03-19
	ncurses@6.6
	zlib-ng@2.3.3
    compiler-wrapper@1.1.0
    gcc@15.2.0
    gcc-runtime@15.2.0
    glibc@2.43
    gmake@4.4.1
    hwloc@2.13.0
	libpciaccess@0.17
	    util-macros@1.20.2
	libxml2@2.15.3
	    libiconv@1.18
	    xz@5.8.3
	pkgconf@2.5.1
    kokkos@5.1.1
    kokkos-kernels@5.1.1
    openblas@0.3.33
    openmpi@5.0.10
	autoconf@2.72
	    m4@1.4.21
		libsigsegv@2.15
	automake@1.18.1
	libevent@2.1.12
	libtool@2.5.4
	    file@5.46
		zstd@1.5.7
	    findutils@4.10.0
		gettext@1.0
		    tar@1.35
			pigz@2.8
	numactl@2.0.19
	openssh@10.3p1
	    krb5@1.22.2
		bison@3.8.2
	    libedit@3.1-20251016
	    libxcrypt@4.5.2
	perl@5.42.0
	    berkeley-db@18.1.40
	    bzip2@1.0.8
	    gdbm@1.26
		readline@8.3
	    less@692
	pmix@6.1.0
	prrte@4.1.0
	    flex@2.6.3

trilinos@17.1.1
    cmake@3.31.11
	curl@8.20.0
	    nghttp2@1.67.1
		diffutils@3.12
	    openssl@3.6.1
		ca-certificates-mozilla@2026-03-19
		perl@5.42.0
		    berkeley-db@18.1.40
		    less@692
	ncurses@6.6
	zlib-ng@2.3.3
    compiler-wrapper@1.1.0
    gcc@15.2.0
    gcc-runtime@15.2.0
    glibc@2.43
    gmake@4.4.1
    hdf5@1.14.6
	pkgconf@2.5.1
    hwloc@2.13.0
	libpciaccess@0.17
	    util-macros@1.20.2
	libxml2@2.15.3
	    libiconv@1.18
	    xz@5.8.3
    kokkos@5.1.1
    kokkos-kernels@5.1.1
    mpich@5.0.1
	findutils@4.10.0
	    gettext@1.0
		tar@1.35
		    pigz@2.8
	libfabric@2.5.1
	python@3.14.5
	    bzip2@1.0.8
	    expat@2.8.1
		libbsd@0.12.2
		    libmd@1.1.0
	    gdbm@1.26
	    libffi@3.5.2
	    readline@8.3
	    sqlite@3.53.1
	    util-linux-uuid@2.41
	    zstd@1.5.7
    openblas@0.3.33

==> 2 installed packages
