$ spack install gmake
==> Compilers have been configured automatically from PATH inspection
[+] /usr (external gcc-11.4.0-4xgkoptcicxn25t4t6n3zp4ujbdn7pgo)
[+] /usr (external glibc-2.35-jfjsr3pnnii2tcvxku73bl5apu6jxfct)
==> No binary for compiler-wrapper-1.0-ntccuj2fi3y7asqifeq3i4iylrbxakw2 found: installing from source
==> Installing compiler-wrapper-1.0-ntccuj2fi3y7asqifeq3i4iylrbxakw2 [3/5]
==> Fetching https://mirror.spack.io/_source-cache/archive/a5/a5ff4fcdbeda284a7993b87f294b6338434cffc84ced31e4d04008ed5ea389bf
    [100%]   30.08 KB @	  67.3 MB/s
==> No patches needed for compiler-wrapper
==> compiler-wrapper: Executing phase: 'install'
==> compiler-wrapper: Successfully installed compiler-wrapper-1.0-ntccuj2fi3y7asqifeq3i4iylrbxakw2
  Stage: 0.05s.	 Install: 0.00s.  Post-install: 0.01s.	Total: 0.09s
[+] /home/spack/spack/opt/spack/linux-x86_64_v3/compiler-wrapper-1.0-ntccuj2fi3y7asqifeq3i4iylrbxakw2
==> No binary for gcc-runtime-11.4.0-dr7kup45zat5rlc3hfgnyu2xliolb5v5 found: installing from source
==> Installing gcc-runtime-11.4.0-dr7kup45zat5rlc3hfgnyu2xliolb5v5 [4/5]
==> No patches needed for gcc-runtime
==> gcc-runtime: Executing phase: 'install'
==> gcc-runtime: Successfully installed gcc-runtime-11.4.0-dr7kup45zat5rlc3hfgnyu2xliolb5v5
  Stage: 0.00s.	 Install: 0.04s.  Post-install: 0.03s.	Total: 0.08s
[+] /home/spack/spack/opt/spack/linux-x86_64_v3/gcc-runtime-11.4.0-dr7kup45zat5rlc3hfgnyu2xliolb5v5
==> No binary for gmake-4.4.1-ikkzcakbjrn76u5l3eavzliyjhrdvagn found: installing from source
==> Installing gmake-4.4.1-ikkzcakbjrn76u5l3eavzliyjhrdvagn [5/5]
==> Fetching https://mirror.spack.io/_source-cache/archive/dd/dd16fb1d67bfab79a72f5e8390735c49e3e8e70b4945a15ab1f81ddb78658fb3.tar.gz
    [100%]   62.35 MB @	 153.0 MB/s
==> No patches needed for gmake
==> gmake: Executing phase: 'install'
==> gmake: Successfully installed gmake-4.4.1-ikkzcakbjrn76u5l3eavzliyjhrdvagn
  Stage: 0.12s.	 Install: 10.37s.  Post-install: 0.01s.	 Total: 10.52s
[+] /home/spack/spack/opt/spack/linux-x86_64_v3/gmake-4.4.1-ikkzcakbjrn76u5l3eavzliyjhrdvagn
