$ spack graph hdf5+hl+mpi ^mpich
o  hdf5
|\
| o  mpich
| |\
| | |\
| | | |\
| | | | |\
| | | | | |\
| | | | | | |\
| | | | | | | |\
| | | | | | | | |\
| | | | | | o | | |  hwloc
| | |_|_|_|/| | | |
| |/| | |_|/| | | |
| | | |/| |/ / / /
| | | o | | | | |  libxml2
| |_|/| | | | | |
|/| |/| | | | | |
| |/| | | | | | |
| | | |\ \ \ \ \ \
o | | | | | | | | |  zlib
 / / / / / / / / /
| | o | | | | | |  xz
| |  / / / / / /
| | | | o | | |  libpciaccess
| |_|_|/| | | |
|/| | |/| | | |
| | | | o | | |  util-macros
| | | |  / / /
| | | | o | |  findutils
| | |_|/| | |
| |/| |/| | |
| | | | |\| |
| | | | |\ \ \
| | | | | | |/
| | | | | |/|
| | | | o | |  texinfo
| | | | | | o  automake
| | | | | |/|
| | | | |/|/
| | | | | o  autoconf
| | |_|_|/|
| |/| | |/
| | | | o  perl
| | | | o  gdbm
| | | | o  readline
| | | | o  ncurses
| |_|_|/
|/| | |
o | | |  pkgconf
 / / /
| | o  libtool
| |/
|/|
o |  m4
o |  libsigsegv
 /
o  libiconv
