$ spack graph trilinos
o trilinos@17.1.1/u43pchx
|\
| |\
| | |\
| | | |\
| | | | |\
| | | | | |\
| | | | | | |\
| | | | | | | |\
| | | | | | | | |\
| | | | | | | | | |\
| | o | | | | | | | | kokkos-kernels@5.1.1/5zilkuz
| | |\| | | | | | | |
| | |\ \ \ \ \ \ \ \ \
| | | |_|_|/ / / / / /
| | |/| | | | | | | |
| | | |\ \ \ \ \ \ \ \
| | | | |_|_|/ / / / /
| | | |/| | | | | | |
| | | | |\ \ \ \ \ \ \
| | | | | |_|_|/ / / /
| | | | |/| | | | | |
| | | | | |\ \ \ \ \ \
| | | | | | |_|_|/ / /
| | | | | |/| | | | |
| | | | | | |\ \ \ \ \
| | | | | | | |_|_|/ /
| | | | | | |/| | | |
| | | | | | | | |/ /
| | | | | | | |/| |
| o | | | | | | | | openblas@0.3.33/7kdghmr
| |\| | | | | | | |
| |\ \ \ \ \ \ \ \ \
| | |_|/ / / / / / /
| |/| | | | | | | |
| | |\ \ \ \ \ \ \ \
| | | |_|/ / / / / /
| | |/| | | | | | |
| | | |\ \ \ \ \ \ \
| | | | |_|/ / / / /
| | | |/| | | | | |
| | | | |/ / / / /
o | | | | | | | | openmpi@5.0.10/qfut5qq
|\| | | | | | | |
|\ \ \ \ \ \ \ \ \
| |\ \ \ \ \ \ \ \ \
| | |\ \ \ \ \ \ \ \ \
| | | |\ \ \ \ \ \ \ \ \
| | | | |\ \ \ \ \ \ \ \ \
| | | | | |\ \ \ \ \ \ \ \ \
| | | | | | |\ \ \ \ \ \ \ \ \
| | | | | | | |\ \ \ \ \ \ \ \ \
| | | | | | | | |\ \ \ \ \ \ \ \ \
| | | | | | | | | |\ \ \ \ \ \ \ \ \
| | | | | | | | | | |_|_|_|_|_|_|_|/
| | | | | | | | | |/| | | | | | | |
| | | | | | | | | | |\ \ \ \ \ \ \ \
| | | | | | | | | | | |_|_|_|_|/ / /
| | | | | | | | | | |/| | | | | | |
| | | | | | | | | | | |\ \ \ \ \ \ \
| | | | | | | | | | | | |_|/ / / / /
| | | | | | | | | | | |/| | | | | |
| | | | | | | | | | | | |\ \ \ \ \ \
| | | | | | | | | | | | | |_|/ / / /
| | | | | | | | | | | | |/| | | | |
| | | | | | | | | | | | | |\ \ \ \ \
| | | | | | | | | | | | | | |_|/ / /
| | | | | | | | | | | | | |/| | | |
| | | | | | | | | | | | | | |\ \ \ \
| | | | | | | | | | | | | | | | | | o kokkos@5.1.1/kpwomw3
| | | | | | | | | | | |_|_|_|_|_|_|/|
| | | | | | | | | | |/| |_|_|_|_|_|/|
| | | | | | | | | | | |/| |_|_|_|_|/|
| | | | | | | | | | | | |/| |_|_|_|/|
| | | | | | | | | | | | | |/| | | |/|
| | | | | | | | | | | | | | | | |/|/
| | | | | | o | | | | | | | | | | | numactl@2.0.19/2t2useu
| | | | | | |\| | | | | | | | | | |
| | | | | | |\ \ \ \ \ \ \ \ \ \ \ \
| | | | | | | |\ \ \ \ \ \ \ \ \ \ \ \
| | | | | | | | |_|_|_|/ / / / / / / /
| | | | | | | |/| | | | | | | | | | |
| | | | | | | | |\ \ \ \ \ \ \ \ \ \ \
| | | | | | | | | |_|_|_|_|_|_|_|_|/ /
| | | | | | | | |/| | | | | | | | | |
| | | | | | | | | |\ \ \ \ \ \ \ \ \ \
| | | | | | | | | | |_|_|_|/ / / / / /
| | | | | | | | | |/| | | | | | | | |
| | | | | | | | | | |\ \ \ \ \ \ \ \ \
| | | | | | | | | | | |_|_|_|/ / / / /
| | | | | | | | | | |/| | | | | | | |
| | | | | | | | | | | |\ \ \ \ \ \ \ \
| | | | | | | | | | | | |_|_|_|/ / / /
| | | | | | | | | | | |/| | | | | | |
| | | | | | | | | | | | |\ \ \ \ \ \ \
| | | | | | | | | | | | | |_|_|_|/ / /
| | | | | | | | | | | | |/| | | | | |
| | | | | | | | | | | | | | |_|/ / /
| | | | | | | | | | | | | |/| | | |
| | | | | o | | | | | | | | | | | | openssh@10.3p1/m6yx5j3
| |_|_|_|/| | | | | | | | | | | | |
|/| | | | | | | | | | | | | | | | |
| | | | | |\ \ \ \ \ \ \ \ \ \ \ \ \
| | | | | | |\ \ \ \ \ \ \ \ \ \ \ \ \
| | | | | | | |\ \ \ \ \ \ \ \ \ \ \ \ \
| | | | | | | | |\ \ \ \ \ \ \ \ \ \ \ \ \
| | | | | | | | | |\ \ \ \ \ \ \ \ \ \ \ \ \
| | | | | | | | | | |\ \ \ \ \ \ \ \ \ \ \ \ \
| | | | | | | | | | | |_|/ / / / / / / / / / /
| | | | | | | | | | |/| | | | | | | | | | | |
| | | | | | | | | | | |\ \ \ \ \ \ \ \ \ \ \ \
| | | | | | | | | | | | |_|/ / / / / / / / / /
| | | | | | | | | | | |/| | | | | | | | | | |
| | | | | | | | | | | | |\ \ \ \ \ \ \ \ \ \ \
| | | | | | | | | | | | | |_|/ / / / / / / / /
| | | | | | | | | | | | |/| | | | | | | | | |
| | | | | | | | | | | | | |\ \ \ \ \ \ \ \ \ \
| | | | | | | | | | | | | | |_|/ / / / / / / /
| | | | | | | | | | | | | |/| | | | | | | | |
| | | | | | | | | | | | | | |/ / / / / / / /
| o | | | | | | | | | | | | | | | | | | | | prrte@4.1.0/nldxmxw
| |\| | | | | | | | | | | | | | | | | | | |
| |\ \ \ \ \ \ \ \ \ \ \ \ \ \ \ \ \ \ \ \ \
| | |_|/ / / / / / / / / / / / / / / / / / /
| |/| | | | | | | | | | | | | | | | | | | |
| | |\ \ \ \ \ \ \ \ \ \ \ \ \ \ \ \ \ \ \ \
| | | |_|/ / / / / / / / / / / / / / / / / /
| | |/| | | | | | | | | | | | | | | | | | |
| | | |\ \ \ \ \ \ \ \ \ \ \ \ \ \ \ \ \ \ \
| | | | |_|_|_|_|_|_|_|_|_|_|_|/ / / / / / /
| | | |/| | | | | | | | | | | | | | | | | |
| | | | |\ \ \ \ \ \ \ \ \ \ \ \ \ \ \ \ \ \
| | | | | |_|_|_|_|_|_|_|_|_|_|_|_|_|/ / / /
| | | | |/| | | | | | | | | | | | | | | | |
| | | | | |\ \ \ \ \ \ \ \ \ \ \ \ \ \ \ \ \
| | | | | | |_|_|_|_|_|_|_|_|_|_|_|_|_|/ / /
| | | | | |/| | | | | | | | | | | | | | | |
| | | | | | |\ \ \ \ \ \ \ \ \ \ \ \ \ \ \ \
| | | | | | | |_|_|_|_|_|_|_|_|_|_|_|_|_|/ /
| | | | | | |/| | | | | | | | | | | | | | |
| | | | | | | |\ \ \ \ \ \ \ \ \ \ \ \ \ \ \
| | | | | | | | |_|_|_|_|_|_|/ / / / / / / /
| | | | | | | |/| | | | | | | | | | | | | |
| | | | | | | | |\ \ \ \ \ \ \ \ \ \ \ \ \ \
| | | | | | | | | |_|_|_|_|_|_|/ / / / / / /
| | | | | | | | |/| | | | | | | | | | | | |
| | | | | | | | | |\ \ \ \ \ \ \ \ \ \ \ \ \
| | | | | | | | | | |_|_|_|_|_|_|/ / / / / /
| | | | | | | | | |/| | | | | | | | | | | |
| | | | | | | | | | |\ \ \ \ \ \ \ \ \ \ \ \
| | | | | | | | | | | |_|_|_|_|_|_|/ / / / /
| | | | | | | | | | |/| | | | | | | | | | |
| | | | | | | | | | | |\ \ \ \ \ \ \ \ \ \ \
| | | | | | | | | | | | |\ \ \ \ \ \ \ \ \ \ \
| | | | | | | | | | | | | |_|_|_|_|_|_|/ / / /
| | | | | | | | | | | | |/| | | | | | | | | |
| | | | | | | | | | | | | |\ \ \ \ \ \ \ \ \ \
| | | | | | | | | | | | | | |_|_|_|_|_|_|/ / /
| | | | | | | | | | | | | |/| | | | | | | | |
| | | | | | | | | | | | | | | |_|_|_|_|/ / /
| | | | | | | | | | | | | | |/| | | | | | |
| | | | | | | | | | | | | | | | | | | | | o cmake@3.31.11/a4wqsr7
| |_|_|_|_|_|_|_|_|_|_|_|_|_|_|_|_|_|_|_|/|
|/| | | | | | | |_|_|_|_|_|_|_|_|_|_|_|_|/|
| | | | | | | |/| |_|_|_|_|_|_|_|_|_|_|_|/|
| | | | | | | | |/| |_|_|_|_|_|_|_|_|_|_|/|
| | | | | | | | | |/| |_|_|_|_|_|_|_|_|_|/|
| | | | | | | | | | |/| | |_|_|_|_|_|_|_|/|
| | | | | | | | | | | | |/| | | | | |_|_|/|
| | | | | | | | | | | | | | | | | |/| | | |
| | | | | | | | | | | | | | | | | | | | o | krb5@1.22.2/ldqeqfw
| | |_|_|_|_|_|_|_|_|_|_|_|_|_|_|_|_|_|/| |
| |/| |_|_|_|_|_|_|_|_|_|_|_|_|_|_|_|_|/| |
| | |/| | | | | |_|_|_|_|_|_|_|_|_|_|_|/| |
| | | | | | | |/| |_|_|_|_|_|_|_|_|_|_|/| |
| | | | | | | | |/| |_|_|_|_|_|_|_|_|_|/| |
| | | | | | | | | |/| |_|_|_|_|_|_|_|_|/| |
| | | | | | | | | | |/| | |_|_|_|_|_|_|/| |
| | | | | | | | | | | | |/| | | | |_|_|/| |
| | | | | | | | | | | | | | | | |/| | |/| |
| | | | | | | | | | | | | | | | | | | | |\ \
| | | | | | | | | | | | | | | | | | | | | |\ \
| | | | | | | | | | | | | | | | | | | | | | |\ \
| | | | | | | | | | | | | | | | | | o | | | | | | libxcrypt@4.5.2/bkzcu2s
| | | |_|_|_|_|_|_|_|_|_|_|_|_|_|_|/| | | | | | |
| | |/| | | | | |_|_|_|_|_|_|_|_|_|/| | | | | | |
| | | | | | | |/| |_|_|_|_|_|_|_|_|/| | | | | | |
| | | | | | | | |/| |_|_|_|_|_|_|_|/| | | | | | |
| | | | | | | | | |/| |_|_|_|_|_|_|/| | | | | | |
| | | | | | | | | | |/| | |_|_|_|_|/ / / / / / /
| | | | | | | | | | | | |/| | | | | | | | | | |
| | | | | | | | | | | | | o | | | | | | | | | | automake@1.18.1/yhkgfai
| | | |_|_|_|_|_|_|_|_|_|/| | | | | | | | | | |
| | |/| | | | | |_|_|_|_|/| | | | | | | | | | |
| | | | | | | |/| |_|_|_|/| | | | | | | | | | |
| | | | | | | | |/| |_|_|/| | | | | | | | | | |
| | | | | | | | | |/| |_|/| | | | | | | | | | |
| | | | | | | | | | |/| |/| | | | | | | | | | |
| | | | | | | | | | | | | |/ / / / / / / / / /
| | | | | | | | | | | o | | | | | | | | | | | flex@2.6.3/vwo3ajm
| | | | |_|_|_|_|_|_|/| | | | | | | | | | | |
| | | |/| | | | |_|_|/| | | | | | | | | | | |
| | | | | | | |/| |_|/| | | | | | | | | | | |
| | | | | | | | |/| |/| | | | | | | | | | | |
| | | | | | | | | |/|/| | | | | | | | | | | |
| | | | | | | | | | | |\| | | | | | | | | | |
| | | | | | | | | | | |\ \ \ \ \ \ \ \ \ \ \ \
| | | | | | | | | | | | |_|_|_|_|_|_|_|/ / / /
| | | | | | | | | | | |/| | | | | | | | | | |
| | | | | | | | | | | | |\ \ \ \ \ \ \ \ \ \ \
| | | | | | | | | | | | | |_|_|_|_|_|_|_|/ / /
| | | | | | | | | | | | |/| | | | | | | | | |
| | | | | | | | | | | | | | |_|_|_|_|_|/ / /
| | | | | | | | | | | | | |/| | | | | | | |
| | | | | | | | | | | | | | | | o | | | | | pmix@6.1.0/ycyqykw
| |_|_|_|_|_|_|_|_|_|_|_|_|_|_|/| | | | | |
|/| |_|_|_|_|_|_|_|_|_|_|_|_|_|/| | | | | |
| |/| | | |_|_|_|_|_|_|_|_|_|_|/| | | | | |
| | | | |/| |_|_|_|_|_|_|_|_|_|/| | | | | |
| | | | | |/| |_|_|_|_|_|_|_|_|/| | | | | |
| | | | | | |/| |_|_|_|_|_|_|_|/| | | | | |
| | | | | | | |/| |_|_|_|_|_|_|/| | | | | |
| | | | | | | | |/| |_|_|_|_|_|/| | | | | |
| | | | | | | | | |/| |_|_|_|_|/| | | | | |
| | | | | | | | | | |/| | | | |/ / / / / /
| | | | | | | | | | | | | | |/| | | | | |
| | | | | | | | | | | | | | | | | | | | o curl@8.20.0/j2fa7xl
| |_|_|_|_|_|_|_|_|_|_|_|_|_|_|_|_|_|_|/|
|/| |_|_|_|_|_|_|_|_|_|_|_|_|_|_|_|_|_|/|
| |/| | | | | | |_|_|_|_|_|_|_|_|_|_|_|/|
| | | | | | | |/| |_|_|_|_|_|_|_|_|_|_|/|
| | | | | | | | |/| |_|_|_|_|_|_|_|_|_|/|
| | | | | | | | | |/| |_|_|_|_|_|_|_|_|/|
| | | | | | | | | | |/| | | | |_|_|_|_|/|
| | | | | | | | | | | | | | |/| | |_|_|/|
| | | | | | | | | | | | | | | | |/| | | |
| | | | | | | | | | | | | | | | | | o | | libedit@3.1-20251016/uwyh3xy
| | |_|_|_|_|_|_|_|_|_|_|_|_|_|_|_|/| | |
| |/| | | | | | |_|_|_|_|_|_|_|_|_|/| | |
| | | | | | | |/| |_|_|_|_|_|_|_|_|/| | |
| | | | | | | | |/| |_|_|_|_|_|_|_|/| | |
| | | | | | | | | |/| |_|_|_|_|_|_|/| | |
| | | | | | | | | | |/| | | | |_|_|/| | |
| | | | | | | | | | | | | | |/| | |/ / /
| | | | | | | | | | | | | | | o | | | | autoconf@2.72/jo3eg4r
| | | |_|_|_|_|_|_|_|_|_|_|_|/| | | | |
| | |/| |_|_|_|_|_|_|_|_|_|_|/| | | | |
| | | |/| | | | |_|_|_|_|_|_|/ / / / /
| | | | | | | |/| | | | | | | | | | |
| | | | | | | | | | | | | o | | | | | bison@3.8.2/lbkegpi
| | | | |_|_|_|_|_|_|_|_|/| | | | | |
| | | |/| | | | |_|_|_|_|/| | | | | |
| | | | | | | |/| |_|_|_|/| | | | | |
| | | | | | | | |/| |_|_|/| | | | | |
| | | | | | | | | |/| |_|/| | | | | |
| | | | | | | | | | |/| |/| | | | | |
| | | | | | | | | | | | | |/ / / / /
| | | | | | o | | | | | | | | | | | hwloc@2.13.0/ujctyey
| | |_|_|_|/| | | | | | | | | | | |
| |/| | | | | | | | | | | | | | | |
| | | | | | |\| | | | | | | | | | |
| | | | | | |\ \ \ \ \ \ \ \ \ \ \ \
| | | | | | | |_|_|_|_|_|_|_|_|/ / /
| | | | | | |/| | | | | | | | | | |
| | | | | | | |\ \ \ \ \ \ \ \ \ \ \
| | | | | | | | |\ \ \ \ \ \ \ \ \ \ \
| | | | | | | | | |\ \ \ \ \ \ \ \ \ \ \
| | | | | | | | | | |_|/ / / / / / / / /
| | | | | | | | | |/| | | | | | | | | |
| | | | | | | | | | |\ \ \ \ \ \ \ \ \ \
| | | | | | | | | | | |_|/ / / / / / / /
| | | | | | | | | | |/| | | | | | | | |
| | | | | | | | | | | |\ \ \ \ \ \ \ \ \
| | | | | | | | | | | | |_|/ / / / / / /
| | | | | | | | | | | |/| | | | | | | |
| | | | | | | | | | | | | |_|/ / / / /
| | | | | | | | | | | | |/| | | | | |
| | | | | o | | | | | | | | | | | | | libevent@2.1.12/oopqoag
| | | | | |\ \ \ \ \ \ \ \ \ \ \ \ \ \
| | | | | | |_|_|_|_|_|_|_|_|_|_|/ / /
| | | | | |/| | | | | | | | | | | | |
| | | | | | |\ \ \ \ \ \ \ \ \ \ \ \ \
| | | | | | | |_|_|_|_|_|_|_|/ / / / /
| | | | | | |/| | | | | | | | | | | |
| | | | | | | |\ \ \ \ \ \ \ \ \ \ \ \
| | | | | | | | |_|_|_|/ / / / / / / /
| | | | | | | |/| | | | | | | | | | |
| | | | | | | | |\ \ \ \ \ \ \ \ \ \ \
| | | | | | | | | |_|_|_|/ / / / / / /
| | | | | | | | |/| | | | | | | | | |
| | | | | | | | | |\ \ \ \ \ \ \ \ \ \
| | | | | | | | | | |_|_|_|/ / / / / /
| | | | | | | | | |/| | | | | | | | |
| | | | | | | | | | | |_|/ / / / / /
| | | | | | | | | | |/| | | | | | |
| | | | o | | | | | | | | | | | | | libtool@2.5.4/3gdq456
| | | |/| | | | | | | | | | | | | |
| | | | |\ \ \ \ \ \ \ \ \ \ \ \ \ \
| | | | | |_|/ / / / / / / / / / / /
| | | | |/| | | | | | | | | | | | |
| | | | | |\ \ \ \ \ \ \ \ \ \ \ \ \
| | | | | | |_|/ / / / / / / / / / /
| | | | | |/| | | | | | | | | | | |
| | | | | | |\ \ \ \ \ \ \ \ \ \ \ \
| | | | | | | |_|/ / / / / / / / / /
| | | | | | |/| | | | | | | | | | |
| | | | | | | |\ \ \ \ \ \ \ \ \ \ \
| | | | | | | | |_|/ / / / / / / / /
| | | | | | | |/| | | | | | | | | |
| | | | | | | | |\ \ \ \ \ \ \ \ \ \
| | | | | | | | | |_|_|_|_|_|/ / / /
| | | | | | | | |/| | | | | | | | |
| | | | | | | | | |\ \ \ \ \ \ \ \ \
| | | | | | | | | | | |/ / / / / / /
| | | | | | | | | | |/| | | | | | |
| | | | | | | | | | | | | | | | | o nghttp2@1.67.1/4lyasaz
| | |_|_|_|_|_|_|_|_|_|_|_|_|_|_|/|
| |/| | | |_|_|_|_|_|_|_|_|_|_|_|/|
| | | | |/| |_|_|_|_|_|_|_|_|_|_|/|
| | | | | |/| |_|_|_|_|_|_|_|_|_|/|
| | | | | | |/| |_|_|_|_|_|_|_|_|/|
| | | | | | | |/| | | |_|_|_|_|_|/|
| | | | | | | | | | |/| | | | | |/
| | | | | | | | | | | | | | | |/|
| | | | | | | | | | | | | | o | | libpciaccess@0.17/qzkk5ym
| | |_|_|_|_|_|_|_|_|_|_|_|/| | |
| |/| | | |_|_|_|_|_|_|_|_|/| | |
| | | | |/| |_|_|_|_|_|_|_|/| | |
| | | | | |/| |_|_|_|_|_|_|/| | |
| | | | | | |/| |_|_|_|_|_|/| | |
| | | | | | | |/| | | |_|_|/| | |
| | | | | | | | | | |/| | | | | |
| | | | | | | | | | | o | | | | | openssl@3.6.1/33yozp5
| |_|_|_|_|_|_|_|_|_|/| | | | | |
|/| | |_|_|_|_|_|_|_|/| | | | | |
| | |/| | |_|_|_|_|_|/| | | | | |
| | | | |/| |_|_|_|_|/| | | | | |
| | | | | |/| |_|_|_|/| | | | | |
| | | | | | |/| |_|_|/| | | | | |
| | | | | | | |/| | |/| | | | | |
| | | | | | | | | o | | | | | | | file@5.46/mguwetc
| |_|_|_|_|_|_|_|/| | | | | | | |
|/| | | | |_|_|_|/| | | | | | | |
| | | | |/| |_|_|/| | | | | | | |
| | | | | |/| |_|/| | | | | | | |
| | | | | | |/| |/| | | | | | | |
| | | | | | | |/| | | | | | | | |
| | | | | | | | | |\| | | | | | |
| | | | | | | | | |\ \ \ \ \ \ \ \
| | | | | | | | | | |\ \ \ \ \ \ \ \
| | | | | | | | o | | | | | | | | | | findutils@4.10.0/punbqrx
| | | | | |_|_|/| | | | | | | | | | |
| | | | |/| |_|/| | | | | | | | | | |
| | | | | |/| |/| | | | | | | | | | |
| | | | | | |/|/| | | | | | | | | | |
| | | | | | | | |\ \ \ \ \ \ \ \ \ \ \
| | | | | | | | | |_|_|_|_|_|_|_|_|_|/
| | | | | | | | |/| | | | | | | | | |
| | | | | | | | | | |_|/ / / / / / /
| | | | | | | | | |/| | | | | | | |
| | | o | | | | | | | | | | | | | | m4@1.4.21/y6uqrto
| | | |\| | | | | | | | | | | | | |
| | | |\ \ \ \ \ \ \ \ \ \ \ \ \ \ \
| | | | |\ \ \ \ \ \ \ \ \ \ \ \ \ \ \
| | | | | |_|/ / / / / / / / / / / / /
| | | | |/| | | | | | | | | | | | | |
| | | | | |\ \ \ \ \ \ \ \ \ \ \ \ \ \
| | | | | | |_|/ / / / / / / / / / / /
| | | | | |/| | | | | | | | | | | | |
| | | | | | |\ \ \ \ \ \ \ \ \ \ \ \ \
| | | | | | | |_|/ / / / / / / / / / /
| | | | | | |/| | | | | | | | | | | |
| | | | | | | |\ \ \ \ \ \ \ \ \ \ \ \
| | | | | | | | |_|_|_|_|_|_|_|_|_|_|/
| | | | | | | |/| | | | | | | | | | |
| | | | | | | | | |/ / / / / / / / /
| | | | | | | | |/| | | | | | | | |
| | | | | | | | | | | | | | | | | o util-macros@1.20.2/o5fy6wf
| | | | | | | | | | |_|_|_|_|_|_|/
| | | | | | | | | |/| | | | | | |
| | | | | | | | | | | | | | o | | ca-certificates-mozilla@2026-03-19/axeuqg3
| | | | | | | | | | | | | |  / /
| | o | | | | | | | | | | | | | perl@5.42.0/bvphs3b
| |/| | | | | | | | | | | | | |
|/| | | | | | | | | | | | | | |
| | |\ \ \ \ \ \ \ \ \ \ \ \ \ \
| | | |\ \ \ \ \ \ \ \ \ \ \ \ \ \
| | | | |_|_|_|_|_|_|/ / / / / / /
| | | |/| | | | | | | | | | | | |
| | | | |\ \ \ \ \ \ \ \ \ \ \ \ \
| | | | | |_|/ / / / / / / / / / /
| | | | |/| | | | | | | | | | | |
| | | | | |\ \ \ \ \ \ \ \ \ \ \ \
| | | | | | |\ \ \ \ \ \ \ \ \ \ \ \
| | | | | | | |_|/ / / / / / / / / /
| | | | | | |/| | | | | | | | | | |
| | | | | | | |\ \ \ \ \ \ \ \ \ \ \
| | | | | | | | |_|/ / / / / / / / /
| | | | | | | |/| | | | | | | | | |
| | | | | | | | |\ \ \ \ \ \ \ \ \ \
| | | | | | | | | |_|_|/ / / / / / /
| | | | | | | | |/| | | | | | | | |
| | | | | | | | | |\ \ \ \ \ \ \ \ \
| | | | | | | | | | |_|_|_|_|_|/ / /
| | | | | | | | | |/| | | | | | | |
| | | | | | | | | | | | | o | | | | gettext@1.0/sle3ix4
| | | | |_|_|_|_|_|_|_|_|/| | | | |
| | | |/| |_|_|_|_|_|_|_|/| | | | |
| | | | |/| | |_|_|_|_|_|/| | | | |
| | | | | | |/| |_|_|_|_|/| | | | |
| | | | | | | |/| |_|_|_|/| | | | |
| | | | | | | | |/| |_|_|/| | | | |
| | | | | | | | | |/| | | | | | | |
| | | | | | | | | | | | | |\ \ \ \ \
| | | | | | | | | | | | | | |_|/ / /
| | | | | | | | | | | | | |/| | | |
| | | | | | | | | | | | | | |\ \ \ \
| | | | | | | | | | | | | | | |\ \ \ \
| | | | | | | | | | | | | | | | |_|/ /
| | | | | | | | | | | | | | | |/| | |
| | | | | | | | | | | | | | | | |\ \ \
| | | | | | | | | | | | | | | | | |_|/
| | | | | | | | | | | | | | | | |/| |
| | | | | | | | | | | o | | | | | | | libsigsegv@2.15/phcmfqk
| | | | |_|_|_|_|_|_|/| | | | | | | |
| | | |/| |_|_|_|_|_|/| | | | | | | |
| | | | |/| | |_|_|_|/| | | | | | | |
| | | | | | |/| |_|_|/| | | | | | | |
| | | | | | | |/| |_|/ / / / / / / /
| | | | | | | | |/| | | | | | | | |
| | | | | | | | | | o | | | | | | | berkeley-db@18.1.40/27d4iyp
| | | | |_|_|_|_|_|/| | | | | | | |
| | | |/| |_|_|_|_|/| | | | | | | |
| | | | |/| | |_|_|/| | | | | | | |
| | | | | | |/| |_|/| | | | | | | |
| | | | | | | |/| |/ / / / / / / /
| | | | | | | | |/| | | | | | | |
| | | | | o | | | | | | | | | | | gdbm@1.26/cq4dkuc
| | | | |/| | | | | | | | | | | |
| | | |/|/| | | | | | | | | | | |
| | | | | |\| | | | | | | | | | |
| | | | | |\ \ \ \ \ \ \ \ \ \ \ \
| | | | | | |\ \ \ \ \ \ \ \ \ \ \ \
| | | | | | | |_|/ / / / / / / / / /
| | | | | | |/| | | | | | | | | | |
| | | | | | | |/ / / / / / / / / /
| | o | | | | | | | | | | | | | | less@692/ohmdb2l
| | |\| | | | | | | | | | | | | |
| | |\ \ \ \ \ \ \ \ \ \ \ \ \ \ \
| | | |_|_|_|_|_|_|_|_|_|_|/ / / /
| | |/| | | | | | | | | | | | | |
| | | |\ \ \ \ \ \ \ \ \ \ \ \ \ \
| | | | |_|/ / / / / / / / / / / /
| | | |/| | | | | | | | | | | | |
| | | | |\ \ \ \ \ \ \ \ \ \ \ \ \
| | | | | |_|_|_|_|/ / / / / / / /
| | | | |/| | | | | | | | | | | |
| | | | | |\ \ \ \ \ \ \ \ \ \ \ \
| | | | | | |_|_|/ / / / / / / / /
| | | | | |/| | | | | | | | | | |
| | | | | | | |/ / / / / / / / /
| | | | | | |/| | | | | | | | |
| | | | | | | | | | | | | o | | libxml2@2.15.3/ujlg2ua
| |_|_|_|_|_|_|_|_|_|_|_|/| | |
|/| |_|_|_|_|_|_|_|_|_|_|/| | |
| |/| | |_|_|_|_|_|_|_|_|/| | |
| | | |/| |_|_|_|_|_|_|_|/| | |
| | | | |/| |_|_|_|_|_|_|/| | |
| | | | | |/| |_|_|_|_|_|/| | |
| | | | | | |/| |_|_|_|_|/| | |
| | | | | | | |/| | | | |/| | |
| | | | | | | | | | | |/| | | |
| | | | | | | | | | | | | |/ /
| | | | | | | | | | | | o | | tar@1.35/f5xe4px
| | | | |_|_|_|_|_|_|_|/| | |
| | | |/| |_|_|_|_|_|_|/| | |
| | | | |/| |_|_|_|_|_|/| | |
| | | | | |/| |_|_|_|_|/| | |
| | | | | | |/| |_|_|_|/| | |
| | | | | | | |/| | |_|/| | |
| | | | | | | | | |/| |/| | |
| | | | | | | | | | | | |\| |
| | | | | | | | | | | | |\ \ \
| | | | | | | | | | | | | |_|/
| | | | | | | | | | | | |/| |
| | | | | | | | o | | | | | | readline@8.3/k25xiih
| | | |_|_|_|_|/| | | | | | |
| | |/| |_|_|_|/| | | | | | |
| | | |/| |_|_|/| | | | | | |
| | | | |/| |_|/| | | | | | |
| | | | | |/| |/| | | | | | |
| | | | | | |/|/ / / / / / /
| | | | | | | | o | | | | | bzip2@1.0.8/cbtgjrh
| | | | |_|_|_|/| | | | | |
| | | |/| |_|_|/| | | | | |
| | | | |/| |_|/| | | | | |
| | | | | |/| |/| | | | | |
| | | | | | |/|/| | | | | |
| | | | | | | | |/ / / / /
| | | | | | | | | | | o | pigz@2.8/afklka7
| |_|_|_|_|_|_|_|_|_|/| |
|/| | | |_|_|_|_|_|_|/| |
| | | |/| |_|_|_|_|_|/| |
| | | | |/| |_|_|_|_|/| |
| | | | | |/| |_|_|_|/| |
| | | | | | |/| |_|_|/ /
| | | | | | | |/| | | |
| | | | | | | | | o | | xz@5.8.3/hhjyyqy
| | | | |_|_|_|_|/| | |
| | | |/| |_|_|_|/| | |
| | | | |/| |_|_|/| | |
| | | | | |/| |_|/| | |
| | | | | | |/| |/ / /
| | | | | | | |/| | |
| | | | | | | | | o | zstd@1.5.7/63aruxk
| | | | |_|_|_|_|/| |
| | | |/| |_|_|_|/| |
| | | | |/| |_|_|/| |
| | | | | |/| |_|/| |
| | | | | | |/| |/ /
| | | | | | | |/| |
| | o | | | | | | | ncurses@6.6/ekvivpv
| |/| | | | | | | |
| | |\| | | | | | |
| | |\ \ \ \ \ \ \ \
| | | |_|_|_|_|/ / /
| | |/| | | | | | |
| | | |\ \ \ \ \ \ \
| | | | |_|/ / / / /
| | | |/| | | | | |
| | | | |\ \ \ \ \ \
| | | | | |_|/ / / /
| | | | |/| | | | |
| | | | | |/ / / /
| | | | | | | o | diffutils@3.12/ao2onuz
| | | |_|_|_|/| |
| | |/| |_|_|/| |
| | | |/| |_|/| |
| | | | |/| |/| |
| | | | | |/|/| |
| | | | | | | |/
o | | | | | | | zlib-ng@2.3.3/g72d7i3
|\ \ \ \ \ \ \ \
| |_|/ / / / / /
|/| | | | | | |
| |\ \ \ \ \ \ \
| | |_|_|_|_|/ /
| |/| | | | | |
| | |\ \ \ \ \ \
| | | |_|/ / / /
| | |/| | | | |
| | | |\ \ \ \ \
| | | | |_|/ / /
| | | |/| | | |
| | | | |/ / /
| | | | | o | pkgconf@2.5.1/yvl6jpi
| |_|_|_|/| |
|/| |_|_|/| |
| |/| |_|/| |
| | |/| |/| |
| | | |/|/ /
| | | | | o libiconv@1.18/vbwvgwx
| |_|_|_|/|
|/| |_|_|/|
| |/| |_|/|
| | |/| |/|
| | | |/|/
o | | | | gmake@4.4.1/r4lhaok
|\| | | |
|\ \ \ \ \
| |_|/ / /
|/| | | |
| |\ \ \ \
| | |_|/ /
| |/| | |
| | |/ /
| | o | compiler-wrapper@1.1.0/mmywg7x
| |  /
o | | gcc-runtime@15.2.0/xm76mt3
|\| |
| |/
|/|
| o gcc@15.2.0/yjlog5x
|
o glibc@2.43/yc4n2pp
