$ spack install hdf5+hl+mpi ^mpich
[+] /home/spack/spack/opt/spack/linux-ubuntu18.04-x86_64/gcc-7.5.0/libsigsegv-2.12-lbrx7lnfz46ukewxbhxnucmx76g23c6q
[+] /home/spack/spack/opt/spack/linux-ubuntu18.04-x86_64/gcc-7.5.0/berkeley-db-18.1.40-4ihuiazsglf22f3pntq5hc4kyszqzexn
[+] /home/spack/spack/opt/spack/linux-ubuntu18.04-x86_64/gcc-7.5.0/pkgconf-1.7.3-4sh6pymrm2ms4auu3ajbjjr6fiuhz5g7
[+] /home/spack/spack/opt/spack/linux-ubuntu18.04-x86_64/gcc-7.5.0/util-macros-1.19.1-gs6ag7ktdoiirb62t7bcagjw62szrrg2
[+] /home/spack/spack/opt/spack/linux-ubuntu18.04-x86_64/gcc-7.5.0/libiconv-1.16-jearpk4xci4zc7dkrza4fufaqfkq7rfl
[+] /home/spack/spack/opt/spack/linux-ubuntu18.04-x86_64/gcc-7.5.0/xz-5.2.5-komekkmyciga3kl24edjmredhj3uyt7v
[+] /home/spack/spack/opt/spack/linux-ubuntu18.04-x86_64/gcc-7.5.0/zlib-1.2.11-smoyzzo2qhzpn6mg6rd3l2p7b23enshg
[+] /home/spack/spack/opt/spack/linux-ubuntu18.04-x86_64/gcc-7.5.0/m4-1.4.18-mkc3u4x2p2wie6jfhuku7g5rkovcrxps
[+] /home/spack/spack/opt/spack/linux-ubuntu18.04-x86_64/gcc-7.5.0/ncurses-6.2-crhlefo3dv7lmsv5pf4icsy4gepkdorm
[+] /home/spack/spack/opt/spack/linux-ubuntu18.04-x86_64/gcc-7.5.0/libxml2-2.9.10-yn2r3wfhiilelyulh5toteicdtxjhw7d
[+] /home/spack/spack/opt/spack/linux-ubuntu18.04-x86_64/gcc-7.5.0/libtool-2.4.6-jdxbjftheiotj6solpomva7dowrhlerl
[+] /home/spack/spack/opt/spack/linux-ubuntu18.04-x86_64/gcc-7.5.0/readline-8.0-t54jzdy2jj4snltjazlm3br2urcilc6v
[+] /home/spack/spack/opt/spack/linux-ubuntu18.04-x86_64/gcc-7.5.0/libpciaccess-0.16-bob4o5m3uku6vtdil5imasprgy775zg7
[+] /home/spack/spack/opt/spack/linux-ubuntu18.04-x86_64/gcc-7.5.0/gdbm-1.18.1-4av4gywgpaspkhy3dvbb62nulqogtzbb
==> Installing hwloc-2.2.0-a4cxlu767bxxceahypqpj2gjdt7hmhvm
==> Fetching file:///mirror/build_cache/linux-ubuntu18.04-x86_64/gcc-7.5.0/hwloc-2.2.0/linux-ubuntu18.04-x86_64-gcc-7.5.0-hwloc-2.2.0-a4cxlu767bxxceahypqpj2gjdt7hmhvm.spack
 ###################################################################################################################################################################### 100.0%
==> Extracting hwloc-2.2.0-a4cxlu767bxxceahypqpj2gjdt7hmhvm from binary cache
[+] /home/spack/spack/opt/spack/linux-ubuntu18.04-x86_64/gcc-7.5.0/hwloc-2.2.0-a4cxlu767bxxceahypqpj2gjdt7hmhvm
[+] /home/spack/spack/opt/spack/linux-ubuntu18.04-x86_64/gcc-7.5.0/perl-5.32.0-zfdvt2jjuaees43ffrrtphqs2ky3o22t
==> Installing texinfo-6.5-p46ba5qb5wvx6a2bneh4vlurqusz35bj
==> Fetching file:///mirror/build_cache/linux-ubuntu18.04-x86_64/gcc-7.5.0/texinfo-6.5/linux-ubuntu18.04-x86_64-gcc-7.5.0-texinfo-6.5-p46ba5qb5wvx6a2bneh4vlurqusz35bj.spack
 ###################################################################################################################################################################### 100.0%
==> Extracting texinfo-6.5-p46ba5qb5wvx6a2bneh4vlurqusz35bj from binary cache
[+] /home/spack/spack/opt/spack/linux-ubuntu18.04-x86_64/gcc-7.5.0/texinfo-6.5-p46ba5qb5wvx6a2bneh4vlurqusz35bj
[+] /home/spack/spack/opt/spack/linux-ubuntu18.04-x86_64/gcc-7.5.0/autoconf-2.69-mm33a3ocsv3jsh2tfxc4mlab4xsurtdd
[+] /home/spack/spack/opt/spack/linux-ubuntu18.04-x86_64/gcc-7.5.0/automake-1.16.2-d2krmb5gweivlnztcymhklzsqbrpatt6
==> Installing findutils-4.6.0-hrv4dx5txigi2la7siu3qsa7cervn7tv
==> Fetching file:///mirror/build_cache/linux-ubuntu18.04-x86_64/gcc-7.5.0/findutils-4.6.0/linux-ubuntu18.04-x86_64-gcc-7.5.0-findutils-4.6.0-hrv4dx5txigi2la7siu3qsa7cervn7tv.spack
 ###################################################################################################################################################################### 100.0%
==> Extracting findutils-4.6.0-hrv4dx5txigi2la7siu3qsa7cervn7tv from binary cache
[+] /home/spack/spack/opt/spack/linux-ubuntu18.04-x86_64/gcc-7.5.0/findutils-4.6.0-hrv4dx5txigi2la7siu3qsa7cervn7tv
==> Installing mpich-3.3.2-vbelg5sthuytvkxbrvue2alphviggiur
==> Fetching file:///mirror/build_cache/linux-ubuntu18.04-x86_64/gcc-7.5.0/mpich-3.3.2/linux-ubuntu18.04-x86_64-gcc-7.5.0-mpich-3.3.2-vbelg5sthuytvkxbrvue2alphviggiur.spack
 ###################################################################################################################################################################### 100.0%
==> Extracting mpich-3.3.2-vbelg5sthuytvkxbrvue2alphviggiur from binary cache
[+] /home/spack/spack/opt/spack/linux-ubuntu18.04-x86_64/gcc-7.5.0/mpich-3.3.2-vbelg5sthuytvkxbrvue2alphviggiur
==> Installing hdf5-1.10.7-cq4k4cvkdbwzejti2f6za4morbud7ars
==> Fetching file:///mirror/build_cache/linux-ubuntu18.04-x86_64/gcc-7.5.0/hdf5-1.10.7/linux-ubuntu18.04-x86_64-gcc-7.5.0-hdf5-1.10.7-cq4k4cvkdbwzejti2f6za4morbud7ars.spack
 ###################################################################################################################################################################### 100.0%
==> Extracting hdf5-1.10.7-cq4k4cvkdbwzejti2f6za4morbud7ars from binary cache
[+] /home/spack/spack/opt/spack/linux-ubuntu18.04-x86_64/gcc-7.5.0/hdf5-1.10.7-cq4k4cvkdbwzejti2f6za4morbud7ars
