$ spack install hdf5~mpi
[+] /usr (external glibc-2.35-qg7qyazcn2fwrck5vgr3mxq3i4uxkhlo)
[+] /home/spack/spack/opt/spack/linux-x86_64_v3/compiler-wrapper-1.0-ntccuj2fi3y7asqifeq3i4iylrbxakw2
[+] /usr (external gcc-11.4.0-ml7cem5pfeoluzbhb7jsiisemvoauaz5)
[+] /home/spack/spack/opt/spack/linux-x86_64_v3/gcc-runtime-11.4.0-nokfxvaa4aklxfhoymvz6hlvbqw3kwnh
[+] /home/spack/spack/opt/spack/linux-x86_64_v3/mbedtls-2.28.9-bz3ghzheol2ecbi3vpldgbb3yd7yblle
[+] /home/spack/spack/opt/spack/linux-x86_64_v3/gmake-4.4.1-4obn7cgqfwoxyvmnpeedud63bsjhoqma
[+] /home/spack/spack/opt/spack/linux-x86_64_v3/zlib-ng-2.0.7-qlavhjbsgqyboovfvsultjdwzz5nvthw
[+] /home/spack/spack/opt/spack/linux-x86_64_v3/ncurses-6.5-20250705-ncdxq3juvboefpavgmovg5rb5bx76ohz
[+] /home/spack/spack/opt/spack/linux-x86_64_v3/pkgconf-2.5.1-f4qiprwjcd2q3fp63uzgp47f3kw66r5h
[+] /home/spack/spack/opt/spack/linux-x86_64_v3/xz-5.6.3-yzaocbs7geczi5d7qyvmqwrxi4r7dvph
[+] /home/spack/spack/opt/spack/linux-x86_64_v3/nghttp2-1.48.0-ft5kpbdiz6kctcooz4ksam37pskskehg
[+] /home/spack/spack/opt/spack/linux-x86_64_v3/libssh2-1.11.1-txa2olxuoxfkv7jdjrdw27djcf6fa5sz
[+] /home/spack/spack/opt/spack/linux-x86_64_v3/curl-8.15.0-6uqd6hxvleneurgdgpsa4mdixxbsn2jo
[+] /home/spack/spack/opt/spack/linux-x86_64_v3/cmake-3.31.9-6mcg35zwz2jgg26ihk57467slldmanb7
==> Fetching file:///mirror/blobs/sha256/b9/b983159a27b0c74e65edaa34eb1e4ffe6f192e355209aacbe71ddac49b6b8fbd
    [100%]   65.32 MB @	 411.3 GB/s
==> Extracting hdf5-1.14.6-uf7eixqrlzpzwhx477i5vywc3y7whizm from binary cache
==> hdf5: Successfully installed hdf5-1.14.6-uf7eixqrlzpzwhx477i5vywc3y7whizm
  Search: 0.00s.  Fetch: 0.17s.	 Install: 0.19s.  Extract: 0.16s.  Relocate: 0.02s.  Total: 0.36s
[+] /home/spack/spack/opt/spack/linux-x86_64_v3/hdf5-1.14.6-uf7eixqrlzpzwhx477i5vywc3y7whizm
==> Installing hdf5-1.14.6-uf7eixqrlzpzwhx477i5vywc3y7whizm [15/15]
