$ spack install hdf5
[ ] g72d7i3 zlib-ng@2.3.3 fetching from build cache (0s)
[ ] g72d7i3 zlib-ng@2.3.3 relocating (0s)
[ ] yvl6jpi pkgconf@2.5.1 fetching from build cache (0s)
[ ] yvl6jpi pkgconf@2.5.1 relocating (0s)
[ ] ekvivpv ncurses@6.6 fetching from build cache (0s)
[ ] bkzcu2s libxcrypt@4.5.2 fetching from build cache (0s)
[ ] hhjyyqy xz@5.8.3 fetching from build cache (0s)
[ ] 63aruxk zstd@1.5.7 fetching from build cache (0s)
[ ] vbwvgwx libiconv@1.18 fetching from build cache (0s)
[ ] ekvivpv ncurses@6.6 relocating (0s)
[ ] bkzcu2s libxcrypt@4.5.2 relocating (0s)
[ ] cbtgjrh bzip2@1.0.8 fetching from build cache (0s)
[ ] hhjyyqy xz@5.8.3 relocating (0s)
[ ] 2t2useu numactl@2.0.19 fetching from build cache (0s)
[ ] 63aruxk zstd@1.5.7 relocating (0s)
[ ] qzkk5ym libpciaccess@0.17 fetching from build cache (0s)
[ ] vbwvgwx libiconv@1.18 relocating (0s)
[+] g72d7i3 zlib-ng@2.3.3 /home/spack/spack/opt/spack/linux-x86_64_v3/zlib-ng-2.3.3-g72d7i3bvgfmroytbp2d6giv67ymputp (0s)
[ ] cbtgjrh bzip2@1.0.8 relocating (0s)
[ ] 2t2useu numactl@2.0.19 relocating (0s)
[ ] qzkk5ym libpciaccess@0.17 relocating (0s)
[+] yvl6jpi pkgconf@2.5.1 /home/spack/spack/opt/spack/linux-x86_64_v3/pkgconf-2.5.1-yvl6jpilvkgopkrc2aanfhd3z7lz7r3l (0s)
[ ] afklka7 pigz@2.8 fetching from build cache (0s)
[+] bkzcu2s libxcrypt@4.5.2 /home/spack/spack/opt/spack/linux-x86_64_v3/libxcrypt-4.5.2-bkzcu2s2hndgbhrkbhtlcnlvxg2em7e3 (0s)
[ ] 33yozp5 openssl@3.6.1 fetching from build cache (0s)
[+] 63aruxk zstd@1.5.7 /home/spack/spack/opt/spack/linux-x86_64_v3/zstd-1.5.7-63aruxky3a4xfivh32jt676wmoftlzy6 (0s)
[+] cbtgjrh bzip2@1.0.8 /home/spack/spack/opt/spack/linux-x86_64_v3/bzip2-1.0.8-cbtgjrhpwivtaewryhbkj6zxuukhoekx (0s)
[+] qzkk5ym libpciaccess@0.17 /home/spack/spack/opt/spack/linux-x86_64_v3/libpciaccess-0.17-qzkk5ymbu3z37kjhgylrkdy7w3hixzna (0s)
[ ] afklka7 pigz@2.8 relocating (0s)
[+] vbwvgwx libiconv@1.18 /home/spack/spack/opt/spack/linux-x86_64_v3/libiconv-1.18-vbwvgwxvjrccmptlen3ebo555lk5wior (0s)
[ ] 33yozp5 openssl@3.6.1 relocating (0s)
[+] hhjyyqy xz@5.8.3 /home/spack/spack/opt/spack/linux-x86_64_v3/xz-5.8.3-hhjyyqygxtpzvdyoddyypk5sfyqdcmqe (0s)
[+] 2t2useu numactl@2.0.19 /home/spack/spack/opt/spack/linux-x86_64_v3/numactl-2.0.19-2t2useutfyn7jozdzlunsc6336q6fcqx (0s)
[+] afklka7 pigz@2.8 /home/spack/spack/opt/spack/linux-x86_64_v3/pigz-2.8-afklka7uurghkxzfzr2kpku3hq64dp2w (0s)
[ ] ujlg2ua libxml2@2.15.3 fetching from build cache (0s)
[ ] f5xe4px tar@1.35 fetching from build cache (0s)
[ ] ujlg2ua libxml2@2.15.3 relocating (0s)
[ ] f5xe4px tar@1.35 relocating (0s)
[+] ujlg2ua libxml2@2.15.3 /home/spack/spack/opt/spack/linux-x86_64_v3/libxml2-2.15.3-ujlg2uai6quwrnqjswhpatdam2owxnzh (0s)
[+] f5xe4px tar@1.35 /home/spack/spack/opt/spack/linux-x86_64_v3/tar-1.35-f5xe4pxaujwc2cs2ppllgloh7gwbkkyd (0s)
[+] 33yozp5 openssl@3.6.1 /home/spack/spack/opt/spack/linux-x86_64_v3/openssl-3.6.1-33yozp5l5ca4dnkgjjf2l2tdvt47mdna (0s)
[ ] oopqoag libevent@2.1.12 fetching from build cache (0s)
[ ] oopqoag libevent@2.1.12 relocating (0s)
[+] oopqoag libevent@2.1.12 /home/spack/spack/opt/spack/linux-x86_64_v3/libevent-2.1.12-oopqoagvk4zhptmzymsbim2dmnfy37zf (1s)
[+] ekvivpv ncurses@6.6 /home/spack/spack/opt/spack/linux-x86_64_v3/ncurses-6.6-ekvivpvwxpsfmbydk42j7me3ckftiheo (1s)
[ ] sle3ix4 gettext@1.0 fetching from build cache (0s)
[ ] uwyh3xy libedit@3.1-20251016 fetching from build cache (0s)
[ ] ujctyey hwloc@2.13.0 fetching from build cache (0s)
[ ] uwyh3xy libedit@3.1-20251016 relocating (0s)
[ ] sle3ix4 gettext@1.0 relocating (0s)
[ ] ujctyey hwloc@2.13.0 relocating (0s)
[+] uwyh3xy libedit@3.1-20251016 /home/spack/spack/opt/spack/linux-x86_64_v3/libedit-3.1-20251016-uwyh3xy52rwywtmgrdtwnljgevcnnctj (0s)
[+] ujctyey hwloc@2.13.0 /home/spack/spack/opt/spack/linux-x86_64_v3/hwloc-2.13.0-ujctyeyjzvata7o7oje5nefjmgqabosi (0s)
[ ] ycyqykw pmix@6.1.0 fetching from build cache (0s)
[ ] ycyqykw pmix@6.1.0 relocating (0s)
[+] ycyqykw pmix@6.1.0 /home/spack/spack/opt/spack/linux-x86_64_v3/pmix-6.1.0-ycyqykw634st7ajhnrl2kqnkldgtk3xr (0s)
[ ] nldxmxw prrte@4.1.0 fetching from build cache (0s)
[+] sle3ix4 gettext@1.0 /home/spack/spack/opt/spack/linux-x86_64_v3/gettext-1.0-sle3ix4nizh2w3uwvaokqlqlotlaexbu (0s)
[ ] nldxmxw prrte@4.1.0 relocating (0s)
[ ] ldqeqfw krb5@1.22.2 fetching from build cache (0s)
[ ] ldqeqfw krb5@1.22.2 relocating (0s)
[+] ldqeqfw krb5@1.22.2 /home/spack/spack/opt/spack/linux-x86_64_v3/krb5-1.22.2-ldqeqfwa76qeegjqhv72by6ayv5xlwae (0s)
[+] nldxmxw prrte@4.1.0 /home/spack/spack/opt/spack/linux-x86_64_v3/prrte-4.1.0-nldxmxwkhusnlqwqsuacqvn3t5r6bpjb (0s)
[ ] m6yx5j3 openssh@10.3p1 fetching from build cache (0s)
[ ] m6yx5j3 openssh@10.3p1 relocating (0s)
[+] m6yx5j3 openssh@10.3p1 /home/spack/spack/opt/spack/linux-x86_64_v3/openssh-10.3p1-m6yx5j3srcybuucnboqjse2jc2a35vxq (0s)
[ ] qfut5qq openmpi@5.0.10 fetching from build cache (0s)
[ ] qfut5qq openmpi@5.0.10 relocating (0s)
[+] qfut5qq openmpi@5.0.10 /home/spack/spack/opt/spack/linux-x86_64_v3/openmpi-5.0.10-qfut5qqwp2fzaq3ymgk7nxvjv3qyrvml (1s)
[ ] 7cwv3st hdf5@1.14.6 fetching from build cache (0s)
[ ] 7cwv3st hdf5@1.14.6 relocating (0s)
[+] 7cwv3st hdf5@1.14.6 /home/spack/spack/opt/spack/linux-x86_64_v3/hdf5-1.14.6-7cwv3stkmkwxjbnujvpc6drqh3af5cwz (0s)
