$ spack install gcc @8.3.0
[+] /home/spack/spack/opt/spack/linux-ubuntu18.04-x86_64/gcc-7.5.0/libsigsegv-2.12-lbrx7lnfz46ukewxbhxnucmx76g23c6q
[+] /home/spack/spack/opt/spack/linux-ubuntu18.04-x86_64/gcc-7.5.0/pkgconf-1.7.3-4sh6pymrm2ms4auu3ajbjjr6fiuhz5g7
[+] /home/spack/spack/opt/spack/linux-ubuntu18.04-x86_64/gcc-7.5.0/zlib-1.2.11-smoyzzo2qhzpn6mg6rd3l2p7b23enshg
[+] /home/spack/spack/opt/spack/linux-ubuntu18.04-x86_64/gcc-7.5.0/m4-1.4.18-mkc3u4x2p2wie6jfhuku7g5rkovcrxps
[+] /home/spack/spack/opt/spack/linux-ubuntu18.04-x86_64/gcc-7.5.0/ncurses-6.2-crhlefo3dv7lmsv5pf4icsy4gepkdorm
[+] /home/spack/spack/opt/spack/linux-ubuntu18.04-x86_64/gcc-7.5.0/libtool-2.4.6-jdxbjftheiotj6solpomva7dowrhlerl
[+] /home/spack/spack/opt/spack/linux-ubuntu18.04-x86_64/gcc-7.5.0/readline-8.0-t54jzdy2jj4snltjazlm3br2urcilc6v
[+] /home/spack/spack/opt/spack/linux-ubuntu18.04-x86_64/gcc-7.5.0/gdbm-1.18.1-4av4gywgpaspkhy3dvbb62nulqogtzbb
[+] /home/spack/spack/opt/spack/linux-ubuntu18.04-x86_64/gcc-7.5.0/perl-5.30.3-hyrsxn4yox7dp7sywfcs7lbknj45c5pq
[+] /home/spack/spack/opt/spack/linux-ubuntu18.04-x86_64/gcc-7.5.0/autoconf-2.69-nwb3bf5ibencr3coo5kgkxa7tjrj7yfy
[+] /home/spack/spack/opt/spack/linux-ubuntu18.04-x86_64/gcc-7.5.0/automake-1.16.2-wdflovn6aocicngqouowxgj3pi3w7uoc
==> Installing gmp
==> Extracting gmp from binary cache
[+] /home/spack/spack/opt/spack/linux-ubuntu18.04-x86_64/gcc-7.5.0/gmp-6.1.2-3ol3tldmm3oqflzrqonh6p2jmhgwsr4t
==> Installing isl
==> Extracting isl from binary cache
[+] /home/spack/spack/opt/spack/linux-ubuntu18.04-x86_64/gcc-7.5.0/isl-0.18-4lkvfkviv45b2htxuyfxbivafx4wajud
==> Installing mpfr
==> Extracting mpfr from binary cache
[+] /home/spack/spack/opt/spack/linux-ubuntu18.04-x86_64/gcc-7.5.0/mpfr-3.1.6-nwsubswuytvvsjtu3nuyuxquwyxyfebj
==> Installing mpc
==> Extracting mpc from binary cache
[+] /home/spack/spack/opt/spack/linux-ubuntu18.04-x86_64/gcc-7.5.0/mpc-1.1.0-uur2dd6aco22hxagwzxco23rvtyvqd7t
==> Installing gcc
==> Extracting gcc from binary cache
[+] /home/spack/spack/opt/spack/linux-ubuntu18.04-x86_64/gcc-7.5.0/gcc-8.3.0-6hbkzolzshktgws6mz3f4s23v6sbkgnl
