$ spack install gcc@8.4.0
==> Waiting for libiconv-1.16-ltvovvvjgmlvy4m2pn365cy6p5dysajq
[+] /home/spack1/spack/opt/spack/linux-ubuntu18.04-x86_64/gcc-7.5.0/libiconv-1.16-ltvovvvjgmlvy4m2pn365cy6p5dysajq
==> Waiting for libsigsegv-2.13-e262sf6ptgnmyu7zkflzp3ycbdfqz7hf
[+] /home/spack1/spack/opt/spack/linux-ubuntu18.04-x86_64/gcc-7.5.0/libsigsegv-2.13-e262sf6ptgnmyu7zkflzp3ycbdfqz7hf
==> Waiting for berkeley-db-18.1.40-53fb72wziswrec6tkbjpowshkul2nsk4
[+] /home/spack1/spack/opt/spack/linux-ubuntu18.04-x86_64/gcc-7.5.0/berkeley-db-18.1.40-53fb72wziswrec6tkbjpowshkul2nsk4
==> Waiting for pkgconf-1.8.0-k2lfw6fht6zvsfihvx3avihboi3uv455
[+] /home/spack1/spack/opt/spack/linux-ubuntu18.04-x86_64/gcc-7.5.0/pkgconf-1.8.0-k2lfw6fht6zvsfihvx3avihboi3uv455
==> Waiting for zlib-1.2.13-2hfr5rbzefrxf6t6kv4trbsl63puaza6
[+] /home/spack1/spack/opt/spack/linux-ubuntu18.04-x86_64/gcc-7.5.0/zlib-1.2.13-2hfr5rbzefrxf6t6kv4trbsl63puaza6
==> Waiting for diffutils-3.8-c3uhkcjt7tagz2djrd6r2b6b3c2tia3s
[+] /home/spack1/spack/opt/spack/linux-ubuntu18.04-x86_64/gcc-7.5.0/diffutils-3.8-c3uhkcjt7tagz2djrd6r2b6b3c2tia3s
==> Waiting for ncurses-6.3-zcuawlif55qhuknvbk4jez7xjcxhnydf
[+] /home/spack1/spack/opt/spack/linux-ubuntu18.04-x86_64/gcc-7.5.0/ncurses-6.3-zcuawlif55qhuknvbk4jez7xjcxhnydf
==> Waiting for m4-1.4.19-z7d5q4f2qzxejx4xxdrj45q5gxur6q7b
[+] /home/spack1/spack/opt/spack/linux-ubuntu18.04-x86_64/gcc-7.5.0/m4-1.4.19-z7d5q4f2qzxejx4xxdrj45q5gxur6q7b
==> Waiting for bzip2-1.0.8-cxcrelnw64jh6lvhzb6pfar7nijv6us6
[+] /home/spack1/spack/opt/spack/linux-ubuntu18.04-x86_64/gcc-7.5.0/bzip2-1.0.8-cxcrelnw64jh6lvhzb6pfar7nijv6us6
==> Waiting for readline-8.1.2-kgyvtw5h6mi5nms32x3vzgbw32ymmfwa
[+] /home/spack1/spack/opt/spack/linux-ubuntu18.04-x86_64/gcc-7.5.0/readline-8.1.2-kgyvtw5h6mi5nms32x3vzgbw32ymmfwa
==> Waiting for libtool-2.4.7-bdxu4wnbhlmvj6sh5y7uynrldzepiilz
[+] /home/spack1/spack/opt/spack/linux-ubuntu18.04-x86_64/gcc-7.5.0/libtool-2.4.7-bdxu4wnbhlmvj6sh5y7uynrldzepiilz
==> Waiting for gdbm-1.23-cpmyntybsnm3se7lfnvqosbiqzrcg2kq
[+] /home/spack1/spack/opt/spack/linux-ubuntu18.04-x86_64/gcc-7.5.0/gdbm-1.23-cpmyntybsnm3se7lfnvqosbiqzrcg2kq
==> Waiting for perl-5.36.0-4ebutg2fje7nmoqn5zack4n3hwh5xpg5
[+] /home/spack1/spack/opt/spack/linux-ubuntu18.04-x86_64/gcc-7.5.0/perl-5.36.0-4ebutg2fje7nmoqn5zack4n3hwh5xpg5
==> Waiting for autoconf-2.69-qdpipdfd3pjsmnelmhnde5zr5jm7gebr
[+] /home/spack1/spack/opt/spack/linux-ubuntu18.04-x86_64/gcc-7.5.0/autoconf-2.69-qdpipdfd3pjsmnelmhnde5zr5jm7gebr
==> Waiting for texinfo-6.5-hgpn5sqlfcoshixlwrloyuervjyhh7je
==> Installing texinfo-6.5-hgpn5sqlfcoshixlwrloyuervjyhh7je
==> Fetching file:///mirror/build_cache/linux-ubuntu18.04-x86_64-gcc-7.5.0-texinfo-6.5-hgpn5sqlfcoshixlwrloyuervjyhh7je.spec.json.sig
==> Fetching file:///mirror/build_cache/linux-ubuntu18.04-x86_64/gcc-7.5.0/texinfo-6.5/linux-ubuntu18.04-x86_64-gcc-7.5.0-texinfo-6.5-hgpn5sqlfcoshixlwrloyuervjyhh7je.spack
==> Extracting texinfo-6.5-hgpn5sqlfcoshixlwrloyuervjyhh7je from binary cache
==> texinfo: Successfully installed texinfo-6.5-hgpn5sqlfcoshixlwrloyuervjyhh7je
  Fetch: 0.49s.  Build: 0.39s.	Total: 0.88s.
[+] /home/spack1/spack/opt/spack/linux-ubuntu18.04-x86_64/gcc-7.5.0/texinfo-6.5-hgpn5sqlfcoshixlwrloyuervjyhh7je
==> Waiting for automake-1.16.5-l7j5vdrhtw5oc47phqkrj33ouguhje7q
[+] /home/spack1/spack/opt/spack/linux-ubuntu18.04-x86_64/gcc-7.5.0/automake-1.16.5-l7j5vdrhtw5oc47phqkrj33ouguhje7q
==> Waiting for gmp-6.2.1-efr3j4d5qpovjxsoraexs722kxyigj2b
==> Installing gmp-6.2.1-efr3j4d5qpovjxsoraexs722kxyigj2b
==> Fetching file:///mirror/build_cache/linux-ubuntu18.04-x86_64-gcc-7.5.0-gmp-6.2.1-efr3j4d5qpovjxsoraexs722kxyigj2b.spec.json.sig
==> Fetching file:///mirror/build_cache/linux-ubuntu18.04-x86_64/gcc-7.5.0/gmp-6.2.1/linux-ubuntu18.04-x86_64-gcc-7.5.0-gmp-6.2.1-efr3j4d5qpovjxsoraexs722kxyigj2b.spack
==> Extracting gmp-6.2.1-efr3j4d5qpovjxsoraexs722kxyigj2b from binary cache
==> gmp: Successfully installed gmp-6.2.1-efr3j4d5qpovjxsoraexs722kxyigj2b
  Fetch: 0.21s.  Build: 0.27s.	Total: 0.48s.
[+] /home/spack1/spack/opt/spack/linux-ubuntu18.04-x86_64/gcc-7.5.0/gmp-6.2.1-efr3j4d5qpovjxsoraexs722kxyigj2b
==> Waiting for mpfr-3.1.6-2kns2rxbnabuc4lz3fft74w2gmbtjwyw
==> Installing mpfr-3.1.6-2kns2rxbnabuc4lz3fft74w2gmbtjwyw
==> Fetching file:///mirror/build_cache/linux-ubuntu18.04-x86_64-gcc-7.5.0-mpfr-3.1.6-2kns2rxbnabuc4lz3fft74w2gmbtjwyw.spec.json.sig
==> Fetching file:///mirror/build_cache/linux-ubuntu18.04-x86_64/gcc-7.5.0/mpfr-3.1.6/linux-ubuntu18.04-x86_64-gcc-7.5.0-mpfr-3.1.6-2kns2rxbnabuc4lz3fft74w2gmbtjwyw.spack
==> Extracting mpfr-3.1.6-2kns2rxbnabuc4lz3fft74w2gmbtjwyw from binary cache
==> mpfr: Successfully installed mpfr-3.1.6-2kns2rxbnabuc4lz3fft74w2gmbtjwyw
  Fetch: 0.42s.  Build: 0.30s.	Total: 0.72s.
[+] /home/spack1/spack/opt/spack/linux-ubuntu18.04-x86_64/gcc-7.5.0/mpfr-3.1.6-2kns2rxbnabuc4lz3fft74w2gmbtjwyw
==> Waiting for gawk-5.1.1-vkxovxa7rdxdvelwwsndk2em7k55acdj
==> Installing gawk-5.1.1-vkxovxa7rdxdvelwwsndk2em7k55acdj
==> Fetching file:///mirror/build_cache/linux-ubuntu18.04-x86_64-gcc-7.5.0-gawk-5.1.1-vkxovxa7rdxdvelwwsndk2em7k55acdj.spec.json.sig
==> Fetching file:///mirror/build_cache/linux-ubuntu18.04-x86_64/gcc-7.5.0/gawk-5.1.1/linux-ubuntu18.04-x86_64-gcc-7.5.0-gawk-5.1.1-vkxovxa7rdxdvelwwsndk2em7k55acdj.spack
==> Extracting gawk-5.1.1-vkxovxa7rdxdvelwwsndk2em7k55acdj from binary cache
==> gawk: Successfully installed gawk-5.1.1-vkxovxa7rdxdvelwwsndk2em7k55acdj
  Fetch: 0.45s.  Build: 0.31s.	Total: 0.76s.
[+] /home/spack1/spack/opt/spack/linux-ubuntu18.04-x86_64/gcc-7.5.0/gawk-5.1.1-vkxovxa7rdxdvelwwsndk2em7k55acdj
==> Waiting for mpc-1.1.0-j4r3pth5qsmgbuzlanj4x6hjh44mm53q
==> Installing mpc-1.1.0-j4r3pth5qsmgbuzlanj4x6hjh44mm53q
==> Fetching file:///mirror/build_cache/linux-ubuntu18.04-x86_64-gcc-7.5.0-mpc-1.1.0-j4r3pth5qsmgbuzlanj4x6hjh44mm53q.spec.json.sig
==> Fetching file:///mirror/build_cache/linux-ubuntu18.04-x86_64/gcc-7.5.0/mpc-1.1.0/linux-ubuntu18.04-x86_64-gcc-7.5.0-mpc-1.1.0-j4r3pth5qsmgbuzlanj4x6hjh44mm53q.spack
==> Extracting mpc-1.1.0-j4r3pth5qsmgbuzlanj4x6hjh44mm53q from binary cache
==> mpc: Successfully installed mpc-1.1.0-j4r3pth5qsmgbuzlanj4x6hjh44mm53q
  Fetch: 0.18s.  Build: 0.26s.	Total: 0.44s.
[+] /home/spack1/spack/opt/spack/linux-ubuntu18.04-x86_64/gcc-7.5.0/mpc-1.1.0-j4r3pth5qsmgbuzlanj4x6hjh44mm53q
==> Waiting for gcc-8.4.0-lrhjoi65nltw7pnkqrne7f2jagvqxxvi
==> Installing gcc-8.4.0-lrhjoi65nltw7pnkqrne7f2jagvqxxvi
==> Fetching file:///mirror/build_cache/linux-ubuntu18.04-x86_64-gcc-7.5.0-gcc-8.4.0-lrhjoi65nltw7pnkqrne7f2jagvqxxvi.spec.json.sig
==> Fetching file:///mirror/build_cache/linux-ubuntu18.04-x86_64/gcc-7.5.0/gcc-8.4.0/linux-ubuntu18.04-x86_64-gcc-7.5.0-gcc-8.4.0-lrhjoi65nltw7pnkqrne7f2jagvqxxvi.spack
==> Extracting gcc-8.4.0-lrhjoi65nltw7pnkqrne7f2jagvqxxvi from binary cache
==> gcc: Successfully installed gcc-8.4.0-lrhjoi65nltw7pnkqrne7f2jagvqxxvi
  Fetch: 1m 24.37s.  Build: 10.03s.  Total: 1m 34.41s.
[+] /home/spack1/spack/opt/spack/linux-ubuntu18.04-x86_64/gcc-7.5.0/gcc-8.4.0-lrhjoi65nltw7pnkqrne7f2jagvqxxvi
