$ spack mirror add tutorial /mirror
$ spack buildcache keys --install --trust
==> Fetching file:///mirror/blobs/sha256/78/787ea7ec32eafb4c68c64f4ddb123ee95524ebc113294379bfa35a3adc45e35b
    [100%]  148.00  B @	   1.1 MB/s
==> Fetching file:///mirror/blobs/sha256/40/40005670b6b82e474d1a3eecec3200dd308b13e258ccdaaffc7645f2711f6c0a
    [100%]  823.00  B @	   6.2 MB/s
gpg: key F85815B32355CB19: public key "e4s-uo-spack-01" imported
gpg: Total number processed: 1
gpg:		   imported: 1
gpg: inserting ownertrust of 6
==> Fetching file:///mirror/blobs/sha256/38/386e3a622985a9e42120a5d538ae042d491f3b69a09734551d49def45426ed15
    [100%]    7.41 KB @	  48.3 MB/s
gpg: key A8E0CA3C1C2ADA2F: 5 signatures not checked due to missing keys
gpg: key A8E0CA3C1C2ADA2F: public key "Spack Project Official Binaries <maintainers@spack.io>" imported
gpg: Total number processed: 1
gpg:		   imported: 1
gpg: marginals needed: 3  completes needed: 1  trust model: pgp
gpg: depth: 0  valid:	1  signed:   0	trust: 0-, 0q, 0n, 0m, 0f, 1u
gpg: inserting ownertrust of 6
==> Fetching file:///mirror/blobs/sha256/d1/d1b76a5b7dad65b41e314117319e3eae7996f3fd00751051a9b176eb811587e8
    [100%]    5.39 KB @	  32.8 MB/s
gpg: key BC86F6FB94429164: public key "Spack CI Key <maintainers@spack.io>" imported
gpg: Total number processed: 1
gpg:		   imported: 1
gpg: inserting ownertrust of 6
