$ spack spec zziplib %gcc@16
 -   zziplib@0.13.80~ipo build_system=cmake build_type=Release generator=make platform=linux os=ubuntu26.04 target=x86_64_v3 %c=gcc@16.1.0
[b]	 ^cmake@3.31.11~doc+ncurses+ownlibs~qtgui build_system=generic build_type=Release platform=linux os=ubuntu26.04 target=x86_64_v3 %c,cxx=gcc@15.2.0
[b]	     ^curl@8.20.0~gssapi~ldap~libidn2~librtmp~libssh~libssh2+nghttp2 build_system=autotools libs:=shared,static tls:=openssl platform=linux os=ubuntu26.04 target=x86_64_v3 %c,cxx=gcc@15.2.0
[b]		 ^nghttp2@1.67.1 build_system=autotools platform=linux os=ubuntu26.04 target=x86_64_v3 %c,cxx=gcc@15.2.0
[e]	     ^gcc@15.2.0+binutils+bootstrap~graphite+libsanitizer~mold~nvptx~piclibs~profiled~strip build_system=autotools build_type=RelWithDebInfo languages:='c,c++,fortran' platform=linux os=ubuntu26.04 target=x86_64_v3
[+]	     ^gcc-runtime@15.2.0 build_system=generic platform=linux os=ubuntu26.04 target=x86_64_v3
[+]	     ^ncurses@6.6~symlinks+termlib abi=none build_system=autotools patches:=7a351bc platform=linux os=ubuntu26.04 target=x86_64_v3 %c,cxx=gcc@15.2.0
[+]	 ^compiler-wrapper@1.1.0 build_system=generic platform=linux os=ubuntu26.04 target=x86_64_v3
 -	 ^coreutils@9.10~gprefix build_system=autotools platform=linux os=ubuntu26.04 target=x86_64_v3 %c=gcc@16.1.0
[+]	     ^openssl@3.6.1~docs+shared build_system=generic certs=mozilla platform=linux os=ubuntu26.04 target=x86_64_v3 %c,cxx=gcc@15.2.0
[b]		 ^ca-certificates-mozilla@2026-03-19 build_system=generic platform=linux os=ubuntu26.04 target=x86_64_v3
[+]	 ^gcc@16.1.0+binutils+bootstrap~graphite+libsanitizer~mold~nvptx~piclibs+profiled+strip build_system=autotools build_type=Release languages:='c,c++,fortran' platform=linux os=ubuntu26.04 target=x86_64_v3 %c,cxx=gcc@15.2.0
[+]	     ^binutils@2.46.0~debuginfod+gas~gprofng~headers~interwork+ld~libiberty~lto~nls~pgo+plugins build_system=autotools compress_debug_sections=zlib libs:=shared,static platform=linux os=ubuntu26.04 target=x86_64_v3 %c,cxx=gcc@15.2.0
[b]	     ^diffutils@3.12 build_system=autotools platform=linux os=ubuntu26.04 target=x86_64_v3 %c=gcc@15.2.0
[+]		 ^libiconv@1.18 build_system=autotools libs:=shared,static platform=linux os=ubuntu26.04 target=x86_64_v3 %c=gcc@15.2.0
[b]	     ^gawk@5.4.0~nls build_system=autotools platform=linux os=ubuntu26.04 target=x86_64_v3 %c=gcc@15.2.0
[+]	     ^gmp@6.3.0+cxx build_system=autotools libs:=shared,static patches:=28a6673 platform=linux os=ubuntu26.04 target=x86_64_v3 %c,cxx=gcc@15.2.0
[b]		 ^autoconf@2.72 build_system=autotools platform=linux os=ubuntu26.04 target=x86_64_v3
[b]		 ^automake@1.18.1 build_system=autotools platform=linux os=ubuntu26.04 target=x86_64_v3 %c=gcc@15.2.0
[b]		 ^m4@1.4.21+sigsegv build_system=autotools platform=linux os=ubuntu26.04 target=x86_64_v3 %c,cxx=gcc@15.2.0
[b]		     ^libsigsegv@2.15 build_system=autotools platform=linux os=ubuntu26.04 target=x86_64_v3 %c=gcc@15.2.0
[b]	     ^libtool@2.5.4 build_system=autotools platform=linux os=ubuntu26.04 target=x86_64_v3 %c=gcc@15.2.0
[b]		 ^file@5.46+static build_system=autotools platform=linux os=ubuntu26.04 target=x86_64_v3 %c=gcc@15.2.0
[b]		 ^findutils@4.10.0 build_system=autotools patches:=440b954 platform=linux os=ubuntu26.04 target=x86_64_v3 %c=gcc@15.2.0
[+]	     ^mpc@1.4.1 build_system=autotools libs:=shared,static platform=linux os=ubuntu26.04 target=x86_64_v3 %c=gcc@15.2.0
[+]	     ^mpfr@4.2.2 build_system=autotools libs:=shared,static platform=linux os=ubuntu26.04 target=x86_64_v3 %c=gcc@15.2.0
[b]		 ^autoconf-archive@2024.10.16 build_system=autotools platform=linux os=ubuntu26.04 target=x86_64_v3
[b]	     ^perl@5.42.0+cpanm+opcode+open+shared+threads build_system=generic platform=linux os=ubuntu26.04 target=x86_64_v3 %c=gcc@15.2.0
[b]		 ^berkeley-db@18.1.40+cxx~docs+stl build_system=autotools patches:=26090f4,b231fcc platform=linux os=ubuntu26.04 target=x86_64_v3 %c,cxx=gcc@15.2.0
[b]		 ^less@692 build_system=autotools platform=linux os=ubuntu26.04 target=x86_64_v3 %c=gcc@15.2.0
[b]	     ^texinfo@7.2~xs build_system=autotools platform=linux os=ubuntu26.04 target=x86_64_v3 %c,cxx=gcc@15.2.0
[+]	     ^zstd@1.5.7+programs build_system=makefile compression:=none libs:=shared,static platform=linux os=ubuntu26.04 target=x86_64_v3 %c,cxx=gcc@15.2.0
[b]	 ^gcc-runtime@16.1.0 build_system=generic platform=linux os=ubuntu26.04 target=x86_64_v3
[e]	 ^glibc@2.43 build_system=autotools platform=linux os=ubuntu26.04 target=x86_64_v3
[b]	 ^gmake@4.4.1~guile build_system=generic platform=linux os=ubuntu26.04 target=x86_64_v3 %c=gcc@15.2.0
[b]	 ^pkgconf@2.5.1 build_system=autotools platform=linux os=ubuntu26.04 target=x86_64_v3 %c=gcc@16.1.0
[b]	     ^gmake@4.4.1~guile build_system=generic platform=linux os=ubuntu26.04 target=x86_64_v3 %c=gcc@16.1.0
[b]	 ^python@3.14.5+bz2+ctypes+dbm~debug~freethreading+libxml2+lzma~optimizations+pic+pyexpat+pythoncmd+readline+shared+sqlite3+ssl~static~tests~tkinter+uuid+zlib+zstd build_system=generic platform=linux os=ubuntu26.04 target=x86_64_v3 %c,cxx=gcc@15.2.0
[+]	     ^bzip2@1.0.8~debug~pic+shared build_system=generic platform=linux os=ubuntu26.04 target=x86_64_v3 %c=gcc@15.2.0
[b]	     ^expat@2.8.1+libbsd build_system=autotools platform=linux os=ubuntu26.04 target=x86_64_v3 %c,cxx=gcc@15.2.0
[b]		 ^libbsd@0.12.2 build_system=autotools platform=linux os=ubuntu26.04 target=x86_64_v3 %c=gcc@15.2.0
[b]		     ^libmd@1.1.0 build_system=autotools platform=linux os=ubuntu26.04 target=x86_64_v3 %c=gcc@15.2.0
[b]	     ^gdbm@1.26 build_system=autotools platform=linux os=ubuntu26.04 target=x86_64_v3 %c=gcc@15.2.0
[+]	     ^gettext@1.0+bzip2+curses+git~libunistring+libxml2+pic+shared+tar+xz build_system=autotools platform=linux os=ubuntu26.04 target=x86_64_v3 %c,cxx=gcc@15.2.0
[+]		 ^libxml2@2.15.3+pic~python+shared build_system=autotools platform=linux os=ubuntu26.04 target=x86_64_v3 %c=gcc@15.2.0
[+]		 ^tar@1.35 build_system=autotools zip=pigz platform=linux os=ubuntu26.04 target=x86_64_v3 %c=gcc@15.2.0
[+]		     ^pigz@2.8 build_system=makefile platform=linux os=ubuntu26.04 target=x86_64_v3 %c=gcc@15.2.0
[b]	     ^libffi@3.5.2 build_system=autotools platform=linux os=ubuntu26.04 target=x86_64_v3 %c,cxx=gcc@15.2.0
[+]	     ^pkgconf@2.5.1 build_system=autotools platform=linux os=ubuntu26.04 target=x86_64_v3 %c=gcc@15.2.0
[b]	     ^readline@8.3 build_system=autotools patches:=21f0a03,72dee13,e273643 platform=linux os=ubuntu26.04 target=x86_64_v3 %c=gcc@15.2.0
[b]	     ^sqlite@3.53.1+column_metadata+fts+rtree build_system=autotools platform=linux os=ubuntu26.04 target=x86_64_v3 %c=gcc@15.2.0
[b]	     ^util-linux-uuid@2.41 build_system=autotools platform=linux os=ubuntu26.04 target=x86_64_v3 %c=gcc@15.2.0
[+]	     ^xz@5.8.3~pic build_system=autotools libs:=shared,static platform=linux os=ubuntu26.04 target=x86_64_v3 %c=gcc@15.2.0
[b]	 ^unzip@6.0 build_system=makefile patches:=179330d,24582ff,251d575,3371314,44599c8,47e9def,4e5a081,59c0983,64f6498,74bc961,7d8e5c7,81ca46c,881d2ed,aced0f2,b6f64d7,b7a14c3,c9a863e,ee9e260,f6f6236,f88b9d4,fde8f9d platform=linux os=ubuntu26.04 target=x86_64_v3 %c=gcc@15.2.0
 -	 ^zip@3.0 build_system=makefile patches:=14dc880,195095a,3bc30ba,5068e7c,51f48db,66ab4ce,a92fc4e,a95ed93,b930b69,eb83fc8,f7d0bc4,fa8312c platform=linux os=ubuntu26.04 target=x86_64_v3 %c=gcc@16.1.0
[+]	 ^zlib-ng@2.3.3+compat+new_strategies+opt+pic+shared build_system=autotools platform=linux os=ubuntu26.04 target=x86_64_v3 %c,cxx=gcc@15.2.0

