$ spack install tcl ^/npu
[+] /home/spack/spack/opt/spack/linux-ubuntu22.04-x86_64_v3/gcc-11.4.0/gmake-4.4.1-znvoaniggvauzxv4yobchqt4g7tyjuc7
[+] /home/spack/spack/opt/spack/linux-ubuntu22.04-x86_64_v3/gcc-11.4.0/zlib-ng-2.0.7-npuw4upl6iiyuihnlv4qxnw4fjatcg4h
==> Installing tcl-8.6.12-qfb3pvmra4r2pbhuklpbtk77wdwzfpxj [3/3]
==> Fetching file:///mirror/build_cache/linux-ubuntu22.04-x86_64_v3-gcc-11.4.0-tcl-8.6.12-qfb3pvmra4r2pbhuklpbtk77wdwzfpxj.spec.json.sig
==> Fetching file:///mirror/build_cache/linux-ubuntu22.04-x86_64_v3/gcc-11.4.0/tcl-8.6.12/linux-ubuntu22.04-x86_64_v3-gcc-11.4.0-tcl-8.6.12-qfb3pvmra4r2pbhuklpbtk77wdwzfpxj.spack
==> Extracting tcl-8.6.12-qfb3pvmra4r2pbhuklpbtk77wdwzfpxj from binary cache
==> tcl: Successfully installed tcl-8.6.12-qfb3pvmra4r2pbhuklpbtk77wdwzfpxj
  Search: 0.00s.  Fetch: 0.12s.	 Install: 1.38s.  Extract: 1.31s.  Relocate: 0.06s.  Total: 1.51s
[+] /home/spack/spack/opt/spack/linux-ubuntu22.04-x86_64_v3/gcc-11.4.0/tcl-8.6.12-qfb3pvmra4r2pbhuklpbtk77wdwzfpxj

$ spack install tcl ^/npu
[+] /home/spack/spack/opt/spack/linux-ubuntu22.04-x86_64_v3/gcc-11.4.0/gmake-4.4.1-znvoaniggvauzxv4yobchqt4g7tyjuc7
[+] /home/spack/spack/opt/spack/linux-ubuntu22.04-x86_64_v3/gcc-11.4.0/zlib-ng-2.0.7-npuw4upl6iiyuihnlv4qxnw4fjatcg4h
==> Installing tcl-8.6.12-qfb3pvmra4r2pbhuklpbtk77wdwzfpxj [3/3]
==> Fetching file:///mirror/build_cache/linux-ubuntu22.04-x86_64_v3-gcc-11.4.0-tcl-8.6.12-qfb3pvmra4r2pbhuklpbtk77wdwzfpxj.spec.json.sig
==> Fetching file:///mirror/build_cache/linux-ubuntu22.04-x86_64_v3/gcc-11.4.0/tcl-8.6.12/linux-ubuntu22.04-x86_64_v3-gcc-11.4.0-tcl-8.6.12-qfb3pvmra4r2pbhuklpbtk77wdwzfpxj.spack
==> Extracting tcl-8.6.12-qfb3pvmra4r2pbhuklpbtk77wdwzfpxj from binary cache
==> tcl: Successfully installed tcl-8.6.12-qfb3pvmra4r2pbhuklpbtk77wdwzfpxj
  Search: 0.00s.  Fetch: 0.11s.	 Install: 1.27s.  Extract: 1.19s.  Relocate: 0.06s.  Total: 1.37s
[+] /home/spack/spack/opt/spack/linux-ubuntu22.04-x86_64_v3/gcc-11.4.0/tcl-8.6.12-qfb3pvmra4r2pbhuklpbtk77wdwzfpxj
