$ spack install tcl ^zlib-ng@2.0.7 %clang
[+] /usr (external glibc-2.35-xvsfmyvk5j33hkz4jhb7vwwsxz4ynras)
==> 1;mWaiting for gmake-4.4.1-clquewjrpe7sudii4wp6wrplbw3edp45
[+] /home/spack/spack/opt/spack/linux-ubuntu22.04-x86_64_v3/clang-14.0.0/gmake-4.4.1-clquewjrpe7sudii4wp6wrplbw3edp45
==> 1;mWaiting for zlib-ng-2.0.7-4ffssvw7dlnznkyvpecvw4tooizorfkr
==> 1;mInstalling zlib-ng-2.0.7-4ffssvw7dlnznkyvpecvw4tooizorfkr 1;m[3/4]
==> Fetching file:///mirror/build_cache/linux-ubuntu22.04-x86_64_v3-clang-14.0.0-zlib-ng-2.0.7-4ffssvw7dlnznkyvpecvw4tooizorfkr.spec.json.sig
==> Fetching file:///mirror/build_cache/linux-ubuntu22.04-x86_64_v3/clang-14.0.0/zlib-ng-2.0.7/linux-ubuntu22.04-x86_64_v3-clang-14.0.0-zlib-ng-2.0.7-4ffssvw7dlnznkyvpecvw4tooizorfkr.spack
==> Extracting zlib-ng-2.0.7-4ffssvw7dlnznkyvpecvw4tooizorfkr from binary cache
==> zlib-ng: Successfully installed zlib-ng-2.0.7-4ffssvw7dlnznkyvpecvw4tooizorfkr
  Search: 0.00s.  Fetch: 0.19s.  Install: 0.08s.  Extract: 0.06s.  Relocate: 0.01s.  Total: 0.28s
[+] /home/spack/spack/opt/spack/linux-ubuntu22.04-x86_64_v3/clang-14.0.0/zlib-ng-2.0.7-4ffssvw7dlnznkyvpecvw4tooizorfkr
==> 1;mWaiting for tcl-8.6.12-anfehznwelurnjdsci2ck7c6qxwcdppo
==> 1;mInstalling tcl-8.6.12-anfehznwelurnjdsci2ck7c6qxwcdppo 1;m[4/4]
==> Fetching file:///mirror/build_cache/linux-ubuntu22.04-x86_64_v3-clang-14.0.0-tcl-8.6.12-anfehznwelurnjdsci2ck7c6qxwcdppo.spec.json.sig
==> Fetching file:///mirror/build_cache/linux-ubuntu22.04-x86_64_v3/clang-14.0.0/tcl-8.6.12/linux-ubuntu22.04-x86_64_v3-clang-14.0.0-tcl-8.6.12-anfehznwelurnjdsci2ck7c6qxwcdppo.spack
==> Extracting tcl-8.6.12-anfehznwelurnjdsci2ck7c6qxwcdppo from binary cache
==> tcl: Successfully installed tcl-8.6.12-anfehznwelurnjdsci2ck7c6qxwcdppo
  Search: 0.00s.  Fetch: 0.02s.  Install: 1.24s.  Extract: 1.12s.  Relocate: 0.11s.  Total: 1.26s
[+] /home/spack/spack/opt/spack/linux-ubuntu22.04-x86_64_v3/clang-14.0.0/tcl-8.6.12-anfehznwelurnjdsci2ck7c6qxwcdppo
