$ spack install tcl
[+] /home/spack/spack/opt/spack/linux-x86_64_v3/compiler-wrapper-1.0-rwnqblirwn5aenlmsbvsieo7mzw672ee
[+] /usr (external gcc-11.4.0-j7ykyvm5ancnn5rt7f35ggs6hwoslo42)
[+] /usr (external glibc-2.35-epwvtixhoxdeufu6kbbrpaigv2p6iav4)
[+] /home/spack/spack/opt/spack/linux-x86_64_v3/gcc-runtime-11.4.0-3c5xh7dqudxmyorlsrsfmjyggqk57vnr
[+] /home/spack/spack/opt/spack/linux-x86_64_v3/gmake-4.4.1-5vb6e4beeoff4jan2t7edfjyi3hf3p7g
==> Fetching file:///mirror/blobs/sha256/fc/fc1ab349576e0d5bdf21d78c0365dd76669b0d4acbd0d966e073a034c399bade
    [100%]  217.94 KB @	 539.9 MB/s
==> Extracting zlib-ng-2.2.4-g7ixtqygrfip5uzt526b565dqxs6ze3x from binary cache
==> zlib-ng: Successfully installed zlib-ng-2.2.4-g7ixtqygrfip5uzt526b565dqxs6ze3x
  Search: 0.00s.  Fetch: 0.10s.	 Install: 0.05s.  Extract: 0.04s.  Relocate: 0.01s.  Total: 0.15s
[+] /home/spack/spack/opt/spack/linux-x86_64_v3/zlib-ng-2.2.4-g7ixtqygrfip5uzt526b565dqxs6ze3x
==> Installing zlib-ng-2.2.4-g7ixtqygrfip5uzt526b565dqxs6ze3x [6/7]
==> Fetching file:///mirror/blobs/sha256/f8/f8ffb002ebad9cebd0c025273b43187e5a73c8aeea7f75c7c5c18b39ff23fd9c
    [100%]   14.47 MB @	 401.3 GB/s
==> Extracting tcl-8.6.12-6wkjgx5kzib6kcz22r5rujkzooaveotr from binary cache
==> tcl: Successfully installed tcl-8.6.12-6wkjgx5kzib6kcz22r5rujkzooaveotr
  Search: 0.00s.  Fetch: 0.03s.	 Install: 0.95s.  Extract: 0.89s.  Relocate: 0.06s.  Total: 0.98s
[+] /home/spack/spack/opt/spack/linux-x86_64_v3/tcl-8.6.12-6wkjgx5kzib6kcz22r5rujkzooaveotr
==> Installing tcl-8.6.12-6wkjgx5kzib6kcz22r5rujkzooaveotr [7/7]
