$ spack install trilinos
[+] /home/spack/spack/opt/spack/linux-ubuntu22.04-x86_64_v3/gcc-11.3.0/ncurses-6.4-4dokmxjlgawyprrnkewx3aiwppdbwbts
[+] /home/spack/spack/opt/spack/linux-ubuntu22.04-x86_64_v3/gcc-11.3.0/zlib-1.2.13-mntflxrgekkm5lbpbl5r66lh2ieted4y
[+] /home/spack/spack/opt/spack/linux-ubuntu22.04-x86_64_v3/gcc-11.3.0/gmake-4.4.1-guaj3kbmbrdgqupr5u3zd42ga3kong7l
[+] /home/spack/spack/opt/spack/linux-ubuntu22.04-x86_64_v3/gcc-11.3.0/libpciaccess-0.17-ajkyiz5txltunmwxkrwz3xs6ymqaafnf
[+] /home/spack/spack/opt/spack/linux-ubuntu22.04-x86_64_v3/gcc-11.3.0/libiconv-1.17-7wr75cescbtfyjppbbvswfpurs3gtxyf
[+] /home/spack/spack/opt/spack/linux-ubuntu22.04-x86_64_v3/gcc-11.3.0/xz-5.4.1-4kpkw5anjs35mccxgsw24ooonnpk7pkx
[+] /home/spack/spack/opt/spack/linux-ubuntu22.04-x86_64_v3/gcc-11.3.0/berkeley-db-18.1.40-7sohpazzvalaxarn3pxs4du7qrcde7vf
[+] /home/spack/spack/opt/spack/linux-ubuntu22.04-x86_64_v3/gcc-11.3.0/bzip2-1.0.8-dca2qygvz7nc6q6ci2ikw7ltc2v4pryo
[+] /home/spack/spack/opt/spack/linux-ubuntu22.04-x86_64_v3/gcc-11.3.0/numactl-2.0.14-dwr5rmxxc4lav5ob4ylar5tu3rugjwkv
[+] /home/spack/spack/opt/spack/linux-ubuntu22.04-x86_64_v3/gcc-11.3.0/zstd-1.5.5-qoo4rlopj4vqbc6k633cu3tzawtfjjvh
[+] /home/spack/spack/opt/spack/linux-ubuntu22.04-x86_64_v3/gcc-11.3.0/libxcrypt-4.4.33-6oeb4y7sqnhpsqtr33bvbdsl2ekblcwz
[+] /home/spack/spack/opt/spack/linux-ubuntu22.04-x86_64_v3/gcc-11.3.0/libedit-3.1-20210216-3gz2afaph66ogjiulkaek2mksnpxhtwu
[+] /home/spack/spack/opt/spack/linux-ubuntu22.04-x86_64_v3/gcc-11.3.0/readline-8.2-tddm2ffpgbcwobqdzn57di2n7oeqxryv
[+] /home/spack/spack/opt/spack/linux-ubuntu22.04-x86_64_v3/gcc-11.3.0/pigz-2.7-aln73eomrjghrlg6q2ida2rr4ylvg2cp
[+] /home/spack/spack/opt/spack/linux-ubuntu22.04-x86_64_v3/gcc-11.3.0/openssl-1.1.1t-w2by2b2vepifq7xzrf527sjpw5mjluyu
[+] /home/spack/spack/opt/spack/linux-ubuntu22.04-x86_64_v3/gcc-11.3.0/libxml2-2.10.3-pcbenkircucqrjzgyud6xzgxfptjz6x6
[+] /home/spack/spack/opt/spack/linux-ubuntu22.04-x86_64_v3/gcc-11.3.0/gdbm-1.23-ba4juc3qtagyyn5vkmuxzentr6qrtzmr
[+] /home/spack/spack/opt/spack/linux-ubuntu22.04-x86_64_v3/gcc-11.3.0/tar-1.34-e77cf6ahyuvzxeaojxrc5meo7cbwfbxo
[+] /home/spack/spack/opt/spack/linux-ubuntu22.04-x86_64_v3/gcc-11.3.0/cmake-3.26.3-ofsadgmnqqs6fuj3wyl6bnk7obprvonx
[+] /home/spack/spack/opt/spack/linux-ubuntu22.04-x86_64_v3/gcc-11.3.0/libevent-2.1.12-pmjxzdssnbkv25jedy5shyhzsnj26ins
[+] /home/spack/spack/opt/spack/linux-ubuntu22.04-x86_64_v3/gcc-11.3.0/hwloc-2.9.1-h7l4t7laxg7kqchvcy42xtyev4kxjbti
[+] /home/spack/spack/opt/spack/linux-ubuntu22.04-x86_64_v3/gcc-11.3.0/perl-5.36.0-j5tavdsri7znb4h7q57mu67bnx54p2fb
[+] /home/spack/spack/opt/spack/linux-ubuntu22.04-x86_64_v3/gcc-11.3.0/gettext-0.21.1-p4obvgx4436lyrtjhu3xvosfkyjpgi7o
[+] /home/spack/spack/opt/spack/linux-ubuntu22.04-x86_64_v3/gcc-11.3.0/pmix-4.2.3-uh4fmi5i7bajcqtiuae7qaii7yha7lnp
==> Installing openblas-0.3.23-eaq3ss4yhjrjr2adhblf3r7qlowfs46r
==> Fetching file:///mirror/build_cache/linux-ubuntu22.04-x86_64_v3-gcc-11.3.0-openblas-0.3.23-eaq3ss4yhjrjr2adhblf3r7qlowfs46r.spec.json.sig
==> Fetching file:///mirror/build_cache/linux-ubuntu22.04-x86_64_v3/gcc-11.3.0/openblas-0.3.23/linux-ubuntu22.04-x86_64_v3-gcc-11.3.0-openblas-0.3.23-eaq3ss4yhjrjr2adhblf3r7qlowfs46r.spack
==> Extracting openblas-0.3.23-eaq3ss4yhjrjr2adhblf3r7qlowfs46r from binary cache
==> openblas: Successfully installed openblas-0.3.23-eaq3ss4yhjrjr2adhblf3r7qlowfs46r
  Search: 0.00s.  Fetch: 0.18s.  Install: 0.65s.  Total: 0.83s
[+] /home/spack/spack/opt/spack/linux-ubuntu22.04-x86_64_v3/gcc-11.3.0/openblas-0.3.23-eaq3ss4yhjrjr2adhblf3r7qlowfs46r
[+] /home/spack/spack/opt/spack/linux-ubuntu22.04-x86_64_v3/gcc-11.3.0/krb5-1.20.1-a2oph6kjqh6feyfmkozogvu7ghzx2dfo
[+] /home/spack/spack/opt/spack/linux-ubuntu22.04-x86_64_v3/gcc-11.3.0/openssh-9.3p1-zhdviyjva24bkvbxlqnswcecrp5gjvv5
[+] /home/spack/spack/opt/spack/linux-ubuntu22.04-x86_64_v3/gcc-11.3.0/openmpi-4.1.5-6rh6midoapu7noq62iqyhph3zdcr4pzl
==> Installing trilinos-13.0.1-vcj3xxsgn44r35f6pmd7q66u5livfg6f
==> Fetching file:///mirror/build_cache/linux-ubuntu22.04-x86_64_v3-gcc-11.3.0-trilinos-13.0.1-vcj3xxsgn44r35f6pmd7q66u5livfg6f.spec.json.sig
==> Fetching file:///mirror/build_cache/linux-ubuntu22.04-x86_64_v3/gcc-11.3.0/trilinos-13.0.1/linux-ubuntu22.04-x86_64_v3-gcc-11.3.0-trilinos-13.0.1-vcj3xxsgn44r35f6pmd7q66u5livfg6f.spack
==> Extracting trilinos-13.0.1-vcj3xxsgn44r35f6pmd7q66u5livfg6f from binary cache
==> trilinos: Successfully installed trilinos-13.0.1-vcj3xxsgn44r35f6pmd7q66u5livfg6f
  Search: 0.00s.  Fetch: 0.03s.  Install: 1.54s.  Total: 1.58s
[+] /home/spack/spack/opt/spack/linux-ubuntu22.04-x86_64_v3/gcc-11.3.0/trilinos-13.0.1-vcj3xxsgn44r35f6pmd7q66u5livfg6f
