$ spack uninstall zlib-ng/ju7
==> Refusing to uninstall the following specs
    -- linux-ubuntu22.04-x86_64_v3 / clang@14.0.0 -------------------
    ju7mdbp zlib-ng@2.0.7

==> The following dependents are still installed:
    -- linux-ubuntu22.04-x86_64_v3 / clang@14.0.0 -------------------
    lvfqvn3 tcl@8.6.12

==> Error: There are still dependents.
  use `spack uninstall --dependents` to remove dependents too
  use `spack uninstall --force` to override
$ spack uninstall zlib-ng/ju7
==> Refusing to uninstall the following specs
    -- linux-ubuntu22.04-x86_64_v3 / clang@14.0.0 -------------------
    ju7mdbp zlib-ng@2.0.7

==> The following dependents are still installed:
    -- linux-ubuntu22.04-x86_64_v3 / clang@14.0.0 -------------------
    lvfqvn3 tcl@8.6.12

==> Error: There are still dependents.
  use `spack uninstall --dependents` to remove dependents too
  use `spack uninstall --force` to override
$ spack uninstall zlib-ng/ju7
==> Refusing to uninstall the following specs
    -- linux-ubuntu22.04-x86_64_v3 / clang@14.0.0 -------------------
    ju7mdbp zlib-ng@2.0.7

==> The following dependents are still installed:
    -- linux-ubuntu22.04-x86_64_v3 / clang@14.0.0 -------------------
    lvfqvn3 tcl@8.6.12

==> Error: There are still dependents.
  use `spack uninstall --dependents` to remove dependents too
  use `spack uninstall --force` to override
