$ spack install zlib-ng@2.0.7 cflags=-O3
[+] /home/ubuntu/spack/opt/spack/linux-ubuntu22.04-x86_64_v3/gcc-11.4.0/gmake-4.4.1-znvoaniggvauzxv4yobchqt4g7tyjuc7
==> Installing zlib-ng-2.0.7-npuw4upl6iiyuihnlv4qxnw4fjatcg4h [2/2]
==> Fetching file:///mirror/build_cache/linux-ubuntu22.04-x86_64_v3-gcc-11.4.0-zlib-ng-2.0.7-npuw4upl6iiyuihnlv4qxnw4fjatcg4h.spec.json.sig
==> Fetching file:///mirror/build_cache/linux-ubuntu22.04-x86_64_v3/gcc-11.4.0/zlib-ng-2.0.7/linux-ubuntu22.04-x86_64_v3-gcc-11.4.0-zlib-ng-2.0.7-npuw4upl6iiyuihnlv4qxnw4fjatcg4h.spack
==> Extracting zlib-ng-2.0.7-npuw4upl6iiyuihnlv4qxnw4fjatcg4h from binary cache
==> zlib-ng: Successfully installed zlib-ng-2.0.7-npuw4upl6iiyuihnlv4qxnw4fjatcg4h
  Search: 0.00s.  Fetch: 0.12s.	 Install: 0.06s.  Extract: 0.04s.  Relocate: 0.01s.  Total: 0.18s
[+] /home/ubuntu/spack/opt/spack/linux-ubuntu22.04-x86_64_v3/gcc-11.4.0/zlib-ng-2.0.7-npuw4upl6iiyuihnlv4qxnw4fjatcg4h

$ spack install zlib-ng@2.0.7 cflags=-O3
[+] /home/ubuntu/spack/opt/spack/linux-ubuntu22.04-x86_64_v3/gcc-11.4.0/gmake-4.4.1-znvoaniggvauzxv4yobchqt4g7tyjuc7
==> Installing zlib-ng-2.0.7-npuw4upl6iiyuihnlv4qxnw4fjatcg4h [2/2]
==> Fetching file:///mirror/build_cache/linux-ubuntu22.04-x86_64_v3-gcc-11.4.0-zlib-ng-2.0.7-npuw4upl6iiyuihnlv4qxnw4fjatcg4h.spec.json.sig
==> Fetching file:///mirror/build_cache/linux-ubuntu22.04-x86_64_v3/gcc-11.4.0/zlib-ng-2.0.7/linux-ubuntu22.04-x86_64_v3-gcc-11.4.0-zlib-ng-2.0.7-npuw4upl6iiyuihnlv4qxnw4fjatcg4h.spack
==> Extracting zlib-ng-2.0.7-npuw4upl6iiyuihnlv4qxnw4fjatcg4h from binary cache
==> zlib-ng: Successfully installed zlib-ng-2.0.7-npuw4upl6iiyuihnlv4qxnw4fjatcg4h
  Search: 0.00s.  Fetch: 0.12s.	 Install: 0.06s.  Extract: 0.05s.  Relocate: 0.01s.  Total: 0.18s
[+] /home/ubuntu/spack/opt/spack/linux-ubuntu22.04-x86_64_v3/gcc-11.4.0/zlib-ng-2.0.7-npuw4upl6iiyuihnlv4qxnw4fjatcg4h

$ spack install zlib-ng@2.0.7 cflags=-O3
[+] /home/ubuntu/spack/opt/spack/linux-ubuntu22.04-x86_64_v3/gcc-11.4.0/gmake-4.4.1-znvoaniggvauzxv4yobchqt4g7tyjuc7
==> Installing zlib-ng-2.0.7-npuw4upl6iiyuihnlv4qxnw4fjatcg4h [2/2]
==> Fetching file:///mirror/build_cache/linux-ubuntu22.04-x86_64_v3-gcc-11.4.0-zlib-ng-2.0.7-npuw4upl6iiyuihnlv4qxnw4fjatcg4h.spec.json.sig
==> Fetching file:///mirror/build_cache/linux-ubuntu22.04-x86_64_v3/gcc-11.4.0/zlib-ng-2.0.7/linux-ubuntu22.04-x86_64_v3-gcc-11.4.0-zlib-ng-2.0.7-npuw4upl6iiyuihnlv4qxnw4fjatcg4h.spack
==> Extracting zlib-ng-2.0.7-npuw4upl6iiyuihnlv4qxnw4fjatcg4h from binary cache
==> zlib-ng: Successfully installed zlib-ng-2.0.7-npuw4upl6iiyuihnlv4qxnw4fjatcg4h
  Search: 0.00s.  Fetch: 0.12s.	 Install: 0.06s.  Extract: 0.05s.  Relocate: 0.01s.  Total: 0.17s
[+] /home/ubuntu/spack/opt/spack/linux-ubuntu22.04-x86_64_v3/gcc-11.4.0/zlib-ng-2.0.7-npuw4upl6iiyuihnlv4qxnw4fjatcg4h

