$ spack install zlib-ng %clang
==> Fetching file:///mirror/blobs/sha256/c4/c4b11cd40034b34f52272a3f0fdcaf267f44f5548940861bfb4d1a2f5d09415f
    [100%]  334.82 KB @	 694.9 MB/s
[+] /home/spack/spack/opt/spack/linux-x86_64_v3/compiler-wrapper-1.0-rwnqblirwn5aenlmsbvsieo7mzw672ee
[+] /usr (external glibc-2.35-epwvtixhoxdeufu6kbbrpaigv2p6iav4)
[+] /usr (external llvm-14.0.0-oc4qy2fa3ev6uf3hrf5khutfgs6ogkup)
==> Fetching file:///mirror/blobs/sha256/16/1657d5838e6a75a98841136715f6be66608f9af950e292ccb2df9de5f395f069
    [100%]  359.81 KB @	 661.3 MB/s
==> Extracting gmake-4.4.1-4gp5ttded7qxa26qdw4eohyaildrj54n from binary cache
==> gmake: Successfully installed gmake-4.4.1-4gp5ttded7qxa26qdw4eohyaildrj54n
  Search: 0.00s.  Fetch: 0.10s.	 Install: 0.05s.  Extract: 0.04s.  Relocate: 0.00s.  Total: 0.14s
[+] /home/spack/spack/opt/spack/linux-x86_64_v3/gmake-4.4.1-4gp5ttded7qxa26qdw4eohyaildrj54n
==> Installing gmake-4.4.1-4gp5ttded7qxa26qdw4eohyaildrj54n [4/5]
==> Fetching file:///mirror/blobs/sha256/a0/a09307053c27c996ebdecea3325064ee7123b8880d87b0bb9117ce03289e5d36
    [100%]  237.49 KB @	 634.9 MB/s
==> Extracting zlib-ng-2.2.4-rdf7ff3uwefab3p5ytw4djjvhh2us3rf from binary cache
==> zlib-ng: Successfully installed zlib-ng-2.2.4-rdf7ff3uwefab3p5ytw4djjvhh2us3rf
  Search: 0.00s.  Fetch: 0.01s.	 Install: 0.02s.  Extract: 0.01s.  Relocate: 0.00s.  Total: 0.02s
[+] /home/spack/spack/opt/spack/linux-x86_64_v3/zlib-ng-2.2.4-rdf7ff3uwefab3p5ytw4djjvhh2us3rf
==> Installing zlib-ng-2.2.4-rdf7ff3uwefab3p5ytw4djjvhh2us3rf [5/5]
