$ spack install zlib-ng@2.0.7
==> Installing gmake-4.4.1-znvoaniggvauzxv4yobchqt4g7tyjuc7 [1/2]
==> Fetching file:///mirror/build_cache/linux-ubuntu22.04-x86_64_v3-gcc-11.4.0-gmake-4.4.1-znvoaniggvauzxv4yobchqt4g7tyjuc7.spec.json.sig
==> Fetching file:///mirror/build_cache/linux-ubuntu22.04-x86_64_v3/gcc-11.4.0/gmake-4.4.1/linux-ubuntu22.04-x86_64_v3-gcc-11.4.0-gmake-4.4.1-znvoaniggvauzxv4yobchqt4g7tyjuc7.spack
==> Extracting gmake-4.4.1-znvoaniggvauzxv4yobchqt4g7tyjuc7 from binary cache
==> gmake: Successfully installed gmake-4.4.1-znvoaniggvauzxv4yobchqt4g7tyjuc7
  Search: 0.00s.  Fetch: 0.12s.	 Install: 0.06s.  Extract: 0.05s.  Relocate: 0.01s.  Total: 0.19s
[+] /home/ubuntu/spack/opt/spack/linux-ubuntu22.04-x86_64_v3/gcc-11.4.0/gmake-4.4.1-znvoaniggvauzxv4yobchqt4g7tyjuc7
==> Installing zlib-ng-2.0.7-ffnsgi66pitfl3r6drsojucl66osakje [2/2]
==> Fetching file:///mirror/build_cache/linux-ubuntu22.04-x86_64_v3-gcc-11.4.0-zlib-ng-2.0.7-ffnsgi66pitfl3r6drsojucl66osakje.spec.json.sig
==> Fetching file:///mirror/build_cache/linux-ubuntu22.04-x86_64_v3/gcc-11.4.0/zlib-ng-2.0.7/linux-ubuntu22.04-x86_64_v3-gcc-11.4.0-zlib-ng-2.0.7-ffnsgi66pitfl3r6drsojucl66osakje.spack
==> Extracting zlib-ng-2.0.7-ffnsgi66pitfl3r6drsojucl66osakje from binary cache
==> zlib-ng: Successfully installed zlib-ng-2.0.7-ffnsgi66pitfl3r6drsojucl66osakje
  Search: 0.00s.  Fetch: 0.01s.	 Install: 0.02s.  Extract: 0.01s.  Relocate: 0.01s.  Total: 0.04s
[+] /home/ubuntu/spack/opt/spack/linux-ubuntu22.04-x86_64_v3/gcc-11.4.0/zlib-ng-2.0.7-ffnsgi66pitfl3r6drsojucl66osakje

$ spack install zlib-ng@2.0.7
[+] /home/ubuntu/spack/opt/spack/linux-ubuntu22.04-x86_64_v3/gcc-11.4.0/gmake-4.4.1-znvoaniggvauzxv4yobchqt4g7tyjuc7
==> Installing zlib-ng-2.0.7-ffnsgi66pitfl3r6drsojucl66osakje [2/2]
==> Fetching file:///mirror/build_cache/linux-ubuntu22.04-x86_64_v3-gcc-11.4.0-zlib-ng-2.0.7-ffnsgi66pitfl3r6drsojucl66osakje.spec.json.sig
==> Fetching file:///mirror/build_cache/linux-ubuntu22.04-x86_64_v3/gcc-11.4.0/zlib-ng-2.0.7/linux-ubuntu22.04-x86_64_v3-gcc-11.4.0-zlib-ng-2.0.7-ffnsgi66pitfl3r6drsojucl66osakje.spack
==> Extracting zlib-ng-2.0.7-ffnsgi66pitfl3r6drsojucl66osakje from binary cache
==> zlib-ng: Successfully installed zlib-ng-2.0.7-ffnsgi66pitfl3r6drsojucl66osakje
  Search: 0.00s.  Fetch: 0.12s.	 Install: 0.06s.  Extract: 0.04s.  Relocate: 0.01s.  Total: 0.17s
[+] /home/ubuntu/spack/opt/spack/linux-ubuntu22.04-x86_64_v3/gcc-11.4.0/zlib-ng-2.0.7-ffnsgi66pitfl3r6drsojucl66osakje

$ spack install zlib-ng@2.0.7
[+] /home/ubuntu/spack/opt/spack/linux-ubuntu22.04-x86_64_v3/gcc-11.4.0/gmake-4.4.1-znvoaniggvauzxv4yobchqt4g7tyjuc7
==> Installing zlib-ng-2.0.7-ffnsgi66pitfl3r6drsojucl66osakje [2/2]
==> Fetching file:///mirror/build_cache/linux-ubuntu22.04-x86_64_v3-gcc-11.4.0-zlib-ng-2.0.7-ffnsgi66pitfl3r6drsojucl66osakje.spec.json.sig
==> Fetching file:///mirror/build_cache/linux-ubuntu22.04-x86_64_v3/gcc-11.4.0/zlib-ng-2.0.7/linux-ubuntu22.04-x86_64_v3-gcc-11.4.0-zlib-ng-2.0.7-ffnsgi66pitfl3r6drsojucl66osakje.spack
==> Extracting zlib-ng-2.0.7-ffnsgi66pitfl3r6drsojucl66osakje from binary cache
==> zlib-ng: Successfully installed zlib-ng-2.0.7-ffnsgi66pitfl3r6drsojucl66osakje
  Search: 0.00s.  Fetch: 0.12s.	 Install: 0.06s.  Extract: 0.05s.  Relocate: 0.01s.  Total: 0.18s
[+] /home/ubuntu/spack/opt/spack/linux-ubuntu22.04-x86_64_v3/gcc-11.4.0/zlib-ng-2.0.7-ffnsgi66pitfl3r6drsojucl66osakje

