$ spack spec hdf5
Input spec
--------------------------------
 -   hdf5

Concretized
--------------------------------
[+]  hdf5@1.14.3%gcc@11.4.0~cxx~fortran~hl~ipo~java~map+mpi+shared~szip~threadsafe+tools api=default build_system=cmake build_type=Release generator=make arch=linux-ubuntu22.04-x86_64_v3
[+]      ^cmake@3.27.7%gcc@11.4.0~doc+ncurses+ownlibs build_system=generic build_type=Release arch=linux-ubuntu22.04-x86_64_v3
[+]          ^curl@8.4.0%gcc@11.4.0~gssapi~ldap~libidn2~librtmp~libssh~libssh2+nghttp2 build_system=autotools libs=shared,static tls=openssl arch=linux-ubuntu22.04-x86_64_v3
[+]              ^nghttp2@1.57.0%gcc@11.4.0 build_system=autotools arch=linux-ubuntu22.04-x86_64_v3
[+]              ^openssl@3.1.3%gcc@11.4.0~docs+shared build_system=generic certs=mozilla arch=linux-ubuntu22.04-x86_64_v3
[+]                  ^ca-certificates-mozilla@2023-05-30%gcc@11.4.0 build_system=generic arch=linux-ubuntu22.04-x86_64_v3
[+]          ^ncurses@6.4%gcc@11.4.0~symlinks+termlib abi=none build_system=autotools arch=linux-ubuntu22.04-x86_64_v3
[+]      ^gmake@4.4.1%gcc@11.4.0~guile build_system=generic arch=linux-ubuntu22.04-x86_64_v3
[+]      ^openmpi@4.1.6%gcc@11.4.0~atomics~cuda~cxx~cxx_exceptions~gpfs~internal-hwloc~internal-pmix~java~legacylaunchers~lustre~memchecker~openshmem~orterunprefix+romio+rsh~singularity+static+vt+wrapper-rpath build_system=autotools fabrics=none schedulers=none arch=linux-ubuntu22.04-x86_64_v3
[+]          ^hwloc@2.9.1%gcc@11.4.0~cairo~cuda~gl~libudev+libxml2~netloc~nvml~oneapi-level-zero~opencl+pci~rocm build_system=autotools libs=shared,static arch=linux-ubuntu22.04-x86_64_v3
[+]              ^libpciaccess@0.17%gcc@11.4.0 build_system=autotools arch=linux-ubuntu22.04-x86_64_v3
[+]                  ^util-macros@1.19.3%gcc@11.4.0 build_system=autotools arch=linux-ubuntu22.04-x86_64_v3
[+]              ^libxml2@2.10.3%gcc@11.4.0+pic~python+shared build_system=autotools arch=linux-ubuntu22.04-x86_64_v3
[+]                  ^libiconv@1.17%gcc@11.4.0 build_system=autotools libs=shared,static arch=linux-ubuntu22.04-x86_64_v3
[+]                  ^xz@5.4.1%gcc@11.4.0~pic build_system=autotools libs=shared,static arch=linux-ubuntu22.04-x86_64_v3
[+]          ^numactl@2.0.14%gcc@11.4.0 build_system=autotools patches=4e1d78c,62fc8a8,ff37630 arch=linux-ubuntu22.04-x86_64_v3
[+]              ^autoconf@2.69%gcc@11.4.0 build_system=autotools patches=35c4492,7793209,a49dd5b arch=linux-ubuntu22.04-x86_64_v3
[+]              ^automake@1.16.5%gcc@11.4.0 build_system=autotools arch=linux-ubuntu22.04-x86_64_v3
[+]              ^libtool@2.4.7%gcc@11.4.0 build_system=autotools arch=linux-ubuntu22.04-x86_64_v3
[+]              ^m4@1.4.19%gcc@11.4.0+sigsegv build_system=autotools patches=9dc5fbd,bfdffa7 arch=linux-ubuntu22.04-x86_64_v3
[+]                  ^diffutils@3.9%gcc@11.4.0 build_system=autotools arch=linux-ubuntu22.04-x86_64_v3
[+]                  ^libsigsegv@2.14%gcc@11.4.0 build_system=autotools arch=linux-ubuntu22.04-x86_64_v3
[+]          ^openssh@9.5p1%gcc@11.4.0+gssapi build_system=autotools arch=linux-ubuntu22.04-x86_64_v3
[+]              ^krb5@1.20.1%gcc@11.4.0+shared build_system=autotools arch=linux-ubuntu22.04-x86_64_v3
[+]                  ^bison@3.8.2%gcc@11.4.0 build_system=autotools arch=linux-ubuntu22.04-x86_64_v3
[+]                  ^findutils@4.9.0%gcc@11.4.0 build_system=autotools patches=440b954 arch=linux-ubuntu22.04-x86_64_v3
[+]                  ^gettext@0.22.3%gcc@11.4.0+bzip2+curses+git~libunistring+libxml2+pic+shared+tar+xz build_system=autotools arch=linux-ubuntu22.04-x86_64_v3
[+]                      ^tar@1.34%gcc@11.4.0 build_system=autotools zip=pigz arch=linux-ubuntu22.04-x86_64_v3
[+]                          ^pigz@2.7%gcc@11.4.0 build_system=makefile arch=linux-ubuntu22.04-x86_64_v3
[+]                          ^zstd@1.5.5%gcc@11.4.0+programs build_system=makefile compression=none libs=shared,static arch=linux-ubuntu22.04-x86_64_v3
[+]              ^libedit@3.1-20210216%gcc@11.4.0 build_system=autotools arch=linux-ubuntu22.04-x86_64_v3
[+]              ^libxcrypt@4.4.35%gcc@11.4.0~obsolete_api build_system=autotools patches=4885da3 arch=linux-ubuntu22.04-x86_64_v3
[+]          ^perl@5.38.0%gcc@11.4.0+cpanm+opcode+open+shared+threads build_system=generic patches=714e4d1 arch=linux-ubuntu22.04-x86_64_v3
[+]              ^berkeley-db@18.1.40%gcc@11.4.0+cxx~docs+stl build_system=autotools patches=26090f4,b231fcc arch=linux-ubuntu22.04-x86_64_v3
[+]              ^bzip2@1.0.8%gcc@11.4.0~debug~pic+shared build_system=generic arch=linux-ubuntu22.04-x86_64_v3
[+]              ^gdbm@1.23%gcc@11.4.0 build_system=autotools arch=linux-ubuntu22.04-x86_64_v3
[+]                  ^readline@8.2%gcc@11.4.0 build_system=autotools patches=bbf97f1 arch=linux-ubuntu22.04-x86_64_v3
[+]          ^pmix@5.0.1%gcc@11.4.0~docs+pmi_backwards_compatibility~python~restful build_system=autotools arch=linux-ubuntu22.04-x86_64_v3
[+]              ^libevent@2.1.12%gcc@11.4.0+openssl build_system=autotools arch=linux-ubuntu22.04-x86_64_v3
[+]      ^pkgconf@1.9.5%gcc@11.4.0 build_system=autotools arch=linux-ubuntu22.04-x86_64_v3
[+]      ^zlib-ng@2.1.4%gcc@11.4.0+compat+opt build_system=autotools arch=linux-ubuntu22.04-x86_64_v3