$ spack spec hdf5
 -   hdf5@1.14.6~cxx~fortran~hl~ipo~java~map+mpi+shared~subfiling~szip~threadsafe+tools api=default build_system=cmake build_type=Release generator=make platform=linux os=ubuntu26.04 target=x86_64_v3 %c=clang@21.1.8
 -       ^cmake@3.31.11~doc+ncurses+ownlibs~qtgui build_system=generic build_type=Release platform=linux os=ubuntu26.04 target=x86_64_v3 %c,cxx=clang@21.1.8   -           ^curl@8.20.0~gssapi~ldap~libidn2~librtmp~libssh~libssh2+nghttp2 build_system=autotools libs:=shared,static tls:=openssl platform=linux os=ubuntu26.04 target=x86_64_v3 %c,cxx=clang@21.1.8
 -               ^nghttp2@1.67.1 build_system=autotools platform=linux os=ubuntu26.04 target=x86_64_v3 %c,cxx=clang@21.1.8
 -                   ^diffutils@3.12 build_system=autotools platform=linux os=ubuntu26.04 target=x86_64_v3 %c=clang@21.1.8
 -               ^openssl@3.6.1~docs+shared build_system=generic certs=mozilla platform=linux os=ubuntu26.04 target=x86_64_v3 %c,cxx=clang@21.1.8
[b]                  ^ca-certificates-mozilla@2026-03-19 build_system=generic platform=linux os=ubuntu26.04 target=x86_64_v3
 -                   ^perl@5.42.0+cpanm+opcode+open+shared+threads build_system=generic platform=linux os=ubuntu26.04 target=x86_64_v3 %c=clang@21.1.8
 -                       ^berkeley-db@18.1.40+cxx~docs+stl build_system=autotools patches:=26090f4,b231fcc platform=linux os=ubuntu26.04 target=x86_64_v3 %c,cxx=clang@21.1.8
 -                       ^less@692 build_system=autotools platform=linux os=ubuntu26.04 target=x86_64_v3 %c=clang@21.1.8
 -           ^ncurses@6.6~symlinks+termlib abi=none build_system=autotools patches:=7a351bc platform=linux os=ubuntu26.04 target=x86_64_v3 %c,cxx=clang@21.1.8
[+]      ^compiler-wrapper@1.1.0 build_system=generic platform=linux os=ubuntu26.04 target=x86_64_v3
[e]      ^glibc@2.43 build_system=autotools platform=linux os=ubuntu26.04 target=x86_64
 -       ^gmake@4.4.1~guile build_system=generic platform=linux os=ubuntu26.04 target=x86_64_v3 %c=clang@21.1.8
[e]      ^llvm@21.1.8+clang~cuda~flang~gold+libomptarget~libomptarget_debug~link_llvm_dylib~lld~lldb+llvm_dylib+lua~mlir+offload+polly~python~split_dwarf~utils~z3~zstd build_system=cmake build_type=Release compiler-rt=runtime generator=ninja libcxx=runtime libunwind=runtime openmp=runtime shlib_symbol_version=none targets:=aarch64,amdgpu,nvptx,x86 version_suffix=none platform=linux os=ubuntu26.04 target=x86_64
 -       ^mpich@5.0.1~argobots~cuda+fortran+hwloc+hydra~level_zero+libxml2+pci~rocm+romio~slurm~vci~verbs+wrapperrpath~xpmem build_system=autotools datatype-engine=auto device=ch4 netmod=ofi pmi=default platform=linux os=ubuntu26.04 target=x86_64_v3 %fortran=gcc@15.2.0 %c,cxx=clang@21.1.8
 -           ^findutils@4.10.0 build_system=autotools patches:=440b954 platform=linux os=ubuntu26.04 target=x86_64_v3 %c=clang@21.1.8
 -               ^gettext@1.0+bzip2+curses+git~libunistring+libxml2+pic+shared+tar+xz build_system=autotools platform=linux os=ubuntu26.04 target=x86_64_v3 %c,cxx=clang@21.1.8
 -                   ^tar@1.35 build_system=autotools zip=pigz platform=linux os=ubuntu26.04 target=x86_64_v3 %c=clang@21.1.8
 -                       ^pigz@2.8 build_system=makefile platform=linux os=ubuntu26.04 target=x86_64_v3 %c=clang@21.1.8
[e]          ^gcc@15.2.0+binutils+bootstrap~graphite+libsanitizer~mold~nvptx~piclibs~profiled~strip build_system=autotools build_type=RelWithDebInfo languages:='c,c++,fortran' platform=linux os=ubuntu26.04 target=x86_64
[+]          ^gcc-runtime@15.2.0 build_system=generic platform=linux os=ubuntu26.04 target=x86_64_v3
 -           ^hwloc@2.13.0~cairo~cuda~gl~level_zero~libudev+libxml2~nvml~opencl+pci~rocm build_system=autotools libs:=shared,static patches:=b4db98b platform=linux os=ubuntu26.04 target=x86_64_v3 %c,cxx=clang@21.1.8                                                                                                      -           ^libfabric@2.5.1~asan~cuda~debug~kdreg~level_zero~lsan~rocm~tsan~ubsan~uring build_system=autotools fabrics:=sockets,tcp,udp platform=linux os=ubuntu26.04 target=x86_64_v3 %c=clang@21.1.8                                                                                                                     -           ^libpciaccess@0.17 build_system=autotools platform=linux os=ubuntu26.04 target=x86_64_v3 %c=clang@21.1.8
 -               ^util-macros@1.20.2 build_system=autotools platform=linux os=ubuntu26.04 target=x86_64_v3
 -           ^libxml2@2.15.3+pic~python+shared build_system=autotools platform=linux os=ubuntu26.04 target=x86_64_v3 %c=clang@21.1.8
 -               ^libiconv@1.18 build_system=autotools libs:=shared,static platform=linux os=ubuntu26.04 target=x86_64_v3 %c=clang@21.1.8
 -               ^xz@5.8.3~pic build_system=autotools libs:=shared,static platform=linux os=ubuntu26.04 target=x86_64_v3 %c=clang@21.1.8                       -           ^python@3.14.5+bz2+ctypes+dbm~debug~freethreading+libxml2+lzma~optimizations+pic+pyexpat+pythoncmd+readline+shared+sqlite3+ssl~static~tests~tkinter+uuid+zlib+zstd build_system=generic platform=linux os=ubuntu26.04 target=x86_64_v3 %c,cxx=clang@21.1.8
 -               ^bzip2@1.0.8~debug~pic+shared build_system=generic platform=linux os=ubuntu26.04 target=x86_64_v3 %c=clang@21.1.8                             -               ^expat@2.8.1+libbsd build_system=autotools platform=linux os=ubuntu26.04 target=x86_64_v3 %c,cxx=clang@21.1.8
 -                   ^libbsd@0.12.2 build_system=autotools platform=linux os=ubuntu26.04 target=x86_64_v3 %c=clang@21.1.8
 -                       ^libmd@1.1.0 build_system=autotools platform=linux os=ubuntu26.04 target=x86_64_v3 %c=clang@21.1.8                                    -               ^gdbm@1.26 build_system=autotools platform=linux os=ubuntu26.04 target=x86_64_v3 %c=clang@21.1.8
 -               ^libffi@3.5.2 build_system=autotools platform=linux os=ubuntu26.04 target=x86_64_v3 %c,cxx=clang@21.1.8
 -               ^readline@8.3 build_system=autotools patches:=21f0a03,72dee13,e273643 platform=linux os=ubuntu26.04 target=x86_64_v3 %c=clang@21.1.8
 -               ^sqlite@3.53.1+column_metadata+fts+rtree build_system=autotools platform=linux os=ubuntu26.04 target=x86_64_v3 %c=clang@21.1.8
 -               ^util-linux-uuid@2.41 build_system=autotools platform=linux os=ubuntu26.04 target=x86_64_v3 %c=clang@21.1.8
 -               ^zstd@1.5.7+programs build_system=makefile compression:=none libs:=shared,static platform=linux os=ubuntu26.04 target=x86_64_v3 %c,cxx=clang@21.1.8                                                                                                                                                         -       ^pkgconf@2.5.1 build_system=autotools platform=linux os=ubuntu26.04 target=x86_64_v3 %c=clang@21.1.8
 -       ^zlib-ng@2.3.3+compat+new_strategies+opt+pic+shared build_system=autotools platform=linux os=ubuntu26.04 target=x86_64_v3 %c,cxx=clang@21.1.8
