$ spack spec hdf5
 -   hdf5@1.14.6~cxx~fortran~hl~ipo~java~map~mpi+shared~szip~threadsafe+tools api=default build_system=cmake build_type=Release generator=make platform=linux os=ubuntu26.04 target=x86_64_v3 %c=clang@21.1.8
 -       ^cmake@3.31.11~doc+ncurses+ownlibs~qtgui build_system=generic build_type=Release platform=linux os=ubuntu26.04 target=x86_64_v3 %c,cxx=clang@21.1.8
 -           ^curl@8.20.0~gssapi~ldap~libidn2~librtmp~libssh~libssh2+nghttp2 build_system=autotools libs:=shared,static tls:=openssl platform=linux os=ubuntu26.04 target=x86_64_v3 %c,cxx=clang@21.1.8
 -               ^nghttp2@1.67.1 build_system=autotools platform=linux os=ubuntu26.04 target=x86_64_v3 %c,cxx=clang@21.1.8
 -                   ^diffutils@3.12 build_system=autotools platform=linux os=ubuntu26.04 target=x86_64_v3 %c=clang@21.1.8
 -                       ^libiconv@1.18 build_system=autotools libs:=shared,static platform=linux os=ubuntu26.04 target=x86_64_v3 %c=clang@21.1.8
 -               ^openssl@3.6.1~docs+shared build_system=generic certs=mozilla platform=linux os=ubuntu26.04 target=x86_64_v3 %c,cxx=clang@21.1.8
[b]                  ^ca-certificates-mozilla@2026-03-19 build_system=generic platform=linux os=ubuntu26.04 target=x86_64_v3
 -                   ^perl@5.42.0+cpanm+opcode+open+shared+threads build_system=generic platform=linux os=ubuntu26.04 target=x86_64_v3 %c=clang@21.1.8
 -                       ^berkeley-db@18.1.40+cxx~docs+stl build_system=autotools patches:=26090f4,b231fcc platform=linux os=ubuntu26.04 target=x86_64_v3 %c,cxx=clang@21.1.8
 -                       ^bzip2@1.0.8~debug~pic+shared build_system=generic platform=linux os=ubuntu26.04 target=x86_64_v3 %c=clang@21.1.8
 -                       ^gdbm@1.26 build_system=autotools platform=linux os=ubuntu26.04 target=x86_64_v3 %c=clang@21.1.8
 -                           ^readline@8.3 build_system=autotools patches:=21f0a03,72dee13,e273643 platform=linux os=ubuntu26.04 target=x86_64_v3 %c=clang@21.1.8
 -                       ^less@692 build_system=autotools platform=linux os=ubuntu26.04 target=x86_64_v3 %c=clang@21.1.8
 -           ^ncurses@6.6~symlinks+termlib abi=none build_system=autotools patches:=7a351bc platform=linux os=ubuntu26.04 target=x86_64_v3 %c,cxx=clang@21.1.8
[+]      ^compiler-wrapper@1.1.0 build_system=generic platform=linux os=ubuntu26.04 target=x86_64_v3
[e]      ^glibc@2.43 build_system=autotools platform=linux os=ubuntu26.04 target=x86_64
 -       ^gmake@4.4.1~guile build_system=generic platform=linux os=ubuntu26.04 target=x86_64_v3 %c=clang@21.1.8
[e]      ^llvm@21.1.8+clang~cuda~flang~gold+libomptarget~libomptarget_debug~link_llvm_dylib~lld~lldb+llvm_dylib+lua~mlir+offload+polly~python~split_dwarf~utils~z3~zstd build_system=cmake build_type=Release compiler-rt=runtime generator=ninja libcxx=runtime libunwind=runtime openmp=runtime shlib_symbol_version=none targets:=aarch64,amdgpu,nvptx,x86 version_suffix=none platform=linux os=ubuntu26.04 target=x86_64
 -       ^pkgconf@2.5.1 build_system=autotools platform=linux os=ubuntu26.04 target=x86_64_v3 %c=clang@21.1.8
 -       ^zlib-ng@2.3.3+compat+new_strategies+opt+pic+shared build_system=autotools platform=linux os=ubuntu26.04 target=x86_64_v3 %c,cxx=clang@21.1.8
