$ spack config add "config:install_tree:padded_length:128"
$ spack install --no-cache
==> Concretized bzip2
 -   fvfpt26  bzip2@1.0.8%gcc@7.5.0+shared arch=linux-ubuntu18.04-x86_64
 -   otkkten	  ^diffutils@3.7%gcc@7.5.0 arch=linux-ubuntu18.04-x86_64
 -   jearpk4	      ^libiconv@1.16%gcc@7.5.0 arch=linux-ubuntu18.04-x86_64

==> Concretized zlib
 -   smoyzzo  zlib@1.2.11%gcc@7.5.0+optimize+pic+shared arch=linux-ubuntu18.04-x86_64

==> Installing environment /home/spack/cache-binary
==> Installing libiconv-1.16-jearpk4xci4zc7dkrza4fufaqfkq7rfl
==> Fetching https://spack-llnl-mirror.s3-us-west-2.amazonaws.com/_source-cache/archive/e6/e6a1b1b589654277ee790cce3734f07876ac4ccfaecbee8afa0b649cf529cc04.tar.gz
####################################################################################################################################################################### 100.0%
==> libiconv: Executing phase: 'autoreconf'
==> libiconv: Executing phase: 'configure'
==> libiconv: Executing phase: 'build'
==> libiconv: Executing phase: 'install'
==> Warning: Module file already exists : skipping creation
file : /home/spack/spack/share/spack/modules/linux-ubuntu18.04-x86_64/libiconv-1.16-gcc-7.5.0-jearpk4
spec : libiconv@1.16%gcc@7.5.0 arch=linux-ubuntu18.04-x86_64
[+] /home/spack/spack/opt/spack/spack_path_placeholder/spack_path_placeholder/spack_path_placeholder/spack_path_placeholder/spack_pa/linux-ubuntu18.04-x86_64/gcc-7.5.0/libiconv-1.16-jearpk4xci4zc7dkrza4fufaqfkq7rfl
==> Installing zlib-1.2.11-smoyzzo2qhzpn6mg6rd3l2p7b23enshg
==> Fetching https://spack-llnl-mirror.s3-us-west-2.amazonaws.com/_source-cache/archive/c3/c3e5e9fdd5004dcb542feda5ee4f0ff0744628baf8ed2dd5d66f8ca1197cb1a1.tar.gz
####################################################################################################################################################################### 100.0%
==> zlib: Executing phase: 'install'
==> Warning: Module file already exists : skipping creation
file : /home/spack/spack/share/spack/modules/linux-ubuntu18.04-x86_64/zlib-1.2.11-gcc-7.5.0-smoyzzo
spec : zlib@1.2.11%gcc@7.5.0+optimize+pic+shared arch=linux-ubuntu18.04-x86_64
[+] /home/spack/spack/opt/spack/spack_path_placeholder/spack_path_placeholder/spack_path_placeholder/spack_path_placeholder/spack_pa/linux-ubuntu18.04-x86_64/gcc-7.5.0/zlib-1.2.11-smoyzzo2qhzpn6mg6rd3l2p7b23enshg
==> Installing diffutils-3.7-otkktenrrvcaf37a7zyeytmjuwsalvtr
==> Fetching https://spack-llnl-mirror.s3-us-west-2.amazonaws.com/_source-cache/archive/b3/b3a7a6221c3dc916085f0d205abf6b8e1ba443d4dd965118da364a1dc1cb3a26.tar.xz
####################################################################################################################################################################### 100.0%
==> diffutils: Executing phase: 'autoreconf'
==> diffutils: Executing phase: 'configure'
==> diffutils: Executing phase: 'build'
==> diffutils: Executing phase: 'install'
==> Warning: Module file already exists : skipping creation
file : /home/spack/spack/share/spack/modules/linux-ubuntu18.04-x86_64/diffutils-3.7-gcc-7.5.0-otkkten
spec : diffutils@3.7%gcc@7.5.0 arch=linux-ubuntu18.04-x86_64 ^libiconv@1.16%gcc@7.5.0 arch=linux-ubuntu18.04-x86_64
[+] /home/spack/spack/opt/spack/spack_path_placeholder/spack_path_placeholder/spack_path_placeholder/spack_path_placeholder/spack_pa/linux-ubuntu18.04-x86_64/gcc-7.5.0/diffutils-3.7-otkktenrrvcaf37a7zyeytmjuwsalvtr
==> Installing bzip2-1.0.8-fvfpt26p5divvq6344vojyn64enojlui
==> Fetching https://spack-llnl-mirror.s3-us-west-2.amazonaws.com/_source-cache/archive/ab/ab5a03176ee106d3f0fa90e381da478ddae405918153cca248e682cd0c4a2269.tar.gz
####################################################################################################################################################################### 100.0%
==> bzip2: Executing phase: 'install'
==> Warning: Module file already exists : skipping creation
file : /home/spack/spack/share/spack/modules/linux-ubuntu18.04-x86_64/bzip2-1.0.8-gcc-7.5.0-fvfpt26
spec : bzip2@1.0.8%gcc@7.5.0+shared arch=linux-ubuntu18.04-x86_64 ^diffutils@3.7%gcc@7.5.0 arch=linux-ubuntu18.04-x86_64 ^libiconv@1.16%gcc@7.5.0 arch=linux-ubuntu18.04-x86_64
[+] /home/spack/spack/opt/spack/spack_path_placeholder/spack_path_placeholder/spack_path_placeholder/spack_path_placeholder/spack_pa/linux-ubuntu18.04-x86_64/gcc-7.5.0/bzip2-1.0.8-fvfpt26p5divvq6344vojyn64enojlui
==> Updating view at /home/spack/cache-binary/.spack-env/view
==> Updating view at /home/spack/cache-binary/.spack-env/view
