$ spack -e . install
==> Concretized 1 spec
[b]  cwym5ww  julia@1.12.6+openlibm+precompile build_system=makefile cpu_target=auto platform=linux os=ubuntu26.04 target=x86_64_v3 %c,cxx,fortran=gcc@15.2.0
[b]  7kv4kdp	  ^binutils@2.46.1~debuginfod~gas~gprofng~headers~interwork~ld~libiberty~lto~nls~pgo+plugins build_system=autotools compress_debug_sections=zlib libs:=shared,static platform=linux os=ubuntu26.04 target=x86_64_v3 %c,cxx=gcc@15.2.0
[b]  ao2onuz	      ^diffutils@3.12 build_system=autotools platform=linux os=ubuntu26.04 target=x86_64_v3 %c=gcc@15.2.0
[+]  vbwvgwx		  ^libiconv@1.18 build_system=autotools libs:=shared,static platform=linux os=ubuntu26.04 target=x86_64_v3 %c=gcc@15.2.0
[+]  yvl6jpi	      ^pkgconf@2.5.1 build_system=autotools platform=linux os=ubuntu26.04 target=x86_64_v3 %c=gcc@15.2.0
[+]  63aruxk	      ^zstd@1.5.7+programs build_system=makefile compression:=none libs:=shared,static platform=linux os=ubuntu26.04 target=x86_64_v3 %c,cxx=gcc@15.2.0
[+]  mmywg7x	  ^compiler-wrapper@1.1.0 build_system=generic platform=linux os=ubuntu26.04 target=x86_64_v3
[b]  lye3uga	  ^curl@8.20.0~gssapi~ldap~libidn2~librtmp~libssh+libssh2+nghttp2 build_system=autotools libs:=shared,static tls:=openssl platform=linux os=ubuntu26.04 target=x86_64_v3 %c,cxx=gcc@15.2.0
[b]  j6vekwc	  ^dsfmt@2.2.5 build_system=makefile patches:=b79624c platform=linux os=ubuntu26.04 target=x86_64_v3 %c,cxx=gcc@15.2.0
[e]  yjlog5x	  ^gcc@15.2.0+binutils+bootstrap~graphite+libsanitizer~mold~nvptx~piclibs~profiled~strip build_system=autotools build_type=RelWithDebInfo languages:='c,c++,fortran' platform=linux os=ubuntu26.04 target=x86_64_v3
[+]  xm76mt3	  ^gcc-runtime@15.2.0 build_system=generic platform=linux os=ubuntu26.04 target=x86_64_v3
[e]  yc4n2pp	  ^glibc@2.43 build_system=autotools platform=linux os=ubuntu26.04 target=x86_64_v3
[+]  r4lhaok	  ^gmake@4.4.1~guile build_system=generic platform=linux os=ubuntu26.04 target=x86_64_v3 %c=gcc@15.2.0
[+]  xpmsy5x	  ^gmp@6.3.0+cxx build_system=autotools libs:=shared,static patches:=28a6673 platform=linux os=ubuntu26.04 target=x86_64_v3 %c,cxx=gcc@15.2.0
[+]  jo3eg4r	      ^autoconf@2.72 build_system=autotools platform=linux os=ubuntu26.04 target=x86_64_v3
[+]  yhkgfai	      ^automake@1.18.1 build_system=autotools platform=linux os=ubuntu26.04 target=x86_64_v3 %c=gcc@15.2.0
[+]  3gdq456	      ^libtool@2.5.4 build_system=autotools platform=linux os=ubuntu26.04 target=x86_64_v3 %c=gcc@15.2.0
[+]  mguwetc		  ^file@5.46+static build_system=autotools platform=linux os=ubuntu26.04 target=x86_64_v3 %c=gcc@15.2.0
[+]  punbqrx		  ^findutils@4.10.0 build_system=autotools patches:=440b954 platform=linux os=ubuntu26.04 target=x86_64_v3 %c=gcc@15.2.0
[+]  y6uqrto	      ^m4@1.4.21+sigsegv build_system=autotools platform=linux os=ubuntu26.04 target=x86_64_v3 %c,cxx=gcc@15.2.0
[+]  phcmfqk		  ^libsigsegv@2.15 build_system=autotools platform=linux os=ubuntu26.04 target=x86_64_v3 %c=gcc@15.2.0
[b]  xy77gc4	  ^libblastrampoline@5.15.0 build_system=makefile platform=linux os=ubuntu26.04 target=x86_64_v3 %c=gcc@15.2.0
[b]  kpqpfzd	  ^libgit2@1.9.1~curl~ipo+mmap+ssh build_system=cmake build_type=Release generator=make https=system platform=linux os=ubuntu26.04 target=x86_64_v3 %c=gcc@15.2.0
[b]  2pcapfx	      ^cmake@3.31.11~doc+ncurses+ownlibs~qtgui build_system=generic build_type=Release platform=linux os=ubuntu26.04 target=x86_64_v3 %c,cxx=gcc@15.2.0
[b]  ruqu6gz	      ^pcre@8.45~jit+multibyte+pic+shared+static+utf build_system=autotools platform=linux os=ubuntu26.04 target=x86_64_v3 %c,cxx=gcc@15.2.0
[b]  ub2blr6	  ^libssh2@1.11.1+shared build_system=autotools crypto=openssl platform=linux os=ubuntu26.04 target=x86_64_v3 %c=gcc@15.2.0
[+]  hhjyyqy	      ^xz@5.8.3~pic build_system=autotools libs:=shared,static platform=linux os=ubuntu26.04 target=x86_64_v3 %c=gcc@15.2.0
[b]  fimmpu2	  ^libunwind@1.8.3~block_signals~conservative_checks~cxx_exceptions~debug~debug_frame+docs~pic+tests+weak_backtrace~xz~zlib build_system=autotools components:=none libs:=shared,static patches:=4562c23 platform=linux os=ubuntu26.04 target=x86_64_v3 %c,cxx=gcc@15.2.0
[b]  xpk7th3	  ^libuv-julia@1.48.1rc1 build_system=autotools commit=af4172ec713ee986ba1a989b9e33993a07c60c9e platform=linux os=ubuntu26.04 target=x86_64_v3 %c=gcc@15.2.0
[b]  erzdalk	  ^libwhich@1.3.0 build_system=makefile platform=linux os=ubuntu26.04 target=x86_64_v3 %c=gcc@15.2.0
[b]  hnjjqjh	  ^llvm@18.1.8~clang~cuda~flang~gold~ipo~libomptarget~libomptarget_debug+link_llvm_dylib+lld~lldb+llvm_dylib~lua~mlir~polly~python~split_dwarf~utils~z3~zstd build_system=cmake build_type=Release compiler-rt=none generator=ninja libcxx=none libunwind=none openmp=project patches:=3fdf56a,49b1a46,8459dc3,8b07b12,900363d shlib_symbol_version=JL_LLVM_18.0 targets:=amdgpu,bpf,nvptx,webassembly,x86 version_suffix=jl platform=linux os=ubuntu26.04 target=x86_64_v3 %c,cxx=gcc@15.2.0
[+]  ujctyey	      ^hwloc@2.13.0~cairo~cuda~gl~level_zero~libudev+libxml2~nvml~opencl+pci~rocm build_system=autotools libs:=shared,static patches:=b4db98b platform=linux os=ubuntu26.04 target=x86_64_v3 %c,cxx=gcc@15.2.0
[+]  qzkk5ym		  ^libpciaccess@0.17 build_system=autotools platform=linux os=ubuntu26.04 target=x86_64_v3 %c=gcc@15.2.0
[b]  o5fy6wf		      ^util-macros@1.20.2 build_system=autotools platform=linux os=ubuntu26.04 target=x86_64_v3
[+]  ujlg2ua		  ^libxml2@2.15.3+pic~python+shared build_system=autotools platform=linux os=ubuntu26.04 target=x86_64_v3 %c=gcc@15.2.0
[b]  vh2tvd2	      ^ninja@1.13.2+re2c build_system=generic platform=linux os=ubuntu26.04 target=x86_64_v3 %c,cxx=gcc@15.2.0
[b]  r3iq2an		  ^re2c@4.4 build_system=autotools platform=linux os=ubuntu26.04 target=x86_64_v3 %c,cxx=gcc@15.2.0
[b]  ew4om4t	      ^perl-data-dumper@2.173 build_system=perl platform=linux os=ubuntu26.04 target=x86_64_v3
[+]  melg7ga	  ^mpfr@4.2.2 build_system=autotools libs:=shared,static platform=linux os=ubuntu26.04 target=x86_64_v3 %c=gcc@15.2.0
[b]  sf5iutv	      ^autoconf-archive@2024.10.16 build_system=autotools platform=linux os=ubuntu26.04 target=x86_64_v3
[b]  jvlaabk	      ^texinfo@7.2~xs build_system=autotools platform=linux os=ubuntu26.04 target=x86_64_v3 %c,cxx=gcc@15.2.0
[b]  7whskvy	  ^nghttp2@1.64.0 build_system=autotools platform=linux os=ubuntu26.04 target=x86_64_v3 %c,cxx=gcc@15.2.0
[b]  lkjmi5o	  ^openblas@0.3.33~bignuma~consistent_fpcsr+dynamic_dispatch+fortran+ilp64+locking+pic+shared~static build_system=makefile max_num_threads=512 patches:=723ddc1 symbol_suffix=64_ threads=openmp platform=linux os=ubuntu26.04 target=x86_64_v3 %c,cxx,fortran=gcc@15.2.0
[b]  iebfc2k	  ^openlibm@0.8.7 build_system=makefile platform=linux os=ubuntu26.04 target=x86_64_v3 %c,cxx=gcc@15.2.0
[b]  wvrtpeg	  ^openssl@3.5.5~docs+shared build_system=generic certs=mozilla platform=linux os=ubuntu26.04 target=x86_64_v3 %c,cxx=gcc@15.2.0
[b]  axeuqg3	      ^ca-certificates-mozilla@2026-03-19 build_system=generic platform=linux os=ubuntu26.04 target=x86_64_v3
[b]  qnmjd2p	  ^p7zip@17.06 build_system=makefile platform=linux os=ubuntu26.04 target=x86_64_v3 %c,cxx=gcc@15.2.0
[b]  b3wvnvm	  ^patchelf@0.17.2 build_system=autotools platform=linux os=ubuntu26.04 target=x86_64_v3 %c,cxx=gcc@15.2.0
[+]  hxboy22	  ^pcre2@10.44~jit+multibyte+pic build_system=autotools platform=linux os=ubuntu26.04 target=x86_64_v3 %c=gcc@15.2.0
[+]  bvphs3b	  ^perl@5.42.0+cpanm+opcode+open+shared+threads build_system=generic platform=linux os=ubuntu26.04 target=x86_64_v3 %c=gcc@15.2.0
[+]  27d4iyp	      ^berkeley-db@18.1.40+cxx~docs+stl build_system=autotools patches:=26090f4,b231fcc platform=linux os=ubuntu26.04 target=x86_64_v3 %c,cxx=gcc@15.2.0
[+]  cbtgjrh	      ^bzip2@1.0.8~debug~pic+shared build_system=generic platform=linux os=ubuntu26.04 target=x86_64_v3 %c=gcc@15.2.0
[+]  cq4dkuc	      ^gdbm@1.26 build_system=autotools platform=linux os=ubuntu26.04 target=x86_64_v3 %c=gcc@15.2.0
[+]  ohmdb2l	      ^less@692 build_system=autotools platform=linux os=ubuntu26.04 target=x86_64_v3 %c=gcc@15.2.0
[b]  kzsepw7	  ^python@3.14.5+bz2+ctypes+dbm~debug~freethreading+libxml2+lzma~optimizations+pic+pyexpat+pythoncmd+readline+shared+sqlite3+ssl~static~tests~tkinter+uuid+zlib+zstd build_system=generic platform=linux os=ubuntu26.04 target=x86_64_v3 %c,cxx=gcc@15.2.0
[+]  d462mhw	      ^expat@2.8.1+libbsd build_system=autotools platform=linux os=ubuntu26.04 target=x86_64_v3 %c,cxx=gcc@15.2.0
[+]  7o3mv6c		  ^libbsd@0.12.2 build_system=autotools platform=linux os=ubuntu26.04 target=x86_64_v3 %c=gcc@15.2.0
[+]  yvvn7mu		      ^libmd@1.1.0 build_system=autotools platform=linux os=ubuntu26.04 target=x86_64_v3 %c=gcc@15.2.0
[+]  sle3ix4	      ^gettext@1.0+bzip2+curses+git~libunistring+libxml2+pic+shared+tar+xz build_system=autotools platform=linux os=ubuntu26.04 target=x86_64_v3 %c,cxx=gcc@15.2.0
[+]  f5xe4px		  ^tar@1.35 build_system=autotools zip=pigz platform=linux os=ubuntu26.04 target=x86_64_v3 %c=gcc@15.2.0
[+]  afklka7		      ^pigz@2.8 build_system=makefile platform=linux os=ubuntu26.04 target=x86_64_v3 %c=gcc@15.2.0
[+]  aiceosz	      ^libffi@3.5.2 build_system=autotools platform=linux os=ubuntu26.04 target=x86_64_v3 %c,cxx=gcc@15.2.0
[+]  ekvivpv	      ^ncurses@6.6~symlinks+termlib abi=none build_system=autotools patches:=7a351bc platform=linux os=ubuntu26.04 target=x86_64_v3 %c,cxx=gcc@15.2.0
[+]  k25xiih	      ^readline@8.3 build_system=autotools patches:=21f0a03,72dee13,e273643 platform=linux os=ubuntu26.04 target=x86_64_v3 %c=gcc@15.2.0
[+]  unjd5da	      ^sqlite@3.53.1+column_metadata+fts+rtree build_system=autotools platform=linux os=ubuntu26.04 target=x86_64_v3 %c=gcc@15.2.0
[+]  clufswx	      ^util-linux-uuid@2.41 build_system=autotools platform=linux os=ubuntu26.04 target=x86_64_v3 %c=gcc@15.2.0
[b]  xiro4iz	  ^suite-sparse@7.8.3~cuda~graphblas~openmp+pic build_system=generic platform=linux os=ubuntu26.04 target=x86_64_v3 %c,cxx,fortran=gcc@15.2.0
[b]  da5cneu	      ^metis@5.1.0~gdb~int64~ipo~no_warning~real64+shared build_system=cmake build_type=Release generator=make patches:=4991da9,93a7903,b1225da platform=linux os=ubuntu26.04 target=x86_64_v3 %c,cxx=gcc@15.2.0
[b]  mujkry5	  ^utf8proc@2.10.0~ipo~shared build_system=cmake build_type=Release generator=make platform=linux os=ubuntu26.04 target=x86_64_v3 %c=gcc@15.2.0
[b]  2bqrstk	  ^which@2.23 build_system=autotools platform=linux os=ubuntu26.04 target=x86_64_v3 %c=gcc@15.2.0
[+]  g72d7i3	  ^zlib-ng@2.3.3+compat+new_strategies+opt+pic+shared build_system=autotools platform=linux os=ubuntu26.04 target=x86_64_v3 %c,cxx=gcc@15.2.0

[ ] mujkry5 utf8proc@2.10.0 fetching from build cache (0s)
[ ] da5cneu metis@5.1.0 fetching from build cache (0s)
[ ] qnmjd2p p7zip@17.06 fetching from build cache (0s)
[ ] wvrtpeg openssl@3.5.5 fetching from build cache (0s)
[ ] mujkry5 utf8proc@2.10.0 relocating (0s)
[ ] da5cneu metis@5.1.0 relocating (0s)
[ ] qnmjd2p p7zip@17.06 relocating (0s)
[ ] wvrtpeg openssl@3.5.5 relocating (0s)
[+] mujkry5 utf8proc@2.10.0 /home/spack/spack/opt/spack/linux-x86_64_v3/utf8proc-2.10.0-mujkry5ur3afukzumnbmy7e4hilb5i5n (0s)
[+] da5cneu metis@5.1.0 /home/spack/spack/opt/spack/linux-x86_64_v3/metis-5.1.0-da5cneuqtms6uthdt6a7hzbduvzx6672 (0s)
[ ] iebfc2k openlibm@0.8.7 fetching from build cache (0s)
[ ] lkjmi5o openblas@0.3.33 fetching from build cache (0s)
[+] qnmjd2p p7zip@17.06 /home/spack/spack/opt/spack/linux-x86_64_v3/p7zip-17.06-qnmjd2puutw7bxy33boxms3yvgsr3fb2 (1s)
[ ] 7whskvy nghttp2@1.64.0 fetching from build cache (0s)
[+] wvrtpeg openssl@3.5.5 /home/spack/spack/opt/spack/linux-x86_64_v3/openssl-3.5.5-wvrtpegflbg2z3e3obmyijvsz5lrbwy7 (1s)
[ ] iebfc2k openlibm@0.8.7 relocating (1s)
[ ] hnjjqjh llvm@18.1.8 fetching from build cache (0s)
[ ] lkjmi5o openblas@0.3.33 relocating (1s)
[+] iebfc2k openlibm@0.8.7 /home/spack/spack/opt/spack/linux-x86_64_v3/openlibm-0.8.7-iebfc2ktmby7ukpcxvhzjn77kukqkxzv (1s)
[ ] 7whskvy nghttp2@1.64.0 relocating (0s)
[ ] xpk7th3 libuv-julia@1.48.1rc1 fetching from build cache (0s)
[+] 7whskvy nghttp2@1.64.0 /home/spack/spack/opt/spack/linux-x86_64_v3/nghttp2-1.64.0-7whskvybeoszzzc3loamck65rkmxf4to (0s)
[ ] fimmpu2 libunwind@1.8.3 fetching from build cache (0s)
[ ] xpk7th3 libuv-julia@1.48.1rc1 relocating (0s)
[ ] hnjjqjh llvm@18.1.8 relocating (0s)
[+] xpk7th3 libuv-julia@1.48.1rc1 /home/spack/spack/opt/spack/linux-x86_64_v3/libuv-julia-1.48.1rc1-xpk7th3rhbls4h4jz537mfiblpar3oal (0s)
[+] lkjmi5o openblas@0.3.33 /home/spack/spack/opt/spack/linux-x86_64_v3/openblas-0.3.33-lkjmi5obqxtzb4urjbnbvo3jwk6wle4s (1s)
[ ] ruqu6gz pcre@8.45 fetching from build cache (0s)
[ ] xy77gc4 libblastrampoline@5.15.0 fetching from build cache (0s)
[ ] fimmpu2 libunwind@1.8.3 relocating (0s)
[ ] ruqu6gz pcre@8.45 relocating (1s)
[ ] xy77gc4 libblastrampoline@5.15.0 relocating (1s)
[+] fimmpu2 libunwind@1.8.3 /home/spack/spack/opt/spack/linux-x86_64_v3/libunwind-1.8.3-fimmpu2hgdfoimc7xuwtq7zy7wfygggt (1s)
[ ] j6vekwc dsfmt@2.2.5 fetching from build cache (0s)
[+] ruqu6gz pcre@8.45 /home/spack/spack/opt/spack/linux-x86_64_v3/pcre-8.45-ruqu6gzi4z2vdlwg5vwydojqilgymc6i (1s)
[+] xy77gc4 libblastrampoline@5.15.0 /home/spack/spack/opt/spack/linux-x86_64_v3/libblastrampoline-5.15.0-xy77gc4pablhhfiymlk36bjmkppltn2z (1s)
[ ] ub2blr6 libssh2@1.11.1 fetching from build cache (0s)
[ ] xiro4iz suite-sparse@7.8.3 fetching from build cache (0s)
[ ] j6vekwc dsfmt@2.2.5 relocating (0s)
[+] j6vekwc dsfmt@2.2.5 /home/spack/spack/opt/spack/linux-x86_64_v3/dsfmt-2.2.5-j6vekwcsfysu45c2lle7vxnkytbsu6am (0s)
[ ] ub2blr6 libssh2@1.11.1 relocating (0s)
[ ] xiro4iz suite-sparse@7.8.3 relocating (0s)
[+] ub2blr6 libssh2@1.11.1 /home/spack/spack/opt/spack/linux-x86_64_v3/libssh2-1.11.1-ub2blr67mf5hf7sagudpzplbkft47oqi (1s)
[+] xiro4iz suite-sparse@7.8.3 /home/spack/spack/opt/spack/linux-x86_64_v3/suite-sparse-7.8.3-xiro4iznwlfqb4ljvs4kscpuxgyfx7yg (1s)
[ ] lye3uga curl@8.20.0 fetching from build cache (0s)
[ ] kpqpfzd libgit2@1.9.1 fetching from build cache (0s)
[ ] lye3uga curl@8.20.0 relocating (0s)
[ ] kpqpfzd libgit2@1.9.1 relocating (0s)
[+] lye3uga curl@8.20.0 /home/spack/spack/opt/spack/linux-x86_64_v3/curl-8.20.0-lye3ugahqoory7dkwaj66lju7kuyipbk (0s)
[+] kpqpfzd libgit2@1.9.1 /home/spack/spack/opt/spack/linux-x86_64_v3/libgit2-1.9.1-kpqpfzdjfu4cqozj5cpwey77utq6hbrd (0s)
[+] hnjjqjh llvm@18.1.8 /home/spack/spack/opt/spack/linux-x86_64_v3/llvm-18.1.8-hnjjqjhspgojwsgvilaxhlncxed5fdtn (4s)
[ ] cwym5ww julia@1.12.6 fetching from build cache (0s)
[ ] cwym5ww julia@1.12.6 relocating (1s)
[+] cwym5ww julia@1.12.6 /home/spack/spack/opt/spack/linux-x86_64_v3/julia-1.12.6-cwym5wwcr7mnaap6okxtqeljftjv3lpu (5s)
==> Updating view at /home/spack/myenv/view
