$ spack mirror create -d ~/mirror --all
==> Adding package autoconf@2.69 to mirror
==> Adding package autoconf-archive@2019.01.06 to mirror
==> Adding package automake@1.16.3 to mirror
==> Adding package axl@0.5.0 to mirror
==> Adding package berkeley-db@18.1.40 to mirror
==> Adding package bzip2@1.0.8 to mirror
==> Adding package cmake@3.21.4 to mirror
==> Adding package curl@7.79.0 to mirror
==> Adding package diffutils@3.8 to mirror
==> Adding package dtcmp@1.1.3 to mirror
==> Adding package er@0.1.0 to mirror
==> Adding package expat@2.4.1 to mirror
==> Adding package gawk@5.1.0 to mirror
==> Adding package gdbm@1.19 to mirror
==> Adding package gettext@0.21 to mirror
==> Adding package glib@2.70.0 to mirror
==> Adding package gmp@6.2.1 to mirror
==> Adding package hdf5@1.10.7 to mirror
==> Adding package hwloc@2.6.0 to mirror
==> Adding package json-c@0.15 to mirror
==> Adding package json-cwx@0.12 to mirror
==> Adding package kvtree@1.2.0 to mirror
==> Adding package libbsd@0.11.3 to mirror
==> Adding package libedit@3.1-20210216 to mirror
==> Adding package libevent@2.1.12 to mirror
==> Adding package libffi@3.3 to mirror
==> Adding package libgcrypt@1.9.3 to mirror
==> Adding package libgpg-error@1.42 to mirror
==> Adding package libiconv@1.16 to mirror
==> Adding package libmd@1.0.3 to mirror
==> Adding package libpciaccess@0.16 to mirror
==> Adding package libsigsegv@2.13 to mirror
==> Adding package libtool@2.4.6 to mirror
==> Adding package libxml2@2.9.12 to mirror
==> Adding package libyogrt@1.24 to mirror
==> Adding package lwgrp@1.0.4 to mirror
==> Adding package lz4@1.9.3 to mirror
==> Adding package m4@1.4.19 to mirror
==> Adding package macsio@1.1 to mirror
==> Adding package meson@0.60.0 to mirror
==> Adding package mpfr@4.1.0 to mirror
==> Adding package munge@0.5.14 to mirror
==> Adding package ncurses@6.2 to mirror
==> Adding package ninja@1.10.2 to mirror
==> Adding package numactl@2.0.14 to mirror
==> Adding package openmpi@4.1.1 to mirror
==> Adding package openssh@8.7p1 to mirror
==> Adding package openssl@1.1.1l to mirror
==> Adding package pcre@8.44 to mirror
==> Adding package pdsh@2.31 to mirror
==> Adding package perl@5.34.0 to mirror
==> Adding package pkgconf@1.8.0 to mirror
==> Adding package py-setuptools@58.2.0 to mirror
==> Adding package python@3.8.12 to mirror
==> Adding package rankstr@0.1.0 to mirror
==> Adding package readline@8.1 to mirror
==> Adding package redset@0.1.0 to mirror
==> Adding package scr@3.0rc2 to mirror
==> Adding package shuffile@0.1.0 to mirror
==> Adding package silo@4.10.2 to mirror
==> Adding package slurm@21-08-1-1 to mirror
==> Adding package spath@0.1.0 to mirror
==> Adding package sqlite@3.36.0 to mirror
==> Adding package tar@1.34 to mirror
==> Adding package texinfo@6.5 to mirror
==> Adding package util-linux-uuid@2.36.2 to mirror
==> Adding package util-macros@1.19.3 to mirror
==> Adding package xz@5.2.5 to mirror
==> Adding package zlib@1.2.11 to mirror
==> Successfully updated mirror in file:///home/spack/mirror
  Archive stats:
    69	 already present
    0	 added
    0	 failed to fetch.
