$ spack concretize
==> Starting concretization pool with 2 processes
==> Concretized 2 specs:
[b]  v7thz7n  netlib-scalapack@2.2.3~ipo~pic+shared build_system=cmake build_type=Release generator=make platform=linux os=ubuntu26.04 target=x86_64_v3 %c,fortran=gcc@16.1.0
[b]  yonurps	  ^cmake@3.31.11~doc+ncurses+ownlibs~qtgui build_system=generic build_type=Release platform=linux os=ubuntu26.04 target=x86_64_v3 %c,cxx=gcc@16.1.0
[b]  6b5h3dv	      ^curl@8.20.0~gssapi~ldap~libidn2~librtmp~libssh~libssh2+nghttp2 build_system=autotools libs:=shared,static tls:=openssl platform=linux os=ubuntu26.04 target=x86_64_v3 %c,cxx=gcc@16.1.0
[b]  iiwpnp7		  ^nghttp2@1.67.1 build_system=autotools platform=linux os=ubuntu26.04 target=x86_64_v3 %c,cxx=gcc@16.1.0
[b]  djpmji7		      ^diffutils@3.12 build_system=autotools platform=linux os=ubuntu26.04 target=x86_64_v3 %c=gcc@16.1.0
[b]  yoq4amm		  ^openssl@3.6.1~docs+shared build_system=generic certs=mozilla platform=linux os=ubuntu26.04 target=x86_64_v3 %c,cxx=gcc@16.1.0
[b]  axeuqg3		      ^ca-certificates-mozilla@2026-03-19 build_system=generic platform=linux os=ubuntu26.04 target=x86_64_v3
[b]  iehcspo	      ^ncurses@6.6~symlinks+termlib abi=none build_system=autotools patches:=7a351bc platform=linux os=ubuntu26.04 target=x86_64_v3 %c,cxx=gcc@16.1.0
[b]  yd7lgm7	      ^zlib-ng@2.3.3+compat+new_strategies+opt+pic+shared build_system=autotools platform=linux os=ubuntu26.04 target=x86_64_v3 %c,cxx=gcc@16.1.0
[+]  mmywg7x	  ^compiler-wrapper@1.1.0 build_system=generic platform=linux os=ubuntu26.04 target=x86_64_v3
[+]  vlwdxlj	  ^gcc@16.1.0+binutils+bootstrap~graphite+libsanitizer~mold~nvptx~piclibs+profiled+strip build_system=autotools build_type=Release languages:='c,c++,fortran' platform=linux os=ubuntu26.04 target=x86_64_v3 %c,cxx=gcc@15.2.0
[+]  cuzgmus	      ^binutils@2.46.0~debuginfod+gas~gprofng~headers~interwork+ld~libiberty~lto~nls~pgo+plugins build_system=autotools compress_debug_sections=zlib libs:=shared,static platform=linux os=ubuntu26.04 target=x86_64_v3 %c,cxx=gcc@15.2.0
[+]  yvl6jpi		  ^pkgconf@2.5.1 build_system=autotools platform=linux os=ubuntu26.04 target=x86_64_v3 %c=gcc@15.2.0
[b]  ao2onuz	      ^diffutils@3.12 build_system=autotools platform=linux os=ubuntu26.04 target=x86_64_v3 %c=gcc@15.2.0
[+]  vbwvgwx		  ^libiconv@1.18 build_system=autotools libs:=shared,static platform=linux os=ubuntu26.04 target=x86_64_v3 %c=gcc@15.2.0
[b]  z7wqeps	      ^gawk@5.4.0~nls build_system=autotools platform=linux os=ubuntu26.04 target=x86_64_v3 %c=gcc@15.2.0
[b]  k25xiih		  ^readline@8.3 build_system=autotools patches:=21f0a03,72dee13,e273643 platform=linux os=ubuntu26.04 target=x86_64_v3 %c=gcc@15.2.0
[e]  yjlog5x	      ^gcc@15.2.0+binutils+bootstrap~graphite+libsanitizer~mold~nvptx~piclibs~profiled~strip build_system=autotools build_type=RelWithDebInfo languages:='c,c++,fortran' platform=linux os=ubuntu26.04 target=x86_64_v3
[+]  xm76mt3	      ^gcc-runtime@15.2.0 build_system=generic platform=linux os=ubuntu26.04 target=x86_64_v3
[b]  r4lhaok	      ^gmake@4.4.1~guile build_system=generic platform=linux os=ubuntu26.04 target=x86_64_v3 %c=gcc@15.2.0
[+]  xpmsy5x	      ^gmp@6.3.0+cxx build_system=autotools libs:=shared,static patches:=28a6673 platform=linux os=ubuntu26.04 target=x86_64_v3 %c,cxx=gcc@15.2.0
[b]  jo3eg4r		  ^autoconf@2.72 build_system=autotools platform=linux os=ubuntu26.04 target=x86_64_v3
[b]  yhkgfai		  ^automake@1.18.1 build_system=autotools platform=linux os=ubuntu26.04 target=x86_64_v3 %c=gcc@15.2.0
[b]  y6uqrto		  ^m4@1.4.21+sigsegv build_system=autotools platform=linux os=ubuntu26.04 target=x86_64_v3 %c,cxx=gcc@15.2.0
[b]  phcmfqk		      ^libsigsegv@2.15 build_system=autotools platform=linux os=ubuntu26.04 target=x86_64_v3 %c=gcc@15.2.0
[b]  3gdq456	      ^libtool@2.5.4 build_system=autotools platform=linux os=ubuntu26.04 target=x86_64_v3 %c=gcc@15.2.0
[b]  mguwetc		  ^file@5.46+static build_system=autotools platform=linux os=ubuntu26.04 target=x86_64_v3 %c=gcc@15.2.0
[+]  hhjyyqy		      ^xz@5.8.3~pic build_system=autotools libs:=shared,static platform=linux os=ubuntu26.04 target=x86_64_v3 %c=gcc@15.2.0
[b]  punbqrx		  ^findutils@4.10.0 build_system=autotools patches:=440b954 platform=linux os=ubuntu26.04 target=x86_64_v3 %c=gcc@15.2.0
[+]  gxmoxea	      ^mpc@1.4.1 build_system=autotools libs:=shared,static platform=linux os=ubuntu26.04 target=x86_64_v3 %c=gcc@15.2.0
[+]  melg7ga	      ^mpfr@4.2.2 build_system=autotools libs:=shared,static platform=linux os=ubuntu26.04 target=x86_64_v3 %c=gcc@15.2.0
[b]  sf5iutv		  ^autoconf-archive@2024.10.16 build_system=autotools platform=linux os=ubuntu26.04 target=x86_64_v3
[b]  bvphs3b	      ^perl@5.42.0+cpanm+opcode+open+shared+threads build_system=generic platform=linux os=ubuntu26.04 target=x86_64_v3 %c=gcc@15.2.0
[b]  27d4iyp		  ^berkeley-db@18.1.40+cxx~docs+stl build_system=autotools patches:=26090f4,b231fcc platform=linux os=ubuntu26.04 target=x86_64_v3 %c,cxx=gcc@15.2.0
[+]  cbtgjrh		  ^bzip2@1.0.8~debug~pic+shared build_system=generic platform=linux os=ubuntu26.04 target=x86_64_v3 %c=gcc@15.2.0
[b]  cq4dkuc		  ^gdbm@1.26 build_system=autotools platform=linux os=ubuntu26.04 target=x86_64_v3 %c=gcc@15.2.0
[b]  ohmdb2l		  ^less@692 build_system=autotools platform=linux os=ubuntu26.04 target=x86_64_v3 %c=gcc@15.2.0
[b]  jvlaabk	      ^texinfo@7.2~xs build_system=autotools platform=linux os=ubuntu26.04 target=x86_64_v3 %c,cxx=gcc@15.2.0
[+]  sle3ix4		  ^gettext@1.0+bzip2+curses+git~libunistring+libxml2+pic+shared+tar+xz build_system=autotools platform=linux os=ubuntu26.04 target=x86_64_v3 %c,cxx=gcc@15.2.0
[+]  ujlg2ua		      ^libxml2@2.15.3+pic~python+shared build_system=autotools platform=linux os=ubuntu26.04 target=x86_64_v3 %c=gcc@15.2.0
[+]  f5xe4px		      ^tar@1.35 build_system=autotools zip=pigz platform=linux os=ubuntu26.04 target=x86_64_v3 %c=gcc@15.2.0
[+]  afklka7			  ^pigz@2.8 build_system=makefile platform=linux os=ubuntu26.04 target=x86_64_v3 %c=gcc@15.2.0
[+]  ekvivpv		  ^ncurses@6.6~symlinks+termlib abi=none build_system=autotools patches:=7a351bc platform=linux os=ubuntu26.04 target=x86_64_v3 %c,cxx=gcc@15.2.0
[+]  g72d7i3	      ^zlib-ng@2.3.3+compat+new_strategies+opt+pic+shared build_system=autotools platform=linux os=ubuntu26.04 target=x86_64_v3 %c,cxx=gcc@15.2.0
[+]  63aruxk	      ^zstd@1.5.7+programs build_system=makefile compression:=none libs:=shared,static platform=linux os=ubuntu26.04 target=x86_64_v3 %c,cxx=gcc@15.2.0
[b]  ghfita3	  ^gcc-runtime@16.1.0 build_system=generic platform=linux os=ubuntu26.04 target=x86_64_v3
[e]  yc4n2pp	  ^glibc@2.43 build_system=autotools platform=linux os=ubuntu26.04 target=x86_64_v3
[b]  6hzfsbp	  ^gmake@4.4.1~guile build_system=generic platform=linux os=ubuntu26.04 target=x86_64_v3 %c=gcc@16.1.0
[b]  bovk7dt	  ^mpich@5.0.1~argobots~cuda+fortran+hwloc+hydra~level_zero+libxml2+pci~rocm+romio~slurm~vci~verbs+wrapperrpath~xpmem build_system=autotools datatype-engine=auto device=ch4 netmod=ofi pmi=default platform=linux os=ubuntu26.04 target=x86_64_v3 %c,cxx,fortran=gcc@16.1.0
[b]  l3if3dy	      ^findutils@4.10.0 build_system=autotools patches:=440b954 platform=linux os=ubuntu26.04 target=x86_64_v3 %c=gcc@16.1.0
[b]  g3gt6ze		  ^gettext@1.0+bzip2+curses+git~libunistring+libxml2+pic+shared+tar+xz build_system=autotools platform=linux os=ubuntu26.04 target=x86_64_v3 %c,cxx=gcc@16.1.0
[b]  tw6253j		      ^tar@1.35 build_system=autotools zip=pigz platform=linux os=ubuntu26.04 target=x86_64_v3 %c=gcc@16.1.0
[b]  4diropt			  ^pigz@2.8 build_system=makefile platform=linux os=ubuntu26.04 target=x86_64_v3 %c=gcc@16.1.0
[b]  nn3ymay	      ^hwloc@2.13.0~cairo~cuda~gl~level_zero~libudev+libxml2~nvml~opencl+pci~rocm build_system=autotools libs:=shared,static patches:=b4db98b platform=linux os=ubuntu26.04 target=x86_64_v3 %c,cxx=gcc@16.1.0
[b]  s6cemsy	      ^libfabric@2.5.1~asan~cuda~debug~kdreg~level_zero~lsan~rocm~tsan~ubsan~uring build_system=autotools fabrics:=sockets,tcp,udp platform=linux os=ubuntu26.04 target=x86_64_v3 %c=gcc@16.1.0
[b]  cmgnxt6	      ^libpciaccess@0.17 build_system=autotools platform=linux os=ubuntu26.04 target=x86_64_v3 %c=gcc@16.1.0
[b]  cy6lybd		  ^util-macros@1.20.2 build_system=autotools platform=linux os=ubuntu26.04 target=x86_64_v3
[b]  cxesrxa	      ^libxml2@2.15.3+pic~python+shared build_system=autotools platform=linux os=ubuntu26.04 target=x86_64_v3 %c=gcc@16.1.0
[b]  qs6av53		  ^libiconv@1.18 build_system=autotools libs:=shared,static platform=linux os=ubuntu26.04 target=x86_64_v3 %c=gcc@16.1.0
[b]  bf6e7x2		  ^xz@5.8.3~pic build_system=autotools libs:=shared,static platform=linux os=ubuntu26.04 target=x86_64_v3 %c=gcc@16.1.0
[b]  xp6fyih	      ^pkgconf@2.5.1 build_system=autotools platform=linux os=ubuntu26.04 target=x86_64_v3 %c=gcc@16.1.0
[b]  afnel7p	      ^python@3.14.5+bz2+ctypes+dbm~debug~freethreading+libxml2+lzma~optimizations+pic+pyexpat+pythoncmd+readline+shared+sqlite3+ssl~static~tests~tkinter+uuid+zlib+zstd build_system=generic platform=linux os=ubuntu26.04 target=x86_64_v3 %c,cxx=gcc@16.1.0
[b]  ofahxlj		  ^bzip2@1.0.8~debug~pic+shared build_system=generic platform=linux os=ubuntu26.04 target=x86_64_v3 %c=gcc@16.1.0
[b]  xkvh6gd		  ^expat@2.8.1+libbsd build_system=autotools platform=linux os=ubuntu26.04 target=x86_64_v3 %c,cxx=gcc@16.1.0
[b]  t623nqz		      ^libbsd@0.12.2 build_system=autotools platform=linux os=ubuntu26.04 target=x86_64_v3 %c=gcc@16.1.0
[b]  w3w22wx			  ^libmd@1.1.0 build_system=autotools platform=linux os=ubuntu26.04 target=x86_64_v3 %c=gcc@16.1.0
[b]  2af63my		  ^gdbm@1.26 build_system=autotools platform=linux os=ubuntu26.04 target=x86_64_v3 %c=gcc@16.1.0
[b]  jgqwv65		  ^libffi@3.5.2 build_system=autotools platform=linux os=ubuntu26.04 target=x86_64_v3 %c,cxx=gcc@16.1.0
[b]  cbnh7bw		  ^readline@8.3 build_system=autotools patches:=21f0a03,72dee13,e273643 platform=linux os=ubuntu26.04 target=x86_64_v3 %c=gcc@16.1.0
[b]  uliuxbf		  ^sqlite@3.53.1+column_metadata+fts+rtree build_system=autotools platform=linux os=ubuntu26.04 target=x86_64_v3 %c=gcc@16.1.0
[b]  v3sdaph		  ^util-linux-uuid@2.41 build_system=autotools platform=linux os=ubuntu26.04 target=x86_64_v3 %c=gcc@16.1.0
[b]  lq6tsmz		  ^zstd@1.5.7+programs build_system=makefile compression:=none libs:=shared,static platform=linux os=ubuntu26.04 target=x86_64_v3 %c,cxx=gcc@16.1.0
[b]  zknpbz3	  ^netlib-lapack@3.12.1~external-blas~ipo+lapacke+pic+shared~xblas build_system=cmake build_type=Release generator=make patches:=3059ebf,b1af8b6,e318340 platform=linux os=ubuntu26.04 target=x86_64_v3 %c,fortran=gcc@16.1.0
[b]  2zi5wtu  netlib-scalapack@2.2.3~ipo~pic+shared build_system=cmake build_type=Release generator=make platform=linux os=ubuntu26.04 target=x86_64_v3 %c,fortran=gcc@16.1.0
[b]  nzr6pd7	  ^openmpi@5.0.10+atomics~cuda~debug+fortran~gpfs~internal-hwloc~internal-libevent~internal-pmix~ipv6~java~lustre~memchecker~openshmem~rocm~romio+rsh~static~two_level_namespace+vt+wrapper-rpath build_system=autotools fabrics:=none patches:=646eb1a romio-filesystem:=none schedulers:=none platform=linux os=ubuntu26.04 target=x86_64_v3 %c,cxx,fortran=gcc@16.1.0
[b]  yg7nv7p	      ^autoconf@2.72 build_system=autotools platform=linux os=ubuntu26.04 target=x86_64_v3
[b]  47vgtt5		  ^m4@1.4.21+sigsegv build_system=autotools platform=linux os=ubuntu26.04 target=x86_64_v3 %c,cxx=gcc@16.1.0
[b]  r6vd65h		      ^libsigsegv@2.15 build_system=autotools platform=linux os=ubuntu26.04 target=x86_64_v3 %c=gcc@16.1.0
[b]  pdslnit	      ^automake@1.18.1 build_system=autotools platform=linux os=ubuntu26.04 target=x86_64_v3 %c=gcc@16.1.0
[b]  m5ts755	      ^libevent@2.1.12+openssl build_system=autotools platform=linux os=ubuntu26.04 target=x86_64_v3 %c=gcc@16.1.0
[b]  raf5qk6	      ^libtool@2.5.4 build_system=autotools platform=linux os=ubuntu26.04 target=x86_64_v3 %c=gcc@16.1.0
[b]  fc5ezqn		  ^file@5.46+static build_system=autotools platform=linux os=ubuntu26.04 target=x86_64_v3 %c=gcc@16.1.0
[b]  swhw6f5	      ^numactl@2.0.19 build_system=autotools platform=linux os=ubuntu26.04 target=x86_64_v3 %c=gcc@16.1.0
[b]  kjx2nfr	      ^openssh@10.3p1+gssapi build_system=autotools platform=linux os=ubuntu26.04 target=x86_64_v3 %c,cxx=gcc@16.1.0
[b]  awic2yh		  ^krb5@1.22.2+shared build_system=autotools platform=linux os=ubuntu26.04 target=x86_64_v3 %c,cxx=gcc@16.1.0
[b]  yws52fh		      ^bison@3.8.2~color build_system=autotools platform=linux os=ubuntu26.04 target=x86_64_v3 %c,cxx=gcc@16.1.0
[b]  4c4uuub		  ^libedit@3.1-20251016 build_system=autotools platform=linux os=ubuntu26.04 target=x86_64_v3 %c=gcc@16.1.0
[b]  44jhzjg		  ^libxcrypt@4.5.2~obsolete_api build_system=autotools platform=linux os=ubuntu26.04 target=x86_64_v3 %c=gcc@16.1.0
[b]  xxg272q	      ^perl@5.42.0+cpanm+opcode+open+shared+threads build_system=generic platform=linux os=ubuntu26.04 target=x86_64_v3 %c=gcc@16.1.0
[b]  aev2xm7		  ^berkeley-db@18.1.40+cxx~docs+stl build_system=autotools patches:=26090f4,b231fcc platform=linux os=ubuntu26.04 target=x86_64_v3 %c,cxx=gcc@16.1.0
[b]  3w5zzn3		  ^less@692 build_system=autotools platform=linux os=ubuntu26.04 target=x86_64_v3 %c=gcc@16.1.0
[b]  qcxnkrd	      ^pmix@6.1.0~munge~python build_system=autotools platform=linux os=ubuntu26.04 target=x86_64_v3 %c=gcc@16.1.0
[b]  cj2ohvh	      ^prrte@4.1.0 build_system=autotools patches:=64faa1a,91b28f5 schedulers:=none platform=linux os=ubuntu26.04 target=x86_64_v3 %c=gcc@16.1.0
[b]  4p7olya		  ^flex@2.6.3+lex~nls build_system=autotools platform=linux os=ubuntu26.04 target=x86_64_v3 %c,cxx=gcc@16.1.0

$ spack install
[ ] ghfita3 gcc-runtime@16.1.0 fetching from build cache (0s)
[ ] ghfita3 gcc-runtime@16.1.0 relocating (0s)
[+] ghfita3 gcc-runtime@16.1.0 /home/spack/spack/opt/spack/linux-x86_64_v3/gcc-runtime-16.1.0-ghfita36diqcbps7me6eh5im5crijl3g (0s)
[ ] 44jhzjg libxcrypt@4.5.2 fetching from build cache (0s)
[ ] 44jhzjg libxcrypt@4.5.2 relocating (0s)
[ ] swhw6f5 numactl@2.0.19 fetching from build cache (0s)
[ ] swhw6f5 numactl@2.0.19 relocating (0s)
[ ] cmgnxt6 libpciaccess@0.17 fetching from build cache (0s)
[ ] cmgnxt6 libpciaccess@0.17 relocating (0s)
[ ] lq6tsmz zstd@1.5.7 fetching from build cache (0s)
[ ] lq6tsmz zstd@1.5.7 relocating (0s)
[ ] ofahxlj bzip2@1.0.8 fetching from build cache (0s)
[ ] ofahxlj bzip2@1.0.8 relocating (0s)
[ ] kdylbqh openblas@0.3.33 fetching from build cache (0s)
[ ] kdylbqh openblas@0.3.33 relocating (0s)
[ ] iehcspo ncurses@6.6 fetching from build cache (0s)
[ ] iehcspo ncurses@6.6 relocating (0s)
[ ] yd7lgm7 zlib-ng@2.3.3 fetching from build cache (0s)
[ ] bf6e7x2 xz@5.8.3 fetching from build cache (0s)
[+] 44jhzjg libxcrypt@4.5.2 /home/spack/spack/opt/spack/linux-x86_64_v3/libxcrypt-4.5.2-44jhzjg42xausczvpn26wr6gyzsh2wnu (0s)
[ ] yd7lgm7 zlib-ng@2.3.3 relocating (0s)
[ ] s6cemsy libfabric@2.5.1 fetching from build cache (0s)
[+] cmgnxt6 libpciaccess@0.17 /home/spack/spack/opt/spack/linux-x86_64_v3/libpciaccess-0.17-cmgnxt6kpobrrgj7k5a4iweh6p2qemnw (0s)
[+] swhw6f5 numactl@2.0.19 /home/spack/spack/opt/spack/linux-x86_64_v3/numactl-2.0.19-swhw6f5gno25h4ap4h6htedy5thh2k55 (0s)
[ ] bf6e7x2 xz@5.8.3 relocating (0s)
[ ] qs6av53 libiconv@1.18 fetching from build cache (0s)
[ ] s6cemsy libfabric@2.5.1 relocating (0s)
[ ] zknpbz3 netlib-lapack@3.12.1 fetching from build cache (0s)
[+] lq6tsmz zstd@1.5.7 /home/spack/spack/opt/spack/linux-x86_64_v3/zstd-1.5.7-lq6tsmzmnrljkb52otacw2o4iqmskxn5 (0s)
[ ] qs6av53 libiconv@1.18 relocating (0s)
[+] ofahxlj bzip2@1.0.8 /home/spack/spack/opt/spack/linux-x86_64_v3/bzip2-1.0.8-ofahxljg6r4dtlyfgtolxexpmnw4cnkz (0s)
[ ] zknpbz3 netlib-lapack@3.12.1 relocating (0s)
[+] yd7lgm7 zlib-ng@2.3.3 /home/spack/spack/opt/spack/linux-x86_64_v3/zlib-ng-2.3.3-yd7lgm73h2wqb74e6pz2sdszwkubvpzd (0s)
[ ] 4diropt pigz@2.8 fetching from build cache (0s)
[+] s6cemsy libfabric@2.5.1 /home/spack/spack/opt/spack/linux-x86_64_v3/libfabric-2.5.1-s6cemsy3l7cfqnetr3sjcrtcsln4quey (0s)
[+] bf6e7x2 xz@5.8.3 /home/spack/spack/opt/spack/linux-x86_64_v3/xz-5.8.3-bf6e7x2te7rdq6kt43maxjnnntvnkpza (0s)
[ ] yoq4amm openssl@3.6.1 fetching from build cache (0s)
[ ] 4diropt pigz@2.8 relocating (0s)
[+] qs6av53 libiconv@1.18 /home/spack/spack/opt/spack/linux-x86_64_v3/libiconv-1.18-qs6av53jc6wvykpse3q7o7sm2dazibpv (0s)
[ ] yoq4amm openssl@3.6.1 relocating (0s)
[ ] cxesrxa libxml2@2.15.3 fetching from build cache (0s)
[ ] cxesrxa libxml2@2.15.3 relocating (0s)
[+] 4diropt pigz@2.8 /home/spack/spack/opt/spack/linux-x86_64_v3/pigz-2.8-4diroptd5kjfnmxyjlgutr4sh7m53ctf (0s)
[+] zknpbz3 netlib-lapack@3.12.1 /home/spack/spack/opt/spack/linux-x86_64_v3/netlib-lapack-3.12.1-zknpbz3xor7rz2jo6ek5p4dba6ac4ujs (0s)
[ ] tw6253j tar@1.35 fetching from build cache (0s)
[ ] tw6253j tar@1.35 relocating (0s)
[+] cxesrxa libxml2@2.15.3 /home/spack/spack/opt/spack/linux-x86_64_v3/libxml2-2.15.3-cxesrxalf2jcma3g5dew6ovwxyqqgdqn (0s)
[+] kdylbqh openblas@0.3.33 /home/spack/spack/opt/spack/linux-x86_64_v3/openblas-0.3.33-kdylbqhaa64fb44w6hbaoj4eibakcc6u (0s)
[+] yoq4amm openssl@3.6.1 /home/spack/spack/opt/spack/linux-x86_64_v3/openssl-3.6.1-yoq4ammrtbfxojt6fms67bekd7a5izst (0s)
[+] tw6253j tar@1.35 /home/spack/spack/opt/spack/linux-x86_64_v3/tar-1.35-tw6253j6xqn7udhufev2afnhjepbunqh (0s)
[ ] m5ts755 libevent@2.1.12 fetching from build cache (1s)
[+] iehcspo ncurses@6.6 /home/spack/spack/opt/spack/linux-x86_64_v3/ncurses-6.6-iehcspoirzcldubv7budljlbeiooqvpa (1s)
[ ] m5ts755 libevent@2.1.12 relocating (1s)
[ ] g3gt6ze gettext@1.0 fetching from build cache (0s)
[ ] nn3ymay hwloc@2.13.0 fetching from build cache (0s)
[ ] 4c4uuub libedit@3.1-20251016 fetching from build cache (0s)
[ ] g3gt6ze gettext@1.0 relocating (0s)
[ ] nn3ymay hwloc@2.13.0 relocating (0s)
[ ] 4c4uuub libedit@3.1-20251016 relocating (0s)
[+] m5ts755 libevent@2.1.12 /home/spack/spack/opt/spack/linux-x86_64_v3/libevent-2.1.12-m5ts755lehs4a7r5psjeh5k6pjptap4v (1s)
[+] 4c4uuub libedit@3.1-20251016 /home/spack/spack/opt/spack/linux-x86_64_v3/libedit-3.1-20251016-4c4uuubtih3trasplcywhk2ena3knzjk (0s)
[+] nn3ymay hwloc@2.13.0 /home/spack/spack/opt/spack/linux-x86_64_v3/hwloc-2.13.0-nn3ymaytmizysjb5hfbyzn7migudvklf (0s)
[ ] qcxnkrd pmix@6.1.0 fetching from build cache (0s)
[ ] bovk7dt mpich@5.0.1 fetching from build cache (0s)
[ ] qcxnkrd pmix@6.1.0 relocating (0s)
[ ] bovk7dt mpich@5.0.1 relocating (0s)
[+] qcxnkrd pmix@6.1.0 /home/spack/spack/opt/spack/linux-x86_64_v3/pmix-6.1.0-qcxnkrd6rle6hjxvjeevshakgvxxsi7g (0s)
[+] g3gt6ze gettext@1.0 /home/spack/spack/opt/spack/linux-x86_64_v3/gettext-1.0-g3gt6ze7gojves2utbt43mddfmx3evv3 (0s)
[ ] cj2ohvh prrte@4.1.0 fetching from build cache (0s)
[ ] cj2ohvh prrte@4.1.0 relocating (0s)
[ ] awic2yh krb5@1.22.2 fetching from build cache (0s)
[ ] awic2yh krb5@1.22.2 relocating (0s)
[+] awic2yh krb5@1.22.2 /home/spack/spack/opt/spack/linux-x86_64_v3/krb5-1.22.2-awic2yh3c7mlbqbamsoxcwrciv4h6utb (0s)
[+] cj2ohvh prrte@4.1.0 /home/spack/spack/opt/spack/linux-x86_64_v3/prrte-4.1.0-cj2ohvhvhiawcijsrkgs5nldcxi42hfd (0s)
[ ] kjx2nfr openssh@10.3p1 fetching from build cache (0s)
[ ] kjx2nfr openssh@10.3p1 relocating (0s)
[+] kjx2nfr openssh@10.3p1 /home/spack/spack/opt/spack/linux-x86_64_v3/openssh-10.3p1-kjx2nfrhrvxzutcvg3zyxjv7tvyqiat2 (0s)
[ ] nzr6pd7 openmpi@5.0.10 fetching from build cache (0s)
[+] bovk7dt mpich@5.0.1 /home/spack/spack/opt/spack/linux-x86_64_v3/mpich-5.0.1-bovk7dtifzhj3qyej4pmqssvi4oda2k4 (0s)
[ ] nzr6pd7 openmpi@5.0.10 relocating (1s)
[ ] v7thz7n netlib-scalapack@2.2.3 fetching from build cache (1s)
[ ] v7thz7n netlib-scalapack@2.2.3 relocating (1s)
[ ] x425zhl netlib-scalapack@2.2.3 fetching from build cache (0s)
[ ] x425zhl netlib-scalapack@2.2.3 relocating (0s)
[+] v7thz7n netlib-scalapack@2.2.3 /home/spack/spack/opt/spack/linux-x86_64_v3/netlib-scalapack-2.2.3-v7thz7nq3c2kfw4rbqhsulbd3yprhrap (1s)
[+] x425zhl netlib-scalapack@2.2.3 /home/spack/spack/opt/spack/linux-x86_64_v3/netlib-scalapack-2.2.3-x425zhlxzxtbvtol4voqnfnwkwi7i7jm (0s)
[+] nzr6pd7 openmpi@5.0.10 /home/spack/spack/opt/spack/linux-x86_64_v3/openmpi-5.0.10-nzr6pd7wjjwsa7eltwui6dzmv7klrucn (1s)
[ ] b4nkwcf netlib-scalapack@2.2.3 fetching from build cache (0s)
[ ] 2zi5wtu netlib-scalapack@2.2.3 fetching from build cache (0s)
[ ] b4nkwcf netlib-scalapack@2.2.3 relocating (0s)
[ ] 2zi5wtu netlib-scalapack@2.2.3 relocating (0s)
[+] b4nkwcf netlib-scalapack@2.2.3 /home/spack/spack/opt/spack/linux-x86_64_v3/netlib-scalapack-2.2.3-b4nkwcfstoe3im2ia3x4sybstfpwfprz (0s)
[+] 2zi5wtu netlib-scalapack@2.2.3 /home/spack/spack/opt/spack/linux-x86_64_v3/netlib-scalapack-2.2.3-2zi5wtuh2jnzfsfjctcvwu7bxugildzo (0s)
