$ spack find -ld py-scipy
==> In environment /home/spack/stacks (6 root specs)
[+] vlwdxlj gcc@16
     -	------- gcc@15

[+] v7thz7n netlib-scalapack
     -	------- gcc@16
     -	------- mpich
     -	------- netlib-lapack

[+] x425zhl netlib-scalapack
     -	------- gcc@16
     -	------- mpich
     -	------- openblas

[+] 2zi5wtu netlib-scalapack
     -	------- gcc@16
     -	------- netlib-lapack
     -	------- openmpi

[+] b4nkwcf netlib-scalapack
     -	------- gcc@16
     -	------- openblas
     -	------- openmpi

[+] gouabck py-scipy
     -	------- gcc@16
     -	------- openblas


-- linux-ubuntu26.04-x86_64_v3 / %c,cxx,fortran=gcc@16.1.0 ------
gouabck py-scipy@1.17.1
mmywg7x	    compiler-wrapper@1.1.0
vlwdxlj	    gcc@16.1.0
cuzgmus		binutils@2.46.0
yvl6jpi		    pkgconf@2.5.1
ao2onuz		diffutils@3.12
vbwvgwx		    libiconv@1.18
z7wqeps		gawk@5.4.0
k25xiih		    readline@8.3
yjlog5x		gcc@15.2.0
xm76mt3		gcc-runtime@15.2.0
r4lhaok		gmake@4.4.1
xpmsy5x		gmp@6.3.0
jo3eg4r		    autoconf@2.72
yhkgfai		    automake@1.18.1
y6uqrto		    m4@1.4.21
phcmfqk			libsigsegv@2.15
3gdq456		libtool@2.5.4
mguwetc		    file@5.46
hhjyyqy			xz@5.8.3
punbqrx		    findutils@4.10.0
gxmoxea		mpc@1.4.1
melg7ga		mpfr@4.2.2
sf5iutv		    autoconf-archive@2024.10.16
bvphs3b		perl@5.42.0
27d4iyp		    berkeley-db@18.1.40
cbtgjrh		    bzip2@1.0.8
cq4dkuc		    gdbm@1.26
ohmdb2l		    less@692
jvlaabk		texinfo@7.2
sle3ix4		    gettext@1.0
ujlg2ua			libxml2@2.15.3
f5xe4px			tar@1.35
afklka7			    pigz@2.8
ekvivpv		    ncurses@6.6
g72d7i3		zlib-ng@2.3.3
63aruxk		zstd@1.5.7
ghfita3	    gcc-runtime@16.1.0
yc4n2pp	    glibc@2.43
6mel4bl	    meson@1.11.1
yqhdh2x		ninja@1.13.2
rcco4zy		    re2c@4.4
ytwnkqf		py-setuptools@82.0.1
kdylbqh	    openblas@0.3.33
6hzfsbp		gmake@4.4.1
xp6fyih	    pkgconf@2.5.1
3ggpdjv	    py-cython@3.2.4
c6oww3b	    py-meson-python@0.19.0
x55wsqe		py-packaging@26.2
hn6pbjh		    py-flit-core@3.12.0
cuihsxt		py-pyproject-metadata@0.11.0
7g2cva3	    py-numpy@2.4.6
5p3frq3	    py-pip@26.1
3iqsk4i	    py-pybind11@3.0.2
yonurps		cmake@3.31.11
6b5h3dv		    curl@8.20.0
iiwpnp7			nghttp2@1.67.1
5anzcvk		py-scikit-build-core@0.12.2
4qnonii		    py-hatch-vcs@0.5.0
psffea6			py-setuptools-scm@9.2.2
loixb6c			    git@2.53.0
yg7nv7p				autoconf@2.72
pdslnit				automake@1.18.1
6hwe4tz				libidn2@2.3.8
iyz34h3				    libunistring@1.4.2
raf5qk6				libtool@2.5.4
fc5ezqn				    file@5.46
l3if3dy				    findutils@4.10.0
47vgtt5				m4@1.4.21
r6vd65h				    libsigsegv@2.15
kjx2nfr				openssh@10.3p1
awic2yh				    krb5@1.22.2
yws52fh					bison@3.8.2
4c4uuub				    libedit@3.1-20251016
44jhzjg				    libxcrypt@4.5.2
wttcr2f				pcre2@10.44
dxgdks3		    py-hatchling@1.29.0
etdouzz			py-pluggy@1.6.0
cj7d3wo			py-trove-classifiers@2026.6.1.19
t7ufmfz			    py-calver@2025.10.20
ble4v64		    py-pathspec@1.1.1
36lyfl6	    py-pythran@0.18.1
k7zfexy		py-beniget@0.4.2.post1
5nakdbl		py-gast@0.6.0
kbtru35		py-ply@3.11
yygojb3	    py-wheel@0.45.1
afnel7p	    python@3.14.5
ofahxlj		bzip2@1.0.8
djpmji7		    diffutils@3.12
xkvh6gd		expat@2.8.1
t623nqz		    libbsd@0.12.2
w3w22wx			libmd@1.1.0
2af63my		gdbm@1.26
g3gt6ze		gettext@1.0
qs6av53		    libiconv@1.18
cxesrxa		    libxml2@2.15.3
tw6253j		    tar@1.35
4diropt			pigz@2.8
jgqwv65		libffi@3.5.2
iehcspo		ncurses@6.6
yoq4amm		openssl@3.6.1
axeuqg3		    ca-certificates-mozilla@2026-03-19
xxg272q		    perl@5.42.0
aev2xm7			berkeley-db@18.1.40
3w5zzn3			less@692
cbnh7bw		readline@8.3
uliuxbf		sqlite@3.53.1
v3sdaph		util-linux-uuid@2.41
bf6e7x2		xz@5.8.3
yd7lgm7		zlib-ng@2.3.3
lq6tsmz		zstd@1.5.7
bcclnnz	    python-venv@1.0

==> 1 installed package
==> 0 concretized packages to be installed (show with `spack find -c`)
