$ spack concretize
==> No new specs to concretize.
$ spack find -cl
==> In environment /home/spack/stacks (6 root specs)
-- root specs / compiler ----------------------------------------
[+] vlwdxlj gcc@16  [+] wf22jsg lmod@8.7.67

-- root specs / stack -------------------------------------------
[b] v7thz7n netlib-scalapack  [b] 2zi5wtu netlib-scalapack
[b] x425zhl netlib-scalapack  [b] b4nkwcf netlib-scalapack

-- linux-ubuntu26.04-x86_64_v3 / %c,cxx,fortran=gcc@16.1.0 ------
[b]  bovk7dt mpich@5.0.1  [b]  kdylbqh openblas@0.3.33	[b]  nzr6pd7 openmpi@5.0.10

-- linux-ubuntu26.04-x86_64_v3 / %c,cxx=gcc@15.2.0 --------------
[b]  27d4iyp berkeley-db@18.1.40  [+]  sle3ix4 gettext@1.0     [+]  33yozp5 openssl@3.6.1
[+]  cuzgmus binutils@2.46.0	  [+]  xpmsy5x gmp@6.3.0       [+]  d4ibosb tcl@8.6.17
[+]  j2fa7xl curl@8.20.0	  [b]  y6uqrto m4@1.4.21       [b]  jvlaabk texinfo@7.2
[b]  litd2mh ed@1.4		  [+]  ekvivpv ncurses@6.6     [+]  g72d7i3 zlib-ng@2.3.3
[+]  vlwdxlj gcc@16.1.0		  [+]  4lyasaz nghttp2@1.67.1  [+]  63aruxk zstd@1.5.7

-- linux-ubuntu26.04-x86_64_v3 / %c,cxx=gcc@16.1.0 --------------
[b]  aev2xm7 berkeley-db@18.1.40  [b]  g3gt6ze gettext@1.0   [b]  iiwpnp7 nghttp2@1.67.1
[b]  yws52fh bison@3.8.2	  [b]  nn3ymay hwloc@2.13.0  [b]  kjx2nfr openssh@10.3p1
[b]  yonurps cmake@3.31.11	  [b]  awic2yh krb5@1.22.2   [b]  yoq4amm openssl@3.6.1
[b]  6b5h3dv curl@8.20.0	  [b]  jgqwv65 libffi@3.5.2  [b]  afnel7p python@3.14.5
[b]  xkvh6gd expat@2.8.1	  [b]  47vgtt5 m4@1.4.21     [b]  yd7lgm7 zlib-ng@2.3.3
[b]  4p7olya flex@2.6.3		  [b]  iehcspo ncurses@6.6   [b]  lq6tsmz zstd@1.5.7

-- linux-ubuntu26.04-x86_64_v3 / %c,fortran=gcc@16.1.0 ----------
[b]  zknpbz3 netlib-lapack@3.12.1    [b]  2zi5wtu netlib-scalapack@2.2.3
[b]  v7thz7n netlib-scalapack@2.2.3  [b]  b4nkwcf netlib-scalapack@2.2.3
[b]  x425zhl netlib-scalapack@2.2.3

-- linux-ubuntu26.04-x86_64_v3 / %c=gcc@15.2.0 ------------------
[b]  yhkgfai automake@1.18.1   [+]  wf22jsg lmod@8.7.67
[b]  ywyq4f5 bc@1.08.2	       [+]  q66mudl lua@5.4.8
[+]  cbtgjrh bzip2@1.0.8       [+]  su5b2hs lua-luafilesystem@1.9.0
[b]  ao2onuz diffutils@3.12    [+]  egzwtik lua-luaposix@36.3
[b]  mguwetc file@5.46	       [+]  gxmoxea mpc@1.4.1
[b]  punbqrx findutils@4.10.0  [+]  melg7ga mpfr@4.2.2
[b]  z7wqeps gawk@5.4.0	       [b]  bvphs3b perl@5.42.0
[b]  cq4dkuc gdbm@1.26	       [+]  afklka7 pigz@2.8
[b]  r4lhaok gmake@4.4.1       [+]  yvl6jpi pkgconf@2.5.1
[b]  ohmdb2l less@692	       [b]  ci53fkm procps@4.0.6
[+]  vbwvgwx libiconv@1.18     [+]  k25xiih readline@8.3
[b]  phcmfqk libsigsegv@2.15   [b]  a27iqiv sed@4.9
[b]  3gdq456 libtool@2.5.4     [+]  f5xe4px tar@1.35
[+]  bkzcu2s libxcrypt@4.5.2   [+]  4qgksuy unzip@6.0
[+]  ujlg2ua libxml2@2.15.3    [+]  hhjyyqy xz@5.8.3

-- linux-ubuntu26.04-x86_64_v3 / %c=gcc@16.1.0 ------------------
[b]  pdslnit automake@1.18.1	   [b]	r6vd65h libsigsegv@2.15
[b]  ofahxlj bzip2@1.0.8	   [b]	raf5qk6 libtool@2.5.4
[b]  djpmji7 diffutils@3.12	   [b]	44jhzjg libxcrypt@4.5.2
[b]  fc5ezqn file@5.46		   [b]	cxesrxa libxml2@2.15.3
[b]  l3if3dy findutils@4.10.0	   [b]	swhw6f5 numactl@2.0.19
[b]  2af63my gdbm@1.26		   [b]	xxg272q perl@5.42.0
[b]  6hzfsbp gmake@4.4.1	   [b]	4diropt pigz@2.8
[b]  3w5zzn3 less@692		   [b]	xp6fyih pkgconf@2.5.1
[b]  t623nqz libbsd@0.12.2	   [b]	qcxnkrd pmix@6.1.0
[b]  4c4uuub libedit@3.1-20251016  [b]	cj2ohvh prrte@4.1.0
[b]  m5ts755 libevent@2.1.12	   [b]	cbnh7bw readline@8.3
[b]  s6cemsy libfabric@2.5.1	   [b]	uliuxbf sqlite@3.53.1
[b]  qs6av53 libiconv@1.18	   [b]	tw6253j tar@1.35
[b]  w3w22wx libmd@1.1.0	   [b]	v3sdaph util-linux-uuid@2.41
[b]  cmgnxt6 libpciaccess@0.17	   [b]	bf6e7x2 xz@5.8.3

-- linux-ubuntu26.04-x86_64_v3 / no compilers -------------------
[b]  jo3eg4r autoconf@2.72			 [e]  yjlog5x gcc@15.2.0
[b]  yg7nv7p autoconf@2.72			 [+]  xm76mt3 gcc-runtime@15.2.0
[b]  sf5iutv autoconf-archive@2024.10.16	 [b]  ghfita3 gcc-runtime@16.1.0
[b]  axeuqg3 ca-certificates-mozilla@2026-03-19	 [e]  yc4n2pp glibc@2.43
[+]  mmywg7x compiler-wrapper@1.1.0		 [b]  cy6lybd util-macros@1.20.2
==> 31 installed packages
==> 80 concretized packages to be installed
