$ spack find
==> In environment /home/spack/stacks (5 root specs)
[+] gcc@16	      [+] netlib-scalapack  [+] netlib-scalapack
[+] netlib-scalapack  [+] netlib-scalapack

-- linux-ubuntu26.04-x86_64_v3 / %c,cxx,fortran=gcc@16.1.0 ------
mpich@5.0.1  openblas@0.3.33  openmpi@5.0.10

-- linux-ubuntu26.04-x86_64_v3 / %c,cxx=gcc@15.2.0 --------------
binutils@2.46.0	 gcc@16.1.0  gettext@1.0  gmp@6.3.0  ncurses@6.6  zlib-ng@2.3.3	 zstd@1.5.7

-- linux-ubuntu26.04-x86_64_v3 / %c,cxx=gcc@16.1.0 --------------
gettext@1.0   krb5@1.22.2  openssh@10.3p1  zlib-ng@2.3.3
hwloc@2.13.0  ncurses@6.6  openssl@3.6.1   zstd@1.5.7

-- linux-ubuntu26.04-x86_64_v3 / %c,fortran=gcc@16.1.0 ----------
netlib-lapack@3.12.1	netlib-scalapack@2.2.3	netlib-scalapack@2.2.3
netlib-scalapack@2.2.3	netlib-scalapack@2.2.3

-- linux-ubuntu26.04-x86_64_v3 / %c=gcc@15.2.0 ------------------
bzip2@1.0.8    libxml2@2.15.3  mpfr@4.2.2  pkgconf@2.5.1  xz@5.8.3
libiconv@1.18  mpc@1.4.1       pigz@2.8	   tar@1.35

-- linux-ubuntu26.04-x86_64_v3 / %c=gcc@16.1.0 ------------------
bzip2@1.0.8	      libfabric@2.5.1	 libxcrypt@4.5.2  pigz@2.8     tar@1.35
libedit@3.1-20251016  libiconv@1.18	 libxml2@2.15.3	  pmix@6.1.0   xz@5.8.3
libevent@2.1.12	      libpciaccess@0.17	 numactl@2.0.19	  prrte@4.1.0

-- linux-ubuntu26.04-x86_64_v3 / no compilers -------------------
compiler-wrapper@1.1.0	gcc@15.2.0  gcc-runtime@15.2.0	gcc-runtime@16.1.0  glibc@2.43
==> 51 installed packages
==> 46 concretized packages to be installed (show with `spack find -c`)
