$ spack concretize
$ spack find -c
==> In environment /home/spack/code
==> Root specs
-- no arch / clang ----------------------------------------------
boost%clang   openmpi%clang   trilinos%clang

-- no arch / gcc ------------------------------------------------
boost%gcc   boost%gcc	openmpi%gcc   openmpi%gcc   trilinos%gcc   trilinos%gcc

==> Concretized roots
-- linux-ubuntu18.04-x86_64 / clang@6.0.0 -----------------------
boost@1.73.0  openmpi@3.1.6  trilinos@12.18.1

-- linux-ubuntu18.04-x86_64 / gcc@7.5.0 -------------------------
boost@1.73.0  openmpi@3.1.6  trilinos@12.18.1  trilinos@12.18.1

==> 43 installed packages
-- linux-ubuntu18.04-x86_64 / clang@6.0.0 -----------------------
zlib@1.2.11

-- linux-ubuntu18.04-x86_64 / gcc@7.5.0 -------------------------
autoconf@2.69	 gdbm@1.18.1	 libiconv@1.16	      metis@5.1.0	      openblas@0.3.10  suite-sparse@5.7.2
automake@1.16.2  gettext@0.20.2  libpciaccess@0.13.5  mpich@3.3.2	      openmpi@3.1.6    tar@1.32
boost@1.73.0	 glm@0.9.7.1	 libsigsegv@2.12      mumps@5.3.3	      openssl@1.1.1g   texinfo@6.5
bzip2@1.0.8	 hdf5@1.10.6	 libtool@2.4.6	      ncurses@6.2	      parmetis@4.0.3   trilinos@12.18.1
cmake@3.17.3	 hwloc@1.11.11	 libxml2@2.9.10       netcdf-c@4.7.3	      perl@5.30.3      util-macros@1.19.1
diffutils@3.7	 hwloc@2.2.0	 m4@1.4.18	      netlib-scalapack@2.1.0  pkgconf@1.7.3    xz@5.2.5
findutils@4.6.0  hypre@2.18.2	 matio@1.5.13	      numactl@2.0.12	      readline@8.0     zlib@1.2.11
