$ spack concretize
==> Concretizing the 'compiler' group of specs
==> Concretizing the 'stack' group of specs
==> Concretized 3 specs:
[+]  vlwdxlj  gcc@16.1.0+binutils+bootstrap~graphite+libsanitizer~mold~nvptx~piclibs+profiled+strip build_system=autotools build_type=Release languages:='c,c++,fortran' platform=linux os=ubuntu26.04 target=x86_64_v3 %c,cxx=gcc@15.2.0
[+]  cuzgmus	  ^binutils@2.46.0~debuginfod+gas~gprofng~headers~interwork+ld~libiberty~lto~nls~pgo+plugins build_system=autotools compress_debug_sections=zlib libs:=shared,static platform=linux os=ubuntu26.04 target=x86_64_v3 %c,cxx=gcc@15.2.0
[+]  mmywg7x	  ^compiler-wrapper@1.1.0 build_system=generic platform=linux os=ubuntu26.04 target=x86_64_v3
[b]  ao2onuz	  ^diffutils@3.12 build_system=autotools platform=linux os=ubuntu26.04 target=x86_64_v3 %c=gcc@15.2.0
[+]  vbwvgwx	      ^libiconv@1.18 build_system=autotools libs:=shared,static platform=linux os=ubuntu26.04 target=x86_64_v3 %c=gcc@15.2.0
[b]  z7wqeps	  ^gawk@5.4.0~nls build_system=autotools platform=linux os=ubuntu26.04 target=x86_64_v3 %c=gcc@15.2.0
[+]  k25xiih	      ^readline@8.3 build_system=autotools patches:=21f0a03,72dee13,e273643 platform=linux os=ubuntu26.04 target=x86_64_v3 %c=gcc@15.2.0
[e]  yjlog5x	  ^gcc@15.2.0+binutils+bootstrap~graphite+libsanitizer~mold~nvptx~piclibs~profiled~strip build_system=autotools build_type=RelWithDebInfo languages:='c,c++,fortran' platform=linux os=ubuntu26.04 target=x86_64_v3
[+]  xm76mt3	  ^gcc-runtime@15.2.0 build_system=generic platform=linux os=ubuntu26.04 target=x86_64_v3
[e]  yc4n2pp	  ^glibc@2.43 build_system=autotools platform=linux os=ubuntu26.04 target=x86_64_v3
[b]  r4lhaok	  ^gmake@4.4.1~guile build_system=generic platform=linux os=ubuntu26.04 target=x86_64_v3 %c=gcc@15.2.0
[+]  xpmsy5x	  ^gmp@6.3.0+cxx build_system=autotools libs:=shared,static patches:=28a6673 platform=linux os=ubuntu26.04 target=x86_64_v3 %c,cxx=gcc@15.2.0
[b]  jo3eg4r	      ^autoconf@2.72 build_system=autotools platform=linux os=ubuntu26.04 target=x86_64_v3
[b]  yhkgfai	      ^automake@1.18.1 build_system=autotools platform=linux os=ubuntu26.04 target=x86_64_v3 %c=gcc@15.2.0
[b]  y6uqrto	      ^m4@1.4.21+sigsegv build_system=autotools platform=linux os=ubuntu26.04 target=x86_64_v3 %c,cxx=gcc@15.2.0
[b]  phcmfqk		  ^libsigsegv@2.15 build_system=autotools platform=linux os=ubuntu26.04 target=x86_64_v3 %c=gcc@15.2.0
[b]  3gdq456	  ^libtool@2.5.4 build_system=autotools platform=linux os=ubuntu26.04 target=x86_64_v3 %c=gcc@15.2.0
[b]  mguwetc	      ^file@5.46+static build_system=autotools platform=linux os=ubuntu26.04 target=x86_64_v3 %c=gcc@15.2.0
[+]  hhjyyqy		  ^xz@5.8.3~pic build_system=autotools libs:=shared,static platform=linux os=ubuntu26.04 target=x86_64_v3 %c=gcc@15.2.0
[b]  punbqrx	      ^findutils@4.10.0 build_system=autotools patches:=440b954 platform=linux os=ubuntu26.04 target=x86_64_v3 %c=gcc@15.2.0
[+]  gxmoxea	  ^mpc@1.4.1 build_system=autotools libs:=shared,static platform=linux os=ubuntu26.04 target=x86_64_v3 %c=gcc@15.2.0
[+]  melg7ga	  ^mpfr@4.2.2 build_system=autotools libs:=shared,static platform=linux os=ubuntu26.04 target=x86_64_v3 %c=gcc@15.2.0
[b]  sf5iutv	      ^autoconf-archive@2024.10.16 build_system=autotools platform=linux os=ubuntu26.04 target=x86_64_v3
[b]  bvphs3b	  ^perl@5.42.0+cpanm+opcode+open+shared+threads build_system=generic platform=linux os=ubuntu26.04 target=x86_64_v3 %c=gcc@15.2.0
[b]  27d4iyp	      ^berkeley-db@18.1.40+cxx~docs+stl build_system=autotools patches:=26090f4,b231fcc platform=linux os=ubuntu26.04 target=x86_64_v3 %c,cxx=gcc@15.2.0
[+]  cbtgjrh	      ^bzip2@1.0.8~debug~pic+shared build_system=generic platform=linux os=ubuntu26.04 target=x86_64_v3 %c=gcc@15.2.0
[b]  cq4dkuc	      ^gdbm@1.26 build_system=autotools platform=linux os=ubuntu26.04 target=x86_64_v3 %c=gcc@15.2.0
[b]  ohmdb2l	      ^less@692 build_system=autotools platform=linux os=ubuntu26.04 target=x86_64_v3 %c=gcc@15.2.0
[b]  jvlaabk	  ^texinfo@7.2~xs build_system=autotools platform=linux os=ubuntu26.04 target=x86_64_v3 %c,cxx=gcc@15.2.0
[+]  sle3ix4	      ^gettext@1.0+bzip2+curses+git~libunistring+libxml2+pic+shared+tar+xz build_system=autotools platform=linux os=ubuntu26.04 target=x86_64_v3 %c,cxx=gcc@15.2.0
[+]  ujlg2ua		  ^libxml2@2.15.3+pic~python+shared build_system=autotools platform=linux os=ubuntu26.04 target=x86_64_v3 %c=gcc@15.2.0
[+]  f5xe4px		  ^tar@1.35 build_system=autotools zip=pigz platform=linux os=ubuntu26.04 target=x86_64_v3 %c=gcc@15.2.0
[+]  afklka7		      ^pigz@2.8 build_system=makefile platform=linux os=ubuntu26.04 target=x86_64_v3 %c=gcc@15.2.0
[+]  ekvivpv	      ^ncurses@6.6~symlinks+termlib abi=none build_system=autotools patches:=7a351bc platform=linux os=ubuntu26.04 target=x86_64_v3 %c,cxx=gcc@15.2.0
[+]  g72d7i3	  ^zlib-ng@2.3.3+compat+new_strategies+opt+pic+shared build_system=autotools platform=linux os=ubuntu26.04 target=x86_64_v3 %c,cxx=gcc@15.2.0
[+]  63aruxk	  ^zstd@1.5.7+programs build_system=makefile compression:=none libs:=shared,static platform=linux os=ubuntu26.04 target=x86_64_v3 %c,cxx=gcc@15.2.0
[+]  wf22jsg  lmod@8.7.67+auto_swap~redirect build_system=autotools platform=linux os=ubuntu26.04 target=x86_64_v3 %c=gcc@15.2.0
[b]  ywyq4f5	  ^bc@1.08.2 build_system=autotools platform=linux os=ubuntu26.04 target=x86_64_v3 %c=gcc@15.2.0
[b]  litd2mh	      ^ed@1.4 build_system=autotools platform=linux os=ubuntu26.04 target=x86_64_v3 %c,cxx=gcc@15.2.0
[+]  q66mudl	  ^lua@5.4.8+shared build_system=makefile fetcher=curl platform=linux os=ubuntu26.04 target=x86_64_v3 %c=gcc@15.2.0
[+]  j2fa7xl	      ^curl@8.20.0~gssapi~ldap~libidn2~librtmp~libssh~libssh2+nghttp2 build_system=autotools libs:=shared,static tls:=openssl platform=linux os=ubuntu26.04 target=x86_64_v3 %c,cxx=gcc@15.2.0
[+]  4lyasaz		  ^nghttp2@1.67.1 build_system=autotools platform=linux os=ubuntu26.04 target=x86_64_v3 %c,cxx=gcc@15.2.0
[+]  33yozp5		  ^openssl@3.6.1~docs+shared build_system=generic certs=mozilla platform=linux os=ubuntu26.04 target=x86_64_v3 %c,cxx=gcc@15.2.0
[b]  axeuqg3		      ^ca-certificates-mozilla@2026-03-19 build_system=generic platform=linux os=ubuntu26.04 target=x86_64_v3
[+]  4qgksuy	      ^unzip@6.0 build_system=makefile patches:=179330d,24582ff,251d575,3371314,44599c8,47e9def,4e5a081,59c0983,64f6498,74bc961,7d8e5c7,81ca46c,881d2ed,aced0f2,b6f64d7,b7a14c3,c9a863e,ee9e260,f6f6236,f88b9d4,fde8f9d platform=linux os=ubuntu26.04 target=x86_64_v3 %c=gcc@15.2.0
[+]  su5b2hs	  ^lua-luafilesystem@1.9.0 build_system=lua platform=linux os=ubuntu26.04 target=x86_64_v3 %c=gcc@15.2.0
[+]  egzwtik	  ^lua-luaposix@36.3 build_system=lua platform=linux os=ubuntu26.04 target=x86_64_v3 %c=gcc@15.2.0
[+]  bkzcu2s	      ^libxcrypt@4.5.2~obsolete_api build_system=autotools platform=linux os=ubuntu26.04 target=x86_64_v3 %c=gcc@15.2.0
[+]  yvl6jpi	  ^pkgconf@2.5.1 build_system=autotools platform=linux os=ubuntu26.04 target=x86_64_v3 %c=gcc@15.2.0
[b]  ci53fkm	  ^procps@4.0.6+nls build_system=autotools platform=linux os=ubuntu26.04 target=x86_64_v3 %c=gcc@15.2.0
[b]  a27iqiv	  ^sed@4.9 build_system=autotools platform=linux os=ubuntu26.04 target=x86_64_v3 %c=gcc@15.2.0
[+]  d4ibosb	  ^tcl@8.6.17 build_system=autotools platform=linux os=ubuntu26.04 target=x86_64_v3 %c,cxx=gcc@15.2.0
[b]  b4nkwcf  netlib-scalapack@2.2.3~ipo~pic+shared build_system=cmake build_type=Release generator=make platform=linux os=ubuntu26.04 target=x86_64_v3 %c,fortran=gcc@16.1.0
[b]  yonurps	  ^cmake@3.31.11~doc+ncurses+ownlibs~qtgui build_system=generic build_type=Release platform=linux os=ubuntu26.04 target=x86_64_v3 %c,cxx=gcc@16.1.0
[b]  6b5h3dv	      ^curl@8.20.0~gssapi~ldap~libidn2~librtmp~libssh~libssh2+nghttp2 build_system=autotools libs:=shared,static tls:=openssl platform=linux os=ubuntu26.04 target=x86_64_v3 %c,cxx=gcc@16.1.0
[b]  iiwpnp7		  ^nghttp2@1.67.1 build_system=autotools platform=linux os=ubuntu26.04 target=x86_64_v3 %c,cxx=gcc@16.1.0
[b]  djpmji7		      ^diffutils@3.12 build_system=autotools platform=linux os=ubuntu26.04 target=x86_64_v3 %c=gcc@16.1.0
[b]  yoq4amm		  ^openssl@3.6.1~docs+shared build_system=generic certs=mozilla platform=linux os=ubuntu26.04 target=x86_64_v3 %c,cxx=gcc@16.1.0
[b]  iehcspo	      ^ncurses@6.6~symlinks+termlib abi=none build_system=autotools patches:=7a351bc platform=linux os=ubuntu26.04 target=x86_64_v3 %c,cxx=gcc@16.1.0
[b]  yd7lgm7	      ^zlib-ng@2.3.3+compat+new_strategies+opt+pic+shared build_system=autotools platform=linux os=ubuntu26.04 target=x86_64_v3 %c,cxx=gcc@16.1.0
[b]  ghfita3	  ^gcc-runtime@16.1.0 build_system=generic platform=linux os=ubuntu26.04 target=x86_64_v3
[b]  6hzfsbp	  ^gmake@4.4.1~guile build_system=generic platform=linux os=ubuntu26.04 target=x86_64_v3 %c=gcc@16.1.0
[b]  kdylbqh	  ^openblas@0.3.33~bignuma~consistent_fpcsr+dynamic_dispatch+fortran~ilp64+locking+pic+shared~static build_system=makefile patches:=723ddc1 symbol_suffix=none threads=none platform=linux os=ubuntu26.04 target=x86_64_v3 %c,cxx,fortran=gcc@16.1.0
[b]  nzr6pd7	  ^openmpi@5.0.10+atomics~cuda~debug+fortran~gpfs~internal-hwloc~internal-libevent~internal-pmix~ipv6~java~lustre~memchecker~openshmem~rocm~romio+rsh~static~two_level_namespace+vt+wrapper-rpath build_system=autotools fabrics:=none patches:=646eb1a romio-filesystem:=none schedulers:=none platform=linux os=ubuntu26.04 target=x86_64_v3 %c,cxx,fortran=gcc@16.1.0
[b]  yg7nv7p	      ^autoconf@2.72 build_system=autotools platform=linux os=ubuntu26.04 target=x86_64_v3
[b]  47vgtt5		  ^m4@1.4.21+sigsegv build_system=autotools platform=linux os=ubuntu26.04 target=x86_64_v3 %c,cxx=gcc@16.1.0
[b]  r6vd65h		      ^libsigsegv@2.15 build_system=autotools platform=linux os=ubuntu26.04 target=x86_64_v3 %c=gcc@16.1.0
[b]  pdslnit	      ^automake@1.18.1 build_system=autotools platform=linux os=ubuntu26.04 target=x86_64_v3 %c=gcc@16.1.0
[b]  nn3ymay	      ^hwloc@2.13.0~cairo~cuda~gl~level_zero~libudev+libxml2~nvml~opencl+pci~rocm build_system=autotools libs:=shared,static patches:=b4db98b platform=linux os=ubuntu26.04 target=x86_64_v3 %c,cxx=gcc@16.1.0
[b]  cmgnxt6		  ^libpciaccess@0.17 build_system=autotools platform=linux os=ubuntu26.04 target=x86_64_v3 %c=gcc@16.1.0
[b]  cy6lybd		      ^util-macros@1.20.2 build_system=autotools platform=linux os=ubuntu26.04 target=x86_64_v3
[b]  cxesrxa		  ^libxml2@2.15.3+pic~python+shared build_system=autotools platform=linux os=ubuntu26.04 target=x86_64_v3 %c=gcc@16.1.0
[b]  qs6av53		      ^libiconv@1.18 build_system=autotools libs:=shared,static platform=linux os=ubuntu26.04 target=x86_64_v3 %c=gcc@16.1.0
[b]  bf6e7x2		      ^xz@5.8.3~pic build_system=autotools libs:=shared,static platform=linux os=ubuntu26.04 target=x86_64_v3 %c=gcc@16.1.0
[b]  m5ts755	      ^libevent@2.1.12+openssl build_system=autotools platform=linux os=ubuntu26.04 target=x86_64_v3 %c=gcc@16.1.0
[b]  raf5qk6	      ^libtool@2.5.4 build_system=autotools platform=linux os=ubuntu26.04 target=x86_64_v3 %c=gcc@16.1.0
[b]  fc5ezqn		  ^file@5.46+static build_system=autotools platform=linux os=ubuntu26.04 target=x86_64_v3 %c=gcc@16.1.0
[b]  lq6tsmz		      ^zstd@1.5.7+programs build_system=makefile compression:=none libs:=shared,static platform=linux os=ubuntu26.04 target=x86_64_v3 %c,cxx=gcc@16.1.0
[b]  l3if3dy		  ^findutils@4.10.0 build_system=autotools patches:=440b954 platform=linux os=ubuntu26.04 target=x86_64_v3 %c=gcc@16.1.0
[b]  g3gt6ze		      ^gettext@1.0+bzip2+curses+git~libunistring+libxml2+pic+shared+tar+xz build_system=autotools platform=linux os=ubuntu26.04 target=x86_64_v3 %c,cxx=gcc@16.1.0
[b]  tw6253j			  ^tar@1.35 build_system=autotools zip=pigz platform=linux os=ubuntu26.04 target=x86_64_v3 %c=gcc@16.1.0
[b]  4diropt			      ^pigz@2.8 build_system=makefile platform=linux os=ubuntu26.04 target=x86_64_v3 %c=gcc@16.1.0
[b]  swhw6f5	      ^numactl@2.0.19 build_system=autotools platform=linux os=ubuntu26.04 target=x86_64_v3 %c=gcc@16.1.0
[b]  kjx2nfr	      ^openssh@10.3p1+gssapi build_system=autotools platform=linux os=ubuntu26.04 target=x86_64_v3 %c,cxx=gcc@16.1.0
[b]  awic2yh		  ^krb5@1.22.2+shared build_system=autotools platform=linux os=ubuntu26.04 target=x86_64_v3 %c,cxx=gcc@16.1.0
[b]  yws52fh		      ^bison@3.8.2~color build_system=autotools platform=linux os=ubuntu26.04 target=x86_64_v3 %c,cxx=gcc@16.1.0
[b]  4c4uuub		  ^libedit@3.1-20251016 build_system=autotools platform=linux os=ubuntu26.04 target=x86_64_v3 %c=gcc@16.1.0
[b]  44jhzjg		  ^libxcrypt@4.5.2~obsolete_api build_system=autotools platform=linux os=ubuntu26.04 target=x86_64_v3 %c=gcc@16.1.0
[b]  xxg272q	      ^perl@5.42.0+cpanm+opcode+open+shared+threads build_system=generic platform=linux os=ubuntu26.04 target=x86_64_v3 %c=gcc@16.1.0
[b]  aev2xm7		  ^berkeley-db@18.1.40+cxx~docs+stl build_system=autotools patches:=26090f4,b231fcc platform=linux os=ubuntu26.04 target=x86_64_v3 %c,cxx=gcc@16.1.0
[b]  ofahxlj		  ^bzip2@1.0.8~debug~pic+shared build_system=generic platform=linux os=ubuntu26.04 target=x86_64_v3 %c=gcc@16.1.0
[b]  2af63my		  ^gdbm@1.26 build_system=autotools platform=linux os=ubuntu26.04 target=x86_64_v3 %c=gcc@16.1.0
[b]  cbnh7bw		      ^readline@8.3 build_system=autotools patches:=21f0a03,72dee13,e273643 platform=linux os=ubuntu26.04 target=x86_64_v3 %c=gcc@16.1.0
[b]  3w5zzn3		  ^less@692 build_system=autotools platform=linux os=ubuntu26.04 target=x86_64_v3 %c=gcc@16.1.0
[b]  xp6fyih	      ^pkgconf@2.5.1 build_system=autotools platform=linux os=ubuntu26.04 target=x86_64_v3 %c=gcc@16.1.0
[b]  qcxnkrd	      ^pmix@6.1.0~munge~python build_system=autotools platform=linux os=ubuntu26.04 target=x86_64_v3 %c=gcc@16.1.0
[b]  cj2ohvh	      ^prrte@4.1.0 build_system=autotools patches:=64faa1a,91b28f5 schedulers:=none platform=linux os=ubuntu26.04 target=x86_64_v3 %c=gcc@16.1.0
[b]  4p7olya		  ^flex@2.6.3+lex~nls build_system=autotools platform=linux os=ubuntu26.04 target=x86_64_v3 %c,cxx=gcc@16.1.0

