$ spack install
[ ] nn3xbub gcc-runtime@16.1.0 fetching from build cache (0s)
[ ] nn3xbub gcc-runtime@16.1.0 relocating (0s)
[+] nn3xbub gcc-runtime@16.1.0 /home/spack/spack/opt/spack/linux-x86_64_v3/gcc-runtime-16.1.0-nn3xbub7zhmkubwxasksced5zbbb7xwr (1s)
[ ] romubi2 ncurses@6.6 fetching from build cache (0s)
[ ] aca7p7l libxcrypt@4.5.2 fetching from build cache (0s)
[ ] uh2kn3c openblas@0.3.33 fetching from build cache (0s)
[ ] xrsocgc libiconv@1.18 fetching from build cache (0s)
[ ] romubi2 ncurses@6.6 relocating (0s)
[ ] aca7p7l libxcrypt@4.5.2 relocating (0s)
[ ] xrsocgc libiconv@1.18 relocating (0s)
[ ] uh2kn3c openblas@0.3.33 relocating (0s)
[+] aca7p7l libxcrypt@4.5.2 /home/spack/spack/opt/spack/linux-x86_64_v3/libxcrypt-4.5.2-aca7p7lojtt3defjbdogqmktovdxa5qx (0s)
[ ] t5frspj libpciaccess@0.17 fetching from build cache (0s)
[+] xrsocgc libiconv@1.18 /home/spack/spack/opt/spack/linux-x86_64_v3/libiconv-1.18-xrsocgcig7f5o4fujtkqfiidnnkfnf5g (0s)
[ ] 77mpzq5 netlib-lapack@3.12.1 fetching from build cache (0s)
[ ] t5frspj libpciaccess@0.17 relocating (1s)
[+] uh2kn3c openblas@0.3.33 /home/spack/spack/opt/spack/linux-x86_64_v3/openblas-0.3.33-uh2kn3ctzgxuixv23pw3vqa5nk2xfxll (1s)
[ ] 77mpzq5 netlib-lapack@3.12.1 relocating (1s)
[ ] o3dcvlb libfabric@2.5.1 fetching from build cache (0s)
[+] t5frspj libpciaccess@0.17 /home/spack/spack/opt/spack/linux-x86_64_v3/libpciaccess-0.17-t5frspjun7nqk5pp5mjictlokfcwmmpc (1s)
[ ] 2wcnb6n util-linux-uuid@2.41 fetching from build cache (0s)
[ ] o3dcvlb libfabric@2.5.1 relocating (0s)
[+] 77mpzq5 netlib-lapack@3.12.1 /home/spack/spack/opt/spack/linux-x86_64_v3/netlib-lapack-3.12.1-77mpzq52bkdgbldogwa5snquulfrw7vs (1s)
[ ] 2wcnb6n util-linux-uuid@2.41 relocating (0s)
[ ] pkl6qup libffi@3.5.2 fetching from build cache (0s)
[+] o3dcvlb libfabric@2.5.1 /home/spack/spack/opt/spack/linux-x86_64_v3/libfabric-2.5.1-o3dcvlbnlyjp4ffwrsnuq4h2626gm5sm (1s)
[ ] mzuiikv zstd@1.5.7 fetching from build cache (0s)
[ ] pkl6qup libffi@3.5.2 relocating (1s)
[+] 2wcnb6n util-linux-uuid@2.41 /home/spack/spack/opt/spack/linux-x86_64_v3/util-linux-uuid-2.41-2wcnb6nky3pis26yp54z2yztpi2ggdx4 (1s)
[ ] 5kv66tq bzip2@1.0.8 fetching from build cache (0s)
[+] romubi2 ncurses@6.6 /home/spack/spack/opt/spack/linux-x86_64_v3/ncurses-6.6-romubi25ey4yh64hcscvlcdnwb7lxni3 (2s)
[+] pkl6qup libffi@3.5.2 /home/spack/spack/opt/spack/linux-x86_64_v3/libffi-3.5.2-pkl6qupanohdjgbi2yisoob4gqpdczww (1s)
[ ] mzuiikv zstd@1.5.7 relocating (0s)
[ ] ypuui7v libmd@1.1.0 fetching from build cache (0s)
[ ] rrvhely xz@5.8.3 fetching from build cache (0s)
[ ] 5kv66tq bzip2@1.0.8 relocating (0s)
[+] mzuiikv zstd@1.5.7 /home/spack/spack/opt/spack/linux-x86_64_v3/zstd-1.5.7-mzuiikvvruxmy5bmi63iwbpziaqyaxsp (0s)
[ ] ypuui7v libmd@1.1.0 relocating (0s)
[ ] gc236kh zlib-ng@2.3.3 fetching from build cache (0s)
[ ] rrvhely xz@5.8.3 relocating (0s)
[+] 5kv66tq bzip2@1.0.8 /home/spack/spack/opt/spack/linux-x86_64_v3/bzip2-1.0.8-5kv66tqcv6pqaezk75uxidkelfa2hjx2 (0s)
[ ] vn7wvoe numactl@2.0.19 fetching from build cache (0s)
[+] ypuui7v libmd@1.1.0 /home/spack/spack/opt/spack/linux-x86_64_v3/libmd-1.1.0-ypuui7vsqibbdjx25nya7qsxvjyycve3 (0s)
[ ] gc236kh zlib-ng@2.3.3 relocating (1s)
[ ] 4binz2p libedit@3.1-20251016 fetching from build cache (0s)
[ ] vn7wvoe numactl@2.0.19 relocating (1s)
[+] rrvhely xz@5.8.3 /home/spack/spack/opt/spack/linux-x86_64_v3/xz-5.8.3-rrvhelyvarwsqfyxopmtd5gqt5id4fed (1s)
[+] gc236kh zlib-ng@2.3.3 /home/spack/spack/opt/spack/linux-x86_64_v3/zlib-ng-2.3.3-gc236khsrbih4o6nnaeqea7yvhm4d5e7 (1s)
[ ] teh56fo readline@8.3 fetching from build cache (0s)
[ ] 4binz2p libedit@3.1-20251016 relocating (0s)
[ ] 2zdnupj libbsd@0.12.2 fetching from build cache (0s)
[+] vn7wvoe numactl@2.0.19 /home/spack/spack/opt/spack/linux-x86_64_v3/numactl-2.0.19-vn7wvoehm2bv3im5gxkhb7twi5l3uhmu (1s)
[ ] mladgc5 openssl@3.6.1 fetching from build cache (0s)
[ ] teh56fo readline@8.3 relocating (0s)
[+] 4binz2p libedit@3.1-20251016 /home/spack/spack/opt/spack/linux-x86_64_v3/libedit-3.1-20251016-4binz2pyummtqw6nrr2m3nhygqkf2kjr (0s)
[ ] 2zdnupj libbsd@0.12.2 relocating (0s)
[ ] 7ppidie pigz@2.8 fetching from build cache (0s)
[+] teh56fo readline@8.3 /home/spack/spack/opt/spack/linux-x86_64_v3/readline-8.3-teh56foom4eqf4r22risawici3kacfxn (0s)
[ ] mladgc5 openssl@3.6.1 relocating (0s)
[ ] 3rlsf7j libxml2@2.15.3 fetching from build cache (0s)
[ ] 7ppidie pigz@2.8 relocating (1s)
[+] 2zdnupj libbsd@0.12.2 /home/spack/spack/opt/spack/linux-x86_64_v3/libbsd-0.12.2-2zdnupjtphl5alwmkywobr55gqctkjgy (1s)
[ ] 2qw4v66 gdbm@1.26 fetching from build cache (0s)
[+] 7ppidie pigz@2.8 /home/spack/spack/opt/spack/linux-x86_64_v3/pigz-2.8-7ppidiedssazkk5snujwlaatkjzl4xlz (1s)
[ ] 3rlsf7j libxml2@2.15.3 relocating (1s)
[ ] qy73hym sqlite@3.53.1 fetching from build cache (0s)
[+] mladgc5 openssl@3.6.1 /home/spack/spack/opt/spack/linux-x86_64_v3/openssl-3.6.1-mladgc5eepc2mvvfnzkjarftwmzdae5j (1s)
[ ] 2qw4v66 gdbm@1.26 relocating (0s)
[ ] kqm2d3g expat@2.8.1 fetching from build cache (0s)
[+] 3rlsf7j libxml2@2.15.3 /home/spack/spack/opt/spack/linux-x86_64_v3/libxml2-2.15.3-3rlsf7j7jgr5drqaqujr5uw3qrlguy44 (1s)
[ ] qy73hym sqlite@3.53.1 relocating (0s)
[ ] u62ty4d tar@1.35 fetching from build cache (0s)
[+] 2qw4v66 gdbm@1.26 /home/spack/spack/opt/spack/linux-x86_64_v3/gdbm-1.26-2qw4v6642brrlwkqgbnqdwbovof66nfk (0s)
[ ] kqm2d3g expat@2.8.1 relocating (0s)
[ ] ul3skja libevent@2.1.12 fetching from build cache (0s)
[ ] u62ty4d tar@1.35 relocating (0s)
[+] kqm2d3g expat@2.8.1 /home/spack/spack/opt/spack/linux-x86_64_v3/expat-2.8.1-kqm2d3gvvu4xj42amenolxqhoni66bpo (0s)
[+] qy73hym sqlite@3.53.1 /home/spack/spack/opt/spack/linux-x86_64_v3/sqlite-3.53.1-qy73hymb6hze5xx4azkaytbcl7wykouv (1s)
[ ] fkki5gm hwloc@2.13.0 fetching from build cache (1s)
[ ] ul3skja libevent@2.1.12 relocating (1s)
[+] u62ty4d tar@1.35 /home/spack/spack/opt/spack/linux-x86_64_v3/tar-1.35-u62ty4dsid2jy3ys3wbwoy37nax4y5i7 (1s)
[ ] fkki5gm hwloc@2.13.0 relocating (1s)
[ ] qdxpkom gettext@1.0 fetching from build cache (0s)
[+] ul3skja libevent@2.1.12 /home/spack/spack/opt/spack/linux-x86_64_v3/libevent-2.1.12-ul3skjatebbqwbcuq7rnwdesomenh56w (1s)
[ ] qdxpkom gettext@1.0 relocating (0s)
[+] fkki5gm hwloc@2.13.0 /home/spack/spack/opt/spack/linux-x86_64_v3/hwloc-2.13.0-fkki5gmowqxg3bskipcnmndcgxwiwzuw (1s)
[ ] 2vgljh5 pmix@6.1.0 fetching from build cache (0s)
[ ] fxetsgw mpich@5.0.1 fetching from build cache (0s)
[ ] 2vgljh5 pmix@6.1.0 relocating (0s)
[ ] fxetsgw mpich@5.0.1 relocating (1s)
[+] 2vgljh5 pmix@6.1.0 /home/spack/spack/opt/spack/linux-x86_64_v3/pmix-6.1.0-2vgljh5yyopajc52dgj2bdob5cqszu7y (1s)
[ ] wwm2ix6 prrte@4.1.0 fetching from build cache (0s)
[ ] wwm2ix6 prrte@4.1.0 relocating (0s)
[+] wwm2ix6 prrte@4.1.0 /home/spack/spack/opt/spack/linux-x86_64_v3/prrte-4.1.0-wwm2ix6ijbqqfjaeslnngjq5zyeufgz7 (0s)
[+] qdxpkom gettext@1.0 /home/spack/spack/opt/spack/linux-x86_64_v3/gettext-1.0-qdxpkom3wtc55cnrabhk2mq34kifliiv (2s)
[ ] 7a4l5v5 krb5@1.22.2 fetching from build cache (0s)
[ ] vuoqpmo python@3.14.5 fetching from build cache (0s)
[ ] 7a4l5v5 krb5@1.22.2 relocating (0s)
[ ] vuoqpmo python@3.14.5 relocating (0s)
[+] 7a4l5v5 krb5@1.22.2 /home/spack/spack/opt/spack/linux-x86_64_v3/krb5-1.22.2-7a4l5v5natxi3lmapzc4ea4nzvd5k5ms (0s)
[ ] plgdjpa openssh@10.3p1 fetching from build cache (0s)
[ ] plgdjpa openssh@10.3p1 relocating (1s)
[+] fxetsgw mpich@5.0.1 /home/spack/spack/opt/spack/linux-x86_64_v3/mpich-5.0.1-fxetsgw62gcxvnisz6dwz3um5hjtjtpf (3s)
[ ] ugsrem2 netlib-scalapack@2.2.3 fetching from build cache (0s)
[ ] y2obsoc netlib-scalapack@2.2.3 fetching from build cache (0s)
[+] plgdjpa openssh@10.3p1 /home/spack/spack/opt/spack/linux-x86_64_v3/openssh-10.3p1-plgdjpahipc4dsfxec7kr3eyu4axw4gc (1s)
[ ] s6hcsd5 openmpi@5.0.10 fetching from build cache (0s)
[ ] ugsrem2 netlib-scalapack@2.2.3 relocating (0s)
[ ] y2obsoc netlib-scalapack@2.2.3 relocating (0s)
[ ] s6hcsd5 openmpi@5.0.10 relocating (0s)
[+] ugsrem2 netlib-scalapack@2.2.3 /home/spack/spack/opt/spack/linux-x86_64_v3/netlib-scalapack-2.2.3-ugsrem2k5ctcsem62rh5qj5ji6hpoif4 (1s)
[+] y2obsoc netlib-scalapack@2.2.3 /home/spack/spack/opt/spack/linux-x86_64_v3/netlib-scalapack-2.2.3-y2obsoclpudkxt2mbrc66elctp5tvicy (1s)
[+] vuoqpmo python@3.14.5 /home/spack/spack/opt/spack/linux-x86_64_v3/python-3.14.5-vuoqpmohlxduiwga4ni3jfsf6lbd562b (2s)
[ ] iyp4doo python-venv@1.0 fetching from build cache (0s)
[ ] iyp4doo python-venv@1.0 relocating (1s)
[+] s6hcsd5 openmpi@5.0.10 /home/spack/spack/opt/spack/linux-x86_64_v3/openmpi-5.0.10-s6hcsd5arflozzu5ho32ew2ohqlglpyf (2s)
[+] iyp4doo python-venv@1.0 /home/spack/spack/opt/spack/linux-x86_64_v3/python-venv-1.0-iyp4dooj6gwksm2k25zavxbz2o7cvekx (1s)
[ ] faqiqu4 netlib-scalapack@2.2.3 fetching from build cache (0s)
[ ] 6twt5yp netlib-scalapack@2.2.3 fetching from build cache (0s)
[ ] gvvfhjh py-numpy@2.4.6 fetching from build cache (0s)
[ ] jv2364q py-pybind11@3.0.2 fetching from build cache (0s)
[ ] faqiqu4 netlib-scalapack@2.2.3 relocating (0s)
[ ] 6twt5yp netlib-scalapack@2.2.3 relocating (0s)
[ ] gvvfhjh py-numpy@2.4.6 relocating (0s)
[ ] jv2364q py-pybind11@3.0.2 relocating (0s)
[+] faqiqu4 netlib-scalapack@2.2.3 /home/spack/spack/opt/spack/linux-x86_64_v3/netlib-scalapack-2.2.3-faqiqu4wbwlhklx6q2mjqvrv2veclueb (0s)
[+] 6twt5yp netlib-scalapack@2.2.3 /home/spack/spack/opt/spack/linux-x86_64_v3/netlib-scalapack-2.2.3-6twt5ypw7pqo64et2pu5ol6bolggnkks (0s)
[+] jv2364q py-pybind11@3.0.2 /home/spack/spack/opt/spack/linux-x86_64_v3/py-pybind11-3.0.2-jv2364qenpa3evz5xt73u6b4epqgyqhr (0s)
[+] gvvfhjh py-numpy@2.4.6 /home/spack/spack/opt/spack/linux-x86_64_v3/py-numpy-2.4.6-gvvfhjhkhi7yrqjpq5jnjihpgmhbmxjt (1s)
[ ] s2p5dpl py-scipy@1.17.1 fetching from build cache (0s)
[ ] s2p5dpl py-scipy@1.17.1 relocating (0s)
[+] s2p5dpl py-scipy@1.17.1 /home/spack/spack/opt/spack/linux-x86_64_v3/py-scipy-1.17.1-s2p5dpl2srxtk4cvkdprpqogagdjrvzb (2s)
