$ spack add lmod@8.7.67 %gcc@15
==> Adding lmod@8.7.67 %gcc@15 to environment /home/spack/stacks
$ spack concretize
==> Starting concretization
==> Concretized 1 spec:
[b]  wf22jsg  lmod@8.7.67+auto_swap~redirect build_system=autotools platform=linux os=ubuntu26.04 target=x86_64_v3 %c=gcc@15.2.0
[b]  ywyq4f5	  ^bc@1.08.2 build_system=autotools platform=linux os=ubuntu26.04 target=x86_64_v3 %c=gcc@15.2.0
[b]  litd2mh	      ^ed@1.4 build_system=autotools platform=linux os=ubuntu26.04 target=x86_64_v3 %c,cxx=gcc@15.2.0
[b]  jvlaabk	      ^texinfo@7.2~xs build_system=autotools platform=linux os=ubuntu26.04 target=x86_64_v3 %c,cxx=gcc@15.2.0
[b]  bvphs3b		  ^perl@5.42.0+cpanm+opcode+open+shared+threads build_system=generic platform=linux os=ubuntu26.04 target=x86_64_v3 %c=gcc@15.2.0
[b]  27d4iyp		      ^berkeley-db@18.1.40+cxx~docs+stl build_system=autotools patches:=26090f4,b231fcc platform=linux os=ubuntu26.04 target=x86_64_v3 %c,cxx=gcc@15.2.0
[b]  cq4dkuc		      ^gdbm@1.26 build_system=autotools platform=linux os=ubuntu26.04 target=x86_64_v3 %c=gcc@15.2.0
[b]  ohmdb2l		      ^less@692 build_system=autotools platform=linux os=ubuntu26.04 target=x86_64_v3 %c=gcc@15.2.0
[+]  mmywg7x	  ^compiler-wrapper@1.1.0 build_system=generic platform=linux os=ubuntu26.04 target=x86_64_v3
[e]  yjlog5x	  ^gcc@15.2.0+binutils+bootstrap~graphite+libsanitizer~mold~nvptx~piclibs~profiled~strip build_system=autotools build_type=RelWithDebInfo languages:='c,c++,fortran' platform=linux os=ubuntu26.04 target=x86_64_v3
[+]  xm76mt3	  ^gcc-runtime@15.2.0 build_system=generic platform=linux os=ubuntu26.04 target=x86_64_v3
[e]  yc4n2pp	  ^glibc@2.43 build_system=autotools platform=linux os=ubuntu26.04 target=x86_64_v3
[b]  r4lhaok	  ^gmake@4.4.1~guile build_system=generic platform=linux os=ubuntu26.04 target=x86_64_v3 %c=gcc@15.2.0
[b]  q66mudl	  ^lua@5.4.8+shared build_system=makefile fetcher=curl platform=linux os=ubuntu26.04 target=x86_64_v3 %c=gcc@15.2.0
[b]  j2fa7xl	      ^curl@8.20.0~gssapi~ldap~libidn2~librtmp~libssh~libssh2+nghttp2 build_system=autotools libs:=shared,static tls:=openssl platform=linux os=ubuntu26.04 target=x86_64_v3 %c,cxx=gcc@15.2.0
[b]  4lyasaz		  ^nghttp2@1.67.1 build_system=autotools platform=linux os=ubuntu26.04 target=x86_64_v3 %c,cxx=gcc@15.2.0
[+]  33yozp5		  ^openssl@3.6.1~docs+shared build_system=generic certs=mozilla platform=linux os=ubuntu26.04 target=x86_64_v3 %c,cxx=gcc@15.2.0
[b]  axeuqg3		      ^ca-certificates-mozilla@2026-03-19 build_system=generic platform=linux os=ubuntu26.04 target=x86_64_v3
[+]  ekvivpv	      ^ncurses@6.6~symlinks+termlib abi=none build_system=autotools patches:=7a351bc platform=linux os=ubuntu26.04 target=x86_64_v3 %c,cxx=gcc@15.2.0
[b]  k25xiih	      ^readline@8.3 build_system=autotools patches:=21f0a03,72dee13,e273643 platform=linux os=ubuntu26.04 target=x86_64_v3 %c=gcc@15.2.0
[b]  4qgksuy	      ^unzip@6.0 build_system=makefile patches:=179330d,24582ff,251d575,3371314,44599c8,47e9def,4e5a081,59c0983,64f6498,74bc961,7d8e5c7,81ca46c,881d2ed,aced0f2,b6f64d7,b7a14c3,c9a863e,ee9e260,f6f6236,f88b9d4,fde8f9d platform=linux os=ubuntu26.04 target=x86_64_v3 %c=gcc@15.2.0
[b]  su5b2hs	  ^lua-luafilesystem@1.9.0 build_system=lua platform=linux os=ubuntu26.04 target=x86_64_v3 %c=gcc@15.2.0
[b]  egzwtik	  ^lua-luaposix@36.3 build_system=lua platform=linux os=ubuntu26.04 target=x86_64_v3 %c=gcc@15.2.0
[+]  bkzcu2s	      ^libxcrypt@4.5.2~obsolete_api build_system=autotools platform=linux os=ubuntu26.04 target=x86_64_v3 %c=gcc@15.2.0
[+]  yvl6jpi	  ^pkgconf@2.5.1 build_system=autotools platform=linux os=ubuntu26.04 target=x86_64_v3 %c=gcc@15.2.0
[b]  ci53fkm	  ^procps@4.0.6+nls build_system=autotools platform=linux os=ubuntu26.04 target=x86_64_v3 %c=gcc@15.2.0
[b]  jo3eg4r	      ^autoconf@2.72 build_system=autotools platform=linux os=ubuntu26.04 target=x86_64_v3
[b]  yhkgfai	      ^automake@1.18.1 build_system=autotools platform=linux os=ubuntu26.04 target=x86_64_v3 %c=gcc@15.2.0
[+]  sle3ix4	      ^gettext@1.0+bzip2+curses+git~libunistring+libxml2+pic+shared+tar+xz build_system=autotools platform=linux os=ubuntu26.04 target=x86_64_v3 %c,cxx=gcc@15.2.0
[+]  cbtgjrh		  ^bzip2@1.0.8~debug~pic+shared build_system=generic platform=linux os=ubuntu26.04 target=x86_64_v3 %c=gcc@15.2.0
[+]  ujlg2ua		  ^libxml2@2.15.3+pic~python+shared build_system=autotools platform=linux os=ubuntu26.04 target=x86_64_v3 %c=gcc@15.2.0
[+]  f5xe4px		  ^tar@1.35 build_system=autotools zip=pigz platform=linux os=ubuntu26.04 target=x86_64_v3 %c=gcc@15.2.0
[+]  afklka7		      ^pigz@2.8 build_system=makefile platform=linux os=ubuntu26.04 target=x86_64_v3 %c=gcc@15.2.0
[+]  63aruxk		      ^zstd@1.5.7+programs build_system=makefile compression:=none libs:=shared,static platform=linux os=ubuntu26.04 target=x86_64_v3 %c,cxx=gcc@15.2.0
[+]  hhjyyqy		  ^xz@5.8.3~pic build_system=autotools libs:=shared,static platform=linux os=ubuntu26.04 target=x86_64_v3 %c=gcc@15.2.0
[+]  vbwvgwx	      ^libiconv@1.18 build_system=autotools libs:=shared,static platform=linux os=ubuntu26.04 target=x86_64_v3 %c=gcc@15.2.0
[b]  3gdq456	      ^libtool@2.5.4 build_system=autotools platform=linux os=ubuntu26.04 target=x86_64_v3 %c=gcc@15.2.0
[b]  mguwetc		  ^file@5.46+static build_system=autotools platform=linux os=ubuntu26.04 target=x86_64_v3 %c=gcc@15.2.0
[b]  punbqrx		  ^findutils@4.10.0 build_system=autotools patches:=440b954 platform=linux os=ubuntu26.04 target=x86_64_v3 %c=gcc@15.2.0
[b]  y6uqrto	      ^m4@1.4.21+sigsegv build_system=autotools platform=linux os=ubuntu26.04 target=x86_64_v3 %c,cxx=gcc@15.2.0
[b]  ao2onuz		  ^diffutils@3.12 build_system=autotools platform=linux os=ubuntu26.04 target=x86_64_v3 %c=gcc@15.2.0
[b]  phcmfqk		  ^libsigsegv@2.15 build_system=autotools platform=linux os=ubuntu26.04 target=x86_64_v3 %c=gcc@15.2.0
[b]  a27iqiv	  ^sed@4.9 build_system=autotools platform=linux os=ubuntu26.04 target=x86_64_v3 %c=gcc@15.2.0
[b]  d4ibosb	  ^tcl@8.6.17 build_system=autotools platform=linux os=ubuntu26.04 target=x86_64_v3 %c,cxx=gcc@15.2.0
[+]  g72d7i3	      ^zlib-ng@2.3.3+compat+new_strategies+opt+pic+shared build_system=autotools platform=linux os=ubuntu26.04 target=x86_64_v3 %c,cxx=gcc@15.2.0

==> Updating view at /home/spack/stacks/views/full
$ spack install
[ ] d4ibosb tcl@8.6.17 fetching from build cache (0s)
[ ] 4qgksuy unzip@6.0 fetching from build cache (0s)
[ ] k25xiih readline@8.3 fetching from build cache (0s)
[ ] 4lyasaz nghttp2@1.67.1 fetching from build cache (0s)
[ ] 4qgksuy unzip@6.0 relocating (0s)
[ ] d4ibosb tcl@8.6.17 relocating (0s)
[ ] k25xiih readline@8.3 relocating (0s)
[ ] 4lyasaz nghttp2@1.67.1 relocating (0s)
[+] 4qgksuy unzip@6.0 /home/spack/spack/opt/spack/linux-x86_64_v3/unzip-6.0-4qgksuyohalb7cfo76mqqjlmndeh3tyg (0s)
[+] 4lyasaz nghttp2@1.67.1 /home/spack/spack/opt/spack/linux-x86_64_v3/nghttp2-1.67.1-4lyasazuklpnvidiw4ty5wvybxvkh7na (0s)
[+] k25xiih readline@8.3 /home/spack/spack/opt/spack/linux-x86_64_v3/readline-8.3-k25xiihp5dun6qwe3e5ouzdigwr5yuvz (0s)
[ ] j2fa7xl curl@8.20.0 fetching from build cache (0s)
[ ] j2fa7xl curl@8.20.0 relocating (0s)
[+] j2fa7xl curl@8.20.0 /home/spack/spack/opt/spack/linux-x86_64_v3/curl-8.20.0-j2fa7xlzdvkagqked76erodvcmcd2oqp (0s)
[ ] q66mudl lua@5.4.8 fetching from build cache (0s)
[ ] q66mudl lua@5.4.8 relocating (0s)
[+] q66mudl lua@5.4.8 /home/spack/spack/opt/spack/linux-x86_64_v3/lua-5.4.8-q66mudlsappt33u2frzcijegjay54ep3 (1s)
[ ] egzwtik lua-luaposix@36.3 fetching from build cache (0s)
[ ] su5b2hs lua-luafilesystem@1.9.0 fetching from build cache (0s)
[ ] egzwtik lua-luaposix@36.3 relocating (0s)
[ ] su5b2hs lua-luafilesystem@1.9.0 relocating (0s)
[+] su5b2hs lua-luafilesystem@1.9.0 /home/spack/spack/opt/spack/linux-x86_64_v3/lua-luafilesystem-1.9.0-su5b2hsgwgk2a4b7hkys2r23kf3me6lh (0s)
[+] egzwtik lua-luaposix@36.3 /home/spack/spack/opt/spack/linux-x86_64_v3/lua-luaposix-36.3-egzwtikjsfubsjiqpwdjemys3xqv2ytf (0s)
[+] d4ibosb tcl@8.6.17 /home/spack/spack/opt/spack/linux-x86_64_v3/tcl-8.6.17-d4ibosbgfm7536ij2dmdu6nnll5g5zpm (1s)
[ ] wf22jsg lmod@8.7.67 fetching from build cache (0s)
[ ] wf22jsg lmod@8.7.67 relocating (0s)
[+] wf22jsg lmod@8.7.67 /home/spack/spack/opt/spack/linux-x86_64_v3/lmod-8.7.67-wf22jsggn5vfsyoyuqm6ban76y7333we (0s)
==> Updating view at /home/spack/stacks/views/full
