$ spack config add concretizer:unify:false
$ spack concretize
==> Starting concretization pool with 2 processes
==> Concretized 2 specs:
 -   tl5f6ke  netlib-scalapack@2.2.2~ipo~pic+shared build_system=cmake build_type=Release generator=make arch=linux-ubuntu22.04-x86_64_v3 %c,fortran=gcc@12.5.0
 -   yxjigtd	  ^cmake@3.31.8~doc+ncurses+ownlibs~qtgui build_system=generic build_type=Release arch=linux-ubuntu22.04-x86_64_v3 %c,cxx=gcc@12.5.0
 -   etcxzzk	      ^curl@8.11.1~gssapi~ldap~libidn2~librtmp~libssh~libssh2+nghttp2 build_system=autotools libs:=shared,static tls:=openssl arch=linux-ubuntu22.04-x86_64_v3 %c,cxx=gcc@12.5.0
 -   2v5o3ra		  ^nghttp2@1.65.0 build_system=autotools arch=linux-ubuntu22.04-x86_64_v3 %c,cxx=gcc@12.5.0
 -   6lfrh36		      ^diffutils@3.10 build_system=autotools arch=linux-ubuntu22.04-x86_64_v3 %c=gcc@12.5.0
 -   osxtmvl		  ^openssl@3.4.1~docs+shared build_system=generic certs=mozilla arch=linux-ubuntu22.04-x86_64_v3 %c,cxx=gcc@12.5.0
[+]  s3bxsw4		      ^ca-certificates-mozilla@2025-05-20 build_system=generic arch=linux-ubuntu22.04-x86_64_v3
 -   56rxnkf	      ^ncurses@6.5~symlinks+termlib abi=none build_system=autotools patches:=7a351bc arch=linux-ubuntu22.04-x86_64_v3 %c,cxx=gcc@12.5.0
 -   6xddq3y	      ^zlib-ng@2.2.4+compat+new_strategies+opt+pic+shared build_system=autotools arch=linux-ubuntu22.04-x86_64_v3 %c,cxx=gcc@12.5.0
[+]  rwnqbli	  ^compiler-wrapper@1.0 build_system=generic arch=linux-ubuntu22.04-x86_64_v3
[+]  fmxnit5	  ^gcc@12.5.0~binutils+bootstrap~graphite~mold~nvptx~piclibs~profiled~strip build_system=autotools build_type=RelWithDebInfo languages:='c,c++,fortran' arch=linux-ubuntu22.04-x86_64_v3 %c,cxx=gcc@11.4.0
[+]  pptkbjb	      ^diffutils@3.10 build_system=autotools arch=linux-ubuntu22.04-x86_64_v3 %c=gcc@11.4.0
[+]  kgw5nks		  ^libiconv@1.18 build_system=autotools libs:=shared,static arch=linux-ubuntu22.04-x86_64_v3 %c=gcc@11.4.0
[+]  jxq6uva	      ^gawk@5.3.1~nls build_system=autotools arch=linux-ubuntu22.04-x86_64_v3 %c=gcc@11.4.0
[+]  vefpsal		  ^libsigsegv@2.14 build_system=autotools arch=linux-ubuntu22.04-x86_64_v3 %c=gcc@11.4.0
[+]  skysn5p		  ^readline@8.2 build_system=autotools patches:=1ea4349,24f587b,3d9885e,5911a5b,622ba38,6c8adf8,758e2ec,79572ee,a177edc,bbf97f1,c7b45ff,e0013d9,e065038 arch=linux-ubuntu22.04-x86_64_v3 %c=gcc@11.4.0
[e]  j7ykyvm	      ^gcc@11.4.0~binutils+bootstrap~graphite~nvptx~piclibs~profiled~strip build_system=autotools build_type=RelWithDebInfo languages:='c,c++,fortran' arch=linux-ubuntu22.04-x86_64_v3
[+]  3c5xh7d	      ^gcc-runtime@11.4.0 build_system=generic arch=linux-ubuntu22.04-x86_64_v3
[+]  5vb6e4b	      ^gmake@4.4.1~guile build_system=generic arch=linux-ubuntu22.04-x86_64_v3 %c=gcc@11.4.0
[+]  zx3x4nm	      ^gmp@6.3.0+cxx build_system=autotools libs:=shared,static arch=linux-ubuntu22.04-x86_64_v3 %c,cxx=gcc@11.4.0
[+]  5xgjgae		  ^autoconf@2.72 build_system=autotools arch=linux-ubuntu22.04-x86_64_v3
[+]  vorbe53		  ^automake@1.16.5 build_system=autotools arch=linux-ubuntu22.04-x86_64_v3 %c=gcc@11.4.0
[+]  ypq2dye		  ^m4@1.4.20+sigsegv build_system=autotools arch=linux-ubuntu22.04-x86_64_v3 %c,cxx=gcc@11.4.0
[+]  l2jtwyu	      ^libtool@2.4.7 build_system=autotools arch=linux-ubuntu22.04-x86_64_v3 %c=gcc@11.4.0
[+]  ga3qiej		  ^findutils@4.10.0 build_system=autotools patches:=440b954 arch=linux-ubuntu22.04-x86_64_v3 %c=gcc@11.4.0
[+]  mkqx7bu	      ^mpc@1.3.1 build_system=autotools libs:=shared,static arch=linux-ubuntu22.04-x86_64_v3 %c=gcc@11.4.0
[+]  abjn4ye	      ^mpfr@4.2.1 build_system=autotools libs:=shared,static patches:=3ec29a6 arch=linux-ubuntu22.04-x86_64_v3 %c=gcc@11.4.0
[+]  u24n5ok		  ^autoconf-archive@2023.02.20 build_system=autotools arch=linux-ubuntu22.04-x86_64_v3
[+]  nsqyer7	      ^perl@5.40.0+cpanm+opcode+open+shared+threads build_system=generic arch=linux-ubuntu22.04-x86_64_v3 %c=gcc@11.4.0
[+]  k5bepow		  ^berkeley-db@18.1.40+cxx~docs+stl build_system=autotools patches:=26090f4,b231fcc arch=linux-ubuntu22.04-x86_64_v3 %c,cxx=gcc@11.4.0
[+]  vy2ggzh		  ^bzip2@1.0.8~debug~pic+shared build_system=generic arch=linux-ubuntu22.04-x86_64_v3 %c=gcc@11.4.0
[+]  5yo63cn		  ^gdbm@1.23 build_system=autotools arch=linux-ubuntu22.04-x86_64_v3 %c=gcc@11.4.0
[+]  z47kihj	      ^texinfo@7.1 build_system=autotools arch=linux-ubuntu22.04-x86_64_v3 %c,cxx=gcc@11.4.0
[+]  soasbhm		  ^gettext@0.23.1+bzip2+curses+git~libunistring+libxml2+pic+shared+tar+xz build_system=autotools arch=linux-ubuntu22.04-x86_64_v3 %c,cxx=gcc@11.4.0
[+]  7mdlpgu		      ^libxml2@2.13.5~http+pic~python+shared build_system=autotools arch=linux-ubuntu22.04-x86_64_v3 %c=gcc@11.4.0
[+]  ye5hcpf		      ^tar@1.35 build_system=autotools zip=pigz arch=linux-ubuntu22.04-x86_64_v3 %c=gcc@11.4.0
[+]  prsofdp			  ^pigz@2.8 build_system=makefile arch=linux-ubuntu22.04-x86_64_v3 %c=gcc@11.4.0
[+]  zeynpnj		      ^xz@5.6.3~pic build_system=autotools libs:=shared,static arch=linux-ubuntu22.04-x86_64_v3 %c=gcc@11.4.0
[+]  u7sn2jt		  ^ncurses@6.5~symlinks+termlib abi=none build_system=autotools patches:=7a351bc arch=linux-ubuntu22.04-x86_64_v3 %c,cxx=gcc@11.4.0
[+]  xoghzad		      ^pkgconf@2.3.0 build_system=autotools arch=linux-ubuntu22.04-x86_64_v3 %c=gcc@11.4.0
[+]  g7ixtqy	      ^zlib-ng@2.2.4+compat+new_strategies+opt+pic+shared build_system=autotools arch=linux-ubuntu22.04-x86_64_v3 %c,cxx=gcc@11.4.0
[+]  bmaw6fn	      ^zstd@1.5.7+programs build_system=makefile compression:=none libs:=shared,static arch=linux-ubuntu22.04-x86_64_v3 %c,cxx=gcc@11.4.0
 -   zubbt4y	  ^gcc-runtime@12.5.0 build_system=generic arch=linux-ubuntu22.04-x86_64_v3
[e]  epwvtix	  ^glibc@2.35 build_system=autotools arch=linux-ubuntu22.04-x86_64_v3
 -   xvxobm5	  ^gmake@4.4.1~guile build_system=generic arch=linux-ubuntu22.04-x86_64_v3 %c=gcc@12.5.0
 -   3bsqfey	  ^mpich@4.3.0~argobots~cuda+fortran+hwloc+hydra~level_zero+libxml2+pci~rocm+romio~slurm~vci~verbs+wrapperrpath~xpmem build_system=autotools datatype-engine=auto device=ch4 netmod=ofi pmi=default arch=linux-ubuntu22.04-x86_64_v3 %c,cxx,fortran=gcc@12.5.0
 -   vhsfohm	      ^findutils@4.10.0 build_system=autotools patches:=440b954 arch=linux-ubuntu22.04-x86_64_v3 %c=gcc@12.5.0
 -   goyejxw		  ^gettext@0.23.1+bzip2+curses+git~libunistring+libxml2+pic+shared+tar+xz build_system=autotools arch=linux-ubuntu22.04-x86_64_v3 %c,cxx=gcc@12.5.0
 -   4do6jx7		      ^tar@1.35 build_system=autotools zip=pigz arch=linux-ubuntu22.04-x86_64_v3 %c=gcc@12.5.0
 -   zia4xj2			  ^pigz@2.8 build_system=makefile arch=linux-ubuntu22.04-x86_64_v3 %c=gcc@12.5.0
 -   2jhx5gu			  ^zstd@1.5.7+programs build_system=makefile compression:=none libs:=shared,static arch=linux-ubuntu22.04-x86_64_v3 %c,cxx=gcc@12.5.0
 -   3e4kpzp	      ^hwloc@2.11.1~cairo~cuda~gl~level_zero~libudev+libxml2~nvml~opencl+pci~rocm build_system=autotools libs:=shared,static arch=linux-ubuntu22.04-x86_64_v3 %c,cxx=gcc@12.5.0
 -   atjn3er	      ^libfabric@2.2.0~cuda~debug~kdreg~level_zero~uring build_system=autotools fabrics:=sockets,tcp,udp arch=linux-ubuntu22.04-x86_64_v3 %c=gcc@12.5.0
 -   j336pb5	      ^libpciaccess@0.17 build_system=autotools arch=linux-ubuntu22.04-x86_64_v3 %c=gcc@12.5.0
 -   kbleacp		  ^util-macros@1.20.1 build_system=autotools arch=linux-ubuntu22.04-x86_64_v3
 -   f2wxsch	      ^libxml2@2.13.5~http+pic~python+shared build_system=autotools arch=linux-ubuntu22.04-x86_64_v3 %c=gcc@12.5.0
 -   m2sseei		  ^libiconv@1.18 build_system=autotools libs:=shared,static arch=linux-ubuntu22.04-x86_64_v3 %c=gcc@12.5.0
 -   3kvqody		  ^xz@5.6.3~pic build_system=autotools libs:=shared,static arch=linux-ubuntu22.04-x86_64_v3 %c=gcc@12.5.0
 -   qz3jy42	      ^pkgconf@2.3.0 build_system=autotools arch=linux-ubuntu22.04-x86_64_v3 %c=gcc@12.5.0
 -   5r6tuoo	      ^yaksa@0.3~cuda~level_zero~rocm build_system=autotools arch=linux-ubuntu22.04-x86_64_v3 %c=gcc@12.5.0
 -   rpphs4i		  ^m4@1.4.20+sigsegv build_system=autotools arch=linux-ubuntu22.04-x86_64_v3 %c,cxx=gcc@12.5.0
 -   ffctxur		      ^libsigsegv@2.14 build_system=autotools arch=linux-ubuntu22.04-x86_64_v3 %c=gcc@12.5.0
 -   musqpuq		  ^python@3.13.5+bz2+ctypes+dbm~debug+libxml2+lzma~optimizations+pic+pyexpat+pythoncmd+readline+shared+sqlite3+ssl~tkinter+uuid+zlib build_system=generic arch=linux-ubuntu22.04-x86_64_v3 %c,cxx=gcc@12.5.0
 -   lfwqiuw		      ^expat@2.7.1+libbsd build_system=autotools arch=linux-ubuntu22.04-x86_64_v3 %c,cxx=gcc@12.5.0
 -   es3e2le			  ^libbsd@0.12.2 build_system=autotools arch=linux-ubuntu22.04-x86_64_v3 %c=gcc@12.5.0
 -   bqguhkf			      ^libmd@1.1.0 build_system=autotools arch=linux-ubuntu22.04-x86_64_v3 %c=gcc@12.5.0
 -   ddom6iu		      ^libffi@3.4.8 build_system=autotools arch=linux-ubuntu22.04-x86_64_v3 %c,cxx=gcc@12.5.0
 -   lxvqq5o		      ^readline@8.2 build_system=autotools patches:=1ea4349,24f587b,3d9885e,5911a5b,622ba38,6c8adf8,758e2ec,79572ee,a177edc,bbf97f1,c7b45ff,e0013d9,e065038 arch=linux-ubuntu22.04-x86_64_v3 %c=gcc@12.5.0
 -   brglstm		      ^sqlite@3.46.0+column_metadata+dynamic_extensions+fts~functions+rtree build_system=autotools arch=linux-ubuntu22.04-x86_64_v3 %c=gcc@12.5.0
 -   v2nef6x		      ^util-linux-uuid@2.41 build_system=autotools arch=linux-ubuntu22.04-x86_64_v3 %c=gcc@12.5.0
 -   z3ynokz	  ^openblas@0.3.29~bignuma~consistent_fpcsr+dynamic_dispatch+fortran~ilp64+locking+pic+shared build_system=makefile symbol_suffix=none threads=none arch=linux-ubuntu22.04-x86_64_v3 %c,cxx,fortran=gcc@12.5.0
 -   nimjflq  netlib-scalapack@2.2.2~ipo~pic+shared build_system=cmake build_type=Release generator=make arch=linux-ubuntu22.04-x86_64_v3 %c,fortran=gcc@12.5.0
 -   qdunbui	  ^openmpi@5.0.8+atomics~cuda~debug+fortran~gpfs~internal-hwloc~internal-libevent~internal-pmix~ipv6~java~lustre~memchecker~openshmem~rocm~romio+rsh~static~two_level_namespace+vt+wrapper-rpath build_system=autotools fabrics:=none romio-filesystem:=none schedulers:=none arch=linux-ubuntu22.04-x86_64_v3 %c,cxx,fortran=gcc@12.5.0
 -   krgi7jf	      ^autoconf@2.72 build_system=autotools arch=linux-ubuntu22.04-x86_64_v3
 -   jgeyxwq	      ^automake@1.16.5 build_system=autotools arch=linux-ubuntu22.04-x86_64_v3 %c=gcc@12.5.0
 -   alldwq4	      ^libevent@2.1.12+openssl build_system=autotools arch=linux-ubuntu22.04-x86_64_v3 %c=gcc@12.5.0
 -   7z4rzcr	      ^libtool@2.4.7 build_system=autotools arch=linux-ubuntu22.04-x86_64_v3 %c=gcc@12.5.0
 -   naapp6h	      ^numactl@2.0.18 build_system=autotools arch=linux-ubuntu22.04-x86_64_v3 %c=gcc@12.5.0
 -   sgecnst	      ^openssh@9.9p1+gssapi build_system=autotools arch=linux-ubuntu22.04-x86_64_v3 %c,cxx=gcc@12.5.0
 -   nm4trzq		  ^krb5@1.21.3+shared build_system=autotools arch=linux-ubuntu22.04-x86_64_v3 %c,cxx=gcc@12.5.0
 -   acgafis		      ^bison@3.8.2~color build_system=autotools arch=linux-ubuntu22.04-x86_64_v3 %c,cxx=gcc@12.5.0
 -   wspzmod		  ^libedit@3.1-20240808 build_system=autotools arch=linux-ubuntu22.04-x86_64_v3 %c=gcc@12.5.0
 -   qhnn6wr		  ^libxcrypt@4.4.38~obsolete_api build_system=autotools arch=linux-ubuntu22.04-x86_64_v3 %c=gcc@12.5.0
 -   txcbw3f	      ^perl@5.40.0+cpanm+opcode+open+shared+threads build_system=generic arch=linux-ubuntu22.04-x86_64_v3 %c=gcc@12.5.0
 -   ikx4n4c		  ^berkeley-db@18.1.40+cxx~docs+stl build_system=autotools patches:=26090f4,b231fcc arch=linux-ubuntu22.04-x86_64_v3 %c,cxx=gcc@12.5.0
 -   3kql5yq		  ^bzip2@1.0.8~debug~pic+shared build_system=generic arch=linux-ubuntu22.04-x86_64_v3 %c=gcc@12.5.0
 -   cxbuzxk		  ^gdbm@1.23 build_system=autotools arch=linux-ubuntu22.04-x86_64_v3 %c=gcc@12.5.0
 -   wqd5fdu	      ^pmix@5.0.5~munge~python build_system=autotools arch=linux-ubuntu22.04-x86_64_v3 %c=gcc@12.5.0

