$ spack concretize
==> No new specs to concretize.
==> Updating view at /home/spack/stacks/views/default
==> Updating view at /home/spack/stacks/views/full
$ ls ~/stacks/views/default
bin  etc  include  lib	lib64  libexec	man  pyvenv.cfg	 sbin  share  var
$ ls ~/stacks/views/default/lib
cmake			libevent_core-2.1.so.7.0.1	libgettextpo.a		  libkrb5.so			       libmpich.so	       libpanel.so	       libtinfo_g.a
gettext			libevent_core.a			libgettextpo.so		  libkrb5.so.3			       libmpichcxx.so	       libpanel.so.6	       libtinfow.a
krb5			libevent_core.so		libgettextpo.so.0	  libkrb5.so.3.3		       libmpichf90.so	       libpanel.so.6.6	       libtinfow.so
libasan.so.8		libevent_extra-2.1.so.7		libgettextpo.so.0.6.0	  libkrb5support.so		       libmpicxx.a	       libpanel_g.a	       libtinfow.so.6
libasprintf.a		libevent_extra-2.1.so.7.0.1	libgettextsrc-1.0.so	  libkrb5support.so.0		       libmpicxx.so	       libpanelw.a	       libtinfow.so.6.6
libasprintf.so		libevent_extra.a		libgettextsrc.a		  libkrb5support.so.0.1		       libmpicxx.so.12	       libpanelw.so	       libtinfow_g.a
libasprintf.so.0	libevent_extra.so		libgettextsrc.so	  liblapack.so			       libmpicxx.so.12.6.1     libpanelw.so.6	       libtmglib.so
libasprintf.so.0.0.0	libevent_openssl-2.1.so.7	libgfortran.so.5	  liblapack.so.3		       libmpifort.a	       libpanelw.so.6.6	       libtmglib.so.3
libatomic.so.1		libevent_openssl-2.1.so.7.0.1	libgomp.so.1		  liblapack.so.3.12.0		       libmpifort.so	       libpanelw_g.a	       libtmglib.so.3.12.0
libblas.so		libevent_openssl.a		libgssapi_krb5.so	  liblapacke.so			       libmpifort.so.12	       libpciaccess.a	       libtsan.so.2
libblas.so.3		libevent_openssl.so		libgssapi_krb5.so.2	  liblapacke.so.3		       libmpifort.so.12.6.1    libpciaccess.so	       libubsan.so.1
libblas.so.3.12.0	libevent_pthreads-2.1.so.7	libgssapi_krb5.so.2.2	  liblapacke.so.3.12.0		       libmpl.so	       libpciaccess.so.0       libuuid.a
libbsd-ctor.a		libevent_pthreads-2.1.so.7.0.1	libgssrpc.so		  liblsan.so.0			       libncurses++.a	       libpciaccess.so.0.11.1  libuuid.so
libbsd.a		libevent_pthreads.a		libgssrpc.so.4		  liblzma.a			       libncurses++.so	       libpmix.a	       libuuid.so.1
libbsd.so		libevent_pthreads.so		libgssrpc.so.4.2	  liblzma.so			       libncurses++.so.6       libpmix.so	       libuuid.so.1.3.0
libbsd.so.0		libexpat.a			libhistory.a		  liblzma.so.5			       libncurses++.so.6.6     libpmix.so.2	       libverto.so
libbsd.so.0.12.2	libexpat.so			libhistory.so		  liblzma.so.5.8.3		       libncurses++_g.a	       libpmix.so.2.23.0       libverto.so.0
libbz2.a		libexpat.so.1			libhistory.so.8		  libmd.a			       libncurses++w.a	       libprrte.a	       libverto.so.0.0
libbz2.so		libexpat.so.1.12.1		libhistory.so.8.3	  libmd.so			       libncurses++w.so	       libprrte.so	       libxml2.so
libbz2.so.1		libfabric.a			libhwasan.so.0		  libmd.so.0			       libncurses++w.so.6      libprrte.so.3	       libxml2.so.16
libbz2.so.1.0		libfabric.so			libhwloc.a		  libmd.so.0.1.0		       libncurses++w.so.6.6    libprrte.so.3.1.0       libxml2.so.16.1.3
libbz2.so.1.0.8		libfabric.so.1			libhwloc.so		  libmenu.a			       libncurses++w_g.a       libpython3.14.so	       libz.a
libcblas.so		libfabric.so.1.31.1		libhwloc.so.15		  libmenu.so			       libncurses.a	       libpython3.14.so.1.0    libz.so
libcblas.so.3		libfmpich.so			libhwloc.so.15.10.2	  libmenu.so.6			       libncurses.so	       libpython3.so	       libz.so.1
libcblas.so.3.12.0	libform.a			libiconv.a		  libmenu.so.6.6		       libncurses.so.6	       libquadmath.so.0	       libz.so.1.3.1.zlib-ng
libcharset.a		libform.so			libiconv.so		  libmenu_g.a			       libncurses.so.6.6       libreadline.a	       libzstd.a
libcharset.so		libform.so.6			libiconv.so.2		  libmenuw.a			       libncurses_g.a	       libreadline.so	       libzstd.so
libcharset.so.1		libform.so.6.6			libiconv.so.2.7.0	  libmenuw.so			       libncursesw.a	       libreadline.so.8	       libzstd.so.1
libcharset.so.1.0.0	libform_g.a			libitm.so.1		  libmenuw.so.6			       libncursesw.so	       libreadline.so.8.3      libzstd.so.1.5.7
libcom_err.so		libformw.a			libk5crypto.so		  libmenuw.so.6.6		       libncursesw.so.6	       libscalapack.so	       mpi.mod
libcom_err.so.3		libformw.so			libk5crypto.so.3	  libmenuw_g.a			       libncursesw.so.6.6      libscalapack.so.2.2     mpi_ext.mod
libcom_err.so.3.0	libformw.so.6			libk5crypto.so.3.1	  libmpi.a			       libncursesw_g.a	       libscalapack.so.2.2.3   mpi_f08.mod
libcrypt.a		libformw.so.6.6			libkadm5clnt.so		  libmpi.so			       libnuma.a	       libsqlite3.a	       mpi_f08_callbacks.mod
libcrypt.so		libformw_g.a			libkadm5clnt_mit.so	  libmpi.so.12			       libnuma.so	       libsqlite3.so	       mpi_f08_ext.mod
libcrypt.so.2		libgcc_s.so.1			libkadm5clnt_mit.so.12	  libmpi.so.12.6.1		       libnuma.so.1	       libsqlite3.so.0	       mpi_f08_interfaces.mod
libcrypt.so.2.0.0	libgdbm.a			libkadm5clnt_mit.so.12.0  libmpi.so.40			       libnuma.so.1.0.0	       libsqlite3.so.3.53.1    mpi_f08_interfaces_callbacks.mod
libcurses.so		libgdbm.so			libkadm5srv.so		  libmpi.so.40.40.7		       libopa.so	       libssp.so.0	       mpi_f08_types.mod
libedit.a		libgdbm.so.6			libkadm5srv_mit.so	  libmpi_mpifh.so		       libopen-pal.so	       libstdc++.so.6	       mpi_types.mod
libedit.so		libgdbm.so.6.0.0		libkadm5srv_mit.so.12	  libmpi_mpifh.so.40		       libopen-pal.so.80       libtextstyle.a	       openmpi
libedit.so.0		libgdbm_compat.a		libkadm5srv_mit.so.12.0	  libmpi_mpifh.so.40.40.1	       libopen-pal.so.80.0.5   libtextstyle.so	       pkgconfig
libedit.so.0.0.76	libgdbm_compat.so		libkdb5.so		  libmpi_usempi_ignore_tkr.so	       libopenblas-r0.3.33.a   libtextstyle.so.0       pmpi_f08_interfaces.mod
libevent-2.1.so.7	libgdbm_compat.so.4		libkdb5.so.10		  libmpi_usempi_ignore_tkr.so.40       libopenblas-r0.3.33.so  libtextstyle.so.0.2.7   preloadable_libintl.so
libevent-2.1.so.7.0.1	libgdbm_compat.so.4.0.0		libkdb5.so.10.0		  libmpi_usempi_ignore_tkr.so.40.40.1  libopenblas.a	       libtinfo.a	       python3.14
libevent.a		libgettextlib-1.0.so		libkrad.so		  libmpi_usempif08.so		       libopenblas.so	       libtinfo.so	       terminfo
libevent.so		libgettextlib.a			libkrad.so.0		  libmpi_usempif08.so.40	       libopenblas.so.0	       libtinfo.so.6
libevent_core-2.1.so.7	libgettextlib.so		libkrad.so.0.0		  libmpi_usempif08.so.40.40.3	       libpanel.a	       libtinfo.so.6.6
$ ls ~/stacks/views/full
binutils  expat	       gdbm	hwloc	libedit	   libffi    libpciaccess  lmod	 mpfr	  netlib-lapack	    numactl   openssh  pmix    readline	 tcl		  xz
bzip2	  gcc	       gettext	krb5	libevent   libiconv  libxcrypt	   lua	 mpich	  netlib-scalapack  openblas  openssl  prrte   sqlite	 unzip		  zlib-ng
curl	  gcc-runtime  gmp	libbsd	libfabric  libmd     libxml2	   mpc	 ncurses  nghttp2	    openmpi   pigz     python  tar	 util-linux-uuid  zstd
$ ls ~/stacks/views/full/gcc/
gcc-16.1.0-gcc-15.2.0
$ ls ~/stacks/views/full/gcc/gcc-16.1.0-gcc-15.2.0
bin  include  lib  lib64  libexec  share
