$ spack install
==> Concretized hdf5+hl
[+]  ejanivx  hdf5@1.10.7%gcc@7.5.0~cxx~debug~fortran+hl~java+mpi+pic+shared~szip~threadsafe api=none arch=linux-ubuntu18.04-x86_64
[+]  pmsyupw	  ^openmpi@3.1.6%gcc@7.5.0~atomics~cuda~cxx~cxx_exceptions+gpfs~java~legacylaunchers~lustre~memchecker~pmi~singularity~sqlite3+static~thread_multiple+vt+wrapper-rpath fabrics=none schedulers=none arch=linux-ubuntu18.04-x86_64
[+]  zqwfzhw	      ^hwloc@1.11.11%gcc@7.5.0~cairo~cuda~gl~libudev+libxml2~netloc~nvml+pci+shared arch=linux-ubuntu18.04-x86_64
[+]  bob4o5m		  ^libpciaccess@0.16%gcc@7.5.0 arch=linux-ubuntu18.04-x86_64
[+]  jdxbjft		      ^libtool@2.4.6%gcc@7.5.0 arch=linux-ubuntu18.04-x86_64
[+]  mkc3u4x			  ^m4@1.4.18%gcc@7.5.0+sigsegv patches=3877ab548f88597ab2327a2230ee048d2d07ace1062efe81fc92e91b7f39cd00,fc9b61654a3ba1a8d6cd78ce087e7c96366c290bc8d2c299f09828d793b853c8 arch=linux-ubuntu18.04-x86_64
[+]  lbrx7ln			      ^libsigsegv@2.12%gcc@7.5.0 arch=linux-ubuntu18.04-x86_64
[+]  4sh6pym		      ^pkgconf@1.7.3%gcc@7.5.0 arch=linux-ubuntu18.04-x86_64
[+]  gs6ag7k		      ^util-macros@1.19.1%gcc@7.5.0 arch=linux-ubuntu18.04-x86_64
[+]  yn2r3wf		  ^libxml2@2.9.10%gcc@7.5.0~python arch=linux-ubuntu18.04-x86_64
[+]  jearpk4		      ^libiconv@1.16%gcc@7.5.0 arch=linux-ubuntu18.04-x86_64
[+]  komekkm		      ^xz@5.2.5%gcc@7.5.0~pic arch=linux-ubuntu18.04-x86_64
[+]  smoyzzo		      ^zlib@1.2.11%gcc@7.5.0+optimize+pic+shared arch=linux-ubuntu18.04-x86_64
[+]  wbqbc5v		  ^numactl@2.0.14%gcc@7.5.0 patches=4e1d78cbbb85de625bad28705e748856033eaafab92a66dffd383a3d7e00cc94 arch=linux-ubuntu18.04-x86_64
[+]  mm33a3o		      ^autoconf@2.69%gcc@7.5.0 arch=linux-ubuntu18.04-x86_64
[+]  zfdvt2j			  ^perl@5.32.0%gcc@7.5.0+cpanm+shared+threads arch=linux-ubuntu18.04-x86_64
[+]  4ihuiaz			      ^berkeley-db@18.1.40%gcc@7.5.0 arch=linux-ubuntu18.04-x86_64
[+]  4av4gyw			      ^gdbm@1.18.1%gcc@7.5.0 arch=linux-ubuntu18.04-x86_64
[+]  t54jzdy				  ^readline@8.0%gcc@7.5.0 arch=linux-ubuntu18.04-x86_64
[+]  crhlefo				      ^ncurses@6.2%gcc@7.5.0~symlinks+termlib arch=linux-ubuntu18.04-x86_64
[+]  d2krmb5		      ^automake@1.16.2%gcc@7.5.0 arch=linux-ubuntu18.04-x86_64

==> Concretized gmp
[+]  3ol3tld  gmp@6.1.2%gcc@7.5.0 arch=linux-ubuntu18.04-x86_64
[+]  mm33a3o	  ^autoconf@2.69%gcc@7.5.0 arch=linux-ubuntu18.04-x86_64
[+]  mkc3u4x	      ^m4@1.4.18%gcc@7.5.0+sigsegv patches=3877ab548f88597ab2327a2230ee048d2d07ace1062efe81fc92e91b7f39cd00,fc9b61654a3ba1a8d6cd78ce087e7c96366c290bc8d2c299f09828d793b853c8 arch=linux-ubuntu18.04-x86_64
[+]  lbrx7ln		  ^libsigsegv@2.12%gcc@7.5.0 arch=linux-ubuntu18.04-x86_64
[+]  zfdvt2j	      ^perl@5.32.0%gcc@7.5.0+cpanm+shared+threads arch=linux-ubuntu18.04-x86_64
[+]  4ihuiaz		  ^berkeley-db@18.1.40%gcc@7.5.0 arch=linux-ubuntu18.04-x86_64
[+]  4av4gyw		  ^gdbm@1.18.1%gcc@7.5.0 arch=linux-ubuntu18.04-x86_64
[+]  t54jzdy		      ^readline@8.0%gcc@7.5.0 arch=linux-ubuntu18.04-x86_64
[+]  crhlefo			  ^ncurses@6.2%gcc@7.5.0~symlinks+termlib arch=linux-ubuntu18.04-x86_64
[+]  4sh6pym			      ^pkgconf@1.7.3%gcc@7.5.0 arch=linux-ubuntu18.04-x86_64
[+]  d2krmb5	  ^automake@1.16.2%gcc@7.5.0 arch=linux-ubuntu18.04-x86_64
[+]  jdxbjft	  ^libtool@2.4.6%gcc@7.5.0 arch=linux-ubuntu18.04-x86_64

==> Installing environment myproject
==> All of the packages are already installed
==> Updating view at /home/spack/spack/var/spack/environments/myproject/.spack-env/view
