$ spack add hdf5@5.5.1
==> Adding hdf5@5.5.1 to environment /home/spack/code
$ cat spack.yaml
# This is a Spack Environment file.
#
# It describes a set of packages to be installed, along with
# configuration settings.
spack:
  # add package specs to the `specs` list
  specs:
  - trilinos
  - openmpi
  - hdf5@5.5.1
  view: true
  concretizer:
    unify: true
  compilers:
  - compiler:
      spec: clang@=14.0.0
      paths:
	cc: /usr/bin/clang
	cxx: /usr/bin/clang++
	f77: null
	fc: null
      flags: {}
      operating_system: ubuntu22.04
      target: x86_64
      modules: []
      environment: {}
      extra_rpaths: []
  - compiler:
      spec: gcc@=10.5.0
      paths:
	cc: /usr/bin/gcc-10
	cxx: /usr/bin/g++-10
	f77: /usr/bin/gfortran-10
	fc: /usr/bin/gfortran-10
      flags: {}
      operating_system: ubuntu22.04
      target: x86_64
      modules: []
      environment: {}
      extra_rpaths: []
  - compiler:
      spec: gcc@=11.4.0
      paths:
	cc: /usr/bin/gcc
	cxx: /usr/bin/g++
	f77: /usr/bin/gfortran
	fc: /usr/bin/gfortran
      flags: {}
      operating_system: ubuntu22.04
      target: x86_64
      modules: []
      environment: {}
      extra_rpaths: []
