$ spack find
==> In environment myproject
==> Root specs
gmp 
hdf5 +hl
tcl 
trilinos 

-- linux-ubuntu18.04-x86_64 / gcc@7.5.0 -------------------------
autoconf@2.69
automake@1.16.2
boost@1.73.0
bzip2@1.0.8
cmake@3.17.3
diffutils@3.7
gdbm@1.18.1
glm@0.9.7.1
gmp@6.1.2
hdf5@1.10.6
hwloc@1.11.11
hypre@2.18.2
libiconv@1.16
libpciaccess@0.13.5
libsigsegv@2.12
libtool@2.4.6
libxml2@2.9.10
m4@1.4.18
matio@1.5.13
metis@5.1.0
mumps@5.3.3
ncurses@6.2
netcdf-c@4.7.3
netlib-scalapack@2.1.0
numactl@2.0.12
openblas@0.3.10
openmpi@3.1.6
openssl@1.1.1g
parmetis@4.0.3
perl@5.30.3
pkgconf@1.7.3
readline@8.0
suite-sparse@5.7.2
tcl@8.6.8
trilinos@12.18.1
util-macros@1.19.1
xz@5.2.5
zlib@1.2.11
