$ spack concretize --force
==> Concretizing the 'compiler' group of specs
==> Concretizing the 'gcc-16-specs' group of specs
==> Concretized 2 specs:
 -   es7asue  gcc@16.1.0+binutils+bootstrap~graphite+libsanitizer~mold~nvptx~piclibs+profiled+strip build_system=autotools build_type=Release languages:='c,c++,fortran' platform=linux os=ubuntu26.04 target=x86_64_v3 %c,cxx=gcc@15.2.0
 -   gdqeg2m	  ^binutils@2.46.0~debuginfod+gas~gprofng~headers~interwork+ld~libiberty~lto~nls~pgo+plugins build_system=autotools compress_debug_sections=zlib libs:=shared,static platform=linux os=ubuntu26.04 target=x86_64_v3 %c,cxx=gcc@15.2.0
[-]  fp5mnft	      ^pkgconf@2.5.1 build_system=autotools platform=linux os=ubuntu26.04 target=x86_64_v3 %c=gcc@15.2.0
[-]  vmbs3ie	  ^compiler-wrapper@1.0 build_system=generic platform=linux os=ubuntu26.04 target=x86_64_v3
[-]  4dybgoo	  ^diffutils@3.12 build_system=autotools platform=linux os=ubuntu26.04 target=x86_64_v3 %c=gcc@15.2.0
[+]  icwlhjj	      ^libiconv@1.18 build_system=autotools libs:=shared,static platform=linux os=ubuntu26.04 target=x86_64_v3 %c=gcc@15.2.0
 -   hohl56r	  ^gawk@5.4.0~nls build_system=autotools platform=linux os=ubuntu26.04 target=x86_64_v3 %c=gcc@15.2.0
[+]  pi45asb	      ^readline@8.3 build_system=autotools patches:=21f0a03 platform=linux os=ubuntu26.04 target=x86_64_v3 %c=gcc@15.2.0
[e]  rpza6xq	  ^gcc@15.2.0+binutils+bootstrap~graphite+libsanitizer~mold~nvptx~piclibs~profiled~strip build_system=autotools build_type=RelWithDebInfo languages:='c,c++,fortran' platform=linux os=ubuntu26.04 target=x86_64
[+]  jt44pre	  ^gcc-runtime@15.2.0 build_system=generic platform=linux os=ubuntu26.04 target=x86_64_v3
[e]  ublhg65	  ^glibc@2.43 build_system=autotools platform=linux os=ubuntu26.04 target=x86_64
[-]  hpi7opd	  ^gmake@4.4.1~guile build_system=generic platform=linux os=ubuntu26.04 target=x86_64_v3 %c=gcc@15.2.0
 -   oee3uve	  ^gmp@6.3.0+cxx build_system=autotools libs:=shared,static patches:=28a6673 platform=linux os=ubuntu26.04 target=x86_64_v3 %c,cxx=gcc@15.2.0
[-]  nafnjui	      ^autoconf@2.72 build_system=autotools platform=linux os=ubuntu26.04 target=x86_64_v3
[-]  wqcn7yl	      ^automake@1.18.1 build_system=autotools platform=linux os=ubuntu26.04 target=x86_64_v3 %c=gcc@15.2.0
[-]  qgn357v	      ^m4@1.4.21+sigsegv build_system=autotools platform=linux os=ubuntu26.04 target=x86_64_v3 %c,cxx=gcc@15.2.0
[-]  cydefnm		  ^libsigsegv@2.15 build_system=autotools platform=linux os=ubuntu26.04 target=x86_64_v3 %c=gcc@15.2.0
[-]  fijzajx	  ^libtool@2.5.4 build_system=autotools platform=linux os=ubuntu26.04 target=x86_64_v3 %c=gcc@15.2.0
[-]  t56gkb4	      ^file@5.46+static build_system=autotools platform=linux os=ubuntu26.04 target=x86_64_v3 %c=gcc@15.2.0
[+]  negwj4w		  ^xz@5.8.3~pic build_system=autotools libs:=shared,static platform=linux os=ubuntu26.04 target=x86_64_v3 %c=gcc@15.2.0
[-]  tc3gwvy	      ^findutils@4.10.0 build_system=autotools patches:=440b954 platform=linux os=ubuntu26.04 target=x86_64_v3 %c=gcc@15.2.0
 -   zahr7ws	  ^mpc@1.3.1 build_system=autotools libs:=shared,static platform=linux os=ubuntu26.04 target=x86_64_v3 %c=gcc@15.2.0
 -   s4axkt4	  ^mpfr@4.2.2 build_system=autotools libs:=shared,static platform=linux os=ubuntu26.04 target=x86_64_v3 %c=gcc@15.2.0
 -   angsoql	      ^autoconf-archive@2024.10.16 build_system=autotools platform=linux os=ubuntu26.04 target=x86_64_v3
[-]  7g6jfup	  ^perl@5.42.0+cpanm+opcode+open+shared+threads build_system=generic platform=linux os=ubuntu26.04 target=x86_64_v3 %c=gcc@15.2.0
[-]  6yent3b	      ^berkeley-db@18.1.40+cxx~docs+stl build_system=autotools patches:=26090f4,b231fcc platform=linux os=ubuntu26.04 target=x86_64_v3 %c,cxx=gcc@15.2.0
[+]  3776hwe	      ^bzip2@1.0.8~debug~pic+shared build_system=generic platform=linux os=ubuntu26.04 target=x86_64_v3 %c=gcc@15.2.0
[+]  a4ajhha	      ^gdbm@1.26 build_system=autotools platform=linux os=ubuntu26.04 target=x86_64_v3 %c=gcc@15.2.0
[-]  ssj5t44	      ^less@692 build_system=autotools platform=linux os=ubuntu26.04 target=x86_64_v3 %c=gcc@15.2.0
 -   gzkouva	  ^texinfo@7.2~xs build_system=autotools platform=linux os=ubuntu26.04 target=x86_64_v3 %c,cxx=gcc@15.2.0
[+]  vlxjoxi	      ^gettext@1.0+bzip2+curses+git~libunistring+libxml2+pic+shared+tar+xz build_system=autotools platform=linux os=ubuntu26.04 target=x86_64_v3 %c,cxx=gcc@15.2.0
[+]  s3j44vc		  ^libxml2@2.15.1+pic~python+shared build_system=autotools platform=linux os=ubuntu26.04 target=x86_64_v3 %c=gcc@15.2.0
[+]  ex72qqs		  ^tar@1.35 build_system=autotools zip=pigz platform=linux os=ubuntu26.04 target=x86_64_v3 %c=gcc@15.2.0
[+]  vdefud6		      ^pigz@2.8 build_system=makefile platform=linux os=ubuntu26.04 target=x86_64_v3 %c=gcc@15.2.0
[+]  5hhowyk	      ^ncurses@6.6~symlinks+termlib abi=none build_system=autotools patches:=7a351bc platform=linux os=ubuntu26.04 target=x86_64_v3 %c,cxx=gcc@15.2.0
[+]  dg3p72g	  ^zlib-ng@2.3.3+compat+new_strategies+opt+pic+shared build_system=autotools platform=linux os=ubuntu26.04 target=x86_64_v3 %c,cxx=gcc@15.2.0
[+]  cypnftc	  ^zstd@1.5.7+programs build_system=makefile compression:=none libs:=shared,static platform=linux os=ubuntu26.04 target=x86_64_v3 %c,cxx=gcc@15.2.0
 -   43dok7o  quantum-espresso@7.5~clock~elpa+epw~fox~gipaw~ipo~libxc+mpi~nvtx+openmp+patch~qmcpack+scalapack build_system=cmake build_type=Release generator=make hdf5=none platform=linux os=ubuntu26.04 target=x86_64_v3 %c,cxx,fortran=gcc@16.1.0
 -   e4j55j5	  ^cmake@3.31.11~doc+ncurses+ownlibs~qtgui build_system=generic build_type=Release platform=linux os=ubuntu26.04 target=x86_64_v3 %c,cxx=gcc@16.1.0
 -   f4n4k7z	      ^curl@8.18.0~gssapi~ldap~libidn2~librtmp~libssh~libssh2+nghttp2 build_system=autotools libs:=shared,static tls:=openssl platform=linux os=ubuntu26.04 target=x86_64_v3 %c,cxx=gcc@16.1.0
 -   j6hl7vl		  ^nghttp2@1.67.1 build_system=autotools platform=linux os=ubuntu26.04 target=x86_64_v3 %c,cxx=gcc@16.1.0
 -   4r3jobk	      ^ncurses@6.6~symlinks+termlib abi=none build_system=autotools patches:=7a351bc platform=linux os=ubuntu26.04 target=x86_64_v3 %c,cxx=gcc@16.1.0
 -   3zwaebn	      ^zlib-ng@2.3.3+compat+new_strategies+opt+pic+shared build_system=autotools platform=linux os=ubuntu26.04 target=x86_64_v3 %c,cxx=gcc@16.1.0
 -   wsycnao	  ^fftw@3.3.11+mpi+openmp~pfft_patches+shared build_system=autotools precision:=double,float platform=linux os=ubuntu26.04 target=x86_64_v3 %c,fortran=gcc@16.1.0
 -   bgyzjpc	  ^gcc-runtime@16.1.0 build_system=generic platform=linux os=ubuntu26.04 target=x86_64_v3
 -   qnedh3y	  ^git@2.53.0+man+nls+perl+subtree~tcltk build_system=autotools platform=linux os=ubuntu26.04 target=x86_64_v3 %c=gcc@16.1.0
 -   lkiygxg	      ^autoconf@2.72 build_system=autotools platform=linux os=ubuntu26.04 target=x86_64_v3
 -   acnbpc2	      ^automake@1.18.1 build_system=autotools platform=linux os=ubuntu26.04 target=x86_64_v3 %c=gcc@16.1.0
 -   hvtrpgj	      ^diffutils@3.12 build_system=autotools platform=linux os=ubuntu26.04 target=x86_64_v3 %c=gcc@16.1.0
 -   i33aekq	      ^expat@2.8.0+libbsd build_system=autotools platform=linux os=ubuntu26.04 target=x86_64_v3 %c,cxx=gcc@16.1.0
 -   nrwfuqm		  ^libbsd@0.12.2 build_system=autotools platform=linux os=ubuntu26.04 target=x86_64_v3 %c=gcc@16.1.0
 -   mptbhkj		      ^libmd@1.1.0 build_system=autotools platform=linux os=ubuntu26.04 target=x86_64_v3 %c=gcc@16.1.0
 -   da6zkgd	      ^gettext@1.0+bzip2+curses+git~libunistring+libxml2+pic+shared+tar+xz build_system=autotools platform=linux os=ubuntu26.04 target=x86_64_v3 %c,cxx=gcc@16.1.0
 -   5b7dq3p		  ^bzip2@1.0.8~debug~pic+shared build_system=generic platform=linux os=ubuntu26.04 target=x86_64_v3 %c=gcc@16.1.0
 -   gnm3h6j		  ^tar@1.35 build_system=autotools zip=pigz platform=linux os=ubuntu26.04 target=x86_64_v3 %c=gcc@16.1.0
 -   w4ujixq		      ^pigz@2.8 build_system=makefile platform=linux os=ubuntu26.04 target=x86_64_v3 %c=gcc@16.1.0
 -   cbr4ovf		  ^xz@5.8.3~pic build_system=autotools libs:=shared,static platform=linux os=ubuntu26.04 target=x86_64_v3 %c=gcc@16.1.0
 -   nfeayez	      ^libiconv@1.18 build_system=autotools libs:=shared,static platform=linux os=ubuntu26.04 target=x86_64_v3 %c=gcc@16.1.0
 -   el3pgkv	      ^libidn2@2.3.8 build_system=autotools platform=linux os=ubuntu26.04 target=x86_64_v3 %c=gcc@16.1.0
 -   pwonq72		  ^libunistring@1.4.2 build_system=autotools platform=linux os=ubuntu26.04 target=x86_64_v3 %c=gcc@16.1.0
 -   fmuoket	      ^libtool@2.5.4 build_system=autotools platform=linux os=ubuntu26.04 target=x86_64_v3 %c=gcc@16.1.0
 -   wtcqryy		  ^file@5.46+static build_system=autotools platform=linux os=ubuntu26.04 target=x86_64_v3 %c=gcc@16.1.0
 -   jbcf57v	      ^openssh@10.3p1+gssapi build_system=autotools platform=linux os=ubuntu26.04 target=x86_64_v3 %c,cxx=gcc@16.1.0
 -   44hjpwf		  ^krb5@1.22.2+shared build_system=autotools platform=linux os=ubuntu26.04 target=x86_64_v3 %c,cxx=gcc@16.1.0
 -   lnbckei		      ^bison@3.8.2~color build_system=autotools platform=linux os=ubuntu26.04 target=x86_64_v3 %c,cxx=gcc@16.1.0
 -   unkc4tc		  ^libedit@20251016-3.1 build_system=autotools platform=linux os=ubuntu26.04 target=x86_64_v3 %c=gcc@16.1.0
 -   kcvkotn		  ^libxcrypt@4.5.2~obsolete_api build_system=autotools platform=linux os=ubuntu26.04 target=x86_64_v3 %c=gcc@16.1.0
 -   ee4roo2	      ^openssl@3.6.1~docs+shared build_system=generic certs=mozilla platform=linux os=ubuntu26.04 target=x86_64_v3 %c,cxx=gcc@16.1.0
[-]  oeh7rvg		  ^ca-certificates-mozilla@2026-03-19 build_system=generic platform=linux os=ubuntu26.04 target=zen2
 -   fcuoiwa	      ^pcre2@10.44~jit+multibyte+pic build_system=autotools platform=linux os=ubuntu26.04 target=x86_64_v3 %c=gcc@16.1.0
 -   fivizgo	      ^perl@5.42.0+cpanm+opcode+open+shared+threads build_system=generic platform=linux os=ubuntu26.04 target=x86_64_v3 %c=gcc@16.1.0
 -   tmgxqfk		  ^berkeley-db@18.1.40+cxx~docs+stl build_system=autotools patches:=26090f4,b231fcc platform=linux os=ubuntu26.04 target=x86_64_v3 %c,cxx=gcc@16.1.0
 -   k3oozca		  ^gdbm@1.26 build_system=autotools platform=linux os=ubuntu26.04 target=x86_64_v3 %c=gcc@16.1.0
 -   7mqzke2		  ^less@692 build_system=autotools platform=linux os=ubuntu26.04 target=x86_64_v3 %c=gcc@16.1.0
 -   y6ip7c6	  ^gmake@4.4.1~guile build_system=generic platform=linux os=ubuntu26.04 target=x86_64_v3 %c=gcc@16.1.0
 -   jurh34j	  ^m4@1.4.21+sigsegv build_system=autotools platform=linux os=ubuntu26.04 target=x86_64_v3 %c,cxx=gcc@16.1.0
 -   2d22zve	      ^libsigsegv@2.15 build_system=autotools platform=linux os=ubuntu26.04 target=x86_64_v3 %c=gcc@16.1.0
 -   54jbucx	  ^mpich@5.0.1~argobots~cuda+fortran+hwloc+hydra~level_zero+libxml2+pci~rocm+romio~slurm~vci~verbs+wrapperrpath~xpmem build_system=autotools datatype-engine=auto device=ch4 netmod=ofi pmi=default platform=linux os=ubuntu26.04 target=x86_64_v3 %c,cxx,fortran=gcc@16.1.0
 -   b2wnp4p	      ^findutils@4.10.0 build_system=autotools patches:=440b954 platform=linux os=ubuntu26.04 target=x86_64_v3 %c=gcc@16.1.0
 -   bui2ivk	      ^hwloc@2.13.0~cairo~cuda~gl~level_zero~libudev+libxml2~nvml~opencl+pci~rocm build_system=autotools libs:=shared,static patches:=b4db98b platform=linux os=ubuntu26.04 target=x86_64_v3 %c,cxx=gcc@16.1.0
 -   ich3xov	      ^libfabric@2.5.1~asan~cuda~debug~kdreg~level_zero~lsan~rocm~tsan~ubsan~uring build_system=autotools fabrics:=sockets,tcp,udp platform=linux os=ubuntu26.04 target=x86_64_v3 %c=gcc@16.1.0
 -   5wajlaj	      ^libpciaccess@0.17 build_system=autotools platform=linux os=ubuntu26.04 target=x86_64_v3 %c=gcc@16.1.0
[-]  rzfh4zh		  ^util-macros@1.20.2 build_system=autotools platform=linux os=ubuntu26.04 target=x86_64_v3
 -   m43zvgz	      ^libxml2@2.15.1+pic~python+shared build_system=autotools platform=linux os=ubuntu26.04 target=x86_64_v3 %c=gcc@16.1.0
 -   gqy36cu	      ^pkgconf@2.5.1 build_system=autotools platform=linux os=ubuntu26.04 target=x86_64_v3 %c=gcc@16.1.0
 -   kiqq6lk	      ^python@3.14.3+bz2+ctypes+dbm~debug~freethreading+libxml2+lzma+optimizations+pic+pyexpat+pythoncmd+readline+shared+sqlite3+ssl~static~tests~tkinter+uuid+zlib+zstd build_system=generic platform=linux os=ubuntu26.04 target=x86_64_v3 %c,cxx=gcc@16.1.0
 -   vpgt5tl		  ^libffi@3.5.2 build_system=autotools platform=linux os=ubuntu26.04 target=x86_64_v3 %c,cxx=gcc@16.1.0
 -   py4ei43		  ^readline@8.3 build_system=autotools patches:=21f0a03 platform=linux os=ubuntu26.04 target=x86_64_v3 %c=gcc@16.1.0
 -   bqcouot		  ^sqlite@3.53.1+column_metadata+fts+rtree build_system=autotools platform=linux os=ubuntu26.04 target=x86_64_v3 %c=gcc@16.1.0
 -   rmrxxeu		  ^util-linux-uuid@2.41 build_system=autotools platform=linux os=ubuntu26.04 target=x86_64_v3 %c=gcc@16.1.0
 -   r3r4myn		  ^zstd@1.5.7+programs build_system=makefile compression:=none libs:=shared,static platform=linux os=ubuntu26.04 target=x86_64_v3 %c,cxx=gcc@16.1.0
 -   tmdzu3a	  ^netlib-scalapack@2.2.3~ipo~pic+shared build_system=cmake build_type=Release generator=make platform=linux os=ubuntu26.04 target=x86_64_v3 %c,fortran=gcc@16.1.0
 -   u56yozu	  ^openblas@0.3.33~bignuma~consistent_fpcsr+dynamic_dispatch+fortran~ilp64+locking+pic+shared~static build_system=makefile max_num_threads=512 symbol_suffix=none threads=openmp platform=linux os=ubuntu26.04 target=x86_64_v3 %c,cxx,fortran=gcc@16.1.0

