$ spack concretize
==> Concretized 2 specs:
[b]  d4ibosb  tcl@8.6.17 build_system=autotools platform=linux os=ubuntu26.04 target=x86_64_v3 %c,cxx=gcc@15.2.0
[+]  mmywg7x	  ^compiler-wrapper@1.1.0 build_system=generic platform=linux os=ubuntu26.04 target=x86_64_v3
[e]  yjlog5x	  ^gcc@15.2.0+binutils+bootstrap~graphite+libsanitizer~mold~nvptx~piclibs~profiled~strip build_system=autotools build_type=RelWithDebInfo languages:='c,c++,fortran' platform=linux os=ubuntu26.04 target=x86_64_v3
[+]  xm76mt3	  ^gcc-runtime@15.2.0 build_system=generic platform=linux os=ubuntu26.04 target=x86_64_v3
[e]  yc4n2pp	  ^glibc@2.43 build_system=autotools platform=linux os=ubuntu26.04 target=x86_64_v3
[b]  r4lhaok	  ^gmake@4.4.1~guile build_system=generic platform=linux os=ubuntu26.04 target=x86_64_v3 %c=gcc@15.2.0
[+]  g72d7i3	  ^zlib-ng@2.3.3+compat+new_strategies+opt+pic+shared build_system=autotools platform=linux os=ubuntu26.04 target=x86_64_v3 %c,cxx=gcc@15.2.0
[b]  66pfqb7  trilinos@17.1.1~adelus~adios2+amesos2+anasazi~basker+belos~boost~chaco~complex~cuda~cuda_constexpr~cuda_rdc~cusparse~debug~dtk~exodus+explicit_template_instantiation~float+fortran~gtest~hdf5~hypre+ifpack2~intrepid2~ipo+kokkos~mesquite~minitensor+mpi+muelu~mumps~nox~openmp~pamgen~panzer~phalanx~piro~python~rocm~rocm_rdc~rol+sacado~scorec~shards+shared~shylu~stk~stokhos~stratimikos~strumpack~suite-sparse~superlu-dist~teko~tempus~test~thyra+tpetra~trilinoscouplings~wrapper~x11~zoltan~zoltan2 build_system=cmake build_type=Release cxxstd=20 generator=make gotype=long_long platform=linux os=ubuntu26.04 target=x86_64_v3 %c,cxx,fortran=gcc@15.2.0
[b]  a4wqsr7	  ^cmake@3.31.11~doc+ncurses+ownlibs~qtgui build_system=generic build_type=Release platform=linux os=ubuntu26.04 target=x86_64_v3 %c,cxx=gcc@15.2.0
[b]  j2fa7xl	      ^curl@8.20.0~gssapi~ldap~libidn2~librtmp~libssh~libssh2+nghttp2 build_system=autotools libs:=shared,static tls:=openssl platform=linux os=ubuntu26.04 target=x86_64_v3 %c,cxx=gcc@15.2.0
[b]  4lyasaz		  ^nghttp2@1.67.1 build_system=autotools platform=linux os=ubuntu26.04 target=x86_64_v3 %c,cxx=gcc@15.2.0
[b]  ao2onuz		      ^diffutils@3.12 build_system=autotools platform=linux os=ubuntu26.04 target=x86_64_v3 %c=gcc@15.2.0
[+]  33yozp5		  ^openssl@3.6.1~docs+shared build_system=generic certs=mozilla platform=linux os=ubuntu26.04 target=x86_64_v3 %c,cxx=gcc@15.2.0
[b]  axeuqg3		      ^ca-certificates-mozilla@2026-03-19 build_system=generic platform=linux os=ubuntu26.04 target=x86_64_v3
[+]  ekvivpv	      ^ncurses@6.6~symlinks+termlib abi=none build_system=autotools patches:=7a351bc platform=linux os=ubuntu26.04 target=x86_64_v3 %c,cxx=gcc@15.2.0
[+]  ujctyey	  ^hwloc@2.13.0~cairo~cuda~gl~level_zero~libudev+libxml2~nvml~opencl+pci~rocm build_system=autotools libs:=shared,static patches:=b4db98b platform=linux os=ubuntu26.04 target=x86_64_v3 %c,cxx=gcc@15.2.0
[+]  qzkk5ym	      ^libpciaccess@0.17 build_system=autotools platform=linux os=ubuntu26.04 target=x86_64_v3 %c=gcc@15.2.0
[b]  o5fy6wf		  ^util-macros@1.20.2 build_system=autotools platform=linux os=ubuntu26.04 target=x86_64_v3
[+]  ujlg2ua	      ^libxml2@2.15.3+pic~python+shared build_system=autotools platform=linux os=ubuntu26.04 target=x86_64_v3 %c=gcc@15.2.0
[+]  vbwvgwx		  ^libiconv@1.18 build_system=autotools libs:=shared,static platform=linux os=ubuntu26.04 target=x86_64_v3 %c=gcc@15.2.0
[+]  hhjyyqy		  ^xz@5.8.3~pic build_system=autotools libs:=shared,static platform=linux os=ubuntu26.04 target=x86_64_v3 %c=gcc@15.2.0
[+]  yvl6jpi	      ^pkgconf@2.5.1 build_system=autotools platform=linux os=ubuntu26.04 target=x86_64_v3 %c=gcc@15.2.0
[+]  kpwomw3	  ^kokkos@5.1.1~aggressive_vectorization~cmake_lang~complex_align~cuda~debug~debug_bounds_check+deprecated_code~hip_relocatable_device_code~hpx~hwloc~ipo~openmp+pic~rocm+serial+shared~sycl~tests~threads~tuning~wrapper build_system=cmake build_type=Release cxxstd=20 generator=make intel_gpu_arch=none platform=linux os=ubuntu26.04 target=x86_64_v3 %cxx=gcc@15.2.0
[+]  ml3q3dq	  ^kokkos-kernels@5.1.1~blas~cblas~cublas~cuda~cusolver~cusparse~execspace_cuda~execspace_openmp~execspace_serial~execspace_threads~ipo~lapack~lapacke~memspace_cudaspace~memspace_cudauvmspace~mkl~openmp~rocblas~rocsolver~rocsparse~serial+shared~superlu~threads build_system=cmake build_type=Release generator=make layouts=left offsets:=int,size_t ordinals:=int scalars:=double platform=linux os=ubuntu26.04 target=x86_64_v3 %cxx=gcc@15.2.0
[+]  7kdghmr	  ^openblas@0.3.33~bignuma~consistent_fpcsr+dynamic_dispatch+fortran~ilp64+locking+pic+shared~static build_system=makefile patches:=723ddc1 symbol_suffix=none threads=none platform=linux os=ubuntu26.04 target=x86_64_v3 %c,cxx,fortran=gcc@15.2.0
[+]  qfut5qq	  ^openmpi@5.0.10+atomics~cuda~debug+fortran~gpfs~internal-hwloc~internal-libevent~internal-pmix~ipv6~java~lustre~memchecker~openshmem~rocm~romio+rsh~static~two_level_namespace+vt+wrapper-rpath build_system=autotools fabrics:=none patches:=646eb1a romio-filesystem:=none schedulers:=none platform=linux os=ubuntu26.04 target=x86_64_v3 %c,cxx,fortran=gcc@15.2.0
[b]  jo3eg4r	      ^autoconf@2.72 build_system=autotools platform=linux os=ubuntu26.04 target=x86_64_v3
[b]  y6uqrto		  ^m4@1.4.21+sigsegv build_system=autotools platform=linux os=ubuntu26.04 target=x86_64_v3 %c,cxx=gcc@15.2.0
[b]  phcmfqk		      ^libsigsegv@2.15 build_system=autotools platform=linux os=ubuntu26.04 target=x86_64_v3 %c=gcc@15.2.0
[b]  yhkgfai	      ^automake@1.18.1 build_system=autotools platform=linux os=ubuntu26.04 target=x86_64_v3 %c=gcc@15.2.0
[+]  oopqoag	      ^libevent@2.1.12+openssl build_system=autotools platform=linux os=ubuntu26.04 target=x86_64_v3 %c=gcc@15.2.0
[b]  3gdq456	      ^libtool@2.5.4 build_system=autotools platform=linux os=ubuntu26.04 target=x86_64_v3 %c=gcc@15.2.0
[b]  mguwetc		  ^file@5.46+static build_system=autotools platform=linux os=ubuntu26.04 target=x86_64_v3 %c=gcc@15.2.0
[+]  63aruxk		      ^zstd@1.5.7+programs build_system=makefile compression:=none libs:=shared,static platform=linux os=ubuntu26.04 target=x86_64_v3 %c,cxx=gcc@15.2.0
[b]  punbqrx		  ^findutils@4.10.0 build_system=autotools patches:=440b954 platform=linux os=ubuntu26.04 target=x86_64_v3 %c=gcc@15.2.0
[+]  sle3ix4		      ^gettext@1.0+bzip2+curses+git~libunistring+libxml2+pic+shared+tar+xz build_system=autotools platform=linux os=ubuntu26.04 target=x86_64_v3 %c,cxx=gcc@15.2.0
[+]  f5xe4px			  ^tar@1.35 build_system=autotools zip=pigz platform=linux os=ubuntu26.04 target=x86_64_v3 %c=gcc@15.2.0
[+]  afklka7			      ^pigz@2.8 build_system=makefile platform=linux os=ubuntu26.04 target=x86_64_v3 %c=gcc@15.2.0
[+]  2t2useu	      ^numactl@2.0.19 build_system=autotools platform=linux os=ubuntu26.04 target=x86_64_v3 %c=gcc@15.2.0
[+]  m6yx5j3	      ^openssh@10.3p1+gssapi build_system=autotools platform=linux os=ubuntu26.04 target=x86_64_v3 %c,cxx=gcc@15.2.0
[+]  ldqeqfw		  ^krb5@1.22.2+shared build_system=autotools platform=linux os=ubuntu26.04 target=x86_64_v3 %c,cxx=gcc@15.2.0
[b]  lbkegpi		      ^bison@3.8.2~color build_system=autotools platform=linux os=ubuntu26.04 target=x86_64_v3 %c,cxx=gcc@15.2.0
[+]  uwyh3xy		  ^libedit@3.1-20251016 build_system=autotools platform=linux os=ubuntu26.04 target=x86_64_v3 %c=gcc@15.2.0
[+]  bkzcu2s		  ^libxcrypt@4.5.2~obsolete_api build_system=autotools platform=linux os=ubuntu26.04 target=x86_64_v3 %c=gcc@15.2.0
[b]  bvphs3b	      ^perl@5.42.0+cpanm+opcode+open+shared+threads build_system=generic platform=linux os=ubuntu26.04 target=x86_64_v3 %c=gcc@15.2.0
[b]  27d4iyp		  ^berkeley-db@18.1.40+cxx~docs+stl build_system=autotools patches:=26090f4,b231fcc platform=linux os=ubuntu26.04 target=x86_64_v3 %c,cxx=gcc@15.2.0
[+]  cbtgjrh		  ^bzip2@1.0.8~debug~pic+shared build_system=generic platform=linux os=ubuntu26.04 target=x86_64_v3 %c=gcc@15.2.0
[b]  cq4dkuc		  ^gdbm@1.26 build_system=autotools platform=linux os=ubuntu26.04 target=x86_64_v3 %c=gcc@15.2.0
[b]  k25xiih		      ^readline@8.3 build_system=autotools patches:=21f0a03,72dee13,e273643 platform=linux os=ubuntu26.04 target=x86_64_v3 %c=gcc@15.2.0
[b]  ohmdb2l		  ^less@692 build_system=autotools platform=linux os=ubuntu26.04 target=x86_64_v3 %c=gcc@15.2.0
[+]  ycyqykw	      ^pmix@6.1.0~munge~python build_system=autotools platform=linux os=ubuntu26.04 target=x86_64_v3 %c=gcc@15.2.0
[+]  nldxmxw	      ^prrte@4.1.0 build_system=autotools patches:=64faa1a,91b28f5 schedulers:=none platform=linux os=ubuntu26.04 target=x86_64_v3 %c=gcc@15.2.0
[b]  vwo3ajm		  ^flex@2.6.3+lex~nls build_system=autotools platform=linux os=ubuntu26.04 target=x86_64_v3 %c,cxx=gcc@15.2.0

==> Updating view at /home/spack/spack/var/spack/environments/myproject/.spack-env/view
