$ spack env create myproject2
==> Created environment myproject2 in: /home/spack/spack/var/spack/environments/myproject2
==> Activate with: spack env activate myproject2
$ spack env activate myproject2
$ spack add scr trilinos
==> Adding scr to environment myproject2
==> Adding trilinos to environment myproject2
$ spack install
==> Concretized 2 specs
[b]  34ktkgw  scr@2.0.0+dtcmp~fortran~ipo+libyogrt async_api=NONE build_system=cmake build_type=Release cache_base=/dev/shm cntl_base=/dev/shm copy_config=none file_lock=FLOCK generator=make resource_manager=SLURM scr_config=scr.conf platform=linux os=ubuntu26.04 target=x86_64_v3 %c,cxx,fortran=gcc@15.2.0
[b]  a4wqsr7	  ^cmake@3.31.11~doc+ncurses+ownlibs~qtgui build_system=generic build_type=Release platform=linux os=ubuntu26.04 target=x86_64_v3 %c,cxx=gcc@15.2.0
[b]  j2fa7xl	      ^curl@8.20.0~gssapi~ldap~libidn2~librtmp~libssh~libssh2+nghttp2 build_system=autotools libs:=shared,static tls:=openssl platform=linux os=ubuntu26.04 target=x86_64_v3 %c,cxx=gcc@15.2.0
[b]  4lyasaz		  ^nghttp2@1.67.1 build_system=autotools platform=linux os=ubuntu26.04 target=x86_64_v3 %c,cxx=gcc@15.2.0
[+]  33yozp5		  ^openssl@3.6.1~docs+shared build_system=generic certs=mozilla platform=linux os=ubuntu26.04 target=x86_64_v3 %c,cxx=gcc@15.2.0
[b]  axeuqg3		      ^ca-certificates-mozilla@2026-03-19 build_system=generic platform=linux os=ubuntu26.04 target=x86_64_v3
[+]  ekvivpv	      ^ncurses@6.6~symlinks+termlib abi=none build_system=autotools patches:=7a351bc platform=linux os=ubuntu26.04 target=x86_64_v3 %c,cxx=gcc@15.2.0
[+]  mmywg7x	  ^compiler-wrapper@1.1.0 build_system=generic platform=linux os=ubuntu26.04 target=x86_64_v3
[b]  cjk3tol	  ^dtcmp@1.1.5+shared build_system=autotools platform=linux os=ubuntu26.04 target=x86_64_v3 %c=gcc@15.2.0
[b]  vce7bly	      ^lwgrp@1.0.6+shared build_system=autotools platform=linux os=ubuntu26.04 target=x86_64_v3 %c=gcc@15.2.0
[e]  yjlog5x	  ^gcc@15.2.0+binutils+bootstrap~graphite+libsanitizer~mold~nvptx~piclibs~profiled~strip build_system=autotools build_type=RelWithDebInfo languages:='c,c++,fortran' platform=linux os=ubuntu26.04 target=x86_64_v3
[+]  xm76mt3	  ^gcc-runtime@15.2.0 build_system=generic platform=linux os=ubuntu26.04 target=x86_64_v3
[e]  yc4n2pp	  ^glibc@2.43 build_system=autotools platform=linux os=ubuntu26.04 target=x86_64_v3
[b]  r4lhaok	  ^gmake@4.4.1~guile build_system=generic platform=linux os=ubuntu26.04 target=x86_64_v3 %c=gcc@15.2.0
[b]  7j5gt3m	  ^libyogrt@1.35~static build_system=autotools scheduler=slurm platform=linux os=ubuntu26.04 target=x86_64_v3 %c,fortran=gcc@15.2.0
[b]  x7bciaz	      ^slurm@25-05-1-1~cgroup~gtk~hdf5~hwloc~mariadb~multiple_slurmd~nvml~pam~pmix+readline~restd~rsmi build_system=autotools sysconfdir=PREFIX/etc platform=linux os=ubuntu26.04 target=x86_64_v3 %c=gcc@15.2.0
[b]  g7tcqyj		  ^glib@2.88.1+introspection~libmount~strip build_system=meson buildtype=release default_library:=shared tracing:=none platform=linux os=ubuntu26.04 target=x86_64_v3 %c,cxx=gcc@15.2.0
[b]  qqik7au		      ^elfutils@0.194~debuginfod+exeprefix+nls build_system=autotools platform=linux os=ubuntu26.04 target=x86_64_v3 %c,cxx=gcc@15.2.0
[+]  sle3ix4		      ^gettext@1.0+bzip2+curses+git~libunistring+libxml2+pic+shared+tar+xz build_system=autotools platform=linux os=ubuntu26.04 target=x86_64_v3 %c,cxx=gcc@15.2.0
[+]  f5xe4px			  ^tar@1.35 build_system=autotools zip=pigz platform=linux os=ubuntu26.04 target=x86_64_v3 %c=gcc@15.2.0
[+]  afklka7			      ^pigz@2.8 build_system=makefile platform=linux os=ubuntu26.04 target=x86_64_v3 %c=gcc@15.2.0
[b]  kk5eqmb		      ^glib-bootstrap@2.88.1~strip build_system=meson buildtype=release default_library:=shared platform=linux os=ubuntu26.04 target=x86_64_v3 %c,cxx=gcc@15.2.0
[b]  yt44zly		      ^gobject-introspection@1.86.0~strip build_system=meson buildtype=release default_library:=shared patches:=96b2701 platform=linux os=ubuntu26.04 target=x86_64_v3 %c=gcc@15.2.0
[b]  byxv2vk			  ^py-setuptools@82.0.1 build_system=generic platform=linux os=ubuntu26.04 target=x86_64_v3
[b]  aiceosz		      ^libffi@3.5.2 build_system=autotools platform=linux os=ubuntu26.04 target=x86_64_v3 %c,cxx=gcc@15.2.0
[b]  ayjdrte		      ^meson@1.11.1 build_system=python_pip patches:=0f0b1bd platform=linux os=ubuntu26.04 target=x86_64_v3
[b]  yrrdwte			  ^py-pip@26.1 build_system=generic platform=linux os=ubuntu26.04 target=x86_64_v3
[b]  oetqnnk			  ^py-wheel@0.45.1 build_system=generic platform=linux os=ubuntu26.04 target=x86_64_v3
[b]  vyf62lk		      ^ninja@1.13.2+re2c build_system=generic platform=linux os=ubuntu26.04 target=x86_64_v3 %c,cxx=gcc@15.2.0
[b]  eo73tl2			  ^re2c@4.4 build_system=autotools platform=linux os=ubuntu26.04 target=x86_64_v3 %c,cxx=gcc@15.2.0
[b]  hxboy22		      ^pcre2@10.44~jit+multibyte+pic build_system=autotools platform=linux os=ubuntu26.04 target=x86_64_v3 %c=gcc@15.2.0
[b]  derywaq		      ^python@3.14.5+bz2+ctypes+dbm~debug~freethreading+libxml2+lzma~optimizations+pic+pyexpat+pythoncmd+readline+shared+sqlite3+ssl~static~tests~tkinter+uuid+zlib+zstd build_system=generic platform=linux os=ubuntu26.04 target=x86_64_v3 %c,cxx=gcc@15.2.0
[b]  d462mhw			  ^expat@2.8.1+libbsd build_system=autotools platform=linux os=ubuntu26.04 target=x86_64_v3 %c,cxx=gcc@15.2.0
[b]  7o3mv6c			      ^libbsd@0.12.2 build_system=autotools platform=linux os=ubuntu26.04 target=x86_64_v3 %c=gcc@15.2.0
[b]  yvvn7mu				  ^libmd@1.1.0 build_system=autotools platform=linux os=ubuntu26.04 target=x86_64_v3 %c=gcc@15.2.0
[b]  unjd5da			  ^sqlite@3.53.1+column_metadata+fts+rtree build_system=autotools platform=linux os=ubuntu26.04 target=x86_64_v3 %c=gcc@15.2.0
[b]  clufswx			  ^util-linux-uuid@2.41 build_system=autotools platform=linux os=ubuntu26.04 target=x86_64_v3 %c=gcc@15.2.0
[b]  j76kyd4		      ^python-venv@1.0 build_system=generic platform=linux os=ubuntu26.04 target=x86_64_v3
[b]  wzb5pq2		  ^json-c@0.18~ipo build_system=cmake build_type=Release generator=make platform=linux os=ubuntu26.04 target=x86_64_v3 %c=gcc@15.2.0
[b]  ozuoqp5		  ^lz4@1.10.0+pic build_system=makefile libs:=shared,static platform=linux os=ubuntu26.04 target=x86_64_v3 %c,cxx=gcc@15.2.0
[b]  2rzdjfo		  ^munge@0.5.18 build_system=autotools localstatedir=PREFIX/var platform=linux os=ubuntu26.04 target=x86_64_v3 %c=gcc@15.2.0
[b]  ksohnkn		      ^libgcrypt@1.12.2 build_system=autotools platform=linux os=ubuntu26.04 target=x86_64_v3 %c=gcc@15.2.0
[b]  qxxesj6			  ^libgpg-error@1.61 build_system=autotools platform=linux os=ubuntu26.04 target=x86_64_v3 %c=gcc@15.2.0
[b]  z7wqeps			      ^gawk@5.4.0~nls build_system=autotools platform=linux os=ubuntu26.04 target=x86_64_v3 %c=gcc@15.2.0
[+]  xpmsy5x				  ^gmp@6.3.0+cxx build_system=autotools libs:=shared,static patches:=28a6673 platform=linux os=ubuntu26.04 target=x86_64_v3 %c,cxx=gcc@15.2.0
[+]  melg7ga				  ^mpfr@4.2.2 build_system=autotools libs:=shared,static platform=linux os=ubuntu26.04 target=x86_64_v3 %c=gcc@15.2.0
[b]  sf5iutv				      ^autoconf-archive@2024.10.16 build_system=autotools platform=linux os=ubuntu26.04 target=x86_64_v3
[b]  jvlaabk				      ^texinfo@7.2~xs build_system=autotools platform=linux os=ubuntu26.04 target=x86_64_v3 %c,cxx=gcc@15.2.0
[b]  k25xiih		  ^readline@8.3 build_system=autotools patches:=21f0a03,72dee13,e273643 platform=linux os=ubuntu26.04 target=x86_64_v3 %c=gcc@15.2.0
[+]  qfut5qq	  ^openmpi@5.0.10+atomics~cuda~debug+fortran~gpfs~internal-hwloc~internal-libevent~internal-pmix~ipv6~java~lustre~memchecker~openshmem~rocm~romio+rsh~static~two_level_namespace+vt+wrapper-rpath build_system=autotools fabrics:=none patches:=646eb1a romio-filesystem:=none schedulers:=none platform=linux os=ubuntu26.04 target=x86_64_v3 %c,cxx,fortran=gcc@15.2.0
[b]  jo3eg4r	      ^autoconf@2.72 build_system=autotools platform=linux os=ubuntu26.04 target=x86_64_v3
[b]  yhkgfai	      ^automake@1.18.1 build_system=autotools platform=linux os=ubuntu26.04 target=x86_64_v3 %c=gcc@15.2.0
[+]  oopqoag	      ^libevent@2.1.12+openssl build_system=autotools platform=linux os=ubuntu26.04 target=x86_64_v3 %c=gcc@15.2.0
[b]  3gdq456	      ^libtool@2.5.4 build_system=autotools platform=linux os=ubuntu26.04 target=x86_64_v3 %c=gcc@15.2.0
[b]  mguwetc		  ^file@5.46+static build_system=autotools platform=linux os=ubuntu26.04 target=x86_64_v3 %c=gcc@15.2.0
[+]  63aruxk		      ^zstd@1.5.7+programs build_system=makefile compression:=none libs:=shared,static platform=linux os=ubuntu26.04 target=x86_64_v3 %c,cxx=gcc@15.2.0
[b]  punbqrx		  ^findutils@4.10.0 build_system=autotools patches:=440b954 platform=linux os=ubuntu26.04 target=x86_64_v3 %c=gcc@15.2.0
[+]  2t2useu	      ^numactl@2.0.19 build_system=autotools platform=linux os=ubuntu26.04 target=x86_64_v3 %c=gcc@15.2.0
[+]  m6yx5j3	      ^openssh@10.3p1+gssapi build_system=autotools platform=linux os=ubuntu26.04 target=x86_64_v3 %c,cxx=gcc@15.2.0
[+]  ldqeqfw		  ^krb5@1.22.2+shared build_system=autotools platform=linux os=ubuntu26.04 target=x86_64_v3 %c,cxx=gcc@15.2.0
[b]  lbkegpi		      ^bison@3.8.2~color build_system=autotools platform=linux os=ubuntu26.04 target=x86_64_v3 %c,cxx=gcc@15.2.0
[+]  uwyh3xy		  ^libedit@3.1-20251016 build_system=autotools platform=linux os=ubuntu26.04 target=x86_64_v3 %c=gcc@15.2.0
[+]  bkzcu2s		  ^libxcrypt@4.5.2~obsolete_api build_system=autotools platform=linux os=ubuntu26.04 target=x86_64_v3 %c=gcc@15.2.0
[b]  bvphs3b	      ^perl@5.42.0+cpanm+opcode+open+shared+threads build_system=generic platform=linux os=ubuntu26.04 target=x86_64_v3 %c=gcc@15.2.0
[b]  27d4iyp		  ^berkeley-db@18.1.40+cxx~docs+stl build_system=autotools patches:=26090f4,b231fcc platform=linux os=ubuntu26.04 target=x86_64_v3 %c,cxx=gcc@15.2.0
[+]  cbtgjrh		  ^bzip2@1.0.8~debug~pic+shared build_system=generic platform=linux os=ubuntu26.04 target=x86_64_v3 %c=gcc@15.2.0
[b]  cq4dkuc		  ^gdbm@1.26 build_system=autotools platform=linux os=ubuntu26.04 target=x86_64_v3 %c=gcc@15.2.0
[b]  ohmdb2l		  ^less@692 build_system=autotools platform=linux os=ubuntu26.04 target=x86_64_v3 %c=gcc@15.2.0
[+]  yvl6jpi	      ^pkgconf@2.5.1 build_system=autotools platform=linux os=ubuntu26.04 target=x86_64_v3 %c=gcc@15.2.0
[+]  ycyqykw	      ^pmix@6.1.0~munge~python build_system=autotools platform=linux os=ubuntu26.04 target=x86_64_v3 %c=gcc@15.2.0
[+]  nldxmxw	      ^prrte@4.1.0 build_system=autotools patches:=64faa1a,91b28f5 schedulers:=none platform=linux os=ubuntu26.04 target=x86_64_v3 %c=gcc@15.2.0
[b]  vwo3ajm		  ^flex@2.6.3+lex~nls build_system=autotools platform=linux os=ubuntu26.04 target=x86_64_v3 %c,cxx=gcc@15.2.0
[b]  42p3mgw	  ^pdsh@2.35+ssh+static_modules build_system=autotools commit=64a7d3771e0298bbfa1edc25364700a680c183cd patches:=3effcc7 platform=linux os=ubuntu26.04 target=x86_64_v3 %c=gcc@15.2.0
[b]  y6uqrto	      ^m4@1.4.21+sigsegv build_system=autotools platform=linux os=ubuntu26.04 target=x86_64_v3 %c,cxx=gcc@15.2.0
[b]  ao2onuz		  ^diffutils@3.12 build_system=autotools platform=linux os=ubuntu26.04 target=x86_64_v3 %c=gcc@15.2.0
[b]  phcmfqk		  ^libsigsegv@2.15 build_system=autotools platform=linux os=ubuntu26.04 target=x86_64_v3 %c=gcc@15.2.0
[+]  g72d7i3	  ^zlib-ng@2.3.3+compat+new_strategies+opt+pic+shared build_system=autotools platform=linux os=ubuntu26.04 target=x86_64_v3 %c,cxx=gcc@15.2.0
[+]  u43pchx  trilinos@17.1.1~adelus~adios2+amesos2+anasazi~basker+belos~boost~chaco~complex~cuda~cuda_constexpr~cuda_rdc~cusparse~debug~dtk~exodus+explicit_template_instantiation~float+fortran~gtest~hdf5~hypre+ifpack2~intrepid2~ipo+kokkos~mesquite~minitensor+mpi+muelu~mumps~nox~openmp~pamgen~panzer~phalanx~piro~python~rocm~rocm_rdc~rol+sacado~scorec~shards+shared~shylu~stk~stokhos~stratimikos~strumpack~suite-sparse~superlu-dist~teko~tempus~test~thyra+tpetra~trilinoscouplings~wrapper~x11~zoltan~zoltan2 build_system=cmake build_type=Release cxxstd=20 generator=make gotype=long_long platform=linux os=ubuntu26.04 target=x86_64_v3 %c,cxx,fortran=gcc@15.2.0
[+]  ujctyey	  ^hwloc@2.13.0~cairo~cuda~gl~level_zero~libudev+libxml2~nvml~opencl+pci~rocm build_system=autotools libs:=shared,static patches:=b4db98b platform=linux os=ubuntu26.04 target=x86_64_v3 %c,cxx=gcc@15.2.0
[+]  qzkk5ym	      ^libpciaccess@0.17 build_system=autotools platform=linux os=ubuntu26.04 target=x86_64_v3 %c=gcc@15.2.0
[b]  o5fy6wf		  ^util-macros@1.20.2 build_system=autotools platform=linux os=ubuntu26.04 target=x86_64_v3
[+]  ujlg2ua	      ^libxml2@2.15.3+pic~python+shared build_system=autotools platform=linux os=ubuntu26.04 target=x86_64_v3 %c=gcc@15.2.0
[+]  vbwvgwx		  ^libiconv@1.18 build_system=autotools libs:=shared,static platform=linux os=ubuntu26.04 target=x86_64_v3 %c=gcc@15.2.0
[+]  hhjyyqy		  ^xz@5.8.3~pic build_system=autotools libs:=shared,static platform=linux os=ubuntu26.04 target=x86_64_v3 %c=gcc@15.2.0
[+]  kpwomw3	  ^kokkos@5.1.1~aggressive_vectorization~cmake_lang~complex_align~cuda~debug~debug_bounds_check+deprecated_code~hip_relocatable_device_code~hpx~hwloc~ipo~openmp+pic~rocm+serial+shared~sycl~tests~threads~tuning~wrapper build_system=cmake build_type=Release cxxstd=20 generator=make intel_gpu_arch=none platform=linux os=ubuntu26.04 target=x86_64_v3 %cxx=gcc@15.2.0
[+]  5zilkuz	  ^kokkos-kernels@5.1.1~blas~cblas~cublas~cuda~cusolver~cusparse~execspace_cuda~execspace_openmp~execspace_serial~execspace_threads~ipo~lapack~lapacke~memspace_cudaspace~memspace_cudauvmspace~mkl~openmp~rocblas~rocsolver~rocsparse~serial+shared~superlu~threads build_system=cmake build_type=Release generator=make layouts=left offsets:=int,size_t ordinals:=int scalars:=double platform=linux os=ubuntu26.04 target=x86_64_v3 %cxx=gcc@15.2.0
[+]  7kdghmr	  ^openblas@0.3.33~bignuma~consistent_fpcsr+dynamic_dispatch+fortran~ilp64+locking+pic+shared~static build_system=makefile patches:=723ddc1 symbol_suffix=none threads=none platform=linux os=ubuntu26.04 target=x86_64_v3 %c,cxx,fortran=gcc@15.2.0

[ ] 42p3mgw pdsh@2.35 fetching from build cache (0s)
[ ] 42p3mgw pdsh@2.35 relocating (0s)
[ ] k25xiih readline@8.3 fetching from build cache (0s)
[ ] k25xiih readline@8.3 relocating (0s)
[ ] qxxesj6 libgpg-error@1.61 fetching from build cache (0s)
[ ] qxxesj6 libgpg-error@1.61 relocating (0s)
[ ] ozuoqp5 lz4@1.10.0 fetching from build cache (0s)
[ ] ozuoqp5 lz4@1.10.0 relocating (0s)
[ ] wzb5pq2 json-c@0.18 fetching from build cache (0s)
[ ] wzb5pq2 json-c@0.18 relocating (0s)
[ ] clufswx util-linux-uuid@2.41 fetching from build cache (0s)
[ ] clufswx util-linux-uuid@2.41 relocating (0s)
[ ] yvvn7mu libmd@1.1.0 fetching from build cache (0s)
[ ] yvvn7mu libmd@1.1.0 relocating (0s)
[ ] ohmdb2l less@692 fetching from build cache (0s)
[ ] ohmdb2l less@692 relocating (0s)
[ ] 27d4iyp berkeley-db@18.1.40 fetching from build cache (0s)
[ ] hxboy22 pcre2@10.44 fetching from build cache (0s)
[ ] aiceosz libffi@3.5.2 fetching from build cache (0s)
[+] 42p3mgw pdsh@2.35 /home/spack/spack/opt/spack/linux-x86_64_v3/pdsh-2.35-42p3mgwu44w5fddpfgbqwn6zwqjrogft (0s)
[ ] qqik7au elfutils@0.194 fetching from build cache (0s)
[ ] 27d4iyp berkeley-db@18.1.40 relocating (0s)
[ ] hxboy22 pcre2@10.44 relocating (0s)
[ ] 4lyasaz nghttp2@1.67.1 fetching from build cache (0s)
[+] k25xiih readline@8.3 /home/spack/spack/opt/spack/linux-x86_64_v3/readline-8.3-k25xiihp5dun6qwe3e5ouzdigwr5yuvz (0s)
[ ] aiceosz libffi@3.5.2 relocating (0s)
[ ] vce7bly lwgrp@1.0.6 fetching from build cache (0s)
[+] ozuoqp5 lz4@1.10.0 /home/spack/spack/opt/spack/linux-x86_64_v3/lz4-1.10.0-ozuoqp53aed4x2gdbkytv2qv3t3ki24z (0s)
[ ] 4lyasaz nghttp2@1.67.1 relocating (0s)
[ ] qqik7au elfutils@0.194 relocating (0s)
[+] yvvn7mu libmd@1.1.0 /home/spack/spack/opt/spack/linux-x86_64_v3/libmd-1.1.0-yvvn7mur5pqpd3qwqfhgoi3r7qt24vtf (0s)
[ ] vce7bly lwgrp@1.0.6 relocating (0s)
[ ] unjd5da sqlite@3.53.1 fetching from build cache (0s)
[+] wzb5pq2 json-c@0.18 /home/spack/spack/opt/spack/linux-x86_64_v3/json-c-0.18-wzb5pq2lxtxtkb65aqbldt244mbhxs6v (0s)
[+] qxxesj6 libgpg-error@1.61 /home/spack/spack/opt/spack/linux-x86_64_v3/libgpg-error-1.61-qxxesj62ddcrvoanaovv3u4of3qxtrtk (0s)
[+] ohmdb2l less@692 /home/spack/spack/opt/spack/linux-x86_64_v3/less-692-ohmdb2lfmv2mghjfr7o22nlbaue23m6o (0s)
[ ] cq4dkuc gdbm@1.26 fetching from build cache (0s)
[+] aiceosz libffi@3.5.2 /home/spack/spack/opt/spack/linux-x86_64_v3/libffi-3.5.2-aiceoszqyf34rbssdhbzkt5pvfrwuv5j (0s)
[+] clufswx util-linux-uuid@2.41 /home/spack/spack/opt/spack/linux-x86_64_v3/util-linux-uuid-2.41-clufswxoi5v674ws6tsnriai556movaq (0s)
[ ] unjd5da sqlite@3.53.1 relocating (0s)
[ ] 7o3mv6c libbsd@0.12.2 fetching from build cache (0s)
[ ] cq4dkuc gdbm@1.26 relocating (0s)
[+] 4lyasaz nghttp2@1.67.1 /home/spack/spack/opt/spack/linux-x86_64_v3/nghttp2-1.67.1-4lyasazuklpnvidiw4ty5wvybxvkh7na (0s)
[ ] ksohnkn libgcrypt@1.12.2 fetching from build cache (0s)
[+] 27d4iyp berkeley-db@18.1.40 /home/spack/spack/opt/spack/linux-x86_64_v3/berkeley-db-18.1.40-27d4iypucirxwepjeco5bulvrej5l3bu (0s)
[ ] 7o3mv6c libbsd@0.12.2 relocating (0s)
[+] hxboy22 pcre2@10.44 /home/spack/spack/opt/spack/linux-x86_64_v3/pcre2-10.44-hxboy227gopoyeoumjdkshzt5mwafkgg (0s)
[ ] ksohnkn libgcrypt@1.12.2 relocating (0s)
[+] vce7bly lwgrp@1.0.6 /home/spack/spack/opt/spack/linux-x86_64_v3/lwgrp-1.0.6-vce7blyslk6ah4lnj3sm6t3xxlugqqlv (0s)
[ ] j2fa7xl curl@8.20.0 fetching from build cache (0s)
[+] cq4dkuc gdbm@1.26 /home/spack/spack/opt/spack/linux-x86_64_v3/gdbm-1.26-cq4dkucz57w6rd7gnkhgbzfqz4snldpy (0s)
[ ] j2fa7xl curl@8.20.0 relocating (0s)
[ ] cjk3tol dtcmp@1.1.5 fetching from build cache (0s)
[+] 7o3mv6c libbsd@0.12.2 /home/spack/spack/opt/spack/linux-x86_64_v3/libbsd-0.12.2-7o3mv6c3dol7nxs44l4p25li6je2trdm (0s)
[ ] bvphs3b perl@5.42.0 fetching from build cache (0s)
[ ] cjk3tol dtcmp@1.1.5 relocating (0s)
[+] ksohnkn libgcrypt@1.12.2 /home/spack/spack/opt/spack/linux-x86_64_v3/libgcrypt-1.12.2-ksohnknoojmvi7hs5veuwlgzbugtsqal (0s)
[ ] d462mhw expat@2.8.1 fetching from build cache (0s)
[ ] bvphs3b perl@5.42.0 relocating (0s)
[+] j2fa7xl curl@8.20.0 /home/spack/spack/opt/spack/linux-x86_64_v3/curl-8.20.0-j2fa7xlzdvkagqked76erodvcmcd2oqp (0s)
[+] qqik7au elfutils@0.194 /home/spack/spack/opt/spack/linux-x86_64_v3/elfutils-0.194-qqik7au6w4bh7xtueccxmiemdstoof2i (0s)
[+] unjd5da sqlite@3.53.1 /home/spack/spack/opt/spack/linux-x86_64_v3/sqlite-3.53.1-unjd5day6pcrbihsatm5vm22qxghgo2b (0s)
[ ] d462mhw expat@2.8.1 relocating (0s)
[ ] 2rzdjfo munge@0.5.18 fetching from build cache (1s)
[+] cjk3tol dtcmp@1.1.5 /home/spack/spack/opt/spack/linux-x86_64_v3/dtcmp-1.1.5-cjk3tolu6wv4qvhdzxncsqxenvwhtol2 (1s)
[ ] 2rzdjfo munge@0.5.18 relocating (1s)
[+] d462mhw expat@2.8.1 /home/spack/spack/opt/spack/linux-x86_64_v3/expat-2.8.1-d462mhwofp3qarbz5celmkqikzukdqnk (1s)
[ ] derywaq python@3.14.5 fetching from build cache (0s)
[+] 2rzdjfo munge@0.5.18 /home/spack/spack/opt/spack/linux-x86_64_v3/munge-0.5.18-2rzdjfo4s3vxbapsdllw7hpofvbytpqf (1s)
[ ] derywaq python@3.14.5 relocating (0s)
[+] bvphs3b perl@5.42.0 /home/spack/spack/opt/spack/linux-x86_64_v3/perl-5.42.0-bvphs3b3jahsyypadzj7kwfb23egjgb5 (1s)
[+] derywaq python@3.14.5 /home/spack/spack/opt/spack/linux-x86_64_v3/python-3.14.5-derywaqkj56yb6pp7ycubkpbzohzmavd (0s)
[ ] j76kyd4 python-venv@1.0 fetching from build cache (0s)
[ ] j76kyd4 python-venv@1.0 relocating (0s)
[+] j76kyd4 python-venv@1.0 /home/spack/spack/opt/spack/linux-x86_64_v3/python-venv-1.0-j76kyd42la6o3vfn2dv34cfnvcyg4iic (0s)
[ ] g7tcqyj glib@2.88.1 fetching from build cache (0s)
[ ] g7tcqyj glib@2.88.1 relocating (0s)
[+] g7tcqyj glib@2.88.1 /home/spack/spack/opt/spack/linux-x86_64_v3/glib-2.88.1-g7tcqyjepg74zya5vzyyz54hezuysrno (1s)
[ ] x7bciaz slurm@25-05-1-1 fetching from build cache (0s)
[ ] x7bciaz slurm@25-05-1-1 relocating (0s)
[+] x7bciaz slurm@25-05-1-1 /home/spack/spack/opt/spack/linux-x86_64_v3/slurm-25-05-1-1-x7bciaztlfcr23f7n6p7pssiuapkiqzo (1s)
[ ] 7j5gt3m libyogrt@1.35 fetching from build cache (0s)
[ ] 7j5gt3m libyogrt@1.35 relocating (0s)
[+] 7j5gt3m libyogrt@1.35 /home/spack/spack/opt/spack/linux-x86_64_v3/libyogrt-1.35-7j5gt3m2pcme7nq77oh6egnuiaiidnga (0s)
[ ] 34ktkgw scr@2.0.0 fetching from build cache (0s)
[ ] 34ktkgw scr@2.0.0 relocating (0s)
[+] 34ktkgw scr@2.0.0 /home/spack/spack/opt/spack/linux-x86_64_v3/scr-2.0.0-34ktkgwrbby3a4hl4qbskuvlaklqodx5 (0s)
==> Updating view at /home/spack/spack/var/spack/environments/myproject2/.spack-env/view
$ spack find
==> In environment myproject2 (2 root specs)
[+] scr	 [+] trilinos

-- linux-ubuntu26.04-x86_64_v3 / %c,cxx,fortran=gcc@15.2.0 ------
openblas@0.3.33	 openmpi@5.0.10	 scr@2.0.0  trilinos@17.1.1

-- linux-ubuntu26.04-x86_64_v3 / %c,cxx=gcc@15.2.0 --------------
berkeley-db@18.1.40  elfutils@0.194  gettext@1.0  gmp@6.3.0	krb5@1.22.2   lz4@1.10.0   nghttp2@1.67.1  openssl@3.6.1  zlib-ng@2.3.3
curl@8.20.0	     expat@2.8.1     glib@2.88.1  hwloc@2.13.0	libffi@3.5.2  ncurses@6.6  openssh@10.3p1  python@3.14.5  zstd@1.5.7

-- linux-ubuntu26.04-x86_64_v3 / %c,fortran=gcc@15.2.0 ----------
libyogrt@1.35

-- linux-ubuntu26.04-x86_64_v3 / %c=gcc@15.2.0 ------------------
bzip2@1.0.8  json-c@0.18    libedit@3.1-20251016  libgpg-error@1.61  libpciaccess@0.17	lwgrp@1.0.6   numactl@2.0.19  perl@5.42.0    pmix@6.1.0	   slurm@25-05-1-1  util-linux-uuid@2.41
dtcmp@1.1.5  less@692	    libevent@2.1.12	  libiconv@1.18	     libxcrypt@4.5.2	mpfr@4.2.2    pcre2@10.44     pigz@2.8	     prrte@4.1.0   sqlite@3.53.1    xz@5.8.3
gdbm@1.26    libbsd@0.12.2  libgcrypt@1.12.2	  libmd@1.1.0	     libxml2@2.15.3	munge@0.5.18  pdsh@2.35	      pkgconf@2.5.1  readline@8.3  tar@1.35

-- linux-ubuntu26.04-x86_64_v3 / %cxx=gcc@15.2.0 ----------------
kokkos@5.1.1  kokkos-kernels@5.1.1

-- linux-ubuntu26.04-x86_64_v3 / no compilers -------------------
compiler-wrapper@1.1.0	gcc@15.2.0  gcc-runtime@15.2.0	glibc@2.43  python-venv@1.0
==> 62 installed packages
==> 25 concretized packages to be installed (show with `spack find -c`)
