$ spack env activate myproject
$ spack find
==> In environment myproject
==> 2 root specs
[+] tcl	 [+] trilinos

==> Installed packages
-- linux-ubuntu22.04-x86_64_v3 / gcc@11.4.0 ---------------------
autoconf@2.72			    gettext@0.22.5	  libxml2@2.10.3   pmix@5.0.1
automake@1.16.5			    glibc@2.35		  m4@1.4.19	   readline@8.2
berkeley-db@18.1.40		    gmake@4.4.1		  ncurses@6.5	   tar@1.34
bison@3.8.2			    hwloc@2.9.1		  nghttp2@1.57.0   tcl@8.6.12
bzip2@1.0.8			    kokkos@4.2.01	  numactl@2.0.14   trilinos@15.1.1
ca-certificates-mozilla@2023-05-30  krb5@1.20.1		  openblas@0.3.26  util-macros@1.19.3
cmake@3.27.9			    libedit@3.1-20230828  openmpi@5.0.3	   xz@5.4.6
curl@8.7.1			    libevent@2.1.12	  openssh@9.7p1	   zlib-ng@2.1.6
diffutils@3.10			    libpciaccess@0.17	  openssl@3.3.0	   zstd@1.5.6
findutils@4.9.0			    libsigsegv@2.14	  perl@5.38.0
gcc-runtime@11.4.0		    libtool@2.4.7	  pigz@2.8
gdbm@1.23			    libxcrypt@4.4.35	  pkgconf@2.2.0
==> 45 installed packages
