$ spack find
==> In environment myproject (2 root specs)
-- root specs / compiler ----------------------------------------
[+] gcc@16+profiled+strip build_type=Release

-- root specs / gcc-16-specs ------------------------------------
[+] quantum-espresso

-- linux-ubuntu26.04-x86_64 / no compilers ----------------------
gcc@15.2.0  glibc@2.43

-- linux-ubuntu26.04-x86_64_v3 / %c,cxx,fortran=gcc@16.1.0 ------
mpich@5.0.1  openblas@0.3.33  quantum-espresso@7.5

-- linux-ubuntu26.04-x86_64_v3 / %c,cxx=gcc@15.2.0 --------------
binutils@2.46.0  gcc@16.1.0  gettext@1.0  gmp@6.3.0  ncurses@6.6  zlib-ng@2.3.3  zstd@1.5.7

-- linux-ubuntu26.04-x86_64_v3 / %c,cxx=gcc@16.1.0 --------------
hwloc@2.13.0  ncurses@6.6  zlib-ng@2.3.3

-- linux-ubuntu26.04-x86_64_v3 / %c,fortran=gcc@16.1.0 ----------
fftw@3.3.11  netlib-scalapack@2.2.3

-- linux-ubuntu26.04-x86_64_v3 / %c=gcc@15.2.0 ------------------
bzip2@1.0.8  gdbm@1.26	libiconv@1.18  libxml2@2.15.1  mpc@1.3.1  mpfr@4.2.2  pigz@2.8	readline@8.3  tar@1.35	xz@5.8.3

-- linux-ubuntu26.04-x86_64_v3 / %c=gcc@16.1.0 ------------------
libfabric@2.5.1  libiconv@1.18	libpciaccess@0.17  libxml2@2.15.1  xz@5.8.3

-- linux-ubuntu26.04-x86_64_v3 / no compilers -------------------
gcc-runtime@15.2.0  gcc-runtime@16.1.0
==> 34 installed packages
==> 59 concretized packages to be installed (show with `spack find -c`)
