$ spack find
==> In environment myproject
==> 2 root specs
[+] tcl	 [+] trilinos

==> Installed packages
-- linux-ubuntu22.04-x86_64_v3 / gcc@11.4.0 ---------------------
autoconf@2.72			    kokkos@4.2.01	  openssh@9.7p1
automake@1.16.5			    krb5@1.20.1		  openssl@3.3.0
berkeley-db@18.1.40		    libedit@3.1-20230828  perl@5.38.0
bison@3.8.2			    libevent@2.1.12	  pigz@2.8
bzip2@1.0.8			    libiconv@1.17	  pkgconf@2.2.0
ca-certificates-mozilla@2023-05-30  libpciaccess@0.17	  pmix@5.0.1
cmake@3.27.9			    libsigsegv@2.14	  readline@8.2
curl@8.7.1			    libtool@2.4.7	  tar@1.34
diffutils@3.10			    libxcrypt@4.4.35	  tcl@8.6.12
findutils@4.9.0			    libxml2@2.10.3	  trilinos@15.1.1
gcc-runtime@11.4.0		    m4@1.4.19		  util-macros@1.19.3
gdbm@1.23			    ncurses@6.5		  xz@5.4.6
gettext@0.22.5			    nghttp2@1.57.0	  zlib-ng@2.1.6
glibc@2.35			    numactl@2.0.14	  zstd@1.5.6
gmake@4.4.1			    openblas@0.3.26
hwloc@2.9.1			    openmpi@5.0.3
==> 46 installed packages
