$ spack env activate concrete
$ spack find
==> In environment concrete
==> 2 root specs
[+] openmpi  [+] trilinos

-- linux-ubuntu22.04-x86_64_v3 / gcc@11.4.0 ---------------------
autoconf@2.72			    hwloc@2.11.1	  openblas@0.3.28
automake@1.16.5			    kokkos@4.3.01	  openmpi@5.0.5
berkeley-db@18.1.40		    krb5@1.21.3		  openssh@9.9p1
bison@3.8.2			    libedit@3.1-20240808  openssl@3.4.0
bzip2@1.0.8			    libevent@2.1.12	  perl@5.40.0
ca-certificates-mozilla@2023-05-30  libiconv@1.17	  pigz@2.8
cmake@3.30.5			    libpciaccess@0.17	  pkgconf@2.2.0
curl@8.10.1			    libsigsegv@2.14	  pmix@5.0.3
diffutils@3.10			    libtool@2.4.7	  readline@8.2
findutils@4.9.0			    libxcrypt@4.4.35	  tar@1.34
gcc-runtime@11.4.0		    libxml2@2.13.4	  trilinos@16.0.0
gdbm@1.23			    m4@1.4.19		  util-macros@1.20.1
gettext@0.22.5			    ncurses@6.5		  xz@5.4.6
glibc@2.35			    nghttp2@1.63.0	  zlib-ng@2.2.1
gmake@4.4.1			    numactl@2.0.18	  zstd@1.5.6
==> 45 installed packages
==> 0 concretized packages to be installed (show with `spack find -c`)
