$ spack env activate .
$ spack install
==> Concretized openmpi
[+]  4a67ev2  openmpi@5.0.3%gcc@11.4.0~atomics~cuda~gpfs~internal-hwloc~internal-libevent~internal-pmix~java~legacylaunchers~lustre~memchecker~openshmem~orterunprefix~romio+rsh~static+vt+wrapper-rpath build_system=autotools fabrics=none romio-filesystem=none schedulers=none arch=linux-ubuntu22.04-x86_64_v3
[+]  vcb35sx	  ^autoconf@2.72%gcc@11.4.0 build_system=autotools arch=linux-ubuntu22.04-x86_64_v3
[+]  sd3ytde	      ^m4@1.4.19%gcc@11.4.0+sigsegv build_system=autotools patches=9dc5fbd,bfdffa7 arch=linux-ubuntu22.04-x86_64_v3
[+]  njmgt4r		  ^diffutils@3.10%gcc@11.4.0 build_system=autotools arch=linux-ubuntu22.04-x86_64_v3
[+]  jwy3fyz		  ^libsigsegv@2.14%gcc@11.4.0 build_system=autotools arch=linux-ubuntu22.04-x86_64_v3
[+]  6liamd6	  ^automake@1.16.5%gcc@11.4.0 build_system=autotools arch=linux-ubuntu22.04-x86_64_v3
[+]  f47qm6q	  ^gcc-runtime@11.4.0%gcc@11.4.0 build_system=generic arch=linux-ubuntu22.04-x86_64_v3
[e]  a7drdl4	  ^glibc@2.35%gcc@11.4.0 build_system=autotools arch=linux-ubuntu22.04-x86_64_v3
[+]  qfrotcc	  ^gmake@4.4.1%gcc@11.4.0~guile build_system=generic arch=linux-ubuntu22.04-x86_64_v3
[+]  qeaglvh	  ^hwloc@2.9.1%gcc@11.4.0~cairo~cuda~gl~libudev+libxml2~netloc~nvml~oneapi-level-zero~opencl+pci~rocm build_system=autotools libs=shared,static arch=linux-ubuntu22.04-x86_64_v3
[+]  3i3i255	      ^libpciaccess@0.17%gcc@11.4.0 build_system=autotools arch=linux-ubuntu22.04-x86_64_v3
[+]  egkyddp		  ^util-macros@1.19.3%gcc@11.4.0 build_system=autotools arch=linux-ubuntu22.04-x86_64_v3
[+]  s3vgala	      ^libxml2@2.10.3%gcc@11.4.0+pic~python+shared build_system=autotools arch=linux-ubuntu22.04-x86_64_v3
[+]  bj46qor		  ^libiconv@1.17%gcc@11.4.0 build_system=autotools libs=shared,static arch=linux-ubuntu22.04-x86_64_v3
[+]  syttnnt		  ^xz@5.4.6%gcc@11.4.0~pic build_system=autotools libs=shared,static arch=linux-ubuntu22.04-x86_64_v3
[+]  gk4xs2i	      ^ncurses@6.5%gcc@11.4.0~symlinks+termlib abi=none build_system=autotools patches=7a351bc arch=linux-ubuntu22.04-x86_64_v3
[+]  qmgnv2n	  ^libevent@2.1.12%gcc@11.4.0+openssl build_system=autotools arch=linux-ubuntu22.04-x86_64_v3
[+]  7zs2o3j	      ^openssl@3.3.0%gcc@11.4.0~docs+shared build_system=generic certs=mozilla arch=linux-ubuntu22.04-x86_64_v3
[+]  yw5x67u		  ^ca-certificates-mozilla@2023-05-30%gcc@11.4.0 build_system=generic arch=linux-ubuntu22.04-x86_64_v3
[+]  uwrcuds	  ^libtool@2.4.7%gcc@11.4.0 build_system=autotools arch=linux-ubuntu22.04-x86_64_v3
[+]  v4yzc2w	      ^findutils@4.9.0%gcc@11.4.0 build_system=autotools patches=440b954 arch=linux-ubuntu22.04-x86_64_v3
[+]  g46wb44	  ^numactl@2.0.14%gcc@11.4.0 build_system=autotools patches=4e1d78c,62fc8a8,ff37630 arch=linux-ubuntu22.04-x86_64_v3
[+]  3uvvdf2	  ^openssh@9.7p1%gcc@11.4.0+gssapi build_system=autotools arch=linux-ubuntu22.04-x86_64_v3
[+]  w3lwbhd	      ^krb5@1.20.1%gcc@11.4.0+shared build_system=autotools arch=linux-ubuntu22.04-x86_64_v3
[+]  b5e3naw		  ^bison@3.8.2%gcc@11.4.0~color build_system=autotools arch=linux-ubuntu22.04-x86_64_v3
[+]  omjznij		  ^gettext@0.22.5%gcc@11.4.0+bzip2+curses+git~libunistring+libxml2+pic+shared+tar+xz build_system=autotools arch=linux-ubuntu22.04-x86_64_v3
[+]  bk5hidp		      ^tar@1.34%gcc@11.4.0 build_system=autotools zip=pigz arch=linux-ubuntu22.04-x86_64_v3
[+]  gk55zt7			  ^pigz@2.8%gcc@11.4.0 build_system=makefile arch=linux-ubuntu22.04-x86_64_v3
[+]  ew3aaos			  ^zstd@1.5.6%gcc@11.4.0+programs build_system=makefile compression=none libs=shared,static arch=linux-ubuntu22.04-x86_64_v3
[+]  swglgxe	      ^libedit@3.1-20230828%gcc@11.4.0 build_system=autotools arch=linux-ubuntu22.04-x86_64_v3
[+]  ue2bwi7	      ^libxcrypt@4.4.35%gcc@11.4.0~obsolete_api build_system=autotools patches=4885da3 arch=linux-ubuntu22.04-x86_64_v3
[+]  okr2qfj	  ^perl@5.38.0%gcc@11.4.0+cpanm+opcode+open+shared+threads build_system=generic patches=714e4d1 arch=linux-ubuntu22.04-x86_64_v3
[+]  br27jq6	      ^berkeley-db@18.1.40%gcc@11.4.0+cxx~docs+stl build_system=autotools patches=26090f4,b231fcc arch=linux-ubuntu22.04-x86_64_v3
[+]  w3nrdq4	      ^bzip2@1.0.8%gcc@11.4.0~debug~pic+shared build_system=generic arch=linux-ubuntu22.04-x86_64_v3
[+]  ohbrdtp	      ^gdbm@1.23%gcc@11.4.0 build_system=autotools arch=linux-ubuntu22.04-x86_64_v3
[+]  cb6x34k		  ^readline@8.2%gcc@11.4.0 build_system=autotools patches=bbf97f1 arch=linux-ubuntu22.04-x86_64_v3
[+]  h3x3l7s	  ^pkgconf@2.2.0%gcc@11.4.0 build_system=autotools arch=linux-ubuntu22.04-x86_64_v3
[+]  4o6gxsy	  ^pmix@5.0.1%gcc@11.4.0~docs+pmi_backwards_compatibility~python~restful build_system=autotools arch=linux-ubuntu22.04-x86_64_v3
[+]  xqtp62n	  ^zlib-ng@2.1.6%gcc@11.4.0+compat+new_strategies+opt+pic+shared build_system=autotools arch=linux-ubuntu22.04-x86_64_v3

==> Concretized trilinos
[+]  is6uzcx  trilinos@15.1.1%gcc@11.4.0~adelus~adios2+amesos+amesos2+anasazi+aztec~basker+belos~boost~chaco~complex~cuda~cuda_rdc~debug~dtk+epetra+epetraext~epetraextbtf~epetraextexperimental~epetraextgraphreorderings~exodus+explicit_template_instantiation~float+fortran~gtest~hdf5~hypre+ifpack+ifpack2~intrepid~intrepid2~ipo~isorropia+kokkos~mesquite~minitensor+ml+mpi+muelu~mumps~nox~openmp~pamgen~panzer~phalanx~piro~python~rocm~rocm_rdc~rol~rythmos+sacado~scorec~shards+shared~shylu~stk~stokhos~stratimikos~strumpack~suite-sparse~superlu~superlu-dist~teko~tempus~test~thyra+tpetra~trilinoscouplings~wrapper~x11~zoltan~zoltan2 build_system=cmake build_type=Release cxxstd=17 generator=make gotype=long_long arch=linux-ubuntu22.04-x86_64_v3
[+]  gnvkrt4	  ^cmake@3.27.9%gcc@11.4.0~doc+ncurses+ownlibs build_system=generic build_type=Release arch=linux-ubuntu22.04-x86_64_v3
[+]  bawzanq	      ^curl@8.7.1%gcc@11.4.0~gssapi~ldap~libidn2~librtmp~libssh~libssh2+nghttp2 build_system=autotools libs=shared,static tls=openssl arch=linux-ubuntu22.04-x86_64_v3
[+]  l4jcye6		  ^nghttp2@1.57.0%gcc@11.4.0 build_system=autotools arch=linux-ubuntu22.04-x86_64_v3
[+]  njmgt4r		      ^diffutils@3.10%gcc@11.4.0 build_system=autotools arch=linux-ubuntu22.04-x86_64_v3
[+]  7zs2o3j		  ^openssl@3.3.0%gcc@11.4.0~docs+shared build_system=generic certs=mozilla arch=linux-ubuntu22.04-x86_64_v3
[+]  yw5x67u		      ^ca-certificates-mozilla@2023-05-30%gcc@11.4.0 build_system=generic arch=linux-ubuntu22.04-x86_64_v3
[+]  gk4xs2i	      ^ncurses@6.5%gcc@11.4.0~symlinks+termlib abi=none build_system=autotools patches=7a351bc arch=linux-ubuntu22.04-x86_64_v3
[+]  xqtp62n	      ^zlib-ng@2.1.6%gcc@11.4.0+compat+new_strategies+opt+pic+shared build_system=autotools arch=linux-ubuntu22.04-x86_64_v3
[+]  f47qm6q	  ^gcc-runtime@11.4.0%gcc@11.4.0 build_system=generic arch=linux-ubuntu22.04-x86_64_v3
[e]  a7drdl4	  ^glibc@2.35%gcc@11.4.0 build_system=autotools arch=linux-ubuntu22.04-x86_64_v3
[+]  qfrotcc	  ^gmake@4.4.1%gcc@11.4.0~guile build_system=generic arch=linux-ubuntu22.04-x86_64_v3
[+]  qeaglvh	  ^hwloc@2.9.1%gcc@11.4.0~cairo~cuda~gl~libudev+libxml2~netloc~nvml~oneapi-level-zero~opencl+pci~rocm build_system=autotools libs=shared,static arch=linux-ubuntu22.04-x86_64_v3
[+]  3i3i255	      ^libpciaccess@0.17%gcc@11.4.0 build_system=autotools arch=linux-ubuntu22.04-x86_64_v3
[+]  egkyddp		  ^util-macros@1.19.3%gcc@11.4.0 build_system=autotools arch=linux-ubuntu22.04-x86_64_v3
[+]  s3vgala	      ^libxml2@2.10.3%gcc@11.4.0+pic~python+shared build_system=autotools arch=linux-ubuntu22.04-x86_64_v3
[+]  bj46qor		  ^libiconv@1.17%gcc@11.4.0 build_system=autotools libs=shared,static arch=linux-ubuntu22.04-x86_64_v3
[+]  syttnnt		  ^xz@5.4.6%gcc@11.4.0~pic build_system=autotools libs=shared,static arch=linux-ubuntu22.04-x86_64_v3
[+]  h3x3l7s	      ^pkgconf@2.2.0%gcc@11.4.0 build_system=autotools arch=linux-ubuntu22.04-x86_64_v3
[+]  iuiymnm	  ^kokkos@4.2.01%gcc@11.4.0~aggressive_vectorization~compiler_warnings~cuda~debug~debug_bounds_check~debug_dualview_modify_check~deprecated_code~examples~hpx~hpx_async_dispatch~hwloc~ipo~memkind~numactl~openmp~openmptarget~pic~rocm+serial+shared~sycl~tests~threads~tuning~wrapper build_system=cmake build_type=Release cxxstd=17 generator=make intel_gpu_arch=none arch=linux-ubuntu22.04-x86_64_v3
[+]  7oujjun	  ^openblas@0.3.26%gcc@11.4.0~bignuma~consistent_fpcsr+dynamic_dispatch+fortran~ilp64+locking+pic+shared build_system=makefile symbol_suffix=none threads=none arch=linux-ubuntu22.04-x86_64_v3
[+]  okr2qfj	      ^perl@5.38.0%gcc@11.4.0+cpanm+opcode+open+shared+threads build_system=generic patches=714e4d1 arch=linux-ubuntu22.04-x86_64_v3
[+]  br27jq6		  ^berkeley-db@18.1.40%gcc@11.4.0+cxx~docs+stl build_system=autotools patches=26090f4,b231fcc arch=linux-ubuntu22.04-x86_64_v3
[+]  w3nrdq4		  ^bzip2@1.0.8%gcc@11.4.0~debug~pic+shared build_system=generic arch=linux-ubuntu22.04-x86_64_v3
[+]  ohbrdtp		  ^gdbm@1.23%gcc@11.4.0 build_system=autotools arch=linux-ubuntu22.04-x86_64_v3
[+]  cb6x34k		      ^readline@8.2%gcc@11.4.0 build_system=autotools patches=bbf97f1 arch=linux-ubuntu22.04-x86_64_v3
[+]  4a67ev2	  ^openmpi@5.0.3%gcc@11.4.0~atomics~cuda~gpfs~internal-hwloc~internal-libevent~internal-pmix~java~legacylaunchers~lustre~memchecker~openshmem~orterunprefix~romio+rsh~static+vt+wrapper-rpath build_system=autotools fabrics=none romio-filesystem=none schedulers=none arch=linux-ubuntu22.04-x86_64_v3
[+]  vcb35sx	      ^autoconf@2.72%gcc@11.4.0 build_system=autotools arch=linux-ubuntu22.04-x86_64_v3
[+]  sd3ytde		  ^m4@1.4.19%gcc@11.4.0+sigsegv build_system=autotools patches=9dc5fbd,bfdffa7 arch=linux-ubuntu22.04-x86_64_v3
[+]  jwy3fyz		      ^libsigsegv@2.14%gcc@11.4.0 build_system=autotools arch=linux-ubuntu22.04-x86_64_v3
[+]  6liamd6	      ^automake@1.16.5%gcc@11.4.0 build_system=autotools arch=linux-ubuntu22.04-x86_64_v3
[+]  qmgnv2n	      ^libevent@2.1.12%gcc@11.4.0+openssl build_system=autotools arch=linux-ubuntu22.04-x86_64_v3
[+]  uwrcuds	      ^libtool@2.4.7%gcc@11.4.0 build_system=autotools arch=linux-ubuntu22.04-x86_64_v3
[+]  v4yzc2w		  ^findutils@4.9.0%gcc@11.4.0 build_system=autotools patches=440b954 arch=linux-ubuntu22.04-x86_64_v3
[+]  g46wb44	      ^numactl@2.0.14%gcc@11.4.0 build_system=autotools patches=4e1d78c,62fc8a8,ff37630 arch=linux-ubuntu22.04-x86_64_v3
[+]  3uvvdf2	      ^openssh@9.7p1%gcc@11.4.0+gssapi build_system=autotools arch=linux-ubuntu22.04-x86_64_v3
[+]  w3lwbhd		  ^krb5@1.20.1%gcc@11.4.0+shared build_system=autotools arch=linux-ubuntu22.04-x86_64_v3
[+]  b5e3naw		      ^bison@3.8.2%gcc@11.4.0~color build_system=autotools arch=linux-ubuntu22.04-x86_64_v3
[+]  omjznij		      ^gettext@0.22.5%gcc@11.4.0+bzip2+curses+git~libunistring+libxml2+pic+shared+tar+xz build_system=autotools arch=linux-ubuntu22.04-x86_64_v3
[+]  bk5hidp			  ^tar@1.34%gcc@11.4.0 build_system=autotools zip=pigz arch=linux-ubuntu22.04-x86_64_v3
[+]  gk55zt7			      ^pigz@2.8%gcc@11.4.0 build_system=makefile arch=linux-ubuntu22.04-x86_64_v3
[+]  ew3aaos			      ^zstd@1.5.6%gcc@11.4.0+programs build_system=makefile compression=none libs=shared,static arch=linux-ubuntu22.04-x86_64_v3
[+]  swglgxe		  ^libedit@3.1-20230828%gcc@11.4.0 build_system=autotools arch=linux-ubuntu22.04-x86_64_v3
[+]  ue2bwi7		  ^libxcrypt@4.4.35%gcc@11.4.0~obsolete_api build_system=autotools patches=4885da3 arch=linux-ubuntu22.04-x86_64_v3
[+]  4o6gxsy	      ^pmix@5.0.1%gcc@11.4.0~docs+pmi_backwards_compatibility~python~restful build_system=autotools arch=linux-ubuntu22.04-x86_64_v3

[+] /usr (external glibc-2.35-a7drdl4tlx4bu3mzhor75pskvd3pdot6)
[+] /home/spack/spack/opt/spack/linux-ubuntu22.04-x86_64_v3/gcc-11.4.0/gcc-runtime-11.4.0-f47qm6qeplqyahc4zhfpfdnf5mo6gxvd
[+] /home/spack/spack/opt/spack/linux-ubuntu22.04-x86_64_v3/gcc-11.4.0/bzip2-1.0.8-w3nrdq4zswhvsa6oajnk42ozoswkhb33
[+] /home/spack/spack/opt/spack/linux-ubuntu22.04-x86_64_v3/gcc-11.4.0/xz-5.4.6-syttnntihi6n463mupmgl5e7kp5izxkz
[+] /home/spack/spack/opt/spack/linux-ubuntu22.04-x86_64_v3/gcc-11.4.0/kokkos-4.2.01-iuiymnmntab6geybvougsyhhnwibgxai
[+] /home/spack/spack/opt/spack/linux-ubuntu22.04-x86_64_v3/gcc-11.4.0/zlib-ng-2.1.6-xqtp62nft6pt5slbdljucwnkl5fxd6x4
[+] /home/spack/spack/opt/spack/linux-ubuntu22.04-x86_64_v3/gcc-11.4.0/zstd-1.5.6-ew3aaosbmf3ts2ylqgi4c6enfmf3m5dr
[+] /home/spack/spack/opt/spack/linux-ubuntu22.04-x86_64_v3/gcc-11.4.0/openblas-0.3.26-7oujjunznvxeef7agmqnkqzeelmtp44q
[+] /home/spack/spack/opt/spack/linux-ubuntu22.04-x86_64_v3/gcc-11.4.0/numactl-2.0.14-g46wb44nglnflvkotzd5pv45f2lcm3mw
[+] /home/spack/spack/opt/spack/linux-ubuntu22.04-x86_64_v3/gcc-11.4.0/ncurses-6.5-gk4xs2idegfiwoyaikamyhxkjrruxtxa
[+] /home/spack/spack/opt/spack/linux-ubuntu22.04-x86_64_v3/gcc-11.4.0/libxcrypt-4.4.35-ue2bwi7wgeqq7mwi2o6sp3vurj64clw4
[+] /home/spack/spack/opt/spack/linux-ubuntu22.04-x86_64_v3/gcc-11.4.0/libiconv-1.17-bj46qorfdrbz67euv5g4s7isuniqjjpl
[+] /home/spack/spack/opt/spack/linux-ubuntu22.04-x86_64_v3/gcc-11.4.0/libpciaccess-0.17-3i3i255rigqdxrsszbhf6mu3k3poii6p
[+] /home/spack/spack/opt/spack/linux-ubuntu22.04-x86_64_v3/gcc-11.4.0/pigz-2.8-gk55zt73c5ekv3iogqn4lo4r66tuzv5z
[+] /home/spack/spack/opt/spack/linux-ubuntu22.04-x86_64_v3/gcc-11.4.0/openssl-3.3.0-7zs2o3jeizrvdjg2eklcfb6w7j7iy6qw
[+] /home/spack/spack/opt/spack/linux-ubuntu22.04-x86_64_v3/gcc-11.4.0/libedit-3.1-20230828-swglgxeckeajkjp4b7d66fbsyn6hjsdh
[+] /home/spack/spack/opt/spack/linux-ubuntu22.04-x86_64_v3/gcc-11.4.0/libxml2-2.10.3-s3vgaladuiim674rvdylwer4ktlfa2y4
[+] /home/spack/spack/opt/spack/linux-ubuntu22.04-x86_64_v3/gcc-11.4.0/tar-1.34-bk5hidphc2hnjtnv67xxv2azwjl26txp
[+] /home/spack/spack/opt/spack/linux-ubuntu22.04-x86_64_v3/gcc-11.4.0/libevent-2.1.12-qmgnv2nhjkya6hizkyd27akgc5uamwvx
[+] /home/spack/spack/opt/spack/linux-ubuntu22.04-x86_64_v3/gcc-11.4.0/hwloc-2.9.1-qeaglvh36rm22m2wl5mcwmlzjdt7noi2
[+] /home/spack/spack/opt/spack/linux-ubuntu22.04-x86_64_v3/gcc-11.4.0/gettext-0.22.5-omjznijs2nj3zeeuerckiefjhootsur5
[+] /home/spack/spack/opt/spack/linux-ubuntu22.04-x86_64_v3/gcc-11.4.0/pmix-5.0.1-4o6gxsyq3ju2b7nx4z6gvm4uaegbghyp
[+] /home/spack/spack/opt/spack/linux-ubuntu22.04-x86_64_v3/gcc-11.4.0/krb5-1.20.1-w3lwbhdizlzuh7z6sjm6h22y6iylsvwo
[+] /home/spack/spack/opt/spack/linux-ubuntu22.04-x86_64_v3/gcc-11.4.0/openssh-9.7p1-3uvvdf2knzlj2h7jryuk7plf7nsqzzwa
[+] /home/spack/spack/opt/spack/linux-ubuntu22.04-x86_64_v3/gcc-11.4.0/openmpi-5.0.3-4a67ev2psutyq5iowi6jh2e3wwwjzi66
[+] /home/spack/spack/opt/spack/linux-ubuntu22.04-x86_64_v3/gcc-11.4.0/trilinos-15.1.1-is6uzcxlhhjasjyijies4jbanjzqr6nf
==> Updating view at /home/spack/code/.spack-env/view
