$ jq < spack.lock | head -30
{
  "_meta": {
    "file-type": "spack-lockfile",
    "lockfile-version": 6,
    "specfile-version": 5
  },
  "spack": {
    "version": "1.2.1",
    "type": "git",
    "commit": "2f80bed397c15a7f04607051315ea56881351ce4"
  },
  "roots": [
    {
      "hash": "d4ibosbgfm7536ij2dmdu6nnll5g5zpm",
      "spec": "tcl"
    },
    {
      "hash": "66pfqb7gv754pttljbirkunpy7okr4kh",
      "spec": "trilinos"
    }
  ],
  "concrete_specs": {
    "d4ibosbgfm7536ij2dmdu6nnll5g5zpm": {
      "name": "tcl",
      "version": "8.6.17",
      "arch": {
	"platform": "linux",
	"platform_os": "ubuntu26.04",
	"target": "x86_64_v3"
      },
