$ spack spec openmpi
[+]  openmpi@5.0.10+atomics~cuda~debug+fortran~gpfs~internal-hwloc~internal-libevent~internal-pmix~ipv6~java~lustre~memchecker~openshmem~rocm~romio+rsh~static~two_level_namespace+vt+wrapper-rpath build_system=autotools fabrics:=none romio-filesystem:=none schedulers:=none platform=linux os=ubuntu26.04 target=x86_64_v3 %c,cxx,fortran=gcc@15.2.0
[-]	 ^autoconf@2.72 build_system=autotools platform=linux os=ubuntu26.04 target=x86_64_v3
[-]	     ^m4@1.4.21+sigsegv build_system=autotools platform=linux os=ubuntu26.04 target=x86_64_v3 %c,cxx=gcc@15.2.0
[-]		 ^diffutils@3.12 build_system=autotools platform=linux os=ubuntu26.04 target=x86_64_v3 %c=gcc@15.2.0
[-]		 ^libsigsegv@2.15 build_system=autotools platform=linux os=ubuntu26.04 target=x86_64_v3 %c=gcc@15.2.0
[-]	 ^automake@1.18.1 build_system=autotools platform=linux os=ubuntu26.04 target=x86_64_v3 %c=gcc@15.2.0
[-]	 ^compiler-wrapper@1.0 build_system=generic platform=linux os=ubuntu26.04 target=x86_64_v3
[e]	 ^gcc@15.2.0+binutils+bootstrap~graphite+libsanitizer~mold~nvptx~piclibs~profiled~strip build_system=autotools build_type=RelWithDebInfo languages:='c,c++,fortran' platform=linux os=ubuntu26.04 target=x86_64
[+]	 ^gcc-runtime@15.2.0 build_system=generic platform=linux os=ubuntu26.04 target=x86_64_v3
[e]	 ^glibc@2.43 build_system=autotools platform=linux os=ubuntu26.04 target=x86_64
[-]	 ^gmake@4.4.1~guile build_system=generic platform=linux os=ubuntu26.04 target=x86_64_v3 %c=gcc@15.2.0
[+]	 ^hwloc@2.13.0~cairo~cuda~gl~level_zero~libudev+libxml2~nvml~opencl+pci~rocm build_system=autotools libs:=shared,static patches:=b4db98b platform=linux os=ubuntu26.04 target=x86_64_v3 %c,cxx=gcc@15.2.0
[+]	     ^libpciaccess@0.17 build_system=autotools platform=linux os=ubuntu26.04 target=x86_64_v3 %c=gcc@15.2.0
[-]		 ^util-macros@1.20.2 build_system=autotools platform=linux os=ubuntu26.04 target=x86_64_v3
[+]	     ^libxml2@2.15.1+pic~python+shared build_system=autotools platform=linux os=ubuntu26.04 target=x86_64_v3 %c=gcc@15.2.0
[+]		 ^libiconv@1.18 build_system=autotools libs:=shared,static platform=linux os=ubuntu26.04 target=x86_64_v3 %c=gcc@15.2.0
[+]		 ^xz@5.8.3~pic build_system=autotools libs:=shared,static platform=linux os=ubuntu26.04 target=x86_64_v3 %c=gcc@15.2.0
[+]	     ^ncurses@6.6~symlinks+termlib abi=none build_system=autotools patches:=7a351bc platform=linux os=ubuntu26.04 target=x86_64_v3 %c,cxx=gcc@15.2.0
[+]	 ^libevent@2.1.12+openssl build_system=autotools platform=linux os=ubuntu26.04 target=x86_64_v3 %c=gcc@15.2.0
[+]	     ^openssl@3.6.1~docs+shared build_system=generic certs=mozilla platform=linux os=ubuntu26.04 target=x86_64_v3 %c,cxx=gcc@15.2.0
[-]		 ^ca-certificates-mozilla@2026-03-19 build_system=generic platform=linux os=ubuntu26.04 target=zen2
[-]	 ^libtool@2.5.4 build_system=autotools platform=linux os=ubuntu26.04 target=x86_64_v3 %c=gcc@15.2.0
[-]	     ^file@5.46+static build_system=autotools platform=linux os=ubuntu26.04 target=x86_64_v3 %c=gcc@15.2.0
[+]		 ^zstd@1.5.7+programs build_system=makefile compression:=none libs:=shared,static platform=linux os=ubuntu26.04 target=x86_64_v3 %c,cxx=gcc@15.2.0
[-]	     ^findutils@4.10.0 build_system=autotools patches:=440b954 platform=linux os=ubuntu26.04 target=x86_64_v3 %c=gcc@15.2.0
[+]		 ^gettext@1.0+bzip2+curses+git~libunistring+libxml2+pic+shared+tar+xz build_system=autotools platform=linux os=ubuntu26.04 target=x86_64_v3 %c,cxx=gcc@15.2.0
[+]		     ^tar@1.35 build_system=autotools zip=pigz platform=linux os=ubuntu26.04 target=x86_64_v3 %c=gcc@15.2.0
[+]			 ^pigz@2.8 build_system=makefile platform=linux os=ubuntu26.04 target=x86_64_v3 %c=gcc@15.2.0
[+]	 ^numactl@2.0.19 build_system=autotools platform=linux os=ubuntu26.04 target=x86_64_v3 %c=gcc@15.2.0
[+]	 ^openssh@10.3p1+gssapi build_system=autotools platform=linux os=ubuntu26.04 target=x86_64_v3 %c,cxx=gcc@15.2.0
[+]	     ^krb5@1.22.2+shared build_system=autotools platform=linux os=ubuntu26.04 target=x86_64_v3 %c,cxx=gcc@15.2.0
[-]		 ^bison@3.8.2~color build_system=autotools platform=linux os=ubuntu26.04 target=x86_64_v3 %c,cxx=gcc@15.2.0
[+]	     ^libedit@20251016-3.1 build_system=autotools platform=linux os=ubuntu26.04 target=x86_64_v3 %c=gcc@15.2.0
[+]	     ^libxcrypt@4.5.2~obsolete_api build_system=autotools platform=linux os=ubuntu26.04 target=x86_64_v3 %c=gcc@15.2.0
[-]	 ^perl@5.42.0+cpanm+opcode+open+shared+threads build_system=generic platform=linux os=ubuntu26.04 target=x86_64_v3 %c=gcc@15.2.0
[-]	     ^berkeley-db@18.1.40+cxx~docs+stl build_system=autotools patches:=26090f4,b231fcc platform=linux os=ubuntu26.04 target=x86_64_v3 %c,cxx=gcc@15.2.0
[+]	     ^bzip2@1.0.8~debug~pic+shared build_system=generic platform=linux os=ubuntu26.04 target=x86_64_v3 %c=gcc@15.2.0
[+]	     ^gdbm@1.26 build_system=autotools platform=linux os=ubuntu26.04 target=x86_64_v3 %c=gcc@15.2.0
[+]		 ^readline@8.3 build_system=autotools patches:=21f0a03 platform=linux os=ubuntu26.04 target=x86_64_v3 %c=gcc@15.2.0
[-]	     ^less@692 build_system=autotools platform=linux os=ubuntu26.04 target=x86_64_v3 %c=gcc@15.2.0
[-]	 ^pkgconf@2.5.1 build_system=autotools platform=linux os=ubuntu26.04 target=x86_64_v3 %c=gcc@15.2.0
[+]	 ^pmix@6.1.0~munge~python build_system=autotools platform=linux os=ubuntu26.04 target=x86_64_v3 %c=gcc@15.2.0
[+]	 ^prrte@4.1.0 build_system=autotools patches:=64faa1a,91b28f5 schedulers:=none platform=linux os=ubuntu26.04 target=x86_64_v3 %c=gcc@15.2.0
[-]	     ^flex@2.6.3+lex~nls build_system=autotools platform=linux os=ubuntu26.04 target=x86_64_v3 %c,cxx=gcc@15.2.0
[+]	 ^zlib-ng@2.3.3+compat+new_strategies+opt+pic+shared build_system=autotools platform=linux os=ubuntu26.04 target=x86_64_v3 %c,cxx=gcc@15.2.0

