$ spack spec hypre
Input spec
--------------------------------
hypre

Concretized
--------------------------------
hypre@2.23.0%gcc@7.5.0~complex~cuda~debug+fortran~int64~internal-superlu~mixedint+mpi~openmp+shared~superlu-dist~unified-memory cuda_arch=none arch=linux-ubuntu18.04-x86_64
    ^openblas@0.3.18%gcc@7.5.0~bignuma~consistent_fpcsr~ilp64+locking+pic+shared threads=none arch=linux-ubuntu18.04-x86_64
        ^perl@5.34.0%gcc@7.5.0+cpanm+shared+threads arch=linux-ubuntu18.04-x86_64
            ^berkeley-db@18.1.40%gcc@7.5.0+cxx~docs+stl patches=b231fcc4d5cff05e5c3a4814f6a5af0e9a966428dc2176540d2c05aff41de522 arch=linux-ubuntu18.04-x86_64
            ^bzip2@1.0.8%gcc@7.5.0~debug~pic+shared arch=linux-ubuntu18.04-x86_64
                ^diffutils@3.8%gcc@7.5.0 arch=linux-ubuntu18.04-x86_64
                    ^libiconv@1.16%gcc@7.5.0 libs=shared,static arch=linux-ubuntu18.04-x86_64
            ^gdbm@1.19%gcc@7.5.0 arch=linux-ubuntu18.04-x86_64
                ^readline@8.1%gcc@7.5.0 arch=linux-ubuntu18.04-x86_64
                    ^ncurses@6.2%gcc@7.5.0~symlinks+termlib abi=none arch=linux-ubuntu18.04-x86_64
                        ^pkgconf@1.8.0%gcc@7.5.0 arch=linux-ubuntu18.04-x86_64
            ^zlib@1.2.11%gcc@7.5.0+optimize+pic+shared arch=linux-ubuntu18.04-x86_64
    ^openmpi@4.1.1%gcc@7.5.0~atomics~cuda~cxx~cxx_exceptions+gpfs~internal-hwloc~java~legacylaunchers~lustre~memchecker~pmi~pmix~singularity~sqlite3+static~thread_multiple+vt+wrapper-rpath fabrics=none schedulers=none arch=linux-ubuntu18.04-x86_64
        ^hwloc@2.6.0%gcc@7.5.0~cairo~cuda~gl~libudev+libxml2~netloc~nvml~opencl+pci~rocm+shared arch=linux-ubuntu18.04-x86_64
            ^libpciaccess@0.16%gcc@7.5.0 arch=linux-ubuntu18.04-x86_64
                ^libtool@2.4.6%gcc@7.5.0 arch=linux-ubuntu18.04-x86_64
                    ^m4@1.4.19%gcc@7.5.0+sigsegv patches=9dc5fbd0d5cb1037ab1e6d0ecc74a30df218d0a94bdd5a02759a97f62daca573,bfdffa7c2eb01021d5849b36972c069693654ad826c1a20b53534009a4ec7a89 arch=linux-ubuntu18.04-x86_64
                        ^libsigsegv@2.13%gcc@7.5.0 arch=linux-ubuntu18.04-x86_64
                ^util-macros@1.19.3%gcc@7.5.0 arch=linux-ubuntu18.04-x86_64
            ^libxml2@2.9.12%gcc@7.5.0~python arch=linux-ubuntu18.04-x86_64
                ^xz@5.2.5%gcc@7.5.0~pic libs=shared,static arch=linux-ubuntu18.04-x86_64
        ^libevent@2.1.12%gcc@7.5.0+openssl arch=linux-ubuntu18.04-x86_64
            ^openssl@1.1.1l%gcc@7.5.0~docs certs=system arch=linux-ubuntu18.04-x86_64
        ^numactl@2.0.14%gcc@7.5.0 patches=4e1d78cbbb85de625bad28705e748856033eaafab92a66dffd383a3d7e00cc94,62fc8a8bf7665a60e8f4c93ebbd535647cebf74198f7afafec4c085a8825c006,ff37630df599cfabf0740518b91ec8daaf18e8f288b19adaae5364dc1f6b2296 arch=linux-ubuntu18.04-x86_64
            ^autoconf@2.69%gcc@7.5.0 patches=35c449281546376449766f92d49fc121ca50e330e60fefcfc9be2af3253082c2,7793209b33013dc0f81208718c68440c5aae80e7a1c4b8d336e382525af791a7,a49dd5bac3b62daa0ff688ab4d508d71dbd2f4f8d7e2a02321926346161bf3ee arch=linux-ubuntu18.04-x86_64
            ^automake@1.16.3%gcc@7.5.0 arch=linux-ubuntu18.04-x86_64
        ^openssh@8.7p1%gcc@7.5.0 arch=linux-ubuntu18.04-x86_64
            ^libedit@3.1-20210216%gcc@7.5.0 arch=linux-ubuntu18.04-x86_64
