$ spack concretize
$ spack find -c
==> In environment /home/spack/code
==> Root specs
-- no arch / clang ----------------------------------------------
boost%clang
openmpi%clang
trilinos%clang

-- no arch / gcc ------------------------------------------------
boost%gcc
boost%gcc
openmpi%gcc
openmpi%gcc
trilinos%gcc
trilinos%gcc

==> Concretized roots
-- linux-ubuntu18.04-x86_64 / clang@6.0.0 -----------------------
boost@1.73.0
openmpi@3.1.6
trilinos@12.18.1

-- linux-ubuntu18.04-x86_64 / gcc@7.5.0 -------------------------
boost@1.73.0
openmpi@3.1.6
trilinos@12.18.1
trilinos@12.18.1

