$ spack python find_exclude.py %gcc ^mpich
-- linux-ubuntu26.04-x86_64_v3 / %c,cxx,fortran=gcc@15.2.0 ------
mpich@5.0.1	 openmpi@5.0.10	 scr@2.0.0    trilinos@17.1.1
openblas@0.3.33	 scr@2.0.0	 silo@4.12.0

-- linux-ubuntu26.04-x86_64_v3 / %c,cxx,fortran=gcc@16.1.0 ------
mpich@5.0.1  openblas@0.3.33  openmpi@5.0.10  py-scipy@1.17.1

-- linux-ubuntu26.04-x86_64_v3 / %c,cxx=gcc@15.2.0 --------------
adept-utils@1.0.1    dyninst@13.0.0  hwloc@2.13.0	 m4@1.4.21	 python@3.14.5
berkeley-db@18.1.40  elfutils@0.194  intel-tbb@2023.0.0	 macsio@1.1	 tcl@8.6.17
binutils@2.46.1	     expat@2.8.1     krb5@1.22.2	 macsio@1.1	 zlib-ng@2.0.7
boost@1.72.0	     gcc@16.1.0	     libdwarf@2.3.0	 ncurses@6.6	 zlib-ng@2.3.3
callpath@1.0.4	     gettext@1.0     libffi@3.5.2	 nghttp2@1.67.1	 zlib-ng@2.3.3
cmake@3.31.11	     glib@2.88.1     libiberty@2.46.0	 openssh@10.3p1	 zlib-ng@2.3.3
curl@8.20.0	     gmp@6.3.0	     lz4@1.10.0		 openssl@3.6.1	 zstd@1.5.7

-- linux-ubuntu26.04-x86_64_v3 / %c,cxx=gcc@16.1.0 --------------
expat@2.8.1  hwloc@2.13.0  libffi@3.5.2	 openssh@10.3p1	 py-numpy@2.4.6	 zlib-ng@2.3.3
gettext@1.0  krb5@1.22.2   ncurses@6.6	 openssl@3.6.1	 python@3.14.5	 zstd@1.5.7

-- linux-ubuntu26.04-x86_64_v3 / %c,fortran=gcc@15.2.0 ----------
libyogrt@1.35

-- linux-ubuntu26.04-x86_64_v3 / %c,fortran=gcc@16.1.0 ----------
netlib-lapack@3.12.1  netlib-scalapack@2.2.3  netlib-scalapack@2.2.3

-- linux-ubuntu26.04-x86_64_v3 / %c=gcc@15.2.0 ------------------
automake@1.18.1	  libbsd@0.12.2		lmod@8.7.67		 pkgconf@2.5.1
bzip2@1.0.8	  libedit@3.1-20251016	lua@5.4.8		 pmix@6.1.0
dtcmp@1.1.5	  libevent@2.1.12	lua-luafilesystem@1.9.0	 prrte@4.1.0
file@5.46	  libfabric@2.5.1	lua-luaposix@36.3	 readline@8.3
findutils@4.10.0  libgcrypt@1.12.2	lwgrp@1.0.6		 slurm@25-05-1-1
gdbm@1.26	  libgpg-error@1.61	mpc@1.4.1		 sqlite@3.53.1
gmake@4.4.1	  libiconv@1.18		mpfr@4.2.2		 tar@1.35
gmake@4.4.1	  libmd@1.1.0		munge@0.5.18		 unzip@6.0
hdf5@1.14.6	  libpciaccess@0.17	numactl@2.0.19		 util-linux-uuid@2.41
hdf5@1.14.6	  libsigsegv@2.15	pcre2@10.44		 xz@5.8.3
json-c@0.18	  libtool@2.5.4		pdsh@2.35
json-cwx@0.12	  libxcrypt@4.5.2	perl@5.42.0
less@692	  libxml2@2.15.3	pigz@2.8

-- linux-ubuntu26.04-x86_64_v3 / %c=gcc@16.1.0 ------------------
bzip2@1.0.8	      libevent@2.1.12  libpciaccess@0.17  pigz@2.8	sqlite@3.53.1
gdbm@1.26	      libfabric@2.5.1  libxcrypt@4.5.2	  pmix@6.1.0	tar@1.35
libbsd@0.12.2	      libiconv@1.18    libxml2@2.15.3	  prrte@4.1.0	util-linux-uuid@2.41
libedit@3.1-20251016  libmd@1.1.0      numactl@2.0.19	  readline@8.3	xz@5.8.3

-- linux-ubuntu26.04-x86_64_v3 / %cxx=gcc@15.2.0 ----------------
kokkos@5.1.1  kokkos-kernels@5.1.1

-- linux-ubuntu26.04-x86_64_v3 / %cxx=gcc@16.1.0 ----------------
py-pybind11@3.0.2

-- linux-ubuntu26.04-x86_64_v3 / no compilers -------------------
gcc-runtime@15.2.0  gcc-runtime@15.2.0	gcc-runtime@16.1.0
