$ spack find --format "{name} {version} {hash:10}"
adept-utils 1.0.1 naehq6ldod	   llvm 21.1.8 px4mv6leqp
autoconf 2.72 jo3eg4rjvu	   lmod 8.7.67 wf22jsggn5
automake 1.18.1 yhkgfaibmq	   lua 5.4.8 q66mudlsap
berkeley-db 18.1.40 27d4iypuci	   lua-luafilesystem 1.9.0 su5b2hsgwg
binutils 2.46.1 6ene6zrpqg	   lua-luaposix 36.3 egzwtikjsf
boost 1.72.0 52pdqqjhv3		   lwgrp 1.0.6 vce7blyslk
bzip2 1.0.8 cbtgjrhpwi		   lz4 1.10.0 ozuoqp53ae
bzip2 1.0.8 5kv66tqcv6		   m4 1.4.21 y6uqrtoi6s
callpath 1.0.4 xksxwmqijj	   macsio 1.1 4x6m3h66yg
cmake 3.31.11 a4wqsr7jgu	   macsio 1.1 mwcffrktix
compiler-wrapper 1.1.0 mmywg7x4my  mpc 1.4.1 gxmoxea2jy
curl 8.20.0 j2fa7xlzdv		   mpfr 4.2.2 melg7gafko
dtcmp 1.1.5 cjk3tolu6w		   mpich 5.0.1 xkilhym6dn
dyninst 13.0.0 kurk3h3kbs	   mpich 5.0.1 fxetsgw62g
elfutils 0.194 qqik7au6w4	   munge 0.5.18 2rzdjfo4s3
expat 2.8.1 d462mhwofp		   ncurses 6.6 ekvivpvwxp
expat 2.8.1 kqm2d3gvvu		   ncurses 6.6 romubi25ey
file 5.46 mguwetco63		   netlib-lapack 3.12.1 77mpzq52bk
findutils 4.10.0 punbqrxx5v	   netlib-scalapack 2.2.3 ugsrem2k5c
gcc 14.3.0 5zrvmb3qx7		   netlib-scalapack 2.2.3 y2obsoclpu
gcc 15.2.0 cl66sen4hs		   netlib-scalapack 2.2.3 6twt5ypw7p
gcc 15.2.0 yjlog5xxyg		   netlib-scalapack 2.2.3 faqiqu4wbw
gcc 16.1.0 hkkcdmj2gu		   nghttp2 1.67.1 4lyasazukl
gcc-runtime 15.2.0 yhhe2wecmh	   numactl 2.0.19 2t2useutfy
gcc-runtime 15.2.0 xm76mt35el	   numactl 2.0.19 vn7wvoehm2
gcc-runtime 16.1.0 nn3xbub7zh	   openblas 0.3.33 7kdghmrs2g
gdbm 1.26 cq4dkucz57		   openblas 0.3.33 uh2kn3ctzg
gdbm 1.26 2qw4v6642b		   openmpi 5.0.10 qfut5qqwp2
gettext 1.0 sle3ix4niz		   openmpi 5.0.10 s6hcsd5arf
gettext 1.0 qdxpkom3wt		   openssh 10.3p1 m6yx5j3src
glib 2.88.1 6jow2egi2l		   openssh 10.3p1 plgdjpahip
glibc 2.43 ublhg653t6		   openssl 3.6.1 33yozp5l5c
glibc 2.43 yc4n2ppjkm		   openssl 3.6.1 mladgc5eep
gmake 4.4.1 cdyuto2vcd		   pcre2 10.44 hxboy227go
gmake 4.4.1 r4lhaokbvy		   pdsh 2.35 42p3mgwu44
gmp 6.3.0 xpmsy5xffe		   perl 5.42.0 bvphs3b3ja
hdf5 1.14.6 as6mmcjwjl		   pigz 2.8 afklka7uur
hdf5 1.14.6 7cwv3stkmk		   pigz 2.8 7ppidiedss
hdf5 1.14.6 jceyzq7qva		   pkgconf 2.5.1 yvl6jpilvk
hwloc 2.13.0 ujctyeyjzv		   pmix 6.1.0 ycyqykw634
hwloc 2.13.0 fkki5gmowq		   pmix 6.1.0 2vgljh5yyo
intel-tbb 2023.0.0 tf2gxcsr5v	   prrte 4.1.0 nldxmxwkhu
json-c 0.18 wzb5pq2lxt		   prrte 4.1.0 wwm2ix6ijb
json-cwx 0.12 vluhg4wrbf	   py-numpy 2.4.6 gvvfhjhkhi
kokkos 5.1.1 kpwomw3oxg		   py-pybind11 3.0.2 jv2364qenp
kokkos-kernels 5.1.1 ml3q3dq5ch	   py-scipy 1.17.1 s2p5dpl2sr
krb5 1.22.2 ldqeqfwa76		   python 3.14.5 derywaqkj5
krb5 1.22.2 7a4l5v5nat		   python 3.14.5 vuoqpmohlx
less 692 ohmdb2lfmv		   python-venv 1.0 j76kyd42la
libbsd 0.12.2 7o3mv6c3do	   python-venv 1.0 iyp4dooj6g
libbsd 0.12.2 2zdnupjtph	   readline 8.3 k25xiihp5d
libdwarf 2.3.0 rji2bticj7	   readline 8.3 teh56foom4
libedit 3.1-20251016 uwyh3xy52r	   scr 2.0.0 bdhwshgs2z
libedit 3.1-20251016 4binz2pyum	   scr 2.0.0 fzyxmihh5a
libevent 2.1.12 oopqoagvk4	   silo 4.12.0 lw4y63zl33
libevent 2.1.12 ul3skjateb	   slurm 25-05-1-1 yg45f3qjki
libfabric 2.5.1 itb4a2swgf	   sqlite 3.53.1 unjd5day6p
libfabric 2.5.1 o3dcvlbnly	   sqlite 3.53.1 qy73hymb6h
libffi 3.5.2 aiceoszqyf		   tar 1.35 f5xe4pxauj
libffi 3.5.2 pkl6qupano		   tar 1.35 u62ty4dsid
libgcrypt 1.12.2 ksohnknooj	   tcl 8.6.17 d4ibosbgfm
libgpg-error 1.61 qxxesj62dd	   trilinos 17.1.1 66pfqb7gv7
libiberty 2.46.0 ftcprn47kv	   trilinos 17.1.1 i3pydqndbu
libiconv 1.18 vbwvgwxvjr	   unzip 6.0 4qgksuyoha
libiconv 1.18 xrsocgcig7	   util-linux-uuid 2.41 clufswxoi5
libmd 1.1.0 yvvn7mur5p		   util-linux-uuid 2.41 2wcnb6nky3
libmd 1.1.0 ypuui7vsqi		   xz 5.8.3 hhjyyqygxt
libpciaccess 0.17 qzkk5ymbu3	   xz 5.8.3 rrvhelyvar
libpciaccess 0.17 t5frspjun7	   zlib-ng 2.0.7 aeoqp4ey2p
libsigsegv 2.15 phcmfqkiob	   zlib-ng 2.3.3 g72d7i3bvg
libtool 2.5.4 3gdq456dec	   zlib-ng 2.3.3 gc236khsrb
libxcrypt 4.5.2 bkzcu2s2hn	   zlib-ng 2.3.3 5dji3nxkz5
libxcrypt 4.5.2 aca7p7lojt	   zlib-ng 2.3.3 t7jnrlgayh
libxml2 2.15.3 ujlg2uai6q	   zlib-ng 2.3.3 6l3ycpy4cr
libxml2 2.15.3 3rlsf7j7jg	   zstd 1.5.7 63aruxky3a
libyogrt 1.35 dv2btw3jwr	   zstd 1.5.7 mzuiikvvru
