$ spack uninstall -ay
==> Successfully uninstalled gcc@12.1.0%gcc@11.3.0~binutils+bootstrap~graphite~nvptx~piclibs~profiled~strip build_system=autotools build_type=RelWithDebInfo languages=c,c++,fortran patches=cc6112d arch=linux-ubuntu22.04-x86_64_v3/s5e5zwr
==> Successfully uninstalled gmake@4.4.1%gcc@11.3.0~guile build_system=autotools arch=linux-ubuntu22.04-x86_64_v3/guaj3kb
==> Successfully uninstalled gawk@5.2.1%gcc@11.3.0~nls build_system=autotools arch=linux-ubuntu22.04-x86_64_v3/6lk2khk
==> Successfully uninstalled mpc@1.3.1%gcc@11.3.0 build_system=autotools libs=shared,static arch=linux-ubuntu22.04-x86_64_v3/3qvnliw
==> Successfully uninstalled mpfr@4.2.0%gcc@11.3.0 build_system=autotools libs=shared,static arch=linux-ubuntu22.04-x86_64_v3/aiys7vc
==> Successfully uninstalled texinfo@7.0.3%gcc@11.3.0 build_system=autotools arch=linux-ubuntu22.04-x86_64_v3/tcpqkls
==> Successfully uninstalled gettext@0.21.1%gcc@11.3.0+bzip2+curses+git~libunistring+libxml2+tar+xz build_system=autotools arch=linux-ubuntu22.04-x86_64_v3/p4obvgx
==> Successfully uninstalled tar@1.34%gcc@11.3.0 build_system=autotools zip=pigz arch=linux-ubuntu22.04-x86_64_v3/e77cf6a
==> Successfully uninstalled pigz@2.7%gcc@11.3.0 build_system=makefile arch=linux-ubuntu22.04-x86_64_v3/aln73eo
==> Successfully uninstalled libxml2@2.10.3%gcc@11.3.0~python build_system=autotools arch=linux-ubuntu22.04-x86_64_v3/pcbenki
==> Successfully uninstalled xz@5.4.1%gcc@11.3.0~pic build_system=autotools libs=shared,static arch=linux-ubuntu22.04-x86_64_v3/4kpkw5a
==> Successfully uninstalled autoconf-archive@2023.02.20%gcc@11.3.0 build_system=autotools arch=linux-ubuntu22.04-x86_64_v3/5wwl7c6
==> Successfully uninstalled gmp@6.2.1%gcc@11.3.0+cxx build_system=autotools libs=shared,static patches=69ad2e2 arch=linux-ubuntu22.04-x86_64_v3/7kxi3rr
==> Successfully uninstalled libtool@2.4.7%gcc@11.3.0 build_system=autotools arch=linux-ubuntu22.04-x86_64_v3/qkvj7am
==> Successfully uninstalled automake@1.16.5%gcc@11.3.0 build_system=autotools arch=linux-ubuntu22.04-x86_64_v3/oa3w4kf
==> Successfully uninstalled autoconf@2.69%gcc@11.3.0 build_system=autotools patches=35c4492,7793209,a49dd5b arch=linux-ubuntu22.04-x86_64_v3/t4nuen3
==> Successfully uninstalled perl@5.36.0%gcc@11.3.0+cpanm+open+shared+threads build_system=generic arch=linux-ubuntu22.04-x86_64_v3/j5tavds
==> Successfully uninstalled zlib@1.2.13%gcc@11.3.0+optimize+pic+shared build_system=makefile arch=linux-ubuntu22.04-x86_64_v3/mntflxr
==> Successfully uninstalled gdbm@1.23%gcc@11.3.0 build_system=autotools arch=linux-ubuntu22.04-x86_64_v3/ba4juc3
==> Successfully uninstalled readline@8.2%gcc@11.3.0 build_system=autotools patches=bbf97f1 arch=linux-ubuntu22.04-x86_64_v3/tddm2ff
==> Successfully uninstalled ncurses@6.4%gcc@11.3.0~symlinks+termlib abi=none build_system=autotools arch=linux-ubuntu22.04-x86_64_v3/4dokmxj
==> Successfully uninstalled pkgconf@1.9.5%gcc@11.3.0 build_system=autotools arch=linux-ubuntu22.04-x86_64_v3/mh73nkp
==> Successfully uninstalled berkeley-db@18.1.40%gcc@11.3.0+cxx~docs+stl build_system=autotools patches=26090f4,b231fcc arch=linux-ubuntu22.04-x86_64_v3/7sohpaz
==> Successfully uninstalled m4@1.4.19%gcc@11.3.0+sigsegv build_system=autotools patches=9dc5fbd,bfdffa7 arch=linux-ubuntu22.04-x86_64_v3/llbjfk2
==> Successfully uninstalled libsigsegv@2.14%gcc@11.3.0 build_system=autotools arch=linux-ubuntu22.04-x86_64_v3/okig24f
==> Successfully uninstalled zstd@1.5.5%gcc@11.3.0+programs build_system=makefile compression=none libs=shared,static arch=linux-ubuntu22.04-x86_64_v3/qoo4rlo
==> Successfully uninstalled bzip2@1.0.8%gcc@11.3.0~debug~pic+shared build_system=generic arch=linux-ubuntu22.04-x86_64_v3/dca2qyg
==> Successfully uninstalled diffutils@3.9%gcc@11.3.0 build_system=autotools arch=linux-ubuntu22.04-x86_64_v3/zdl3dic
==> Successfully uninstalled libiconv@1.17%gcc@11.3.0 build_system=autotools libs=shared,static arch=linux-ubuntu22.04-x86_64_v3/7wr75ce
$ spack compiler rm gcc@12.1.0
==> Removed compiler gcc@12.1.0
$ spack install hdf5
==> Installing pkgconf-1.9.5-mh73nkpzo36xqeaagdrh3qppvmn6zdn6
==> Fetching file:///mirror/build_cache/linux-ubuntu22.04-x86_64_v3-gcc-11.3.0-pkgconf-1.9.5-mh73nkpzo36xqeaagdrh3qppvmn6zdn6.spec.json.sig
==> Fetching file:///mirror/build_cache/linux-ubuntu22.04-x86_64_v3/gcc-11.3.0/pkgconf-1.9.5/linux-ubuntu22.04-x86_64_v3-gcc-11.3.0-pkgconf-1.9.5-mh73nkpzo36xqeaagdrh3qppvmn6zdn6.spack
==> Extracting pkgconf-1.9.5-mh73nkpzo36xqeaagdrh3qppvmn6zdn6 from binary cache
==> pkgconf: Successfully installed pkgconf-1.9.5-mh73nkpzo36xqeaagdrh3qppvmn6zdn6
  Search: 0.00s.  Fetch: 0.11s.  Install: 0.04s.  Total: 0.15s
[+] /home/spack/spack/opt/spack/linux-ubuntu22.04-x86_64_v3/gcc-11.3.0/pkgconf-1.9.5-mh73nkpzo36xqeaagdrh3qppvmn6zdn6
==> Installing ca-certificates-mozilla-2023-01-10-5pxkrf4bc5g6uuwm4apyvbm3mhmokm44
==> Fetching file:///mirror/build_cache/linux-ubuntu22.04-x86_64_v3-gcc-11.3.0-ca-certificates-mozilla-2023-01-10-5pxkrf4bc5g6uuwm4apyvbm3mhmokm44.spec.json.sig
==> Fetching file:///mirror/build_cache/linux-ubuntu22.04-x86_64_v3/gcc-11.3.0/ca-certificates-mozilla-2023-01-10/linux-ubuntu22.04-x86_64_v3-gcc-11.3.0-ca-certificates-mozilla-2023-01-10-5pxkrf4bc5g6uuwm4apyvbm3mhmokm44.spack
==> Extracting ca-certificates-mozilla-2023-01-10-5pxkrf4bc5g6uuwm4apyvbm3mhmokm44 from binary cache
==> ca-certificates-mozilla: Successfully installed ca-certificates-mozilla-2023-01-10-5pxkrf4bc5g6uuwm4apyvbm3mhmokm44
  Search: 0.00s.  Fetch: 0.01s.  Install: 0.02s.  Total: 0.03s
[+] /home/spack/spack/opt/spack/linux-ubuntu22.04-x86_64_v3/gcc-11.3.0/ca-certificates-mozilla-2023-01-10-5pxkrf4bc5g6uuwm4apyvbm3mhmokm44
==> Installing berkeley-db-18.1.40-7sohpazzvalaxarn3pxs4du7qrcde7vf
==> Fetching file:///mirror/build_cache/linux-ubuntu22.04-x86_64_v3-gcc-11.3.0-berkeley-db-18.1.40-7sohpazzvalaxarn3pxs4du7qrcde7vf.spec.json.sig
==> Fetching file:///mirror/build_cache/linux-ubuntu22.04-x86_64_v3/gcc-11.3.0/berkeley-db-18.1.40/linux-ubuntu22.04-x86_64_v3-gcc-11.3.0-berkeley-db-18.1.40-7sohpazzvalaxarn3pxs4du7qrcde7vf.spack
==> Extracting berkeley-db-18.1.40-7sohpazzvalaxarn3pxs4du7qrcde7vf from binary cache
==> berkeley-db: Successfully installed berkeley-db-18.1.40-7sohpazzvalaxarn3pxs4du7qrcde7vf
  Search: 0.00s.  Fetch: 0.01s.  Install: 0.10s.  Total: 0.11s
[+] /home/spack/spack/opt/spack/linux-ubuntu22.04-x86_64_v3/gcc-11.3.0/berkeley-db-18.1.40-7sohpazzvalaxarn3pxs4du7qrcde7vf
==> Installing libiconv-1.17-7wr75cescbtfyjppbbvswfpurs3gtxyf
==> Fetching file:///mirror/build_cache/linux-ubuntu22.04-x86_64_v3-gcc-11.3.0-libiconv-1.17-7wr75cescbtfyjppbbvswfpurs3gtxyf.spec.json.sig
==> Fetching file:///mirror/build_cache/linux-ubuntu22.04-x86_64_v3/gcc-11.3.0/libiconv-1.17/linux-ubuntu22.04-x86_64_v3-gcc-11.3.0-libiconv-1.17-7wr75cescbtfyjppbbvswfpurs3gtxyf.spack
==> Extracting libiconv-1.17-7wr75cescbtfyjppbbvswfpurs3gtxyf from binary cache
==> libiconv: Successfully installed libiconv-1.17-7wr75cescbtfyjppbbvswfpurs3gtxyf
  Search: 0.00s.  Fetch: 0.01s.  Install: 0.07s.  Total: 0.08s
[+] /home/spack/spack/opt/spack/linux-ubuntu22.04-x86_64_v3/gcc-11.3.0/libiconv-1.17-7wr75cescbtfyjppbbvswfpurs3gtxyf
==> Installing zlib-1.2.13-mntflxrgekkm5lbpbl5r66lh2ieted4y
==> Fetching file:///mirror/build_cache/linux-ubuntu22.04-x86_64_v3-gcc-11.3.0-zlib-1.2.13-mntflxrgekkm5lbpbl5r66lh2ieted4y.spec.json.sig
==> Fetching file:///mirror/build_cache/linux-ubuntu22.04-x86_64_v3/gcc-11.3.0/zlib-1.2.13/linux-ubuntu22.04-x86_64_v3-gcc-11.3.0-zlib-1.2.13-mntflxrgekkm5lbpbl5r66lh2ieted4y.spack
==> Extracting zlib-1.2.13-mntflxrgekkm5lbpbl5r66lh2ieted4y from binary cache
==> zlib: Successfully installed zlib-1.2.13-mntflxrgekkm5lbpbl5r66lh2ieted4y
  Search: 0.00s.  Fetch: 0.01s.  Install: 0.02s.  Total: 0.03s
[+] /home/spack/spack/opt/spack/linux-ubuntu22.04-x86_64_v3/gcc-11.3.0/zlib-1.2.13-mntflxrgekkm5lbpbl5r66lh2ieted4y
==> Installing gmake-4.4.1-guaj3kbmbrdgqupr5u3zd42ga3kong7l
==> Fetching file:///mirror/build_cache/linux-ubuntu22.04-x86_64_v3-gcc-11.3.0-gmake-4.4.1-guaj3kbmbrdgqupr5u3zd42ga3kong7l.spec.json.sig
==> Fetching file:///mirror/build_cache/linux-ubuntu22.04-x86_64_v3/gcc-11.3.0/gmake-4.4.1/linux-ubuntu22.04-x86_64_v3-gcc-11.3.0-gmake-4.4.1-guaj3kbmbrdgqupr5u3zd42ga3kong7l.spack
==> Extracting gmake-4.4.1-guaj3kbmbrdgqupr5u3zd42ga3kong7l from binary cache
==> gmake: Successfully installed gmake-4.4.1-guaj3kbmbrdgqupr5u3zd42ga3kong7l
  Search: 0.00s.  Fetch: 0.01s.  Install: 0.03s.  Total: 0.03s
[+] /home/spack/spack/opt/spack/linux-ubuntu22.04-x86_64_v3/gcc-11.3.0/gmake-4.4.1-guaj3kbmbrdgqupr5u3zd42ga3kong7l
==> Installing libsigsegv-2.14-okig24f4hxju4we3kmbfzfwu3egktfhh
==> Fetching file:///mirror/build_cache/linux-ubuntu22.04-x86_64_v3-gcc-11.3.0-libsigsegv-2.14-okig24f4hxju4we3kmbfzfwu3egktfhh.spec.json.sig
==> Fetching file:///mirror/build_cache/linux-ubuntu22.04-x86_64_v3/gcc-11.3.0/libsigsegv-2.14/linux-ubuntu22.04-x86_64_v3-gcc-11.3.0-libsigsegv-2.14-okig24f4hxju4we3kmbfzfwu3egktfhh.spack
==> Extracting libsigsegv-2.14-okig24f4hxju4we3kmbfzfwu3egktfhh from binary cache
==> libsigsegv: Successfully installed libsigsegv-2.14-okig24f4hxju4we3kmbfzfwu3egktfhh
  Search: 0.00s.  Fetch: 0.01s.  Install: 0.02s.  Total: 0.03s
[+] /home/spack/spack/opt/spack/linux-ubuntu22.04-x86_64_v3/gcc-11.3.0/libsigsegv-2.14-okig24f4hxju4we3kmbfzfwu3egktfhh
==> Installing util-macros-1.19.3-pmmxgx45h2jphgpmscd5d2ohyjcppotq
==> Fetching file:///mirror/build_cache/linux-ubuntu22.04-x86_64_v3-gcc-11.3.0-util-macros-1.19.3-pmmxgx45h2jphgpmscd5d2ohyjcppotq.spec.json.sig
==> Fetching file:///mirror/build_cache/linux-ubuntu22.04-x86_64_v3/gcc-11.3.0/util-macros-1.19.3/linux-ubuntu22.04-x86_64_v3-gcc-11.3.0-util-macros-1.19.3-pmmxgx45h2jphgpmscd5d2ohyjcppotq.spack
==> Extracting util-macros-1.19.3-pmmxgx45h2jphgpmscd5d2ohyjcppotq from binary cache
==> util-macros: Successfully installed util-macros-1.19.3-pmmxgx45h2jphgpmscd5d2ohyjcppotq
  Search: 0.00s.  Fetch: 0.01s.  Install: 0.01s.  Total: 0.03s
[+] /home/spack/spack/opt/spack/linux-ubuntu22.04-x86_64_v3/gcc-11.3.0/util-macros-1.19.3-pmmxgx45h2jphgpmscd5d2ohyjcppotq
==> Installing xz-5.4.1-4kpkw5anjs35mccxgsw24ooonnpk7pkx
==> Fetching file:///mirror/build_cache/linux-ubuntu22.04-x86_64_v3-gcc-11.3.0-xz-5.4.1-4kpkw5anjs35mccxgsw24ooonnpk7pkx.spec.json.sig
==> Fetching file:///mirror/build_cache/linux-ubuntu22.04-x86_64_v3/gcc-11.3.0/xz-5.4.1/linux-ubuntu22.04-x86_64_v3-gcc-11.3.0-xz-5.4.1-4kpkw5anjs35mccxgsw24ooonnpk7pkx.spack
==> Extracting xz-5.4.1-4kpkw5anjs35mccxgsw24ooonnpk7pkx from binary cache
==> xz: Successfully installed xz-5.4.1-4kpkw5anjs35mccxgsw24ooonnpk7pkx
  Search: 0.00s.  Fetch: 0.01s.  Install: 0.09s.  Total: 0.10s
[+] /home/spack/spack/opt/spack/linux-ubuntu22.04-x86_64_v3/gcc-11.3.0/xz-5.4.1-4kpkw5anjs35mccxgsw24ooonnpk7pkx
==> Installing zstd-1.5.5-qoo4rlopj4vqbc6k633cu3tzawtfjjvh
==> Fetching file:///mirror/build_cache/linux-ubuntu22.04-x86_64_v3-gcc-11.3.0-zstd-1.5.5-qoo4rlopj4vqbc6k633cu3tzawtfjjvh.spec.json.sig
==> Fetching file:///mirror/build_cache/linux-ubuntu22.04-x86_64_v3/gcc-11.3.0/zstd-1.5.5/linux-ubuntu22.04-x86_64_v3-gcc-11.3.0-zstd-1.5.5-qoo4rlopj4vqbc6k633cu3tzawtfjjvh.spack
==> Extracting zstd-1.5.5-qoo4rlopj4vqbc6k633cu3tzawtfjjvh from binary cache
==> zstd: Successfully installed zstd-1.5.5-qoo4rlopj4vqbc6k633cu3tzawtfjjvh
  Search: 0.00s.  Fetch: 0.01s.  Install: 0.05s.  Total: 0.06s
[+] /home/spack/spack/opt/spack/linux-ubuntu22.04-x86_64_v3/gcc-11.3.0/zstd-1.5.5-qoo4rlopj4vqbc6k633cu3tzawtfjjvh
==> Installing ncurses-6.4-4dokmxjlgawyprrnkewx3aiwppdbwbts
==> Fetching file:///mirror/build_cache/linux-ubuntu22.04-x86_64_v3-gcc-11.3.0-ncurses-6.4-4dokmxjlgawyprrnkewx3aiwppdbwbts.spec.json.sig
==> Fetching file:///mirror/build_cache/linux-ubuntu22.04-x86_64_v3/gcc-11.3.0/ncurses-6.4/linux-ubuntu22.04-x86_64_v3-gcc-11.3.0-ncurses-6.4-4dokmxjlgawyprrnkewx3aiwppdbwbts.spack
==> Extracting ncurses-6.4-4dokmxjlgawyprrnkewx3aiwppdbwbts from binary cache
==> ncurses: Successfully installed ncurses-6.4-4dokmxjlgawyprrnkewx3aiwppdbwbts
  Search: 0.00s.  Fetch: 0.01s.  Install: 0.50s.  Total: 0.51s
[+] /home/spack/spack/opt/spack/linux-ubuntu22.04-x86_64_v3/gcc-11.3.0/ncurses-6.4-4dokmxjlgawyprrnkewx3aiwppdbwbts
==> Installing diffutils-3.9-zdl3dicv5j27w25e54v52bww5n3h4c74
==> Fetching file:///mirror/build_cache/linux-ubuntu22.04-x86_64_v3-gcc-11.3.0-diffutils-3.9-zdl3dicv5j27w25e54v52bww5n3h4c74.spec.json.sig
==> Fetching file:///mirror/build_cache/linux-ubuntu22.04-x86_64_v3/gcc-11.3.0/diffutils-3.9/linux-ubuntu22.04-x86_64_v3-gcc-11.3.0-diffutils-3.9-zdl3dicv5j27w25e54v52bww5n3h4c74.spack
==> Extracting diffutils-3.9-zdl3dicv5j27w25e54v52bww5n3h4c74 from binary cache
==> diffutils: Successfully installed diffutils-3.9-zdl3dicv5j27w25e54v52bww5n3h4c74
  Search: 0.00s.  Fetch: 0.01s.  Install: 0.06s.  Total: 0.07s
[+] /home/spack/spack/opt/spack/linux-ubuntu22.04-x86_64_v3/gcc-11.3.0/diffutils-3.9-zdl3dicv5j27w25e54v52bww5n3h4c74
==> Installing pigz-2.7-aln73eomrjghrlg6q2ida2rr4ylvg2cp
==> Fetching file:///mirror/build_cache/linux-ubuntu22.04-x86_64_v3-gcc-11.3.0-pigz-2.7-aln73eomrjghrlg6q2ida2rr4ylvg2cp.spec.json.sig
==> Fetching file:///mirror/build_cache/linux-ubuntu22.04-x86_64_v3/gcc-11.3.0/pigz-2.7/linux-ubuntu22.04-x86_64_v3-gcc-11.3.0-pigz-2.7-aln73eomrjghrlg6q2ida2rr4ylvg2cp.spack
==> Extracting pigz-2.7-aln73eomrjghrlg6q2ida2rr4ylvg2cp from binary cache
==> pigz: Successfully installed pigz-2.7-aln73eomrjghrlg6q2ida2rr4ylvg2cp
  Search: 0.00s.  Fetch: 0.01s.  Install: 0.02s.  Total: 0.03s
[+] /home/spack/spack/opt/spack/linux-ubuntu22.04-x86_64_v3/gcc-11.3.0/pigz-2.7-aln73eomrjghrlg6q2ida2rr4ylvg2cp
==> Installing libxml2-2.10.3-pcbenkircucqrjzgyud6xzgxfptjz6x6
==> Fetching file:///mirror/build_cache/linux-ubuntu22.04-x86_64_v3-gcc-11.3.0-libxml2-2.10.3-pcbenkircucqrjzgyud6xzgxfptjz6x6.spec.json.sig
==> Fetching file:///mirror/build_cache/linux-ubuntu22.04-x86_64_v3/gcc-11.3.0/libxml2-2.10.3/linux-ubuntu22.04-x86_64_v3-gcc-11.3.0-libxml2-2.10.3-pcbenkircucqrjzgyud6xzgxfptjz6x6.spack
==> Extracting libxml2-2.10.3-pcbenkircucqrjzgyud6xzgxfptjz6x6 from binary cache
==> libxml2: Successfully installed libxml2-2.10.3-pcbenkircucqrjzgyud6xzgxfptjz6x6
  Search: 0.00s.  Fetch: 0.01s.  Install: 0.11s.  Total: 0.13s
[+] /home/spack/spack/opt/spack/linux-ubuntu22.04-x86_64_v3/gcc-11.3.0/libxml2-2.10.3-pcbenkircucqrjzgyud6xzgxfptjz6x6
==> Installing readline-8.2-tddm2ffpgbcwobqdzn57di2n7oeqxryv
==> Fetching file:///mirror/build_cache/linux-ubuntu22.04-x86_64_v3-gcc-11.3.0-readline-8.2-tddm2ffpgbcwobqdzn57di2n7oeqxryv.spec.json.sig
==> Fetching file:///mirror/build_cache/linux-ubuntu22.04-x86_64_v3/gcc-11.3.0/readline-8.2/linux-ubuntu22.04-x86_64_v3-gcc-11.3.0-readline-8.2-tddm2ffpgbcwobqdzn57di2n7oeqxryv.spack
==> Extracting readline-8.2-tddm2ffpgbcwobqdzn57di2n7oeqxryv from binary cache
==> readline: Successfully installed readline-8.2-tddm2ffpgbcwobqdzn57di2n7oeqxryv
  Search: 0.00s.  Fetch: 0.01s.  Install: 0.06s.  Total: 0.07s
[+] /home/spack/spack/opt/spack/linux-ubuntu22.04-x86_64_v3/gcc-11.3.0/readline-8.2-tddm2ffpgbcwobqdzn57di2n7oeqxryv
==> Installing libedit-3.1-20210216-3gz2afaph66ogjiulkaek2mksnpxhtwu
==> Fetching file:///mirror/build_cache/linux-ubuntu22.04-x86_64_v3-gcc-11.3.0-libedit-3.1-20210216-3gz2afaph66ogjiulkaek2mksnpxhtwu.spec.json.sig
==> Fetching file:///mirror/build_cache/linux-ubuntu22.04-x86_64_v3/gcc-11.3.0/libedit-3.1-20210216/linux-ubuntu22.04-x86_64_v3-gcc-11.3.0-libedit-3.1-20210216-3gz2afaph66ogjiulkaek2mksnpxhtwu.spack
==> Extracting libedit-3.1-20210216-3gz2afaph66ogjiulkaek2mksnpxhtwu from binary cache
==> libedit: Successfully installed libedit-3.1-20210216-3gz2afaph66ogjiulkaek2mksnpxhtwu
  Search: 0.00s.  Fetch: 0.01s.  Install: 0.05s.  Total: 0.06s
[+] /home/spack/spack/opt/spack/linux-ubuntu22.04-x86_64_v3/gcc-11.3.0/libedit-3.1-20210216-3gz2afaph66ogjiulkaek2mksnpxhtwu
==> Installing bzip2-1.0.8-dca2qygvz7nc6q6ci2ikw7ltc2v4pryo
==> Fetching file:///mirror/build_cache/linux-ubuntu22.04-x86_64_v3-gcc-11.3.0-bzip2-1.0.8-dca2qygvz7nc6q6ci2ikw7ltc2v4pryo.spec.json.sig
==> Fetching file:///mirror/build_cache/linux-ubuntu22.04-x86_64_v3/gcc-11.3.0/bzip2-1.0.8/linux-ubuntu22.04-x86_64_v3-gcc-11.3.0-bzip2-1.0.8-dca2qygvz7nc6q6ci2ikw7ltc2v4pryo.spack
==> Extracting bzip2-1.0.8-dca2qygvz7nc6q6ci2ikw7ltc2v4pryo from binary cache
==> bzip2: Successfully installed bzip2-1.0.8-dca2qygvz7nc6q6ci2ikw7ltc2v4pryo
  Search: 0.00s.  Fetch: 0.01s.  Install: 0.03s.  Total: 0.04s
[+] /home/spack/spack/opt/spack/linux-ubuntu22.04-x86_64_v3/gcc-11.3.0/bzip2-1.0.8-dca2qygvz7nc6q6ci2ikw7ltc2v4pryo
==> Installing m4-1.4.19-llbjfk2fqzzlgbnubr345ym5mg2nrcfu
==> Fetching file:///mirror/build_cache/linux-ubuntu22.04-x86_64_v3-gcc-11.3.0-m4-1.4.19-llbjfk2fqzzlgbnubr345ym5mg2nrcfu.spec.json.sig
==> Fetching file:///mirror/build_cache/linux-ubuntu22.04-x86_64_v3/gcc-11.3.0/m4-1.4.19/linux-ubuntu22.04-x86_64_v3-gcc-11.3.0-m4-1.4.19-llbjfk2fqzzlgbnubr345ym5mg2nrcfu.spack
==> Extracting m4-1.4.19-llbjfk2fqzzlgbnubr345ym5mg2nrcfu from binary cache
==> m4: Successfully installed m4-1.4.19-llbjfk2fqzzlgbnubr345ym5mg2nrcfu
  Search: 0.00s.  Fetch: 0.01s.  Install: 0.05s.  Total: 0.06s
[+] /home/spack/spack/opt/spack/linux-ubuntu22.04-x86_64_v3/gcc-11.3.0/m4-1.4.19-llbjfk2fqzzlgbnubr345ym5mg2nrcfu
==> Installing gdbm-1.23-ba4juc3qtagyyn5vkmuxzentr6qrtzmr
==> Fetching file:///mirror/build_cache/linux-ubuntu22.04-x86_64_v3-gcc-11.3.0-gdbm-1.23-ba4juc3qtagyyn5vkmuxzentr6qrtzmr.spec.json.sig
==> Fetching file:///mirror/build_cache/linux-ubuntu22.04-x86_64_v3/gcc-11.3.0/gdbm-1.23/linux-ubuntu22.04-x86_64_v3-gcc-11.3.0-gdbm-1.23-ba4juc3qtagyyn5vkmuxzentr6qrtzmr.spack
==> Extracting gdbm-1.23-ba4juc3qtagyyn5vkmuxzentr6qrtzmr from binary cache
==> gdbm: Successfully installed gdbm-1.23-ba4juc3qtagyyn5vkmuxzentr6qrtzmr
  Search: 0.00s.  Fetch: 0.01s.  Install: 0.06s.  Total: 0.07s
[+] /home/spack/spack/opt/spack/linux-ubuntu22.04-x86_64_v3/gcc-11.3.0/gdbm-1.23-ba4juc3qtagyyn5vkmuxzentr6qrtzmr
==> Installing tar-1.34-e77cf6ahyuvzxeaojxrc5meo7cbwfbxo
==> Fetching file:///mirror/build_cache/linux-ubuntu22.04-x86_64_v3-gcc-11.3.0-tar-1.34-e77cf6ahyuvzxeaojxrc5meo7cbwfbxo.spec.json.sig
==> Fetching file:///mirror/build_cache/linux-ubuntu22.04-x86_64_v3/gcc-11.3.0/tar-1.34/linux-ubuntu22.04-x86_64_v3-gcc-11.3.0-tar-1.34-e77cf6ahyuvzxeaojxrc5meo7cbwfbxo.spack
==> Extracting tar-1.34-e77cf6ahyuvzxeaojxrc5meo7cbwfbxo from binary cache
==> tar: Successfully installed tar-1.34-e77cf6ahyuvzxeaojxrc5meo7cbwfbxo
  Search: 0.00s.  Fetch: 0.01s.  Install: 0.09s.  Total: 0.10s
[+] /home/spack/spack/opt/spack/linux-ubuntu22.04-x86_64_v3/gcc-11.3.0/tar-1.34-e77cf6ahyuvzxeaojxrc5meo7cbwfbxo
==> Installing libtool-2.4.7-qkvj7amqg5545llggv4k4jkgslrncfdu
==> Fetching file:///mirror/build_cache/linux-ubuntu22.04-x86_64_v3-gcc-11.3.0-libtool-2.4.7-qkvj7amqg5545llggv4k4jkgslrncfdu.spec.json.sig
==> Fetching file:///mirror/build_cache/linux-ubuntu22.04-x86_64_v3/gcc-11.3.0/libtool-2.4.7/linux-ubuntu22.04-x86_64_v3-gcc-11.3.0-libtool-2.4.7-qkvj7amqg5545llggv4k4jkgslrncfdu.spack
==> Extracting libtool-2.4.7-qkvj7amqg5545llggv4k4jkgslrncfdu from binary cache
==> libtool: Successfully installed libtool-2.4.7-qkvj7amqg5545llggv4k4jkgslrncfdu
  Search: 0.00s.  Fetch: 0.01s.  Install: 0.06s.  Total: 0.07s
[+] /home/spack/spack/opt/spack/linux-ubuntu22.04-x86_64_v3/gcc-11.3.0/libtool-2.4.7-qkvj7amqg5545llggv4k4jkgslrncfdu
==> Installing perl-5.36.0-j5tavdsri7znb4h7q57mu67bnx54p2fb
==> Fetching file:///mirror/build_cache/linux-ubuntu22.04-x86_64_v3-gcc-11.3.0-perl-5.36.0-j5tavdsri7znb4h7q57mu67bnx54p2fb.spec.json.sig
==> Fetching file:///mirror/build_cache/linux-ubuntu22.04-x86_64_v3/gcc-11.3.0/perl-5.36.0/linux-ubuntu22.04-x86_64_v3-gcc-11.3.0-perl-5.36.0-j5tavdsri7znb4h7q57mu67bnx54p2fb.spack
==> Extracting perl-5.36.0-j5tavdsri7znb4h7q57mu67bnx54p2fb from binary cache
==> perl: Successfully installed perl-5.36.0-j5tavdsri7znb4h7q57mu67bnx54p2fb
  Search: 0.00s.  Fetch: 0.02s.  Install: 0.71s.  Total: 0.74s
[+] /home/spack/spack/opt/spack/linux-ubuntu22.04-x86_64_v3/gcc-11.3.0/perl-5.36.0-j5tavdsri7znb4h7q57mu67bnx54p2fb
==> Installing gettext-0.21.1-p4obvgx4436lyrtjhu3xvosfkyjpgi7o
==> Fetching file:///mirror/build_cache/linux-ubuntu22.04-x86_64_v3-gcc-11.3.0-gettext-0.21.1-p4obvgx4436lyrtjhu3xvosfkyjpgi7o.spec.json.sig
==> Fetching file:///mirror/build_cache/linux-ubuntu22.04-x86_64_v3/gcc-11.3.0/gettext-0.21.1/linux-ubuntu22.04-x86_64_v3-gcc-11.3.0-gettext-0.21.1-p4obvgx4436lyrtjhu3xvosfkyjpgi7o.spack
==> Extracting gettext-0.21.1-p4obvgx4436lyrtjhu3xvosfkyjpgi7o from binary cache
==> gettext: Successfully installed gettext-0.21.1-p4obvgx4436lyrtjhu3xvosfkyjpgi7o
  Search: 0.00s.  Fetch: 0.02s.  Install: 0.55s.  Total: 0.57s
[+] /home/spack/spack/opt/spack/linux-ubuntu22.04-x86_64_v3/gcc-11.3.0/gettext-0.21.1-p4obvgx4436lyrtjhu3xvosfkyjpgi7o
==> Installing libpciaccess-0.17-ajkyiz5txltunmwxkrwz3xs6ymqaafnf
==> Fetching file:///mirror/build_cache/linux-ubuntu22.04-x86_64_v3-gcc-11.3.0-libpciaccess-0.17-ajkyiz5txltunmwxkrwz3xs6ymqaafnf.spec.json.sig
==> Fetching file:///mirror/build_cache/linux-ubuntu22.04-x86_64_v3/gcc-11.3.0/libpciaccess-0.17/linux-ubuntu22.04-x86_64_v3-gcc-11.3.0-libpciaccess-0.17-ajkyiz5txltunmwxkrwz3xs6ymqaafnf.spack
==> Extracting libpciaccess-0.17-ajkyiz5txltunmwxkrwz3xs6ymqaafnf from binary cache
==> libpciaccess: Successfully installed libpciaccess-0.17-ajkyiz5txltunmwxkrwz3xs6ymqaafnf
  Search: 0.00s.  Fetch: 0.01s.  Install: 0.03s.  Total: 0.04s
[+] /home/spack/spack/opt/spack/linux-ubuntu22.04-x86_64_v3/gcc-11.3.0/libpciaccess-0.17-ajkyiz5txltunmwxkrwz3xs6ymqaafnf
==> Installing bison-3.8.2-iavvoedsn6sibxs2v54fd5s7636sa5gv
==> Fetching file:///mirror/build_cache/linux-ubuntu22.04-x86_64_v3-gcc-11.3.0-bison-3.8.2-iavvoedsn6sibxs2v54fd5s7636sa5gv.spec.json.sig
==> Fetching file:///mirror/build_cache/linux-ubuntu22.04-x86_64_v3/gcc-11.3.0/bison-3.8.2/linux-ubuntu22.04-x86_64_v3-gcc-11.3.0-bison-3.8.2-iavvoedsn6sibxs2v54fd5s7636sa5gv.spack
==> Extracting bison-3.8.2-iavvoedsn6sibxs2v54fd5s7636sa5gv from binary cache
==> bison: Successfully installed bison-3.8.2-iavvoedsn6sibxs2v54fd5s7636sa5gv
  Search: 0.00s.  Fetch: 0.01s.  Install: 0.11s.  Total: 0.12s
[+] /home/spack/spack/opt/spack/linux-ubuntu22.04-x86_64_v3/gcc-11.3.0/bison-3.8.2-iavvoedsn6sibxs2v54fd5s7636sa5gv
==> Installing autoconf-2.69-t4nuen3izojzz42zd4numq2dbswdl7uq
==> Fetching file:///mirror/build_cache/linux-ubuntu22.04-x86_64_v3-gcc-11.3.0-autoconf-2.69-t4nuen3izojzz42zd4numq2dbswdl7uq.spec.json.sig
==> Fetching file:///mirror/build_cache/linux-ubuntu22.04-x86_64_v3/gcc-11.3.0/autoconf-2.69/linux-ubuntu22.04-x86_64_v3-gcc-11.3.0-autoconf-2.69-t4nuen3izojzz42zd4numq2dbswdl7uq.spack
==> Extracting autoconf-2.69-t4nuen3izojzz42zd4numq2dbswdl7uq from binary cache
==> autoconf: Successfully installed autoconf-2.69-t4nuen3izojzz42zd4numq2dbswdl7uq
  Search: 0.00s.  Fetch: 0.01s.  Install: 0.07s.  Total: 0.08s
[+] /home/spack/spack/opt/spack/linux-ubuntu22.04-x86_64_v3/gcc-11.3.0/autoconf-2.69-t4nuen3izojzz42zd4numq2dbswdl7uq
==> Installing libxcrypt-4.4.33-6oeb4y7sqnhpsqtr33bvbdsl2ekblcwz
==> Fetching file:///mirror/build_cache/linux-ubuntu22.04-x86_64_v3-gcc-11.3.0-libxcrypt-4.4.33-6oeb4y7sqnhpsqtr33bvbdsl2ekblcwz.spec.json.sig
==> Fetching file:///mirror/build_cache/linux-ubuntu22.04-x86_64_v3/gcc-11.3.0/libxcrypt-4.4.33/linux-ubuntu22.04-x86_64_v3-gcc-11.3.0-libxcrypt-4.4.33-6oeb4y7sqnhpsqtr33bvbdsl2ekblcwz.spack
==> Extracting libxcrypt-4.4.33-6oeb4y7sqnhpsqtr33bvbdsl2ekblcwz from binary cache
==> libxcrypt: Successfully installed libxcrypt-4.4.33-6oeb4y7sqnhpsqtr33bvbdsl2ekblcwz
  Search: 0.00s.  Fetch: 0.01s.  Install: 0.04s.  Total: 0.05s
[+] /home/spack/spack/opt/spack/linux-ubuntu22.04-x86_64_v3/gcc-11.3.0/libxcrypt-4.4.33-6oeb4y7sqnhpsqtr33bvbdsl2ekblcwz
==> Installing openssl-1.1.1t-w2by2b2vepifq7xzrf527sjpw5mjluyu
==> Fetching file:///mirror/build_cache/linux-ubuntu22.04-x86_64_v3-gcc-11.3.0-openssl-1.1.1t-w2by2b2vepifq7xzrf527sjpw5mjluyu.spec.json.sig
==> Fetching file:///mirror/build_cache/linux-ubuntu22.04-x86_64_v3/gcc-11.3.0/openssl-1.1.1t/linux-ubuntu22.04-x86_64_v3-gcc-11.3.0-openssl-1.1.1t-w2by2b2vepifq7xzrf527sjpw5mjluyu.spack
==> Extracting openssl-1.1.1t-w2by2b2vepifq7xzrf527sjpw5mjluyu from binary cache
==> openssl: Successfully installed openssl-1.1.1t-w2by2b2vepifq7xzrf527sjpw5mjluyu
  Search: 0.00s.  Fetch: 0.01s.  Install: 0.14s.  Total: 0.16s
[+] /home/spack/spack/opt/spack/linux-ubuntu22.04-x86_64_v3/gcc-11.3.0/openssl-1.1.1t-w2by2b2vepifq7xzrf527sjpw5mjluyu
==> Installing hwloc-2.9.1-h7l4t7laxg7kqchvcy42xtyev4kxjbti
==> Fetching file:///mirror/build_cache/linux-ubuntu22.04-x86_64_v3-gcc-11.3.0-hwloc-2.9.1-h7l4t7laxg7kqchvcy42xtyev4kxjbti.spec.json.sig
==> Fetching file:///mirror/build_cache/linux-ubuntu22.04-x86_64_v3/gcc-11.3.0/hwloc-2.9.1/linux-ubuntu22.04-x86_64_v3-gcc-11.3.0-hwloc-2.9.1-h7l4t7laxg7kqchvcy42xtyev4kxjbti.spack
==> Extracting hwloc-2.9.1-h7l4t7laxg7kqchvcy42xtyev4kxjbti from binary cache
==> hwloc: Successfully installed hwloc-2.9.1-h7l4t7laxg7kqchvcy42xtyev4kxjbti
  Search: 0.00s.  Fetch: 0.02s.  Install: 0.19s.  Total: 0.21s
[+] /home/spack/spack/opt/spack/linux-ubuntu22.04-x86_64_v3/gcc-11.3.0/hwloc-2.9.1-h7l4t7laxg7kqchvcy42xtyev4kxjbti
==> Installing automake-1.16.5-oa3w4kfggbgkzhefkp3dtnd4oxk3gni7
==> Fetching file:///mirror/build_cache/linux-ubuntu22.04-x86_64_v3-gcc-11.3.0-automake-1.16.5-oa3w4kfggbgkzhefkp3dtnd4oxk3gni7.spec.json.sig
==> Fetching file:///mirror/build_cache/linux-ubuntu22.04-x86_64_v3/gcc-11.3.0/automake-1.16.5/linux-ubuntu22.04-x86_64_v3-gcc-11.3.0-automake-1.16.5-oa3w4kfggbgkzhefkp3dtnd4oxk3gni7.spack
==> Extracting automake-1.16.5-oa3w4kfggbgkzhefkp3dtnd4oxk3gni7 from binary cache
==> automake: Successfully installed automake-1.16.5-oa3w4kfggbgkzhefkp3dtnd4oxk3gni7
  Search: 0.00s.  Fetch: 0.01s.  Install: 0.08s.  Total: 0.09s
[+] /home/spack/spack/opt/spack/linux-ubuntu22.04-x86_64_v3/gcc-11.3.0/automake-1.16.5-oa3w4kfggbgkzhefkp3dtnd4oxk3gni7
==> Installing krb5-1.20.1-a2oph6kjqh6feyfmkozogvu7ghzx2dfo
==> Fetching file:///mirror/build_cache/linux-ubuntu22.04-x86_64_v3-gcc-11.3.0-krb5-1.20.1-a2oph6kjqh6feyfmkozogvu7ghzx2dfo.spec.json.sig
==> Fetching file:///mirror/build_cache/linux-ubuntu22.04-x86_64_v3/gcc-11.3.0/krb5-1.20.1/linux-ubuntu22.04-x86_64_v3-gcc-11.3.0-krb5-1.20.1-a2oph6kjqh6feyfmkozogvu7ghzx2dfo.spack
==> Extracting krb5-1.20.1-a2oph6kjqh6feyfmkozogvu7ghzx2dfo from binary cache
==> krb5: Successfully installed krb5-1.20.1-a2oph6kjqh6feyfmkozogvu7ghzx2dfo
  Search: 0.00s.  Fetch: 0.01s.  Install: 0.15s.  Total: 0.16s
[+] /home/spack/spack/opt/spack/linux-ubuntu22.04-x86_64_v3/gcc-11.3.0/krb5-1.20.1-a2oph6kjqh6feyfmkozogvu7ghzx2dfo
==> Installing cmake-3.26.3-ofsadgmnqqs6fuj3wyl6bnk7obprvonx
==> Fetching file:///mirror/build_cache/linux-ubuntu22.04-x86_64_v3-gcc-11.3.0-cmake-3.26.3-ofsadgmnqqs6fuj3wyl6bnk7obprvonx.spec.json.sig
==> Fetching file:///mirror/build_cache/linux-ubuntu22.04-x86_64_v3/gcc-11.3.0/cmake-3.26.3/linux-ubuntu22.04-x86_64_v3-gcc-11.3.0-cmake-3.26.3-ofsadgmnqqs6fuj3wyl6bnk7obprvonx.spack
==> Extracting cmake-3.26.3-ofsadgmnqqs6fuj3wyl6bnk7obprvonx from binary cache
==> cmake: Successfully installed cmake-3.26.3-ofsadgmnqqs6fuj3wyl6bnk7obprvonx
  Search: 0.00s.  Fetch: 0.04s.  Install: 1.10s.  Total: 1.14s
[+] /home/spack/spack/opt/spack/linux-ubuntu22.04-x86_64_v3/gcc-11.3.0/cmake-3.26.3-ofsadgmnqqs6fuj3wyl6bnk7obprvonx
==> Installing libevent-2.1.12-pmjxzdssnbkv25jedy5shyhzsnj26ins
==> Fetching file:///mirror/build_cache/linux-ubuntu22.04-x86_64_v3-gcc-11.3.0-libevent-2.1.12-pmjxzdssnbkv25jedy5shyhzsnj26ins.spec.json.sig
==> Fetching file:///mirror/build_cache/linux-ubuntu22.04-x86_64_v3/gcc-11.3.0/libevent-2.1.12/linux-ubuntu22.04-x86_64_v3-gcc-11.3.0-libevent-2.1.12-pmjxzdssnbkv25jedy5shyhzsnj26ins.spack
==> Extracting libevent-2.1.12-pmjxzdssnbkv25jedy5shyhzsnj26ins from binary cache
==> libevent: Successfully installed libevent-2.1.12-pmjxzdssnbkv25jedy5shyhzsnj26ins
  Search: 0.00s.  Fetch: 0.01s.  Install: 0.10s.  Total: 0.11s
[+] /home/spack/spack/opt/spack/linux-ubuntu22.04-x86_64_v3/gcc-11.3.0/libevent-2.1.12-pmjxzdssnbkv25jedy5shyhzsnj26ins
==> Installing numactl-2.0.14-dwr5rmxxc4lav5ob4ylar5tu3rugjwkv
==> Fetching file:///mirror/build_cache/linux-ubuntu22.04-x86_64_v3-gcc-11.3.0-numactl-2.0.14-dwr5rmxxc4lav5ob4ylar5tu3rugjwkv.spec.json.sig
==> Fetching file:///mirror/build_cache/linux-ubuntu22.04-x86_64_v3/gcc-11.3.0/numactl-2.0.14/linux-ubuntu22.04-x86_64_v3-gcc-11.3.0-numactl-2.0.14-dwr5rmxxc4lav5ob4ylar5tu3rugjwkv.spack
==> Extracting numactl-2.0.14-dwr5rmxxc4lav5ob4ylar5tu3rugjwkv from binary cache
==> numactl: Successfully installed numactl-2.0.14-dwr5rmxxc4lav5ob4ylar5tu3rugjwkv
  Search: 0.00s.  Fetch: 0.01s.  Install: 0.04s.  Total: 0.05s
[+] /home/spack/spack/opt/spack/linux-ubuntu22.04-x86_64_v3/gcc-11.3.0/numactl-2.0.14-dwr5rmxxc4lav5ob4ylar5tu3rugjwkv
==> Installing openssh-9.3p1-zhdviyjva24bkvbxlqnswcecrp5gjvv5
==> Fetching file:///mirror/build_cache/linux-ubuntu22.04-x86_64_v3-gcc-11.3.0-openssh-9.3p1-zhdviyjva24bkvbxlqnswcecrp5gjvv5.spec.json.sig
==> Fetching file:///mirror/build_cache/linux-ubuntu22.04-x86_64_v3/gcc-11.3.0/openssh-9.3p1/linux-ubuntu22.04-x86_64_v3-gcc-11.3.0-openssh-9.3p1-zhdviyjva24bkvbxlqnswcecrp5gjvv5.spack
==> Extracting openssh-9.3p1-zhdviyjva24bkvbxlqnswcecrp5gjvv5 from binary cache
==> openssh: Successfully installed openssh-9.3p1-zhdviyjva24bkvbxlqnswcecrp5gjvv5
  Search: 0.00s.  Fetch: 0.01s.  Install: 0.13s.  Total: 0.15s
[+] /home/spack/spack/opt/spack/linux-ubuntu22.04-x86_64_v3/gcc-11.3.0/openssh-9.3p1-zhdviyjva24bkvbxlqnswcecrp5gjvv5
==> Installing pmix-4.2.3-uh4fmi5i7bajcqtiuae7qaii7yha7lnp
==> Fetching file:///mirror/build_cache/linux-ubuntu22.04-x86_64_v3-gcc-11.3.0-pmix-4.2.3-uh4fmi5i7bajcqtiuae7qaii7yha7lnp.spec.json.sig
==> Fetching file:///mirror/build_cache/linux-ubuntu22.04-x86_64_v3/gcc-11.3.0/pmix-4.2.3/linux-ubuntu22.04-x86_64_v3-gcc-11.3.0-pmix-4.2.3-uh4fmi5i7bajcqtiuae7qaii7yha7lnp.spack
==> Extracting pmix-4.2.3-uh4fmi5i7bajcqtiuae7qaii7yha7lnp from binary cache
==> pmix: Successfully installed pmix-4.2.3-uh4fmi5i7bajcqtiuae7qaii7yha7lnp
  Search: 0.00s.  Fetch: 0.02s.  Install: 0.19s.  Total: 0.21s
[+] /home/spack/spack/opt/spack/linux-ubuntu22.04-x86_64_v3/gcc-11.3.0/pmix-4.2.3-uh4fmi5i7bajcqtiuae7qaii7yha7lnp
==> Installing openmpi-4.1.5-6rh6midoapu7noq62iqyhph3zdcr4pzl
==> Fetching file:///mirror/build_cache/linux-ubuntu22.04-x86_64_v3-gcc-11.3.0-openmpi-4.1.5-6rh6midoapu7noq62iqyhph3zdcr4pzl.spec.json.sig
==> Fetching file:///mirror/build_cache/linux-ubuntu22.04-x86_64_v3/gcc-11.3.0/openmpi-4.1.5/linux-ubuntu22.04-x86_64_v3-gcc-11.3.0-openmpi-4.1.5-6rh6midoapu7noq62iqyhph3zdcr4pzl.spack
==> Extracting openmpi-4.1.5-6rh6midoapu7noq62iqyhph3zdcr4pzl from binary cache
==> openmpi: Successfully installed openmpi-4.1.5-6rh6midoapu7noq62iqyhph3zdcr4pzl
  Search: 0.00s.  Fetch: 0.02s.  Install: 0.38s.  Total: 0.40s
[+] /home/spack/spack/opt/spack/linux-ubuntu22.04-x86_64_v3/gcc-11.3.0/openmpi-4.1.5-6rh6midoapu7noq62iqyhph3zdcr4pzl
==> Installing hdf5-1.14.1-2-kzpm5bq6mw2th7i6jvfedanrdfe42bwv
==> Fetching file:///mirror/build_cache/linux-ubuntu22.04-x86_64_v3-gcc-11.3.0-hdf5-1.14.1-2-kzpm5bq6mw2th7i6jvfedanrdfe42bwv.spec.json.sig
==> Fetching file:///mirror/build_cache/linux-ubuntu22.04-x86_64_v3/gcc-11.3.0/hdf5-1.14.1-2/linux-ubuntu22.04-x86_64_v3-gcc-11.3.0-hdf5-1.14.1-2-kzpm5bq6mw2th7i6jvfedanrdfe42bwv.spack
==> Extracting hdf5-1.14.1-2-kzpm5bq6mw2th7i6jvfedanrdfe42bwv from binary cache
==> hdf5: Successfully installed hdf5-1.14.1-2-kzpm5bq6mw2th7i6jvfedanrdfe42bwv
  Search: 0.00s.  Fetch: 0.07s.  Install: 0.92s.  Total: 1.00s
[+] /home/spack/spack/opt/spack/linux-ubuntu22.04-x86_64_v3/gcc-11.3.0/hdf5-1.14.1-2-kzpm5bq6mw2th7i6jvfedanrdfe42bwv
$ spack install zlib%clang
==> Installing zlib-1.2.13-gephbceg3rl2e77o46xyzlk5e4kd3gt3
==> Fetching file:///mirror/build_cache/linux-ubuntu22.04-x86_64_v3-clang-14.0.0-zlib-1.2.13-gephbceg3rl2e77o46xyzlk5e4kd3gt3.spec.json.sig
==> Fetching file:///mirror/build_cache/linux-ubuntu22.04-x86_64_v3/clang-14.0.0/zlib-1.2.13/linux-ubuntu22.04-x86_64_v3-clang-14.0.0-zlib-1.2.13-gephbceg3rl2e77o46xyzlk5e4kd3gt3.spack
==> Extracting zlib-1.2.13-gephbceg3rl2e77o46xyzlk5e4kd3gt3 from binary cache
==> zlib: Successfully installed zlib-1.2.13-gephbceg3rl2e77o46xyzlk5e4kd3gt3
  Search: 0.00s.  Fetch: 0.11s.  Install: 0.03s.  Total: 0.14s
[+] /home/spack/spack/opt/spack/linux-ubuntu22.04-x86_64_v3/clang-14.0.0/zlib-1.2.13-gephbceg3rl2e77o46xyzlk5e4kd3gt3
