$ module list

Currently Loaded Modules:
  1) gcc/8.4.0		 4) xz/5.2.5	     7) ncurses/6.2	10) libedit/3.1-20210216  13) libevent/2.1.12
  2) libpciaccess/0.16	 5) zlib/1.2.12      8) hwloc/2.7.1	11) openssl/1.1.1o	  14) pmix/4.1.2
  3) libiconv/1.16	 6) libxml2/2.9.13   9) numactl/2.0.14	12) openssh/9.0p1	  15) openmpi/4.1.3



$ module avail

-------------------------------- /home/spack/spack/share/spack/lmod/linux-ubuntu18.04-x86_64/openmpi/4.1.3-c4md4py/gcc/8.4.0 ---------------------------------
   netlib-scalapack/2.2.0-netlib-lapack    netlib-scalapack/2.2.0-openblas (D)

------------------------------------------- /home/spack/spack/share/spack/lmod/linux-ubuntu18.04-x86_64/gcc/8.4.0 --------------------------------------------
   autoconf/2.69	      libedit/3.1-20210216 (L)	  ncurses/6.2	       (L)    py-beniget/0.4.1		    readline/8.1
   automake/1.16.5	      libevent/2.1.12	   (L)	  netlib-lapack/3.10.1	      py-cython/0.29.30 	    sqlite/3.38.5
   berkeley-db/18.1.40	      libfabric/1.14.1		  ninja/1.10.2		      py-gast/0.5.3		    tar/1.34
   bzip2/1.0.8		      libffi/3.4.2		  numactl/2.0.14       (L)    py-numpy/1.22.4-openblas	    util-linux-uuid/2.37.4
   cmake/3.23.1 	      libiconv/1.16	   (L)	  openblas/0.3.20	      py-pip/21.3.1		    util-macros/1.19.3
   diffutils/3.8	      libmd/1.0.4		  openmpi/4.1.3        (L)    py-ply/3.11		    xz/5.2.5		   (L)
   expat/2.4.8		      libpciaccess/0.16    (L)	  openssh/9.0p1        (L)    py-pybind11/2.8.1 	    yaksa/0.2
   findutils/4.9.0	      libsigsegv/2.13		  openssl/1.1.1o       (L)    py-pythran/0.11.0-openblas    zlib/1.2.12 	   (L)
   gdbm/1.19		      libtool/2.4.7		  perl/5.34.1		      py-scipy/1.8.1-openblas	    zstd/1.5.2
   gettext/0.21 	      libxml2/2.9.13	   (L)	  pigz/2.7		      py-setuptools/59.4.0
   hwloc/2.7.1	       (L)    m4/1.4.19 		  pkgconf/1.8.0 	      py-wheel/0.37.0
   libbsd/0.11.5	      mpich/4.0.2		  pmix/4.1.2	       (L)    python/3.9.12

---------------------------------------------- /home/spack/spack/share/spack/lmod/linux-ubuntu18.04-x86_64/Core ----------------------------------------------
   gcc/8.4.0 (L)

  Where:
   D:  Default Module
   L:  Module is loaded

If the avail list is too long consider trying:

"module --default avail" or "ml -d av" to just list the default modules.
"module overview" or "ml ov" to display the number of modules for each name.

Use "module spider" to find all possible modules and extensions.
Use "module keyword key1 key2 ..." to search for all possible modules matching any of the "keys".


$ module load netlib-scalapack/2.1.0-netlib-lapack
Lmod has detected the following error: The following module(s) are unknown: "netlib-scalapack/2.1.0-netlib-lapack"

Please check the spelling or version number. Also try "module spider ..."
It is also possible your cache file is out-of-date; it may help to try:
  $ module --ignore_cache load "netlib-scalapack/2.1.0-netlib-lapack"

Also make sure that all modulefiles written in TCL start with the string #%Module



$ module list

Currently Loaded Modules:
  1) gcc/8.4.0		 4) xz/5.2.5	     7) ncurses/6.2	10) libedit/3.1-20210216  13) libevent/2.1.12
  2) libpciaccess/0.16	 5) zlib/1.2.12      8) hwloc/2.7.1	11) openssl/1.1.1o	  14) pmix/4.1.2
  3) libiconv/1.16	 6) libxml2/2.9.13   9) numactl/2.0.14	12) openssh/9.0p1	  15) openmpi/4.1.3



