$ module avail

------------- /home/spack/spack/share/spack/modules/linux-ubuntu22.04-x86_64_v3 --------------
   amdblis/4.1-gcc-12.3.0
   autoconf/2.69-gcc-12.3.0
   automake/1.16.5-gcc-12.3.0
   berkeley-db/18.1.40-gcc-12.3.0
   bison/3.8.2-gcc-12.3.0
   bzip2/1.0.8-gcc-12.3.0
   ca-certificates-mozilla/2023-05-30-gcc-12.3.0
   cmake/3.27.7-gcc-12.3.0
   curl/8.4.0-gcc-12.3.0
   diffutils/3.9-gcc-12.3.0
   expat/2.5.0-gcc-12.3.0
   findutils/4.9.0-gcc-12.3.0
   gcc/12.3.0-gcc-11.4.0
   gdbm/1.23-gcc-12.3.0
   gettext/0.22.3-gcc-12.3.0
   gmake/4.4.1-gcc-12.3.0
   hwloc/2.9.1-gcc-12.3.0
   krb5/1.20.1-gcc-12.3.0
   libbsd/0.11.7-gcc-12.3.0
   libedit/3.1-20210216-gcc-12.3.0
   libevent/2.1.12-gcc-12.3.0
   libfabric/1.19.0-gcc-12.3.0
   libffi/3.4.4-gcc-12.3.0
   libiconv/1.17-gcc-12.3.0
   libmd/1.0.4-gcc-12.3.0
   libpciaccess/0.17-gcc-12.3.0
   libsigsegv/2.14-gcc-12.3.0
   libtool/2.4.7-gcc-12.3.0
   libxcrypt/4.4.35-gcc-12.3.0
   libxml2/2.10.3-gcc-12.3.0
   m4/1.4.19-gcc-12.3.0
   meson/1.2.2-gcc-12.3.0
   mpich/4.1.2-gcc-12.3.0
   ncurses/6.4-gcc-12.3.0
   netlib-lapack/3.11.0-gcc-12.3.0
   netlib-scalapack/2.2.0-gcc-12.3.0-netlib-lapack-mpich
   netlib-scalapack/2.2.0-gcc-12.3.0-netlib-lapack-openmpi
   netlib-scalapack/2.2.0-gcc-12.3.0-openblas-mpich
   netlib-scalapack/2.2.0-gcc-12.3.0-openblas-openmpi	   (D)
   nghttp2/1.57.0-gcc-12.3.0
   ninja/1.11.1-gcc-12.3.0
   numactl/2.0.14-gcc-12.3.0
   openblas/0.3.24-gcc-12.3.0
   openmpi/4.1.6-gcc-12.3.0
   openssh/9.5p1-gcc-12.3.0
   openssl/3.1.3-gcc-12.3.0
   perl/5.38.0-gcc-12.3.0
   pigz/2.7-gcc-12.3.0
   pkgconf/1.9.5-gcc-12.3.0
   pmix/5.0.1-gcc-12.3.0
   py-beniget/0.4.1-gcc-12.3.0
   py-cython/0.29.36-gcc-12.3.0
   py-flit-core/3.9.0-gcc-12.3.0
   py-gast/0.5.3-gcc-12.3.0
   py-meson-python/0.13.1-gcc-12.3.0
   py-numpy/1.26.1-gcc-12.3.0-openblas
   py-packaging/23.1-gcc-12.3.0
   py-pip/23.1.2-gcc-12.3.0
   py-ply/3.11-gcc-12.3.0
   py-pybind11/2.11.0-gcc-12.3.0
   py-pyproject-metadata/0.7.1-gcc-12.3.0
   py-pythran/0.12.2-gcc-12.3.0-openblas
   py-scipy/1.11.3-gcc-12.3.0-openblas
   py-setuptools/68.0.0-gcc-12.3.0
   py-wheel/0.41.2-gcc-12.3.0
   python/3.11.6-gcc-12.3.0
   re2c/2.2-gcc-12.3.0
   readline/8.2-gcc-12.3.0
   sqlite/3.43.2-gcc-12.3.0
   tar/1.34-gcc-12.3.0
   util-linux-uuid/2.38.1-gcc-12.3.0
   util-macros/1.19.3-gcc-12.3.0
   xz/5.4.1-gcc-12.3.0
   yaksa/0.3-gcc-12.3.0
   zlib-ng/2.1.4-gcc-12.3.0
   zstd/1.5.5-gcc-12.3.0

  Where:
   D:  Default Module

If the avail list is too long consider trying:

"module --default avail" or "ml -d av" to just list the default modules.
"module overview" or "ml ov" to display the number of modules for each name.

Use "module spider" to find all possible modules and extensions.
Use "module keyword key1 key2 ..." to search for all possible modules matching any of the
"keys".


