$ module load py-scipy
Autoloading openblas/0.3.18-gcc-8.4.0
Autoloading py-numpy/1.21.3-gcc-8.4.0-openblas
Autoloading py-setuptools/57.4.0-gcc-8.4.0
Autoloading python/3.8.12-gcc-8.4.0
Autoloading python/3.8.12-gcc-8.4.0
Autoloading py-pybind11/2.6.2-gcc-8.4.0
Autoloading py-pythran/0.9.12-gcc-8.4.0-openblas
Autoloading py-beniget/0.4.1-gcc-8.4.0
Autoloading py-gast/0.5.2-gcc-8.4.0
Autoloading py-gast/0.5.2-gcc-8.4.0
Autoloading py-ply/3.11-gcc-8.4.0
Autoloading python/3.8.12-gcc-8.4.0
/home/spack/spack/opt/spack/linux-ubuntu18.04-x86_64/gcc-7.5.0/lmod-8.5.6-gn5qq6eldg7dt4xih4orw57uis2pl3yr/lmod/lmod/init/bash: line 82: OPENBLAS_ROOT=/home/spack/spack/opt/spack/linux-ubuntu18.04-x86_64/gcc-8.4.0/openblas-0.3.18-3oa4yhejgsqzsoo3dr2z2dorjkj726cz: No such file or directory
/home/spack/spack/opt/spack/linux-ubuntu18.04-x86_64/gcc-7.5.0/lmod-8.5.6-gn5qq6eldg7dt4xih4orw57uis2pl3yr/lmod/lmod/init/bash: line 82: PYTHON_ROOT=/home/spack/spack/opt/spack/linux-ubuntu18.04-x86_64/gcc-8.4.0/python-3.8.12-kqi37zbnikwdm634my3gizizhjpcgpek: No such file or directory
/home/spack/spack/opt/spack/linux-ubuntu18.04-x86_64/gcc-7.5.0/lmod-8.5.6-gn5qq6eldg7dt4xih4orw57uis2pl3yr/lmod/lmod/init/bash: line 82: PY_BENIGET_ROOT=/home/spack/spack/opt/spack/linux-ubuntu18.04-x86_64/gcc-8.4.0/py-beniget-0.4.1-evq2gvb5h2wjvfcephminjlwilbhwebj: No such file or directory
/home/spack/spack/opt/spack/linux-ubuntu18.04-x86_64/gcc-7.5.0/lmod-8.5.6-gn5qq6eldg7dt4xih4orw57uis2pl3yr/lmod/lmod/init/bash: line 82: PY_GAST_ROOT=/home/spack/spack/opt/spack/linux-ubuntu18.04-x86_64/gcc-8.4.0/py-gast-0.5.2-l6nrtqbb5mw45fvyf4ofzimiv3vavvbc: No such file or directory
/home/spack/spack/opt/spack/linux-ubuntu18.04-x86_64/gcc-7.5.0/lmod-8.5.6-gn5qq6eldg7dt4xih4orw57uis2pl3yr/lmod/lmod/init/bash: line 82: PY_NUMPY_ROOT=/home/spack/spack/opt/spack/linux-ubuntu18.04-x86_64/gcc-8.4.0/py-numpy-1.21.3-5bfjv5jaqcneifkf6txdqtnniigfa4ly: No such file or directory
/home/spack/spack/opt/spack/linux-ubuntu18.04-x86_64/gcc-7.5.0/lmod-8.5.6-gn5qq6eldg7dt4xih4orw57uis2pl3yr/lmod/lmod/init/bash: line 82: PY_PLY_ROOT=/home/spack/spack/opt/spack/linux-ubuntu18.04-x86_64/gcc-8.4.0/py-ply-3.11-7kgrvml237brbfbuu4nuzosxconiu6qp: No such file or directory
/home/spack/spack/opt/spack/linux-ubuntu18.04-x86_64/gcc-7.5.0/lmod-8.5.6-gn5qq6eldg7dt4xih4orw57uis2pl3yr/lmod/lmod/init/bash: line 82: PY_PYBIND11_ROOT=/home/spack/spack/opt/spack/linux-ubuntu18.04-x86_64/gcc-8.4.0/py-pybind11-2.6.2-oylbygfxylsnnfw77fwrkrfj4ttjri2o: No such file or directory
/home/spack/spack/opt/spack/linux-ubuntu18.04-x86_64/gcc-7.5.0/lmod-8.5.6-gn5qq6eldg7dt4xih4orw57uis2pl3yr/lmod/lmod/init/bash: line 82: PY_PYTHRAN_ROOT=/home/spack/spack/opt/spack/linux-ubuntu18.04-x86_64/gcc-8.4.0/py-pythran-0.9.12-hbywhjo2bfmqybghrhiqp26f4t7endzm: No such file or directory
/home/spack/spack/opt/spack/linux-ubuntu18.04-x86_64/gcc-7.5.0/lmod-8.5.6-gn5qq6eldg7dt4xih4orw57uis2pl3yr/lmod/lmod/init/bash: line 82: PY_SCIPY_ROOT=/home/spack/spack/opt/spack/linux-ubuntu18.04-x86_64/gcc-8.4.0/py-scipy-1.7.1-cjztfbjygxa6kf4qpxfordodlehugfrm: No such file or directory
/home/spack/spack/opt/spack/linux-ubuntu18.04-x86_64/gcc-7.5.0/lmod-8.5.6-gn5qq6eldg7dt4xih4orw57uis2pl3yr/lmod/lmod/init/bash: line 82: PY_SETUPTOOLS_ROOT=/home/spack/spack/opt/spack/linux-ubuntu18.04-x86_64/gcc-8.4.0/py-setuptools-57.4.0-6clnf27wdh7hfjcfyr2sekdhc3rtsqa4: No such file or directory
