$ module load gcc
$ module avail

------------------------------------------- /home/spack/spack/share/spack/lmod/linux-ubuntu18.04-x86_64/gcc/8.4.0 --------------------------------------------
   autoconf/2.69	  hwloc/2.7.1		  libtool/2.4.7 	  openssh/9.0p1 	      py-pip/21.3.1		    tar/1.34
   automake/1.16.5	  libbsd/0.11.5 	  libxml2/2.9.13	  openssl/1.1.1o	      py-ply/3.11		    util-linux-uuid/2.37.4
   berkeley-db/18.1.40	  libedit/3.1-20210216	  m4/1.4.19		  perl/5.34.1		      py-pybind11/2.8.1 	    util-macros/1.19.3
   bzip2/1.0.8		  libevent/2.1.12	  mpich/4.0.2		  pigz/2.7		      py-pythran/0.11.0-openblas    xz/5.2.5
   cmake/3.23.1 	  libfabric/1.14.1	  ncurses/6.2		  pkgconf/1.8.0 	      py-scipy/1.8.1-openblas	    yaksa/0.2
   diffutils/3.8	  libffi/3.4.2		  netlib-lapack/3.10.1	  pmix/4.1.2		      py-setuptools/59.4.0	    zlib/1.2.12
   expat/2.4.8		  libiconv/1.16 	  ninja/1.10.2		  py-beniget/0.4.1	      py-wheel/0.37.0		    zstd/1.5.2
   findutils/4.9.0	  libmd/1.0.4		  numactl/2.0.14	  py-cython/0.29.30	      python/3.9.12
   gdbm/1.19		  libpciaccess/0.16	  openblas/0.3.20	  py-gast/0.5.3 	      readline/8.1
   gettext/0.21 	  libsigsegv/2.13	  openmpi/4.1.3 	  py-numpy/1.22.4-openblas    sqlite/3.38.5

---------------------------------------------- /home/spack/spack/share/spack/lmod/linux-ubuntu18.04-x86_64/Core ----------------------------------------------
   gcc/8.4.0 (L)

  Where:
   L:  Module is loaded

If the avail list is too long consider trying:

"module --default avail" or "ml -d av" to just list the default modules.
"module overview" or "ml ov" to display the number of modules for each name.

Use "module spider" to find all possible modules and extensions.
Use "module keyword key1 key2 ..." to search for all possible modules matching any of the "keys".


