$ module show gcc
--------------------------------------------------------------------------------------------------------------------------------------------
   /home/spack/spack/share/spack/lmod/linux-ubuntu18.04-x86_64/Core/gcc/8.3.0.lua:
--------------------------------------------------------------------------------------------------------------------------------------------
whatis("Name : gcc")
whatis("Version : 8.3.0")
whatis("Target : x86_64")
whatis("Short description : The GNU Compiler Collection includes front ends for C, C++, Objective-C, Fortran, Ada, and Go, as well as libraries for these languages.")
whatis("Configure options : --with-pkgversion=Spack GCC --with-bugurl=https://github.com/spack/spack/issues --disable-multilib --enable-languages=c,c++,fortran --disable-nls --with-mpfr=/builds/scott/spack-tutorial-container/spack/opt/spack/linux-ubuntu18.04-x86_64/gcc-7.5.0/mpfr-3.1.6-nwsubswuytvvsjtu3nuyuxquwyxyfebj --with-gmp=/builds/scott/spack-tutorial-container/spack/opt/spack/linux-ubuntu18.04-x86_64/gcc-7.5.0/gmp-6.1.2-3ol3tldmm3oqflzrqonh6p2jmhgwsr4t --with-system-zlib --with-mpc=/builds/scott/spack-tutorial-container/spack/opt/spack/linux-ubuntu18.04-x86_64/gcc-7.5.0/mpc-1.1.0-uur2dd6aco22hxagwzxco23rvtyvqd7t --with-isl=/builds/scott/spack-tutorial-container/spack/opt/spack/linux-ubuntu18.04-x86_64/gcc-7.5.0/isl-0.18-4lkvfkviv45b2htxuyfxbivafx4wajud --with-stage1-ldflags=-Wl,-rpath,/builds/scott/spack-tutorial-container/spack/opt/spack/linux-ubuntu18.04-x86_64/gcc-7.5.0/gcc-8.3.0-6hbkzolzshktgws6mz3f4s23v6sbkgnl/lib -Wl,-rpath,/builds/scott/spack-tutorial-container/spack/opt/spack/linux-ubuntu18.04-x86_64/gcc-7.5.0/gcc-8.3.0-6hbkzolzshktgws6mz3f4s23v6sbkgnl/lib64 -Wl,-rpath,/builds/scott/spack-tutorial-container/spack/opt/spack/linux-ubuntu18.04-x86_64/gcc-7.5.0/gmp-6.1.2-3ol3tldmm3oqflzrqonh6p2jmhgwsr4t/lib -Wl,-rpath,/builds/scott/spack-tutorial-container/spack/opt/spack/linux-ubuntu18.04-x86_64/gcc-7.5.0/isl-0.18-4lkvfkviv45b2htxuyfxbivafx4wajud/lib -Wl,-rpath,/builds/scott/spack-tutorial-container/spack/opt/spack/linux-ubuntu18.04-x86_64/gcc-7.5.0/mpc-1.1.0-uur2dd6aco22hxagwzxco23rvtyvqd7t/lib -Wl,-rpath,/builds/scott/spack-tutorial-container/spack/opt/spack/linux-ubuntu18.04-x86_64/gcc-7.5.0/mpfr-3.1.6-nwsubswuytvvsjtu3nuyuxquwyxyfebj/lib -Wl,-rpath,/builds/scott/spack-tutorial-container/spack/opt/spack/linux-ubuntu18.04-x86_64/gcc-7.5.0/zlib-1.2.11-smoyzzo2qhzpn6mg6rd3l2p7b23enshg/lib --with-boot-ldflags=-Wl,-rpath,/builds/scott/spack-tutorial-container/spack/opt/spack/linux-ubuntu18.04-x86_64/gcc-7.5.0/gcc-8.3.0-6hbkzolzshktgws6mz3f4s23v6sbkgnl/lib -Wl,-rpath,/builds/scott/spack-tutorial-container/spack/opt/spack/linux-ubuntu18.04-x86_64/gcc-7.5.0/gcc-8.3.0-6hbkzolzshktgws6mz3f4s23v6sbkgnl/lib64 -Wl,-rpath,/builds/scott/spack-tutorial-container/spack/opt/spack/linux-ubuntu18.04-x86_64/gcc-7.5.0/gmp-6.1.2-3ol3tldmm3oqflzrqonh6p2jmhgwsr4t/lib -Wl,-rpath,/builds/scott/spack-tutorial-container/spack/opt/spack/linux-ubuntu18.04-x86_64/gcc-7.5.0/isl-0.18-4lkvfkviv45b2htxuyfxbivafx4wajud/lib -Wl,-rpath,/builds/scott/spack-tutorial-container/spack/opt/spack/linux-ubuntu18.04-x86_64/gcc-7.5.0/mpc-1.1.0-uur2dd6aco22hxagwzxco23rvtyvqd7t/lib -Wl,-rpath,/builds/scott/spack-tutorial-container/spack/opt/spack/linux-ubuntu18.04-x86_64/gcc-7.5.0/mpfr-3.1.6-nwsubswuytvvsjtu3nuyuxquwyxyfebj/lib -Wl,-rpath,/builds/scott/spack-tutorial-container/spack/opt/spack/linux-ubuntu18.04-x86_64/gcc-7.5.0/zlib-1.2.11-smoyzzo2qhzpn6mg6rd3l2p7b23enshg/lib -static-libstdc++ -static-libgcc")
help([[The GNU Compiler Collection includes front ends for C, C++, Objective-C,
Fortran, Ada, and Go, as well as libraries for these languages.]])
family("compiler")
prepend_path("MODULEPATH","/home/spack/spack/share/spack/lmod/linux-ubuntu18.04-x86_64/gcc/8.3.0")
prepend_path("PATH","/home/spack/spack/opt/spack/linux-ubuntu18.04-x86_64/gcc-7.5.0/gcc-8.3.0-6hbkzolzshktgws6mz3f4s23v6sbkgnl/bin")
prepend_path("MANPATH","/home/spack/spack/opt/spack/linux-ubuntu18.04-x86_64/gcc-7.5.0/gcc-8.3.0-6hbkzolzshktgws6mz3f4s23v6sbkgnl/share/man")
prepend_path("LD_LIBRARY_PATH","/home/spack/spack/opt/spack/linux-ubuntu18.04-x86_64/gcc-7.5.0/gcc-8.3.0-6hbkzolzshktgws6mz3f4s23v6sbkgnl/lib")
prepend_path("LD_LIBRARY_PATH","/home/spack/spack/opt/spack/linux-ubuntu18.04-x86_64/gcc-7.5.0/gcc-8.3.0-6hbkzolzshktgws6mz3f4s23v6sbkgnl/lib64")
prepend_path("INCLUDE","/home/spack/spack/opt/spack/linux-ubuntu18.04-x86_64/gcc-7.5.0/gcc-8.3.0-6hbkzolzshktgws6mz3f4s23v6sbkgnl/include")
prepend_path("CMAKE_PREFIX_PATH","/home/spack/spack/opt/spack/linux-ubuntu18.04-x86_64/gcc-7.5.0/gcc-8.3.0-6hbkzolzshktgws6mz3f4s23v6sbkgnl/")
setenv("CC","/home/spack/spack/opt/spack/linux-ubuntu18.04-x86_64/gcc-7.5.0/gcc-8.3.0-6hbkzolzshktgws6mz3f4s23v6sbkgnl/bin/gcc")
setenv("CXX","/home/spack/spack/opt/spack/linux-ubuntu18.04-x86_64/gcc-7.5.0/gcc-8.3.0-6hbkzolzshktgws6mz3f4s23v6sbkgnl/bin/g++")
setenv("FC","/home/spack/spack/opt/spack/linux-ubuntu18.04-x86_64/gcc-7.5.0/gcc-8.3.0-6hbkzolzshktgws6mz3f4s23v6sbkgnl/bin/gfortran")
setenv("F77","/home/spack/spack/opt/spack/linux-ubuntu18.04-x86_64/gcc-7.5.0/gcc-8.3.0-6hbkzolzshktgws6mz3f4s23v6sbkgnl/bin/gfortran")
setenv("GCC_ROOT","/home/spack/spack/opt/spack/linux-ubuntu18.04-x86_64/gcc-7.5.0/gcc-8.3.0-6hbkzolzshktgws6mz3f4s23v6sbkgnl")

