$ module avail

---------------------------------------- /home/spack/spack/share/spack/modules/linux-ubuntu18.04-x86_64 ----------------------------------------
   autoconf/2.69-gcc-8.3.0	    libsigsegv/2.12-gcc-8.3.0					perl/5.30.3-gcc-8.3.0
   automake/1.16.2-gcc-8.3.0	    libtool/2.4.6-gcc-8.3.0					pkgconf/1.7.3-gcc-8.3.0
   bzip2/1.0.8-gcc-8.3.0	    libxml2/2.9.10-gcc-8.3.0					py-cython/0.29.16-gcc-8.3.0
   cmake/3.17.3-gcc-8.3.0	    m4/1.4.18-gcc-8.3.0 					py-numpy/1.19.0-gcc-8.3.0-openblas
   diffutils/3.7-gcc-8.3.0	    mpich/3.3.2-gcc-8.3.0					py-pybind11/2.5.0-gcc-8.3.0
   expat/2.2.9-gcc-8.3.0	    ncurses/6.2-gcc-8.3.0					py-scipy/1.5.0-gcc-8.3.0-openblas
   findutils/4.6.0-gcc-8.3.0	    netlib-lapack/3.8.0-gcc-8.3.0				py-setuptools/46.1.3-gcc-8.3.0
   gcc/8.3.0-gcc-7.5.0		    netlib-scalapack/2.1.0-gcc-8.3.0-netlib-lapack		python/3.7.7-gcc-8.3.0
   gdbm/1.18.1-gcc-8.3.0	    netlib-scalapack/2.1.0-gcc-8.3.0-netlib-lapack-3.1.6	readline/8.0-gcc-8.3.0
   gettext/0.20.2-gcc-8.3.0	    netlib-scalapack/2.1.0-gcc-8.3.0-openblas			sqlite/3.31.1-gcc-8.3.0
   hwloc/1.11.11-gcc-8.3.0	    netlib-scalapack/2.1.0-gcc-8.3.0-openblas-3.1.6	 (D)	tar/1.32-gcc-8.3.0
   hwloc/2.2.0-gcc-8.3.0	    numactl/2.0.12-gcc-8.3.0					texinfo/6.5-gcc-8.3.0
   libbsd/0.10.0-gcc-8.3.0	    openblas/0.3.10-gcc-8.3.0					util-macros/1.19.1-gcc-8.3.0
   libffi/3.3-gcc-8.3.0 	    openmpi/3.1.6-gcc-8.3.0					xz/5.2.5-gcc-8.3.0
   libiconv/1.16-gcc-8.3.0	    openssl/1.1.1g-gcc-8.3.0					zlib/1.2.11-gcc-8.3.0
   libpciaccess/0.13.5-gcc-8.3.0    patchelf/0.10-gcc-8.3.0

------------------------------------ /home/spack/spack/share/spack/lmod/linux-ubuntu18.04-x86_64/gcc/8.3.0 -------------------------------------
   autoconf/2.69   (D)	  gettext/0.20.2      (D)    libtool/2.4.6	 (D)	  openmpi/3.1.6        (L,D)	python/3.7.7	   (D)
   automake/1.16.2 (D)	  hwloc/1.11.11 	     libxml2/2.9.10	 (D)	  openssl/1.1.1g       (D)	readline/8.0	   (D)
   bzip2/1.0.8	   (D)	  hwloc/2.2.0	      (D)    m4/1.4.18		 (D)	  patchelf/0.10        (D)	sqlite/3.31.1	   (D)
   cmake/3.17.3    (D)	  libbsd/0.10.0       (D)    mpich/3.3.2	 (D)	  perl/5.30.3	       (D)	tar/1.32	   (D)
   diffutils/3.7   (D)	  libffi/3.3	      (D)    ncurses/6.2	 (D)	  pkgconf/1.7.3        (D)	texinfo/6.5	   (D)
   expat/2.2.9	   (D)	  libiconv/1.16       (D)    netlib-lapack/3.8.0 (D)	  py-cython/0.29.16    (D)	util-macros/1.19.1 (D)
   findutils/4.6.0 (D)	  libpciaccess/0.13.5 (D)    numactl/2.0.12	 (D)	  py-pybind11/2.5.0    (D)	xz/5.2.5	   (D)
   gdbm/1.18.1	   (D)	  libsigsegv/2.12     (D)    openblas/0.3.10	 (L,D)	  py-setuptools/46.1.3 (D)	zlib/1.2.11	   (D)

--------------------------------------- /home/spack/spack/share/spack/lmod/linux-ubuntu18.04-x86_64/Core ---------------------------------------
   gcc/8.3.0 (L,D)

  Where:
   D:  Default Module
   L:  Module is loaded

Use "module spider" to find all possible modules and extensions.
Use "module keyword key1 key2 ..." to search for all possible modules matching any of the "keys".


