$ module load mpich
$ module avail

------------------------------------------------------------------------------------------ /home/spack/spack/share/spack/lmod/linux-ubuntu22.04-x86_64/mpich/4.1.2-cxezwh7/gcc/12.3.0 -------------------------------------------------------------------------------------------
   netlib-scalapack/2.2.0-netlib-lapack    netlib-scalapack/2.2.0-openblas (D)

---------------------------------------------------------------------------------------------------- /home/spack/spack/share/spack/lmod/linux-ubuntu22.04-x86_64/gcc/12.3.0 -----------------------------------------------------------------------------------------------------
   amdblis/4.1				     diffutils/3.9   (D)    libedit/3.1-20210216	  libxcrypt/4.4.35		numactl/2.0.14	       py-beniget/0.4.1 	   py-pybind11/2.11.0		      sqlite/3.43.2
   autoconf/2.69		      (D)    expat/2.5.0	    libevent/2.1.12		  libxml2/2.10.3       (L,D)	openblas/0.3.24        py-cython/0.29.36	   py-pyproject-metadata/0.7.1	      tar/1.34		     (D)
   automake/1.16.5		      (D)    findutils/4.9.0	    libfabric/1.19.0	 (L)	  m4/1.4.19	       (D)	openmpi/4.1.6	       py-flit-core/3.9.0	   py-pythran/0.12.2-openblas	      util-linux-uuid/2.38.1
   berkeley-db/18.1.40		      (D)    gdbm/1.23	     (D)    libffi/3.4.4		  meson/1.2.2			openssh/9.5p1	       py-gast/0.5.3		   py-scipy/1.11.3-openblas	      util-macros/1.19.3
   bison/3.8.2				     gettext/0.22.3  (D)    libiconv/1.17	 (L,D)	  mpich/4.1.2	       (L)	openssl/3.1.3	(D)    py-meson-python/0.13.1	   py-setuptools/68.0.0 	      xz/5.4.1		     (L,D)
   bzip2/1.0.8			      (D)    gmake/4.4.1     (D)    libmd/1.0.4 		  ncurses/6.4	       (L,D)	perl/5.38.0	(D)    py-numpy/1.26.1-openblas    py-wheel/0.41.2		      yaksa/0.3 	     (L)
   ca-certificates-mozilla/2023-05-30 (D)    hwloc/2.9.1     (L)    libpciaccess/0.17	 (L)	  netlib-lapack/3.11.0		pigz/2.7	(D)    py-packaging/23.1	   python/3.11.6		      zlib-ng/2.1.4	     (L,D)
   cmake/3.27.7 			     krb5/1.20.1	    libsigsegv/2.14	 (D)	  nghttp2/1.57.0       (D)	pkgconf/1.9.5	(D)    py-pip/23.1.2		   re2c/2.2			      zstd/1.5.5	     (L,D)
   curl/8.4.0			      (D)    libbsd/0.11.7	    libtool/2.4.7	 (D)	  ninja/1.11.1			pmix/5.0.1	       py-ply/3.11		   readline/8.2 	       (D)

------------------------------------------------------------------------------------------------------- /home/spack/spack/share/spack/lmod/linux-ubuntu22.04-x86_64/Core --------------------------------------------------------------------------------------------------------
   autoconf-archive/2023.02.20	  berkeley-db/18.1.40			diffutils/3.9	     gdbm/1.23		   libiconv/1.17      lmod/8.7.24		 m4/1.4.19	    nghttp2/1.57.0    pkgconf/1.9.5    texinfo/7.0.3	zstd/1.5.5
   autoconf/2.69		  bzip2/1.0.8				ed/1.4		     gettext/0.22.3	   libsigsegv/2.14    lua-luafilesystem/1.8.0	 mpc/1.3.1   (L)    openssl/3.1.3     readline/8.2     unzip/6.0
   automake/1.16.5		  ca-certificates-mozilla/2023-05-30	gawk/5.2.2	     gmake/4.4.1	   libtool/2.4.7      lua-luaposix/36.1 	 mpfr/4.2.0  (L)    perl/5.38.0       tar/1.34	       xz/5.4.1
   bc/1.07.1			  curl/8.4.0				gcc/12.3.0    (L)    gmp/6.2.1	    (L)    libxml2/2.10.3     lua/5.4.4 		 ncurses/6.4	    pigz/2.7	      tcl/8.6.12       zlib-ng/2.1.4

  Where:
   D:  Default Module
   L:  Module is loaded

If the avail list is too long consider trying:

"module --default avail" or "ml -d av" to just list the default modules.
"module overview" or "ml ov" to display the number of modules for each name.

Use "module spider" to find all possible modules and extensions.
Use "module keyword key1 key2 ..." to search for all possible modules matching any of the "keys".


