$ module avail

-------------- /home/spack/spack/share/spack/lmod/linux-ubuntu22.04-x86_64/Core --------------
   autoconf-archive/2023.02.20		 gmake/4.4.1		    nghttp2/1.57.0
   autoconf/2.69			 gmp/6.2.1		    openssl/3.1.3
   automake/1.16.5			 libiconv/1.17		    perl/5.38.0
   bc/1.07.1				 libsigsegv/2.14	    pigz/2.7
   berkeley-db/18.1.40			 libtool/2.4.7		    pkgconf/1.9.5
   bzip2/1.0.8				 libxml2/2.10.3		    readline/8.2
   ca-certificates-mozilla/2023-05-30	 lmod/8.7.24		    tar/1.34
   curl/8.4.0				 lua-luafilesystem/1.8.0    tcl/8.6.12
   diffutils/3.9			 lua-luaposix/36.1	    texinfo/7.0.3
   ed/1.4				 lua/5.4.4		    unzip/6.0
   gawk/5.2.2				 m4/1.4.19		    xz/5.4.1
   gcc/12.3.0				 mpc/1.3.1		    zlib-ng/2.1.4
   gdbm/1.23				 mpfr/4.2.0		    zstd/1.5.5
   gettext/0.22.3			 ncurses/6.4

If the avail list is too long consider trying:

"module --default avail" or "ml -d av" to just list the default modules.
"module overview" or "ml ov" to display the number of modules for each name.

Use "module spider" to find all possible modules and extensions.
Use "module keyword key1 key2 ..." to search for all possible modules matching any of the
"keys".


