$ module show gcc-12.1.0-gcc-11.3.0-s5e5zwr
-----------------------------------------------------------------------------------------------------------------------------------------------------------------------------------------------------------------------------------------------------------------------------
   /home/spack/spack/share/spack/modules/linux-ubuntu22.04-x86_64_v3/gcc-12.1.0-gcc-11.3.0-s5e5zwr:
-----------------------------------------------------------------------------------------------------------------------------------------------------------------------------------------------------------------------------------------------------------------------------
whatis("The GNU Compiler Collection includes front ends for C, C++, Objective-C, Fortran, Ada, and Go, as well as libraries for these languages.")
load("gmp-6.2.1-gcc-11.3.0-7kxi3rr")
load("mpc-1.3.1-gcc-11.3.0-3qvnliw")
load("mpfr-4.2.0-gcc-11.3.0-aiys7vc")
load("zlib-1.2.13-gcc-11.3.0-mntflxr")
load("zstd-1.5.5-gcc-11.3.0-qoo4rlo")
prepend_path("PATH","/home/spack/spack/opt/spack/linux-ubuntu22.04-x86_64_v3/gcc-11.3.0/gcc-12.1.0-s5e5zwrzqozb5e6liaz3tjm6achptgzx/bin")
prepend_path("MANPATH","/home/spack/spack/opt/spack/linux-ubuntu22.04-x86_64_v3/gcc-11.3.0/gcc-12.1.0-s5e5zwrzqozb5e6liaz3tjm6achptgzx/share/man")
prepend_path("CMAKE_PREFIX_PATH","/home/spack/spack/opt/spack/linux-ubuntu22.04-x86_64_v3/gcc-11.3.0/gcc-12.1.0-s5e5zwrzqozb5e6liaz3tjm6achptgzx/.")
setenv("CC","/home/spack/spack/opt/spack/linux-ubuntu22.04-x86_64_v3/gcc-11.3.0/gcc-12.1.0-s5e5zwrzqozb5e6liaz3tjm6achptgzx/bin/gcc")
setenv("CXX","/home/spack/spack/opt/spack/linux-ubuntu22.04-x86_64_v3/gcc-11.3.0/gcc-12.1.0-s5e5zwrzqozb5e6liaz3tjm6achptgzx/bin/g++")
setenv("FC","/home/spack/spack/opt/spack/linux-ubuntu22.04-x86_64_v3/gcc-11.3.0/gcc-12.1.0-s5e5zwrzqozb5e6liaz3tjm6achptgzx/bin/gfortran")
setenv("F77","/home/spack/spack/opt/spack/linux-ubuntu22.04-x86_64_v3/gcc-11.3.0/gcc-12.1.0-s5e5zwrzqozb5e6liaz3tjm6achptgzx/bin/gfortran")
help([[Name   : gcc
Version: 12.1.0
Target : x86_64_v3

The GNU Compiler Collection includes front ends for C, C++, Objective-C,
Fortran, Ada, and Go, as well as libraries for these languages.
]])

