$ module show gcc
-----------------------------------------------------------------------------------------------------------------------------------------------------------------------------------------------------------------------------------------------------------------------------
   /home/spack/spack/share/spack/modules/linux-ubuntu22.04-x86_64_v3/gcc/12.3.0-gcc-11.4.0-chmemdi:
-----------------------------------------------------------------------------------------------------------------------------------------------------------------------------------------------------------------------------------------------------------------------------
whatis("The GNU Compiler Collection includes front ends for C, C++, Objective-C, Fortran, Ada, and Go, as well as libraries for these languages.")
depends_on("gmp/6.2.1-gcc-11.4.0-2fyiqrp")
depends_on("mpc/1.3.1-gcc-11.4.0-jueol5k")
depends_on("mpfr/4.2.0-gcc-11.4.0-qpadvjw")
depends_on("zlib-ng/2.1.4-gcc-11.4.0-5xcetrv")
depends_on("zstd/1.5.5-gcc-11.4.0-jkznmrm")
prepend_path("PATH","/home/spack/spack/opt/spack/linux-ubuntu22.04-x86_64_v3/gcc-11.4.0/gcc-12.3.0-chmemdiqoycjlxz2myvdxqzt5don54uw/bin")
prepend_path("MANPATH","/home/spack/spack/opt/spack/linux-ubuntu22.04-x86_64_v3/gcc-11.4.0/gcc-12.3.0-chmemdiqoycjlxz2myvdxqzt5don54uw/share/man")
prepend_path("CMAKE_PREFIX_PATH","/home/spack/spack/opt/spack/linux-ubuntu22.04-x86_64_v3/gcc-11.4.0/gcc-12.3.0-chmemdiqoycjlxz2myvdxqzt5don54uw/.")
append_path("MANPATH","")
help([[Name   : gcc
Version: 12.3.0
Target : x86_64_v3

The GNU Compiler Collection includes front ends for C, C++, Objective-C,
Fortran, Ada, and Go, as well as libraries for these languages.
]])

