$ module avail

----------------------------------------------- /home/spack/spack/share/spack/modules/linux-ubuntu18.04-x86_64 -----------------------------------------------
   autoconf-2.69-gcc-8.4.0-qm3nvyb	     libxml2-2.9.12-gcc-8.4.0-mfeevfv		 py-packaging-21.0-gcc-8.4.0-fqjiww6
   automake-1.16.3-gcc-8.4.0-xckkzys	     m4-1.4.19-gcc-8.4.0-rjpsys2		 py-pip-21.1.2-gcc-8.4.0-62ckzar
   berkeley-db-18.1.40-gcc-8.4.0-r6763sk     mpich-3.4.2-gcc-8.4.0-c3rfusd		 py-ply-3.11-gcc-8.4.0-7kgrvml
   bzip2-1.0.8-gcc-8.4.0-yximcga	     ncurses-6.2-gcc-8.4.0-lsxsz3z		 py-pybind11-2.6.2-gcc-8.4.0-oylbygf
   cmake-3.21.4-gcc-8.4.0-xbedhus	     netlib-lapack-3.9.1-gcc-8.4.0-qzprmvu	 py-pyparsing-2.4.7-gcc-8.4.0-bsfylgy
   diffutils-3.8-gcc-8.4.0-mmumzt6	     netlib-scalapack-2.1.0-gcc-8.4.0-3pmc4ni	 py-pytest-runner-5.1-gcc-8.4.0-hlloasf
   expat-2.4.1-gcc-8.4.0-ns4sfw7	     netlib-scalapack-2.1.0-gcc-8.4.0-k2sy4li	 py-pythran-0.9.12-gcc-8.4.0-hbywhjo
   findutils-4.8.0-gcc-8.4.0-h62dyf3	     netlib-scalapack-2.1.0-gcc-8.4.0-sbytpzh	 py-scipy-1.7.1-gcc-8.4.0-cjztfbj
   gdbm-1.19-gcc-8.4.0-pmu3ip3		     netlib-scalapack-2.1.0-gcc-8.4.0-vn6evn3	 py-setuptools-57.4.0-gcc-8.4.0-6clnf27
   gettext-0.21-gcc-8.4.0-cmcxw5p	     numactl-2.0.14-gcc-8.4.0-7hnjdpn		 py-setuptools-scm-6.3.2-gcc-8.4.0-77cui6w
   hwloc-2.6.0-gcc-8.4.0-racc2cf	     openblas-0.3.18-gcc-8.4.0-3oa4yhe		 py-tomli-1.2.1-gcc-8.4.0-e5jsl4e
   libbsd-0.11.3-gcc-8.4.0-n7mkukh	     openmpi-4.1.1-gcc-8.4.0-rfhkogr		 python-3.8.12-gcc-8.4.0-kqi37zb
   libedit-3.1-20210216-gcc-8.4.0-3cezqux    openssh-8.7p1-gcc-8.4.0-fl7wruo		 readline-8.1-gcc-8.4.0-a4whibf
   libevent-2.1.12-gcc-8.4.0-tzlbffp	     openssl-1.1.1l-gcc-8.4.0-tb7u46o		 sqlite-3.36.0-gcc-8.4.0-ja2oxx6
   libfabric-1.13.2-gcc-8.4.0-hbq5ylc	     patchelf-0.13-gcc-8.4.0-4whtuew		 tar-1.34-gcc-8.4.0-65c3tgr
   libffi-3.3-gcc-8.4.0-iyftha4 	     perl-5.34.0-gcc-8.4.0-xfmnfdo		 util-linux-uuid-2.36.2-gcc-8.4.0-ikmmddm
   libiconv-1.16-gcc-8.4.0-ipdmndb	     pkgconf-1.8.0-gcc-8.4.0-p42cwgk		 util-macros-1.19.3-gcc-8.4.0-cjjvvv2
   libmd-1.0.3-gcc-8.4.0-4wy7gwo	     py-beniget-0.4.1-gcc-8.4.0-evq2gvb 	 xz-5.2.5-gcc-8.4.0-dvjlvsj
   libpciaccess-0.16-gcc-8.4.0-pm2rlie	     py-cython-0.29.24-gcc-8.4.0-csphxpz	 zlib-1.2.11-gcc-8.4.0-uaeoadv
   libsigsegv-2.13-gcc-8.4.0-hz5i4ed	     py-gast-0.5.2-gcc-8.4.0-l6nrtqb
   libtool-2.4.6-gcc-8.4.0-zbfl3f4	     py-numpy-1.21.3-gcc-8.4.0-5bfjv5j

Use "module spider" to find all possible modules and extensions.
Use "module keyword key1 key2 ..." to search for all possible modules matching any of the "keys".


