$ module show openmpi
--------------------------------------------------------------------------------------------------------------------------------------------
   /home/spack/spack/share/spack/lmod/linux-ubuntu18.04-x86_64/gcc/8.3.0/openmpi/3.1.6.lua:
--------------------------------------------------------------------------------------------------------------------------------------------
whatis("Name : openmpi")
whatis("Version : 3.1.6")
whatis("Target : x86_64")
whatis("Short description : An open source Message Passing Interface implementation.")
whatis("Configure options : --enable-shared --disable-silent-rules --disable-builtin-atomics --enable-static --without-pmi --with-zlib=/builds/scott/spack-tutorial-container/spack/opt/spack/linux-ubuntu18.04-x86_64/gcc-8.3.0/zlib-1.2.11-2icaxiyy5rrqdavfv7jbojdq36r6u37n --without-knem --without-psm --without-psm2 --without-mxm --without-hcoll --without-xpmem --without-ucx --without-ofi --without-cma --without-verbs --without-fca --without-slurm --without-sge --without-alps --without-tm --without-loadleveler --without-lsf --disable-memchecker --with-hwloc=/builds/scott/spack-tutorial-container/spack/opt/spack/linux-ubuntu18.04-x86_64/gcc-8.3.0/hwloc-1.11.11-lz2i2ddu5z53w6rcpa72viktcwixb4vs --disable-java --disable-mpi-java --without-cuda --enable-wrapper-rpath --disable-wrapper-runpath --disable-mpi-cxx --disable-cxx-exceptions --with-wrapper-ldflags=-Wl,-rpath,/builds/scott/spack-tutorial-container/spack/opt/spack/linux-ubuntu18.04-x86_64/gcc-7.5.0/gcc-8.3.0-6hbkzolzshktgws6mz3f4s23v6sbkgnl/lib/gcc/x86_64-pc-linux-gnu/8.3.0 -Wl,-rpath,/builds/scott/spack-tutorial-container/spack/opt/spack/linux-ubuntu18.04-x86_64/gcc-7.5.0/gcc-8.3.0-6hbkzolzshktgws6mz3f4s23v6sbkgnl/lib64")
help([[An open source Message Passing Interface implementation. The Open MPI
Project is an open source Message Passing Interface implementation that
is developed and maintained by a consortium of academic, research, and
industry partners. Open MPI is therefore able to combine the expertise,
technologies, and resources from all across the High Performance
Computing community in order to build the best MPI library available.
Open MPI offers advantages for system and software vendors, application
developers and computer science researchers.]])
family("mpi")
prepend_path("MODULEPATH","/home/spack/spack/share/spack/lmod/linux-ubuntu18.04-x86_64/openmpi/3.1.6-4twpso3/gcc/8.3.0")
setenv("LMOD_MPI_NAME","openmpi")
setenv("LMOD_MPI_VERSION","3.1.6-4twpso3")
prepend_path("PATH","/home/spack/spack/opt/spack/linux-ubuntu18.04-x86_64/gcc-8.3.0/openmpi-3.1.6-4twpso3kn2f3z6oa527snqvn7fsridky/bin")
prepend_path("MANPATH","/home/spack/spack/opt/spack/linux-ubuntu18.04-x86_64/gcc-8.3.0/openmpi-3.1.6-4twpso3kn2f3z6oa527snqvn7fsridky/share/man")
prepend_path("LD_LIBRARY_PATH","/home/spack/spack/opt/spack/linux-ubuntu18.04-x86_64/gcc-8.3.0/openmpi-3.1.6-4twpso3kn2f3z6oa527snqvn7fsridky/lib")
prepend_path("INCLUDE","/home/spack/spack/opt/spack/linux-ubuntu18.04-x86_64/gcc-8.3.0/openmpi-3.1.6-4twpso3kn2f3z6oa527snqvn7fsridky/include")
prepend_path("PKG_CONFIG_PATH","/home/spack/spack/opt/spack/linux-ubuntu18.04-x86_64/gcc-8.3.0/openmpi-3.1.6-4twpso3kn2f3z6oa527snqvn7fsridky/lib/pkgconfig")
prepend_path("CMAKE_PREFIX_PATH","/home/spack/spack/opt/spack/linux-ubuntu18.04-x86_64/gcc-8.3.0/openmpi-3.1.6-4twpso3kn2f3z6oa527snqvn7fsridky/")
setenv("MPICC","/home/spack/spack/opt/spack/linux-ubuntu18.04-x86_64/gcc-8.3.0/openmpi-3.1.6-4twpso3kn2f3z6oa527snqvn7fsridky/bin/mpicc")
setenv("MPICXX","/home/spack/spack/opt/spack/linux-ubuntu18.04-x86_64/gcc-8.3.0/openmpi-3.1.6-4twpso3kn2f3z6oa527snqvn7fsridky/bin/mpic++")
setenv("MPIF77","/home/spack/spack/opt/spack/linux-ubuntu18.04-x86_64/gcc-8.3.0/openmpi-3.1.6-4twpso3kn2f3z6oa527snqvn7fsridky/bin/mpif77")
setenv("MPIF90","/home/spack/spack/opt/spack/linux-ubuntu18.04-x86_64/gcc-8.3.0/openmpi-3.1.6-4twpso3kn2f3z6oa527snqvn7fsridky/bin/mpif90")
setenv("OPENMPI_ROOT","/home/spack/spack/opt/spack/linux-ubuntu18.04-x86_64/gcc-8.3.0/openmpi-3.1.6-4twpso3kn2f3z6oa527snqvn7fsridky")
setenv("SLURM_MPI_TYPE","pmi2")
setenv("OMPI_MCA_btl_openib_warn_default_gid_prefix","0")

