$ spack module tcl refresh
y

==> You are about to regenerate tcl module files for:

-- linux-ubuntu18.04-x86_64 / gcc@7.5.0 -------------------------
nwb3bf5 autoconf@2.69
wdflovn automake@1.16.2
fvfpt26 bzip2@1.0.8
e4rrsab curl@7.68.0
otkkten diffutils@3.7
3f3kkbl expat@2.2.9
6hbkzol gcc@8.3.0
4av4gyw gdbm@1.18.1
p4xwlyy gettext@0.20.2
pzqvpp2 git@2.27.0
3ol3tld gmp@6.1.2
4lkvfkv isl@0.18
u6ue7vw libbsd@0.10.0
jearpk4 libiconv@1.16
gcbfo3a libidn2@2.1.1a
lbrx7ln libsigsegv@2.12
jdxbjft libtool@2.4.6
dyq3apq libunistring@0.9.10
m3l53bh libxml2@2.9.10
kqbszrm lmod@8.3
n37jedg lua@5.3.5
tk7fdik lua-luafilesystem@1_7_0_2
sas2uzg lua-luaposix@33.4.0
mkc3u4x m4@1.4.18
uur2dd6 mpc@1.1.0
nwsubsw mpfr@3.1.6
crhlefo ncurses@6.2
4dj34yw openssl@1.1.1g
2nj3vxx patchelf@0.10
xyujt3h pcre2@10.35
hyrsxn4 perl@5.30.3
4sh6pym pkgconf@1.7.3
t54jzdy readline@8.0
uwe6tb5 tar@1.32
aszidzn tcl@8.6.8
2ozim4d unzip@6.0
6nxes4r xz@5.2.5
smoyzzo zlib@1.2.11

-- linux-ubuntu18.04-x86_64 / gcc@8.3.0 -------------------------
c7fxiuu autoconf@2.69
25eawip automake@1.16.2
jx7bite bzip2@1.0.8
7otuah5 cmake@3.17.3
5fvw3jh diffutils@3.7
xrk7vwz expat@2.2.9
gxxeusv findutils@4.6.0
alz6ery gdbm@1.18.1
euuxtvr gettext@0.20.2
lz2i2dd hwloc@1.11.11
4otoxex hwloc@2.2.0
nr46ju6 libbsd@0.10.0
lo4lv3d libffi@3.3
brkkjge libiconv@1.16
rqqclxg libpciaccess@0.13.5
oaiujfn libsigsegv@2.12
too4ft7 libtool@2.4.6
u5khonr libxml2@2.9.10
65odbgi m4@1.4.18
focol2k mpich@3.3.2
klfkayd ncurses@6.2
kbk7dg3 netlib-lapack@3.8.0
h2amar2 netlib-scalapack@2.1.0
uf4ynvq netlib-scalapack@2.1.0
qsewiuz netlib-scalapack@2.1.0
kt5c5on netlib-scalapack@2.1.0
tusy4nf numactl@2.0.12
x32w5jn openblas@0.3.10
4twpso3 openmpi@3.1.6
yygx7ht openssl@1.1.1g
35lyjgt patchelf@0.10
xmhlmqr perl@5.30.3
oo4jobp pkgconf@1.7.3
mbnkbhv py-cython@0.29.16
3s3aj6y py-numpy@1.19.0
mjmujjo py-pybind11@2.5.0
6f5vgp6 py-scipy@1.5.0
4dcvntv py-setuptools@46.1.3
4uojybm python@3.7.7
l33t67c readline@8.0
vz4awtk sqlite@3.31.1
fk4qp4i tar@1.32
7t62l5t texinfo@6.5
obeg5kx util-macros@1.19.1
72wq5od xz@5.2.5
2icaxiy zlib@1.2.11

==> Do you want to proceed? [y/n] ==> Regenerating tcl module files
